[2024-05-06T16:17:44.332+0000] {processor.py:161} INFO - Started process (PID=36) to work on /opt/airflow/dags/demo.py
[2024-05-06T16:17:44.334+0000] {processor.py:830} INFO - Processing file /opt/airflow/dags/demo.py for tasks to queue
[2024-05-06T16:17:44.339+0000] {logging_mixin.py:188} INFO - [2024-05-06T16:17:44.338+0000] {dagbag.py:540} INFO - Filling up the DagBag from /opt/airflow/dags/demo.py
[2024-05-06T16:17:46.363+0000] {processor.py:840} INFO - DAG(s) 'weather_data_pipeline' retrieved from /opt/airflow/dags/demo.py
[2024-05-06T16:17:46.556+0000] {logging_mixin.py:188} INFO - [2024-05-06T16:17:46.555+0000] {dag.py:3096} INFO - Sync 1 DAGs
[2024-05-06T16:17:46.628+0000] {logging_mixin.py:188} INFO - [2024-05-06T16:17:46.619+0000] {dag.py:3954} INFO - Setting next_dagrun for weather_data_pipeline to None, run_after=None
[2024-05-06T16:17:46.729+0000] {processor.py:183} INFO - Processing /opt/airflow/dags/demo.py took 2.409 seconds
[2024-05-06T16:18:17.465+0000] {processor.py:161} INFO - Started process (PID=100) to work on /opt/airflow/dags/demo.py
[2024-05-06T16:18:17.466+0000] {processor.py:830} INFO - Processing file /opt/airflow/dags/demo.py for tasks to queue
[2024-05-06T16:18:17.470+0000] {logging_mixin.py:188} INFO - [2024-05-06T16:18:17.469+0000] {dagbag.py:540} INFO - Filling up the DagBag from /opt/airflow/dags/demo.py
[2024-05-06T16:18:18.810+0000] {processor.py:840} INFO - DAG(s) 'weather_data_pipeline' retrieved from /opt/airflow/dags/demo.py
[2024-05-06T16:18:18.839+0000] {logging_mixin.py:188} INFO - [2024-05-06T16:18:18.838+0000] {dag.py:3096} INFO - Sync 1 DAGs
[2024-05-06T16:18:18.855+0000] {logging_mixin.py:188} INFO - [2024-05-06T16:18:18.855+0000] {dag.py:3954} INFO - Setting next_dagrun for weather_data_pipeline to None, run_after=None
[2024-05-06T16:18:18.924+0000] {processor.py:183} INFO - Processing /opt/airflow/dags/demo.py took 1.469 seconds
[2024-05-06T16:18:48.998+0000] {processor.py:161} INFO - Started process (PID=162) to work on /opt/airflow/dags/demo.py
[2024-05-06T16:18:48.999+0000] {processor.py:830} INFO - Processing file /opt/airflow/dags/demo.py for tasks to queue
[2024-05-06T16:18:49.003+0000] {logging_mixin.py:188} INFO - [2024-05-06T16:18:49.002+0000] {dagbag.py:540} INFO - Filling up the DagBag from /opt/airflow/dags/demo.py
[2024-05-06T16:18:49.698+0000] {processor.py:840} INFO - DAG(s) 'weather_data_pipeline' retrieved from /opt/airflow/dags/demo.py
[2024-05-06T16:18:49.733+0000] {logging_mixin.py:188} INFO - [2024-05-06T16:18:49.732+0000] {dag.py:3096} INFO - Sync 1 DAGs
[2024-05-06T16:18:49.750+0000] {logging_mixin.py:188} INFO - [2024-05-06T16:18:49.749+0000] {dag.py:3954} INFO - Setting next_dagrun for weather_data_pipeline to None, run_after=None
[2024-05-06T16:18:49.783+0000] {processor.py:183} INFO - Processing /opt/airflow/dags/demo.py took 0.794 seconds
[2024-05-06T16:19:20.263+0000] {processor.py:161} INFO - Started process (PID=222) to work on /opt/airflow/dags/demo.py
[2024-05-06T16:19:20.265+0000] {processor.py:830} INFO - Processing file /opt/airflow/dags/demo.py for tasks to queue
[2024-05-06T16:19:20.267+0000] {logging_mixin.py:188} INFO - [2024-05-06T16:19:20.266+0000] {dagbag.py:540} INFO - Filling up the DagBag from /opt/airflow/dags/demo.py
[2024-05-06T16:19:20.890+0000] {processor.py:840} INFO - DAG(s) 'weather_data_pipeline' retrieved from /opt/airflow/dags/demo.py
[2024-05-06T16:19:20.917+0000] {logging_mixin.py:188} INFO - [2024-05-06T16:19:20.917+0000] {dag.py:3096} INFO - Sync 1 DAGs
[2024-05-06T16:19:20.940+0000] {logging_mixin.py:188} INFO - [2024-05-06T16:19:20.939+0000] {dag.py:3954} INFO - Setting next_dagrun for weather_data_pipeline to None, run_after=None
[2024-05-06T16:19:20.971+0000] {processor.py:183} INFO - Processing /opt/airflow/dags/demo.py took 0.717 seconds
[2024-05-06T16:19:51.120+0000] {processor.py:161} INFO - Started process (PID=285) to work on /opt/airflow/dags/demo.py
[2024-05-06T16:19:51.121+0000] {processor.py:830} INFO - Processing file /opt/airflow/dags/demo.py for tasks to queue
[2024-05-06T16:19:51.124+0000] {logging_mixin.py:188} INFO - [2024-05-06T16:19:51.123+0000] {dagbag.py:540} INFO - Filling up the DagBag from /opt/airflow/dags/demo.py
[2024-05-06T16:19:51.726+0000] {processor.py:840} INFO - DAG(s) 'weather_data_pipeline' retrieved from /opt/airflow/dags/demo.py
[2024-05-06T16:19:51.747+0000] {logging_mixin.py:188} INFO - [2024-05-06T16:19:51.746+0000] {dag.py:3096} INFO - Sync 1 DAGs
[2024-05-06T16:19:51.760+0000] {logging_mixin.py:188} INFO - [2024-05-06T16:19:51.760+0000] {dag.py:3954} INFO - Setting next_dagrun for weather_data_pipeline to None, run_after=None
[2024-05-06T16:19:51.785+0000] {processor.py:183} INFO - Processing /opt/airflow/dags/demo.py took 0.671 seconds
[2024-05-06T16:20:21.934+0000] {processor.py:161} INFO - Started process (PID=347) to work on /opt/airflow/dags/demo.py
[2024-05-06T16:20:21.935+0000] {processor.py:830} INFO - Processing file /opt/airflow/dags/demo.py for tasks to queue
[2024-05-06T16:20:21.938+0000] {logging_mixin.py:188} INFO - [2024-05-06T16:20:21.937+0000] {dagbag.py:540} INFO - Filling up the DagBag from /opt/airflow/dags/demo.py
[2024-05-06T16:20:22.640+0000] {processor.py:840} INFO - DAG(s) 'weather_data_pipeline' retrieved from /opt/airflow/dags/demo.py
[2024-05-06T16:20:22.664+0000] {logging_mixin.py:188} INFO - [2024-05-06T16:20:22.663+0000] {dag.py:3096} INFO - Sync 1 DAGs
[2024-05-06T16:20:22.681+0000] {logging_mixin.py:188} INFO - [2024-05-06T16:20:22.680+0000] {dag.py:3954} INFO - Setting next_dagrun for weather_data_pipeline to None, run_after=None
[2024-05-06T16:20:22.724+0000] {processor.py:183} INFO - Processing /opt/airflow/dags/demo.py took 0.798 seconds
[2024-05-06T16:20:53.575+0000] {processor.py:161} INFO - Started process (PID=409) to work on /opt/airflow/dags/demo.py
[2024-05-06T16:20:53.576+0000] {processor.py:830} INFO - Processing file /opt/airflow/dags/demo.py for tasks to queue
[2024-05-06T16:20:53.579+0000] {logging_mixin.py:188} INFO - [2024-05-06T16:20:53.579+0000] {dagbag.py:540} INFO - Filling up the DagBag from /opt/airflow/dags/demo.py
[2024-05-06T16:20:54.184+0000] {processor.py:840} INFO - DAG(s) 'weather_data_pipeline' retrieved from /opt/airflow/dags/demo.py
[2024-05-06T16:20:54.216+0000] {logging_mixin.py:188} INFO - [2024-05-06T16:20:54.215+0000] {dag.py:3096} INFO - Sync 1 DAGs
[2024-05-06T16:20:54.240+0000] {logging_mixin.py:188} INFO - [2024-05-06T16:20:54.240+0000] {dag.py:3954} INFO - Setting next_dagrun for weather_data_pipeline to None, run_after=None
[2024-05-06T16:20:54.276+0000] {processor.py:183} INFO - Processing /opt/airflow/dags/demo.py took 0.709 seconds
[2024-05-06T16:21:24.545+0000] {processor.py:161} INFO - Started process (PID=469) to work on /opt/airflow/dags/demo.py
[2024-05-06T16:21:24.546+0000] {processor.py:830} INFO - Processing file /opt/airflow/dags/demo.py for tasks to queue
[2024-05-06T16:21:24.548+0000] {logging_mixin.py:188} INFO - [2024-05-06T16:21:24.548+0000] {dagbag.py:540} INFO - Filling up the DagBag from /opt/airflow/dags/demo.py
[2024-05-06T16:21:25.122+0000] {processor.py:840} INFO - DAG(s) 'weather_data_pipeline' retrieved from /opt/airflow/dags/demo.py
[2024-05-06T16:21:25.147+0000] {logging_mixin.py:188} INFO - [2024-05-06T16:21:25.146+0000] {dag.py:3096} INFO - Sync 1 DAGs
[2024-05-06T16:21:25.161+0000] {logging_mixin.py:188} INFO - [2024-05-06T16:21:25.161+0000] {dag.py:3954} INFO - Setting next_dagrun for weather_data_pipeline to None, run_after=None
[2024-05-06T16:21:25.192+0000] {processor.py:183} INFO - Processing /opt/airflow/dags/demo.py took 0.655 seconds
[2024-05-06T16:21:55.409+0000] {processor.py:161} INFO - Started process (PID=529) to work on /opt/airflow/dags/demo.py
[2024-05-06T16:21:55.411+0000] {processor.py:830} INFO - Processing file /opt/airflow/dags/demo.py for tasks to queue
[2024-05-06T16:21:55.414+0000] {logging_mixin.py:188} INFO - [2024-05-06T16:21:55.414+0000] {dagbag.py:540} INFO - Filling up the DagBag from /opt/airflow/dags/demo.py
[2024-05-06T16:21:56.131+0000] {processor.py:840} INFO - DAG(s) 'weather_data_pipeline' retrieved from /opt/airflow/dags/demo.py
[2024-05-06T16:21:56.153+0000] {logging_mixin.py:188} INFO - [2024-05-06T16:21:56.152+0000] {dag.py:3096} INFO - Sync 1 DAGs
[2024-05-06T16:21:56.170+0000] {logging_mixin.py:188} INFO - [2024-05-06T16:21:56.169+0000] {dag.py:3954} INFO - Setting next_dagrun for weather_data_pipeline to None, run_after=None
[2024-05-06T16:21:56.197+0000] {processor.py:183} INFO - Processing /opt/airflow/dags/demo.py took 0.796 seconds
[2024-05-06T16:22:26.414+0000] {processor.py:161} INFO - Started process (PID=593) to work on /opt/airflow/dags/demo.py
[2024-05-06T16:22:26.416+0000] {processor.py:830} INFO - Processing file /opt/airflow/dags/demo.py for tasks to queue
[2024-05-06T16:22:26.420+0000] {logging_mixin.py:188} INFO - [2024-05-06T16:22:26.420+0000] {dagbag.py:540} INFO - Filling up the DagBag from /opt/airflow/dags/demo.py
[2024-05-06T16:22:27.080+0000] {processor.py:840} INFO - DAG(s) 'weather_data_pipeline' retrieved from /opt/airflow/dags/demo.py
[2024-05-06T16:22:27.102+0000] {logging_mixin.py:188} INFO - [2024-05-06T16:22:27.101+0000] {dag.py:3096} INFO - Sync 1 DAGs
[2024-05-06T16:22:27.116+0000] {logging_mixin.py:188} INFO - [2024-05-06T16:22:27.115+0000] {dag.py:3954} INFO - Setting next_dagrun for weather_data_pipeline to None, run_after=None
[2024-05-06T16:22:27.143+0000] {processor.py:183} INFO - Processing /opt/airflow/dags/demo.py took 0.740 seconds
[2024-05-06T16:22:57.677+0000] {processor.py:161} INFO - Started process (PID=653) to work on /opt/airflow/dags/demo.py
[2024-05-06T16:22:57.678+0000] {processor.py:830} INFO - Processing file /opt/airflow/dags/demo.py for tasks to queue
[2024-05-06T16:22:57.681+0000] {logging_mixin.py:188} INFO - [2024-05-06T16:22:57.680+0000] {dagbag.py:540} INFO - Filling up the DagBag from /opt/airflow/dags/demo.py
[2024-05-06T16:22:58.270+0000] {processor.py:840} INFO - DAG(s) 'weather_data_pipeline' retrieved from /opt/airflow/dags/demo.py
[2024-05-06T16:22:58.290+0000] {logging_mixin.py:188} INFO - [2024-05-06T16:22:58.290+0000] {dag.py:3096} INFO - Sync 1 DAGs
[2024-05-06T16:22:58.304+0000] {logging_mixin.py:188} INFO - [2024-05-06T16:22:58.304+0000] {dag.py:3954} INFO - Setting next_dagrun for weather_data_pipeline to None, run_after=None
[2024-05-06T16:22:58.330+0000] {processor.py:183} INFO - Processing /opt/airflow/dags/demo.py took 0.660 seconds
[2024-05-06T16:23:28.404+0000] {processor.py:161} INFO - Started process (PID=717) to work on /opt/airflow/dags/demo.py
[2024-05-06T16:23:28.405+0000] {processor.py:830} INFO - Processing file /opt/airflow/dags/demo.py for tasks to queue
[2024-05-06T16:23:28.408+0000] {logging_mixin.py:188} INFO - [2024-05-06T16:23:28.408+0000] {dagbag.py:540} INFO - Filling up the DagBag from /opt/airflow/dags/demo.py
[2024-05-06T16:23:29.141+0000] {processor.py:840} INFO - DAG(s) 'weather_data_pipeline' retrieved from /opt/airflow/dags/demo.py
[2024-05-06T16:23:29.164+0000] {logging_mixin.py:188} INFO - [2024-05-06T16:23:29.163+0000] {dag.py:3096} INFO - Sync 1 DAGs
[2024-05-06T16:23:29.182+0000] {logging_mixin.py:188} INFO - [2024-05-06T16:23:29.182+0000] {dag.py:3954} INFO - Setting next_dagrun for weather_data_pipeline to None, run_after=None
[2024-05-06T16:23:29.211+0000] {processor.py:183} INFO - Processing /opt/airflow/dags/demo.py took 0.814 seconds
[2024-05-06T16:23:59.296+0000] {processor.py:161} INFO - Started process (PID=780) to work on /opt/airflow/dags/demo.py
[2024-05-06T16:23:59.298+0000] {processor.py:830} INFO - Processing file /opt/airflow/dags/demo.py for tasks to queue
[2024-05-06T16:23:59.300+0000] {logging_mixin.py:188} INFO - [2024-05-06T16:23:59.300+0000] {dagbag.py:540} INFO - Filling up the DagBag from /opt/airflow/dags/demo.py
[2024-05-06T16:23:59.847+0000] {processor.py:840} INFO - DAG(s) 'weather_data_pipeline' retrieved from /opt/airflow/dags/demo.py
[2024-05-06T16:23:59.866+0000] {logging_mixin.py:188} INFO - [2024-05-06T16:23:59.865+0000] {dag.py:3096} INFO - Sync 1 DAGs
[2024-05-06T16:23:59.879+0000] {logging_mixin.py:188} INFO - [2024-05-06T16:23:59.878+0000] {dag.py:3954} INFO - Setting next_dagrun for weather_data_pipeline to None, run_after=None
[2024-05-06T16:23:59.902+0000] {processor.py:183} INFO - Processing /opt/airflow/dags/demo.py took 0.612 seconds
[2024-05-06T16:24:30.720+0000] {processor.py:161} INFO - Started process (PID=841) to work on /opt/airflow/dags/demo.py
[2024-05-06T16:24:30.721+0000] {processor.py:830} INFO - Processing file /opt/airflow/dags/demo.py for tasks to queue
[2024-05-06T16:24:30.724+0000] {logging_mixin.py:188} INFO - [2024-05-06T16:24:30.723+0000] {dagbag.py:540} INFO - Filling up the DagBag from /opt/airflow/dags/demo.py
[2024-05-06T16:24:31.354+0000] {processor.py:840} INFO - DAG(s) 'weather_data_pipeline' retrieved from /opt/airflow/dags/demo.py
[2024-05-06T16:24:31.375+0000] {logging_mixin.py:188} INFO - [2024-05-06T16:24:31.374+0000] {dag.py:3096} INFO - Sync 1 DAGs
[2024-05-06T16:24:31.390+0000] {logging_mixin.py:188} INFO - [2024-05-06T16:24:31.389+0000] {dag.py:3954} INFO - Setting next_dagrun for weather_data_pipeline to None, run_after=None
[2024-05-06T16:24:31.416+0000] {processor.py:183} INFO - Processing /opt/airflow/dags/demo.py took 0.706 seconds
[2024-05-06T16:25:02.376+0000] {processor.py:161} INFO - Started process (PID=903) to work on /opt/airflow/dags/demo.py
[2024-05-06T16:25:02.377+0000] {processor.py:830} INFO - Processing file /opt/airflow/dags/demo.py for tasks to queue
[2024-05-06T16:25:02.380+0000] {logging_mixin.py:188} INFO - [2024-05-06T16:25:02.380+0000] {dagbag.py:540} INFO - Filling up the DagBag from /opt/airflow/dags/demo.py
[2024-05-06T16:25:03.343+0000] {processor.py:840} INFO - DAG(s) 'weather_data_pipeline' retrieved from /opt/airflow/dags/demo.py
[2024-05-06T16:25:03.370+0000] {logging_mixin.py:188} INFO - [2024-05-06T16:25:03.369+0000] {dag.py:3096} INFO - Sync 1 DAGs
[2024-05-06T16:25:03.384+0000] {logging_mixin.py:188} INFO - [2024-05-06T16:25:03.384+0000] {dag.py:3954} INFO - Setting next_dagrun for weather_data_pipeline to None, run_after=None
[2024-05-06T16:25:03.409+0000] {processor.py:183} INFO - Processing /opt/airflow/dags/demo.py took 1.047 seconds
[2024-05-06T16:25:33.560+0000] {processor.py:161} INFO - Started process (PID=967) to work on /opt/airflow/dags/demo.py
[2024-05-06T16:25:33.561+0000] {processor.py:830} INFO - Processing file /opt/airflow/dags/demo.py for tasks to queue
[2024-05-06T16:25:33.565+0000] {logging_mixin.py:188} INFO - [2024-05-06T16:25:33.564+0000] {dagbag.py:540} INFO - Filling up the DagBag from /opt/airflow/dags/demo.py
[2024-05-06T16:25:34.264+0000] {processor.py:840} INFO - DAG(s) 'weather_data_pipeline' retrieved from /opt/airflow/dags/demo.py
[2024-05-06T16:25:34.288+0000] {logging_mixin.py:188} INFO - [2024-05-06T16:25:34.287+0000] {dag.py:3096} INFO - Sync 1 DAGs
[2024-05-06T16:25:34.303+0000] {logging_mixin.py:188} INFO - [2024-05-06T16:25:34.303+0000] {dag.py:3954} INFO - Setting next_dagrun for weather_data_pipeline to None, run_after=None
[2024-05-06T16:25:34.329+0000] {processor.py:183} INFO - Processing /opt/airflow/dags/demo.py took 0.780 seconds
[2024-05-06T16:26:05.038+0000] {processor.py:161} INFO - Started process (PID=1029) to work on /opt/airflow/dags/demo.py
[2024-05-06T16:26:05.042+0000] {processor.py:830} INFO - Processing file /opt/airflow/dags/demo.py for tasks to queue
[2024-05-06T16:26:05.048+0000] {logging_mixin.py:188} INFO - [2024-05-06T16:26:05.047+0000] {dagbag.py:540} INFO - Filling up the DagBag from /opt/airflow/dags/demo.py
[2024-05-06T16:26:05.910+0000] {processor.py:840} INFO - DAG(s) 'weather_data_pipeline' retrieved from /opt/airflow/dags/demo.py
[2024-05-06T16:26:05.945+0000] {logging_mixin.py:188} INFO - [2024-05-06T16:26:05.945+0000] {dag.py:3096} INFO - Sync 1 DAGs
[2024-05-06T16:26:05.970+0000] {logging_mixin.py:188} INFO - [2024-05-06T16:26:05.969+0000] {dag.py:3954} INFO - Setting next_dagrun for weather_data_pipeline to None, run_after=None
[2024-05-06T16:26:06.006+0000] {processor.py:183} INFO - Processing /opt/airflow/dags/demo.py took 0.976 seconds
[2024-05-06T16:26:36.237+0000] {processor.py:161} INFO - Started process (PID=1092) to work on /opt/airflow/dags/demo.py
[2024-05-06T16:26:36.267+0000] {processor.py:830} INFO - Processing file /opt/airflow/dags/demo.py for tasks to queue
[2024-05-06T16:26:36.285+0000] {logging_mixin.py:188} INFO - [2024-05-06T16:26:36.284+0000] {dagbag.py:540} INFO - Filling up the DagBag from /opt/airflow/dags/demo.py
[2024-05-06T16:26:37.421+0000] {processor.py:840} INFO - DAG(s) 'weather_data_pipeline' retrieved from /opt/airflow/dags/demo.py
[2024-05-06T16:26:37.449+0000] {logging_mixin.py:188} INFO - [2024-05-06T16:26:37.449+0000] {dag.py:3096} INFO - Sync 1 DAGs
[2024-05-06T16:26:37.481+0000] {logging_mixin.py:188} INFO - [2024-05-06T16:26:37.480+0000] {dag.py:3954} INFO - Setting next_dagrun for weather_data_pipeline to None, run_after=None
[2024-05-06T16:26:37.515+0000] {processor.py:183} INFO - Processing /opt/airflow/dags/demo.py took 1.288 seconds
[2024-05-06T16:27:07.901+0000] {processor.py:161} INFO - Started process (PID=1154) to work on /opt/airflow/dags/demo.py
[2024-05-06T16:27:07.902+0000] {processor.py:830} INFO - Processing file /opt/airflow/dags/demo.py for tasks to queue
[2024-05-06T16:27:07.905+0000] {logging_mixin.py:188} INFO - [2024-05-06T16:27:07.904+0000] {dagbag.py:540} INFO - Filling up the DagBag from /opt/airflow/dags/demo.py
[2024-05-06T16:27:08.523+0000] {processor.py:840} INFO - DAG(s) 'weather_data_pipeline' retrieved from /opt/airflow/dags/demo.py
[2024-05-06T16:27:08.543+0000] {logging_mixin.py:188} INFO - [2024-05-06T16:27:08.542+0000] {dag.py:3096} INFO - Sync 1 DAGs
[2024-05-06T16:27:08.557+0000] {logging_mixin.py:188} INFO - [2024-05-06T16:27:08.557+0000] {dag.py:3954} INFO - Setting next_dagrun for weather_data_pipeline to None, run_after=None
[2024-05-06T16:27:08.585+0000] {processor.py:183} INFO - Processing /opt/airflow/dags/demo.py took 0.690 seconds
[2024-05-06T16:27:39.135+0000] {processor.py:161} INFO - Started process (PID=1215) to work on /opt/airflow/dags/demo.py
[2024-05-06T16:27:39.137+0000] {processor.py:830} INFO - Processing file /opt/airflow/dags/demo.py for tasks to queue
[2024-05-06T16:27:39.140+0000] {logging_mixin.py:188} INFO - [2024-05-06T16:27:39.139+0000] {dagbag.py:540} INFO - Filling up the DagBag from /opt/airflow/dags/demo.py
[2024-05-06T16:27:39.793+0000] {processor.py:840} INFO - DAG(s) 'weather_data_pipeline' retrieved from /opt/airflow/dags/demo.py
[2024-05-06T16:27:39.813+0000] {logging_mixin.py:188} INFO - [2024-05-06T16:27:39.813+0000] {dag.py:3096} INFO - Sync 1 DAGs
[2024-05-06T16:27:39.828+0000] {logging_mixin.py:188} INFO - [2024-05-06T16:27:39.828+0000] {dag.py:3954} INFO - Setting next_dagrun for weather_data_pipeline to None, run_after=None
[2024-05-06T16:27:39.857+0000] {processor.py:183} INFO - Processing /opt/airflow/dags/demo.py took 0.732 seconds
[2024-05-06T16:28:09.935+0000] {processor.py:161} INFO - Started process (PID=1278) to work on /opt/airflow/dags/demo.py
[2024-05-06T16:28:09.937+0000] {processor.py:830} INFO - Processing file /opt/airflow/dags/demo.py for tasks to queue
[2024-05-06T16:28:09.940+0000] {logging_mixin.py:188} INFO - [2024-05-06T16:28:09.939+0000] {dagbag.py:540} INFO - Filling up the DagBag from /opt/airflow/dags/demo.py
[2024-05-06T16:28:10.382+0000] {processor.py:840} INFO - DAG(s) 'weather_data_pipeline' retrieved from /opt/airflow/dags/demo.py
[2024-05-06T16:28:10.404+0000] {logging_mixin.py:188} INFO - [2024-05-06T16:28:10.404+0000] {dag.py:3096} INFO - Sync 1 DAGs
[2024-05-06T16:28:10.421+0000] {logging_mixin.py:188} INFO - [2024-05-06T16:28:10.421+0000] {dag.py:3954} INFO - Setting next_dagrun for weather_data_pipeline to None, run_after=None
[2024-05-06T16:28:10.449+0000] {processor.py:183} INFO - Processing /opt/airflow/dags/demo.py took 0.523 seconds
[2024-05-06T16:28:41.196+0000] {processor.py:161} INFO - Started process (PID=1347) to work on /opt/airflow/dags/demo.py
[2024-05-06T16:28:41.197+0000] {processor.py:830} INFO - Processing file /opt/airflow/dags/demo.py for tasks to queue
[2024-05-06T16:28:41.199+0000] {logging_mixin.py:188} INFO - [2024-05-06T16:28:41.199+0000] {dagbag.py:540} INFO - Filling up the DagBag from /opt/airflow/dags/demo.py
[2024-05-06T16:28:41.633+0000] {processor.py:840} INFO - DAG(s) 'weather_data_pipeline' retrieved from /opt/airflow/dags/demo.py
[2024-05-06T16:28:41.659+0000] {logging_mixin.py:188} INFO - [2024-05-06T16:28:41.658+0000] {dag.py:3096} INFO - Sync 1 DAGs
[2024-05-06T16:28:41.674+0000] {logging_mixin.py:188} INFO - [2024-05-06T16:28:41.673+0000] {dag.py:3954} INFO - Setting next_dagrun for weather_data_pipeline to None, run_after=None
[2024-05-06T16:28:41.701+0000] {processor.py:183} INFO - Processing /opt/airflow/dags/demo.py took 0.513 seconds
[2024-05-06T16:29:11.791+0000] {processor.py:161} INFO - Started process (PID=1412) to work on /opt/airflow/dags/demo.py
[2024-05-06T16:29:11.792+0000] {processor.py:830} INFO - Processing file /opt/airflow/dags/demo.py for tasks to queue
[2024-05-06T16:29:11.794+0000] {logging_mixin.py:188} INFO - [2024-05-06T16:29:11.794+0000] {dagbag.py:540} INFO - Filling up the DagBag from /opt/airflow/dags/demo.py
[2024-05-06T16:29:12.221+0000] {processor.py:840} INFO - DAG(s) 'weather_data_pipeline' retrieved from /opt/airflow/dags/demo.py
[2024-05-06T16:29:12.245+0000] {logging_mixin.py:188} INFO - [2024-05-06T16:29:12.244+0000] {dag.py:3096} INFO - Sync 1 DAGs
[2024-05-06T16:29:12.264+0000] {logging_mixin.py:188} INFO - [2024-05-06T16:29:12.264+0000] {dag.py:3954} INFO - Setting next_dagrun for weather_data_pipeline to None, run_after=None
[2024-05-06T16:29:12.294+0000] {processor.py:183} INFO - Processing /opt/airflow/dags/demo.py took 0.510 seconds
[2024-05-06T16:29:43.119+0000] {processor.py:161} INFO - Started process (PID=1472) to work on /opt/airflow/dags/demo.py
[2024-05-06T16:29:43.121+0000] {processor.py:830} INFO - Processing file /opt/airflow/dags/demo.py for tasks to queue
[2024-05-06T16:29:43.124+0000] {logging_mixin.py:188} INFO - [2024-05-06T16:29:43.124+0000] {dagbag.py:540} INFO - Filling up the DagBag from /opt/airflow/dags/demo.py
[2024-05-06T16:29:43.741+0000] {processor.py:840} INFO - DAG(s) 'weather_data_pipeline' retrieved from /opt/airflow/dags/demo.py
[2024-05-06T16:29:43.770+0000] {logging_mixin.py:188} INFO - [2024-05-06T16:29:43.768+0000] {dag.py:3096} INFO - Sync 1 DAGs
[2024-05-06T16:29:43.795+0000] {logging_mixin.py:188} INFO - [2024-05-06T16:29:43.795+0000] {dag.py:3954} INFO - Setting next_dagrun for weather_data_pipeline to None, run_after=None
[2024-05-06T16:29:43.829+0000] {processor.py:183} INFO - Processing /opt/airflow/dags/demo.py took 0.725 seconds
[2024-05-06T16:30:14.589+0000] {processor.py:161} INFO - Started process (PID=1532) to work on /opt/airflow/dags/demo.py
[2024-05-06T16:30:14.590+0000] {processor.py:830} INFO - Processing file /opt/airflow/dags/demo.py for tasks to queue
[2024-05-06T16:30:14.592+0000] {logging_mixin.py:188} INFO - [2024-05-06T16:30:14.592+0000] {dagbag.py:540} INFO - Filling up the DagBag from /opt/airflow/dags/demo.py
[2024-05-06T16:30:15.112+0000] {processor.py:840} INFO - DAG(s) 'weather_data_pipeline' retrieved from /opt/airflow/dags/demo.py
[2024-05-06T16:30:15.157+0000] {logging_mixin.py:188} INFO - [2024-05-06T16:30:15.156+0000] {dag.py:3096} INFO - Sync 1 DAGs
[2024-05-06T16:30:15.176+0000] {logging_mixin.py:188} INFO - [2024-05-06T16:30:15.176+0000] {dag.py:3954} INFO - Setting next_dagrun for weather_data_pipeline to None, run_after=None
[2024-05-06T16:30:15.213+0000] {processor.py:183} INFO - Processing /opt/airflow/dags/demo.py took 0.631 seconds
[2024-05-06T16:30:45.784+0000] {processor.py:161} INFO - Started process (PID=1592) to work on /opt/airflow/dags/demo.py
[2024-05-06T16:30:45.785+0000] {processor.py:830} INFO - Processing file /opt/airflow/dags/demo.py for tasks to queue
[2024-05-06T16:30:45.788+0000] {logging_mixin.py:188} INFO - [2024-05-06T16:30:45.788+0000] {dagbag.py:540} INFO - Filling up the DagBag from /opt/airflow/dags/demo.py
[2024-05-06T16:30:46.440+0000] {processor.py:840} INFO - DAG(s) 'weather_data_pipeline' retrieved from /opt/airflow/dags/demo.py
[2024-05-06T16:30:46.480+0000] {logging_mixin.py:188} INFO - [2024-05-06T16:30:46.479+0000] {dag.py:3096} INFO - Sync 1 DAGs
[2024-05-06T16:30:46.509+0000] {logging_mixin.py:188} INFO - [2024-05-06T16:30:46.508+0000] {dag.py:3954} INFO - Setting next_dagrun for weather_data_pipeline to None, run_after=None
[2024-05-06T16:30:46.568+0000] {processor.py:183} INFO - Processing /opt/airflow/dags/demo.py took 0.791 seconds
[2024-05-06T16:31:17.126+0000] {processor.py:161} INFO - Started process (PID=1652) to work on /opt/airflow/dags/demo.py
[2024-05-06T16:31:17.129+0000] {processor.py:830} INFO - Processing file /opt/airflow/dags/demo.py for tasks to queue
[2024-05-06T16:31:17.133+0000] {logging_mixin.py:188} INFO - [2024-05-06T16:31:17.133+0000] {dagbag.py:540} INFO - Filling up the DagBag from /opt/airflow/dags/demo.py
[2024-05-06T16:31:17.640+0000] {processor.py:840} INFO - DAG(s) 'weather_data_pipeline' retrieved from /opt/airflow/dags/demo.py
[2024-05-06T16:31:17.665+0000] {logging_mixin.py:188} INFO - [2024-05-06T16:31:17.665+0000] {dag.py:3096} INFO - Sync 1 DAGs
[2024-05-06T16:31:17.697+0000] {logging_mixin.py:188} INFO - [2024-05-06T16:31:17.697+0000] {dag.py:3954} INFO - Setting next_dagrun for weather_data_pipeline to None, run_after=None
[2024-05-06T16:31:17.779+0000] {processor.py:183} INFO - Processing /opt/airflow/dags/demo.py took 0.664 seconds
[2024-05-06T16:31:47.950+0000] {processor.py:161} INFO - Started process (PID=1712) to work on /opt/airflow/dags/demo.py
[2024-05-06T16:31:47.952+0000] {processor.py:830} INFO - Processing file /opt/airflow/dags/demo.py for tasks to queue
[2024-05-06T16:31:47.955+0000] {logging_mixin.py:188} INFO - [2024-05-06T16:31:47.955+0000] {dagbag.py:540} INFO - Filling up the DagBag from /opt/airflow/dags/demo.py
[2024-05-06T16:31:48.389+0000] {processor.py:840} INFO - DAG(s) 'weather_data_pipeline' retrieved from /opt/airflow/dags/demo.py
[2024-05-06T16:31:48.412+0000] {logging_mixin.py:188} INFO - [2024-05-06T16:31:48.411+0000] {dag.py:3096} INFO - Sync 1 DAGs
[2024-05-06T16:31:48.429+0000] {logging_mixin.py:188} INFO - [2024-05-06T16:31:48.428+0000] {dag.py:3954} INFO - Setting next_dagrun for weather_data_pipeline to None, run_after=None
[2024-05-06T16:31:48.460+0000] {processor.py:183} INFO - Processing /opt/airflow/dags/demo.py took 0.517 seconds
[2024-05-06T16:32:18.592+0000] {processor.py:161} INFO - Started process (PID=1773) to work on /opt/airflow/dags/demo.py
[2024-05-06T16:32:18.594+0000] {processor.py:830} INFO - Processing file /opt/airflow/dags/demo.py for tasks to queue
[2024-05-06T16:32:18.596+0000] {logging_mixin.py:188} INFO - [2024-05-06T16:32:18.595+0000] {dagbag.py:540} INFO - Filling up the DagBag from /opt/airflow/dags/demo.py
[2024-05-06T16:32:19.054+0000] {processor.py:840} INFO - DAG(s) 'weather_data_pipeline' retrieved from /opt/airflow/dags/demo.py
[2024-05-06T16:32:19.078+0000] {logging_mixin.py:188} INFO - [2024-05-06T16:32:19.077+0000] {dag.py:3096} INFO - Sync 1 DAGs
[2024-05-06T16:32:19.104+0000] {logging_mixin.py:188} INFO - [2024-05-06T16:32:19.104+0000] {dag.py:3954} INFO - Setting next_dagrun for weather_data_pipeline to None, run_after=None
[2024-05-06T16:32:19.140+0000] {processor.py:183} INFO - Processing /opt/airflow/dags/demo.py took 0.558 seconds
[2024-05-06T16:32:50.078+0000] {processor.py:161} INFO - Started process (PID=1833) to work on /opt/airflow/dags/demo.py
[2024-05-06T16:32:50.080+0000] {processor.py:830} INFO - Processing file /opt/airflow/dags/demo.py for tasks to queue
[2024-05-06T16:32:50.084+0000] {logging_mixin.py:188} INFO - [2024-05-06T16:32:50.083+0000] {dagbag.py:540} INFO - Filling up the DagBag from /opt/airflow/dags/demo.py
[2024-05-06T16:32:50.636+0000] {processor.py:840} INFO - DAG(s) 'weather_data_pipeline' retrieved from /opt/airflow/dags/demo.py
[2024-05-06T16:32:50.666+0000] {logging_mixin.py:188} INFO - [2024-05-06T16:32:50.664+0000] {dag.py:3096} INFO - Sync 1 DAGs
[2024-05-06T16:32:50.690+0000] {logging_mixin.py:188} INFO - [2024-05-06T16:32:50.690+0000] {dag.py:3954} INFO - Setting next_dagrun for weather_data_pipeline to None, run_after=None
[2024-05-06T16:32:50.731+0000] {processor.py:183} INFO - Processing /opt/airflow/dags/demo.py took 0.665 seconds
[2024-05-06T16:33:21.126+0000] {processor.py:161} INFO - Started process (PID=1892) to work on /opt/airflow/dags/demo.py
[2024-05-06T16:33:21.128+0000] {processor.py:830} INFO - Processing file /opt/airflow/dags/demo.py for tasks to queue
[2024-05-06T16:33:21.132+0000] {logging_mixin.py:188} INFO - [2024-05-06T16:33:21.132+0000] {dagbag.py:540} INFO - Filling up the DagBag from /opt/airflow/dags/demo.py
[2024-05-06T16:33:21.591+0000] {processor.py:840} INFO - DAG(s) 'weather_data_pipeline' retrieved from /opt/airflow/dags/demo.py
[2024-05-06T16:33:21.614+0000] {logging_mixin.py:188} INFO - [2024-05-06T16:33:21.613+0000] {dag.py:3096} INFO - Sync 1 DAGs
[2024-05-06T16:33:21.630+0000] {logging_mixin.py:188} INFO - [2024-05-06T16:33:21.630+0000] {dag.py:3954} INFO - Setting next_dagrun for weather_data_pipeline to None, run_after=None
[2024-05-06T16:33:21.656+0000] {processor.py:183} INFO - Processing /opt/airflow/dags/demo.py took 0.542 seconds
[2024-05-06T16:33:52.050+0000] {processor.py:161} INFO - Started process (PID=1952) to work on /opt/airflow/dags/demo.py
[2024-05-06T16:33:52.052+0000] {processor.py:830} INFO - Processing file /opt/airflow/dags/demo.py for tasks to queue
[2024-05-06T16:33:52.055+0000] {logging_mixin.py:188} INFO - [2024-05-06T16:33:52.054+0000] {dagbag.py:540} INFO - Filling up the DagBag from /opt/airflow/dags/demo.py
[2024-05-06T16:33:52.559+0000] {processor.py:840} INFO - DAG(s) 'weather_data_pipeline' retrieved from /opt/airflow/dags/demo.py
[2024-05-06T16:33:52.592+0000] {logging_mixin.py:188} INFO - [2024-05-06T16:33:52.592+0000] {dag.py:3096} INFO - Sync 1 DAGs
[2024-05-06T16:33:52.611+0000] {logging_mixin.py:188} INFO - [2024-05-06T16:33:52.610+0000] {dag.py:3954} INFO - Setting next_dagrun for weather_data_pipeline to None, run_after=None
[2024-05-06T16:33:52.640+0000] {processor.py:183} INFO - Processing /opt/airflow/dags/demo.py took 0.600 seconds
[2024-05-06T16:34:23.290+0000] {processor.py:161} INFO - Started process (PID=2012) to work on /opt/airflow/dags/demo.py
[2024-05-06T16:34:23.292+0000] {processor.py:830} INFO - Processing file /opt/airflow/dags/demo.py for tasks to queue
[2024-05-06T16:34:23.297+0000] {logging_mixin.py:188} INFO - [2024-05-06T16:34:23.297+0000] {dagbag.py:540} INFO - Filling up the DagBag from /opt/airflow/dags/demo.py
[2024-05-06T16:34:23.835+0000] {processor.py:840} INFO - DAG(s) 'weather_data_pipeline' retrieved from /opt/airflow/dags/demo.py
[2024-05-06T16:34:23.867+0000] {logging_mixin.py:188} INFO - [2024-05-06T16:34:23.866+0000] {dag.py:3096} INFO - Sync 1 DAGs
[2024-05-06T16:34:23.888+0000] {logging_mixin.py:188} INFO - [2024-05-06T16:34:23.888+0000] {dag.py:3954} INFO - Setting next_dagrun for weather_data_pipeline to None, run_after=None
[2024-05-06T16:34:23.918+0000] {processor.py:183} INFO - Processing /opt/airflow/dags/demo.py took 0.640 seconds
[2024-05-06T16:34:54.795+0000] {processor.py:161} INFO - Started process (PID=2072) to work on /opt/airflow/dags/demo.py
[2024-05-06T16:34:54.797+0000] {processor.py:830} INFO - Processing file /opt/airflow/dags/demo.py for tasks to queue
[2024-05-06T16:34:54.800+0000] {logging_mixin.py:188} INFO - [2024-05-06T16:34:54.799+0000] {dagbag.py:540} INFO - Filling up the DagBag from /opt/airflow/dags/demo.py
[2024-05-06T16:34:55.260+0000] {processor.py:840} INFO - DAG(s) 'weather_data_pipeline' retrieved from /opt/airflow/dags/demo.py
[2024-05-06T16:34:55.284+0000] {logging_mixin.py:188} INFO - [2024-05-06T16:34:55.283+0000] {dag.py:3096} INFO - Sync 1 DAGs
[2024-05-06T16:34:55.299+0000] {logging_mixin.py:188} INFO - [2024-05-06T16:34:55.299+0000] {dag.py:3954} INFO - Setting next_dagrun for weather_data_pipeline to None, run_after=None
[2024-05-06T16:34:55.327+0000] {processor.py:183} INFO - Processing /opt/airflow/dags/demo.py took 0.542 seconds
[2024-05-06T16:35:25.731+0000] {processor.py:161} INFO - Started process (PID=2132) to work on /opt/airflow/dags/demo.py
[2024-05-06T16:35:25.733+0000] {processor.py:830} INFO - Processing file /opt/airflow/dags/demo.py for tasks to queue
[2024-05-06T16:35:25.737+0000] {logging_mixin.py:188} INFO - [2024-05-06T16:35:25.736+0000] {dagbag.py:540} INFO - Filling up the DagBag from /opt/airflow/dags/demo.py
[2024-05-06T16:35:26.184+0000] {processor.py:840} INFO - DAG(s) 'weather_data_pipeline' retrieved from /opt/airflow/dags/demo.py
[2024-05-06T16:35:26.212+0000] {logging_mixin.py:188} INFO - [2024-05-06T16:35:26.211+0000] {dag.py:3096} INFO - Sync 1 DAGs
[2024-05-06T16:35:26.233+0000] {logging_mixin.py:188} INFO - [2024-05-06T16:35:26.233+0000] {dag.py:3954} INFO - Setting next_dagrun for weather_data_pipeline to None, run_after=None
[2024-05-06T16:35:26.278+0000] {processor.py:183} INFO - Processing /opt/airflow/dags/demo.py took 0.556 seconds
[2024-05-06T16:35:57.010+0000] {processor.py:161} INFO - Started process (PID=2192) to work on /opt/airflow/dags/demo.py
[2024-05-06T16:35:57.011+0000] {processor.py:830} INFO - Processing file /opt/airflow/dags/demo.py for tasks to queue
[2024-05-06T16:35:57.014+0000] {logging_mixin.py:188} INFO - [2024-05-06T16:35:57.013+0000] {dagbag.py:540} INFO - Filling up the DagBag from /opt/airflow/dags/demo.py
[2024-05-06T16:35:57.453+0000] {processor.py:840} INFO - DAG(s) 'weather_data_pipeline' retrieved from /opt/airflow/dags/demo.py
[2024-05-06T16:35:57.474+0000] {logging_mixin.py:188} INFO - [2024-05-06T16:35:57.473+0000] {dag.py:3096} INFO - Sync 1 DAGs
[2024-05-06T16:35:57.491+0000] {logging_mixin.py:188} INFO - [2024-05-06T16:35:57.491+0000] {dag.py:3954} INFO - Setting next_dagrun for weather_data_pipeline to None, run_after=None
[2024-05-06T16:35:57.517+0000] {processor.py:183} INFO - Processing /opt/airflow/dags/demo.py took 0.513 seconds
[2024-05-06T16:36:28.426+0000] {processor.py:161} INFO - Started process (PID=2252) to work on /opt/airflow/dags/demo.py
[2024-05-06T16:36:28.428+0000] {processor.py:830} INFO - Processing file /opt/airflow/dags/demo.py for tasks to queue
[2024-05-06T16:36:28.432+0000] {logging_mixin.py:188} INFO - [2024-05-06T16:36:28.431+0000] {dagbag.py:540} INFO - Filling up the DagBag from /opt/airflow/dags/demo.py
[2024-05-06T16:36:28.879+0000] {processor.py:840} INFO - DAG(s) 'weather_data_pipeline' retrieved from /opt/airflow/dags/demo.py
[2024-05-06T16:36:28.907+0000] {logging_mixin.py:188} INFO - [2024-05-06T16:36:28.906+0000] {dag.py:3096} INFO - Sync 1 DAGs
[2024-05-06T16:36:28.935+0000] {logging_mixin.py:188} INFO - [2024-05-06T16:36:28.935+0000] {dag.py:3954} INFO - Setting next_dagrun for weather_data_pipeline to None, run_after=None
[2024-05-06T16:36:28.966+0000] {processor.py:183} INFO - Processing /opt/airflow/dags/demo.py took 0.546 seconds
[2024-05-06T16:36:59.172+0000] {processor.py:161} INFO - Started process (PID=2312) to work on /opt/airflow/dags/demo.py
[2024-05-06T16:36:59.174+0000] {processor.py:830} INFO - Processing file /opt/airflow/dags/demo.py for tasks to queue
[2024-05-06T16:36:59.177+0000] {logging_mixin.py:188} INFO - [2024-05-06T16:36:59.176+0000] {dagbag.py:540} INFO - Filling up the DagBag from /opt/airflow/dags/demo.py
[2024-05-06T16:36:59.625+0000] {processor.py:840} INFO - DAG(s) 'weather_data_pipeline' retrieved from /opt/airflow/dags/demo.py
[2024-05-06T16:36:59.650+0000] {logging_mixin.py:188} INFO - [2024-05-06T16:36:59.649+0000] {dag.py:3096} INFO - Sync 1 DAGs
[2024-05-06T16:36:59.668+0000] {logging_mixin.py:188} INFO - [2024-05-06T16:36:59.667+0000] {dag.py:3954} INFO - Setting next_dagrun for weather_data_pipeline to None, run_after=None
[2024-05-06T16:36:59.714+0000] {processor.py:183} INFO - Processing /opt/airflow/dags/demo.py took 0.549 seconds
[2024-05-06T16:37:29.785+0000] {processor.py:161} INFO - Started process (PID=2372) to work on /opt/airflow/dags/demo.py
[2024-05-06T16:37:29.786+0000] {processor.py:830} INFO - Processing file /opt/airflow/dags/demo.py for tasks to queue
[2024-05-06T16:37:29.789+0000] {logging_mixin.py:188} INFO - [2024-05-06T16:37:29.788+0000] {dagbag.py:540} INFO - Filling up the DagBag from /opt/airflow/dags/demo.py
[2024-05-06T16:37:30.291+0000] {processor.py:840} INFO - DAG(s) 'weather_data_pipeline' retrieved from /opt/airflow/dags/demo.py
[2024-05-06T16:37:30.318+0000] {logging_mixin.py:188} INFO - [2024-05-06T16:37:30.316+0000] {dag.py:3096} INFO - Sync 1 DAGs
[2024-05-06T16:37:30.354+0000] {logging_mixin.py:188} INFO - [2024-05-06T16:37:30.354+0000] {dag.py:3954} INFO - Setting next_dagrun for weather_data_pipeline to None, run_after=None
[2024-05-06T16:37:30.387+0000] {processor.py:183} INFO - Processing /opt/airflow/dags/demo.py took 0.610 seconds
[2024-05-06T16:38:01.000+0000] {processor.py:161} INFO - Started process (PID=2432) to work on /opt/airflow/dags/demo.py
[2024-05-06T16:38:01.002+0000] {processor.py:830} INFO - Processing file /opt/airflow/dags/demo.py for tasks to queue
[2024-05-06T16:38:01.004+0000] {logging_mixin.py:188} INFO - [2024-05-06T16:38:01.004+0000] {dagbag.py:540} INFO - Filling up the DagBag from /opt/airflow/dags/demo.py
[2024-05-06T16:38:01.534+0000] {processor.py:840} INFO - DAG(s) 'weather_data_pipeline' retrieved from /opt/airflow/dags/demo.py
[2024-05-06T16:38:01.560+0000] {logging_mixin.py:188} INFO - [2024-05-06T16:38:01.559+0000] {dag.py:3096} INFO - Sync 1 DAGs
[2024-05-06T16:38:01.578+0000] {logging_mixin.py:188} INFO - [2024-05-06T16:38:01.577+0000] {dag.py:3954} INFO - Setting next_dagrun for weather_data_pipeline to None, run_after=None
[2024-05-06T16:38:01.604+0000] {processor.py:183} INFO - Processing /opt/airflow/dags/demo.py took 0.612 seconds
[2024-05-06T16:38:32.237+0000] {processor.py:161} INFO - Started process (PID=2492) to work on /opt/airflow/dags/demo.py
[2024-05-06T16:38:32.238+0000] {processor.py:830} INFO - Processing file /opt/airflow/dags/demo.py for tasks to queue
[2024-05-06T16:38:32.241+0000] {logging_mixin.py:188} INFO - [2024-05-06T16:38:32.240+0000] {dagbag.py:540} INFO - Filling up the DagBag from /opt/airflow/dags/demo.py
[2024-05-06T16:38:32.829+0000] {processor.py:840} INFO - DAG(s) 'weather_data_pipeline' retrieved from /opt/airflow/dags/demo.py
[2024-05-06T16:38:32.851+0000] {logging_mixin.py:188} INFO - [2024-05-06T16:38:32.850+0000] {dag.py:3096} INFO - Sync 1 DAGs
[2024-05-06T16:38:32.868+0000] {logging_mixin.py:188} INFO - [2024-05-06T16:38:32.867+0000] {dag.py:3954} INFO - Setting next_dagrun for weather_data_pipeline to None, run_after=None
[2024-05-06T16:38:32.894+0000] {processor.py:183} INFO - Processing /opt/airflow/dags/demo.py took 0.667 seconds
[2024-05-06T16:39:03.911+0000] {processor.py:161} INFO - Started process (PID=2552) to work on /opt/airflow/dags/demo.py
[2024-05-06T16:39:03.913+0000] {processor.py:830} INFO - Processing file /opt/airflow/dags/demo.py for tasks to queue
[2024-05-06T16:39:03.919+0000] {logging_mixin.py:188} INFO - [2024-05-06T16:39:03.917+0000] {dagbag.py:540} INFO - Filling up the DagBag from /opt/airflow/dags/demo.py
[2024-05-06T16:39:04.366+0000] {processor.py:840} INFO - DAG(s) 'weather_data_pipeline' retrieved from /opt/airflow/dags/demo.py
[2024-05-06T16:39:04.392+0000] {logging_mixin.py:188} INFO - [2024-05-06T16:39:04.391+0000] {dag.py:3096} INFO - Sync 1 DAGs
[2024-05-06T16:39:04.409+0000] {logging_mixin.py:188} INFO - [2024-05-06T16:39:04.409+0000] {dag.py:3954} INFO - Setting next_dagrun for weather_data_pipeline to None, run_after=None
[2024-05-06T16:39:04.440+0000] {processor.py:183} INFO - Processing /opt/airflow/dags/demo.py took 0.541 seconds
[2024-05-06T16:39:35.134+0000] {processor.py:161} INFO - Started process (PID=2612) to work on /opt/airflow/dags/demo.py
[2024-05-06T16:39:35.136+0000] {processor.py:830} INFO - Processing file /opt/airflow/dags/demo.py for tasks to queue
[2024-05-06T16:39:35.139+0000] {logging_mixin.py:188} INFO - [2024-05-06T16:39:35.139+0000] {dagbag.py:540} INFO - Filling up the DagBag from /opt/airflow/dags/demo.py
[2024-05-06T16:39:35.558+0000] {processor.py:840} INFO - DAG(s) 'weather_data_pipeline' retrieved from /opt/airflow/dags/demo.py
[2024-05-06T16:39:35.584+0000] {logging_mixin.py:188} INFO - [2024-05-06T16:39:35.584+0000] {dag.py:3096} INFO - Sync 1 DAGs
[2024-05-06T16:39:35.601+0000] {logging_mixin.py:188} INFO - [2024-05-06T16:39:35.601+0000] {dag.py:3954} INFO - Setting next_dagrun for weather_data_pipeline to None, run_after=None
[2024-05-06T16:39:35.633+0000] {processor.py:183} INFO - Processing /opt/airflow/dags/demo.py took 0.507 seconds
[2024-05-06T16:40:06.484+0000] {processor.py:161} INFO - Started process (PID=2672) to work on /opt/airflow/dags/demo.py
[2024-05-06T16:40:06.486+0000] {processor.py:830} INFO - Processing file /opt/airflow/dags/demo.py for tasks to queue
[2024-05-06T16:40:06.489+0000] {logging_mixin.py:188} INFO - [2024-05-06T16:40:06.488+0000] {dagbag.py:540} INFO - Filling up the DagBag from /opt/airflow/dags/demo.py
[2024-05-06T16:40:06.942+0000] {processor.py:840} INFO - DAG(s) 'weather_data_pipeline' retrieved from /opt/airflow/dags/demo.py
[2024-05-06T16:40:06.967+0000] {logging_mixin.py:188} INFO - [2024-05-06T16:40:06.965+0000] {dag.py:3096} INFO - Sync 1 DAGs
[2024-05-06T16:40:06.988+0000] {logging_mixin.py:188} INFO - [2024-05-06T16:40:06.988+0000] {dag.py:3954} INFO - Setting next_dagrun for weather_data_pipeline to None, run_after=None
[2024-05-06T16:40:07.024+0000] {processor.py:183} INFO - Processing /opt/airflow/dags/demo.py took 0.546 seconds
[2024-05-06T16:40:37.877+0000] {processor.py:161} INFO - Started process (PID=2732) to work on /opt/airflow/dags/demo.py
[2024-05-06T16:40:37.879+0000] {processor.py:830} INFO - Processing file /opt/airflow/dags/demo.py for tasks to queue
[2024-05-06T16:40:37.883+0000] {logging_mixin.py:188} INFO - [2024-05-06T16:40:37.882+0000] {dagbag.py:540} INFO - Filling up the DagBag from /opt/airflow/dags/demo.py
[2024-05-06T16:40:38.358+0000] {processor.py:840} INFO - DAG(s) 'weather_data_pipeline' retrieved from /opt/airflow/dags/demo.py
[2024-05-06T16:40:38.399+0000] {logging_mixin.py:188} INFO - [2024-05-06T16:40:38.399+0000] {dag.py:3096} INFO - Sync 1 DAGs
[2024-05-06T16:40:38.416+0000] {logging_mixin.py:188} INFO - [2024-05-06T16:40:38.416+0000] {dag.py:3954} INFO - Setting next_dagrun for weather_data_pipeline to None, run_after=None
[2024-05-06T16:40:38.449+0000] {processor.py:183} INFO - Processing /opt/airflow/dags/demo.py took 0.580 seconds
[2024-05-06T16:41:08.783+0000] {processor.py:161} INFO - Started process (PID=2792) to work on /opt/airflow/dags/demo.py
[2024-05-06T16:41:08.784+0000] {processor.py:830} INFO - Processing file /opt/airflow/dags/demo.py for tasks to queue
[2024-05-06T16:41:08.787+0000] {logging_mixin.py:188} INFO - [2024-05-06T16:41:08.786+0000] {dagbag.py:540} INFO - Filling up the DagBag from /opt/airflow/dags/demo.py
[2024-05-06T16:41:09.208+0000] {processor.py:840} INFO - DAG(s) 'weather_data_pipeline' retrieved from /opt/airflow/dags/demo.py
[2024-05-06T16:41:09.237+0000] {logging_mixin.py:188} INFO - [2024-05-06T16:41:09.236+0000] {dag.py:3096} INFO - Sync 1 DAGs
[2024-05-06T16:41:09.256+0000] {logging_mixin.py:188} INFO - [2024-05-06T16:41:09.256+0000] {dag.py:3954} INFO - Setting next_dagrun for weather_data_pipeline to None, run_after=None
[2024-05-06T16:41:09.296+0000] {processor.py:183} INFO - Processing /opt/airflow/dags/demo.py took 0.519 seconds
[2024-05-06T16:41:40.328+0000] {processor.py:161} INFO - Started process (PID=2852) to work on /opt/airflow/dags/demo.py
[2024-05-06T16:41:40.330+0000] {processor.py:830} INFO - Processing file /opt/airflow/dags/demo.py for tasks to queue
[2024-05-06T16:41:40.334+0000] {logging_mixin.py:188} INFO - [2024-05-06T16:41:40.333+0000] {dagbag.py:540} INFO - Filling up the DagBag from /opt/airflow/dags/demo.py
[2024-05-06T16:41:40.851+0000] {processor.py:840} INFO - DAG(s) 'weather_data_pipeline' retrieved from /opt/airflow/dags/demo.py
[2024-05-06T16:41:40.874+0000] {logging_mixin.py:188} INFO - [2024-05-06T16:41:40.873+0000] {dag.py:3096} INFO - Sync 1 DAGs
[2024-05-06T16:41:40.890+0000] {logging_mixin.py:188} INFO - [2024-05-06T16:41:40.890+0000] {dag.py:3954} INFO - Setting next_dagrun for weather_data_pipeline to None, run_after=None
[2024-05-06T16:41:40.918+0000] {processor.py:183} INFO - Processing /opt/airflow/dags/demo.py took 0.602 seconds
[2024-05-06T16:42:11.248+0000] {processor.py:161} INFO - Started process (PID=2912) to work on /opt/airflow/dags/demo.py
[2024-05-06T16:42:11.250+0000] {processor.py:830} INFO - Processing file /opt/airflow/dags/demo.py for tasks to queue
[2024-05-06T16:42:11.252+0000] {logging_mixin.py:188} INFO - [2024-05-06T16:42:11.252+0000] {dagbag.py:540} INFO - Filling up the DagBag from /opt/airflow/dags/demo.py
[2024-05-06T16:42:11.767+0000] {processor.py:840} INFO - DAG(s) 'weather_data_pipeline' retrieved from /opt/airflow/dags/demo.py
[2024-05-06T16:42:11.803+0000] {logging_mixin.py:188} INFO - [2024-05-06T16:42:11.802+0000] {dag.py:3096} INFO - Sync 1 DAGs
[2024-05-06T16:42:11.837+0000] {logging_mixin.py:188} INFO - [2024-05-06T16:42:11.836+0000] {dag.py:3954} INFO - Setting next_dagrun for weather_data_pipeline to None, run_after=None
[2024-05-06T16:42:11.865+0000] {processor.py:183} INFO - Processing /opt/airflow/dags/demo.py took 0.627 seconds
[2024-05-06T16:42:42.010+0000] {processor.py:161} INFO - Started process (PID=2972) to work on /opt/airflow/dags/demo.py
[2024-05-06T16:42:42.012+0000] {processor.py:830} INFO - Processing file /opt/airflow/dags/demo.py for tasks to queue
[2024-05-06T16:42:42.015+0000] {logging_mixin.py:188} INFO - [2024-05-06T16:42:42.014+0000] {dagbag.py:540} INFO - Filling up the DagBag from /opt/airflow/dags/demo.py
[2024-05-06T16:42:42.732+0000] {processor.py:840} INFO - DAG(s) 'weather_data_pipeline' retrieved from /opt/airflow/dags/demo.py
[2024-05-06T16:42:42.795+0000] {logging_mixin.py:188} INFO - [2024-05-06T16:42:42.794+0000] {dag.py:3096} INFO - Sync 1 DAGs
[2024-05-06T16:42:42.844+0000] {logging_mixin.py:188} INFO - [2024-05-06T16:42:42.843+0000] {dag.py:3954} INFO - Setting next_dagrun for weather_data_pipeline to None, run_after=None
[2024-05-06T16:42:42.937+0000] {processor.py:183} INFO - Processing /opt/airflow/dags/demo.py took 0.935 seconds
[2024-05-06T16:43:13.094+0000] {processor.py:161} INFO - Started process (PID=3038) to work on /opt/airflow/dags/demo.py
[2024-05-06T16:43:13.095+0000] {processor.py:830} INFO - Processing file /opt/airflow/dags/demo.py for tasks to queue
[2024-05-06T16:43:13.098+0000] {logging_mixin.py:188} INFO - [2024-05-06T16:43:13.097+0000] {dagbag.py:540} INFO - Filling up the DagBag from /opt/airflow/dags/demo.py
[2024-05-06T16:43:13.758+0000] {processor.py:840} INFO - DAG(s) 'weather_data_pipeline' retrieved from /opt/airflow/dags/demo.py
[2024-05-06T16:43:13.809+0000] {logging_mixin.py:188} INFO - [2024-05-06T16:43:13.807+0000] {dag.py:3096} INFO - Sync 1 DAGs
[2024-05-06T16:43:13.846+0000] {logging_mixin.py:188} INFO - [2024-05-06T16:43:13.846+0000] {dag.py:3954} INFO - Setting next_dagrun for weather_data_pipeline to None, run_after=None
[2024-05-06T16:43:13.902+0000] {processor.py:183} INFO - Processing /opt/airflow/dags/demo.py took 0.818 seconds
[2024-05-06T16:43:44.254+0000] {processor.py:161} INFO - Started process (PID=3101) to work on /opt/airflow/dags/demo.py
[2024-05-06T16:43:44.256+0000] {processor.py:830} INFO - Processing file /opt/airflow/dags/demo.py for tasks to queue
[2024-05-06T16:43:44.259+0000] {logging_mixin.py:188} INFO - [2024-05-06T16:43:44.258+0000] {dagbag.py:540} INFO - Filling up the DagBag from /opt/airflow/dags/demo.py
[2024-05-06T16:43:44.803+0000] {processor.py:840} INFO - DAG(s) 'weather_data_pipeline' retrieved from /opt/airflow/dags/demo.py
[2024-05-06T16:43:44.837+0000] {logging_mixin.py:188} INFO - [2024-05-06T16:43:44.837+0000] {dag.py:3096} INFO - Sync 1 DAGs
[2024-05-06T16:43:44.860+0000] {logging_mixin.py:188} INFO - [2024-05-06T16:43:44.860+0000] {dag.py:3954} INFO - Setting next_dagrun for weather_data_pipeline to None, run_after=None
[2024-05-06T16:43:44.891+0000] {processor.py:183} INFO - Processing /opt/airflow/dags/demo.py took 0.647 seconds
[2024-05-06T16:44:14.972+0000] {processor.py:161} INFO - Started process (PID=3158) to work on /opt/airflow/dags/demo.py
[2024-05-06T16:44:14.973+0000] {processor.py:830} INFO - Processing file /opt/airflow/dags/demo.py for tasks to queue
[2024-05-06T16:44:14.977+0000] {logging_mixin.py:188} INFO - [2024-05-06T16:44:14.976+0000] {dagbag.py:540} INFO - Filling up the DagBag from /opt/airflow/dags/demo.py
[2024-05-06T16:44:15.410+0000] {processor.py:840} INFO - DAG(s) 'weather_data_pipeline' retrieved from /opt/airflow/dags/demo.py
[2024-05-06T16:44:15.434+0000] {logging_mixin.py:188} INFO - [2024-05-06T16:44:15.433+0000] {dag.py:3096} INFO - Sync 1 DAGs
[2024-05-06T16:44:15.456+0000] {logging_mixin.py:188} INFO - [2024-05-06T16:44:15.456+0000] {dag.py:3954} INFO - Setting next_dagrun for weather_data_pipeline to None, run_after=None
[2024-05-06T16:44:15.485+0000] {processor.py:183} INFO - Processing /opt/airflow/dags/demo.py took 0.526 seconds
[2024-05-06T16:44:45.715+0000] {processor.py:161} INFO - Started process (PID=3221) to work on /opt/airflow/dags/demo.py
[2024-05-06T16:44:45.716+0000] {processor.py:830} INFO - Processing file /opt/airflow/dags/demo.py for tasks to queue
[2024-05-06T16:44:45.719+0000] {logging_mixin.py:188} INFO - [2024-05-06T16:44:45.718+0000] {dagbag.py:540} INFO - Filling up the DagBag from /opt/airflow/dags/demo.py
[2024-05-06T16:44:47.099+0000] {processor.py:840} INFO - DAG(s) 'weather_data_pipeline' retrieved from /opt/airflow/dags/demo.py
[2024-05-06T16:44:47.139+0000] {logging_mixin.py:188} INFO - [2024-05-06T16:44:47.138+0000] {dag.py:3096} INFO - Sync 1 DAGs
[2024-05-06T16:44:47.179+0000] {logging_mixin.py:188} INFO - [2024-05-06T16:44:47.179+0000] {dag.py:3954} INFO - Setting next_dagrun for weather_data_pipeline to None, run_after=None
[2024-05-06T16:44:47.249+0000] {processor.py:183} INFO - Processing /opt/airflow/dags/demo.py took 1.545 seconds
[2024-05-06T16:45:17.830+0000] {processor.py:161} INFO - Started process (PID=3282) to work on /opt/airflow/dags/demo.py
[2024-05-06T16:45:17.832+0000] {processor.py:830} INFO - Processing file /opt/airflow/dags/demo.py for tasks to queue
[2024-05-06T16:45:17.836+0000] {logging_mixin.py:188} INFO - [2024-05-06T16:45:17.835+0000] {dagbag.py:540} INFO - Filling up the DagBag from /opt/airflow/dags/demo.py
[2024-05-06T16:45:18.293+0000] {processor.py:840} INFO - DAG(s) 'weather_data_pipeline' retrieved from /opt/airflow/dags/demo.py
[2024-05-06T16:45:18.315+0000] {logging_mixin.py:188} INFO - [2024-05-06T16:45:18.314+0000] {dag.py:3096} INFO - Sync 1 DAGs
[2024-05-06T16:45:18.335+0000] {logging_mixin.py:188} INFO - [2024-05-06T16:45:18.335+0000] {dag.py:3954} INFO - Setting next_dagrun for weather_data_pipeline to None, run_after=None
[2024-05-06T16:45:18.375+0000] {processor.py:183} INFO - Processing /opt/airflow/dags/demo.py took 0.553 seconds
[2024-05-06T16:45:48.874+0000] {processor.py:161} INFO - Started process (PID=3342) to work on /opt/airflow/dags/demo.py
[2024-05-06T16:45:48.876+0000] {processor.py:830} INFO - Processing file /opt/airflow/dags/demo.py for tasks to queue
[2024-05-06T16:45:48.880+0000] {logging_mixin.py:188} INFO - [2024-05-06T16:45:48.880+0000] {dagbag.py:540} INFO - Filling up the DagBag from /opt/airflow/dags/demo.py
[2024-05-06T16:45:49.362+0000] {processor.py:840} INFO - DAG(s) 'weather_data_pipeline' retrieved from /opt/airflow/dags/demo.py
[2024-05-06T16:45:49.385+0000] {logging_mixin.py:188} INFO - [2024-05-06T16:45:49.384+0000] {dag.py:3096} INFO - Sync 1 DAGs
[2024-05-06T16:45:49.404+0000] {logging_mixin.py:188} INFO - [2024-05-06T16:45:49.404+0000] {dag.py:3954} INFO - Setting next_dagrun for weather_data_pipeline to None, run_after=None
[2024-05-06T16:45:49.433+0000] {processor.py:183} INFO - Processing /opt/airflow/dags/demo.py took 0.569 seconds
[2024-05-06T16:46:19.619+0000] {processor.py:161} INFO - Started process (PID=3404) to work on /opt/airflow/dags/demo.py
[2024-05-06T16:46:19.620+0000] {processor.py:830} INFO - Processing file /opt/airflow/dags/demo.py for tasks to queue
[2024-05-06T16:46:19.622+0000] {logging_mixin.py:188} INFO - [2024-05-06T16:46:19.622+0000] {dagbag.py:540} INFO - Filling up the DagBag from /opt/airflow/dags/demo.py
[2024-05-06T16:46:20.046+0000] {processor.py:840} INFO - DAG(s) 'weather_data_pipeline' retrieved from /opt/airflow/dags/demo.py
[2024-05-06T16:46:20.067+0000] {logging_mixin.py:188} INFO - [2024-05-06T16:46:20.067+0000] {dag.py:3096} INFO - Sync 1 DAGs
[2024-05-06T16:46:20.083+0000] {logging_mixin.py:188} INFO - [2024-05-06T16:46:20.083+0000] {dag.py:3954} INFO - Setting next_dagrun for weather_data_pipeline to None, run_after=None
[2024-05-06T16:46:20.111+0000] {processor.py:183} INFO - Processing /opt/airflow/dags/demo.py took 0.499 seconds
[2024-05-06T16:46:50.607+0000] {processor.py:161} INFO - Started process (PID=3462) to work on /opt/airflow/dags/demo.py
[2024-05-06T16:46:50.609+0000] {processor.py:830} INFO - Processing file /opt/airflow/dags/demo.py for tasks to queue
[2024-05-06T16:46:50.611+0000] {logging_mixin.py:188} INFO - [2024-05-06T16:46:50.610+0000] {dagbag.py:540} INFO - Filling up the DagBag from /opt/airflow/dags/demo.py
[2024-05-06T16:46:51.052+0000] {processor.py:840} INFO - DAG(s) 'weather_data_pipeline' retrieved from /opt/airflow/dags/demo.py
[2024-05-06T16:46:51.077+0000] {logging_mixin.py:188} INFO - [2024-05-06T16:46:51.077+0000] {dag.py:3096} INFO - Sync 1 DAGs
[2024-05-06T16:46:51.093+0000] {logging_mixin.py:188} INFO - [2024-05-06T16:46:51.093+0000] {dag.py:3954} INFO - Setting next_dagrun for weather_data_pipeline to None, run_after=None
[2024-05-06T16:46:51.122+0000] {processor.py:183} INFO - Processing /opt/airflow/dags/demo.py took 0.522 seconds
[2024-05-06T16:47:21.379+0000] {processor.py:161} INFO - Started process (PID=3522) to work on /opt/airflow/dags/demo.py
[2024-05-06T16:47:21.382+0000] {processor.py:830} INFO - Processing file /opt/airflow/dags/demo.py for tasks to queue
[2024-05-06T16:47:21.386+0000] {logging_mixin.py:188} INFO - [2024-05-06T16:47:21.385+0000] {dagbag.py:540} INFO - Filling up the DagBag from /opt/airflow/dags/demo.py
[2024-05-06T16:47:21.878+0000] {processor.py:840} INFO - DAG(s) 'weather_data_pipeline' retrieved from /opt/airflow/dags/demo.py
[2024-05-06T16:47:21.907+0000] {logging_mixin.py:188} INFO - [2024-05-06T16:47:21.906+0000] {dag.py:3096} INFO - Sync 1 DAGs
[2024-05-06T16:47:21.924+0000] {logging_mixin.py:188} INFO - [2024-05-06T16:47:21.924+0000] {dag.py:3954} INFO - Setting next_dagrun for weather_data_pipeline to None, run_after=None
[2024-05-06T16:47:21.957+0000] {processor.py:183} INFO - Processing /opt/airflow/dags/demo.py took 0.588 seconds
[2024-05-06T16:47:52.113+0000] {processor.py:161} INFO - Started process (PID=3584) to work on /opt/airflow/dags/demo.py
[2024-05-06T16:47:52.114+0000] {processor.py:830} INFO - Processing file /opt/airflow/dags/demo.py for tasks to queue
[2024-05-06T16:47:52.116+0000] {logging_mixin.py:188} INFO - [2024-05-06T16:47:52.116+0000] {dagbag.py:540} INFO - Filling up the DagBag from /opt/airflow/dags/demo.py
[2024-05-06T16:47:52.786+0000] {processor.py:840} INFO - DAG(s) 'weather_data_pipeline' retrieved from /opt/airflow/dags/demo.py
[2024-05-06T16:47:52.815+0000] {logging_mixin.py:188} INFO - [2024-05-06T16:47:52.814+0000] {dag.py:3096} INFO - Sync 1 DAGs
[2024-05-06T16:47:52.846+0000] {logging_mixin.py:188} INFO - [2024-05-06T16:47:52.845+0000] {dag.py:3954} INFO - Setting next_dagrun for weather_data_pipeline to None, run_after=None
[2024-05-06T16:47:52.880+0000] {processor.py:183} INFO - Processing /opt/airflow/dags/demo.py took 0.776 seconds
[2024-05-06T16:48:23.630+0000] {processor.py:161} INFO - Started process (PID=3647) to work on /opt/airflow/dags/demo.py
[2024-05-06T16:48:23.632+0000] {processor.py:830} INFO - Processing file /opt/airflow/dags/demo.py for tasks to queue
[2024-05-06T16:48:23.634+0000] {logging_mixin.py:188} INFO - [2024-05-06T16:48:23.633+0000] {dagbag.py:540} INFO - Filling up the DagBag from /opt/airflow/dags/demo.py
[2024-05-06T16:48:24.247+0000] {processor.py:840} INFO - DAG(s) 'weather_data_pipeline' retrieved from /opt/airflow/dags/demo.py
[2024-05-06T16:48:24.278+0000] {logging_mixin.py:188} INFO - [2024-05-06T16:48:24.277+0000] {dag.py:3096} INFO - Sync 1 DAGs
[2024-05-06T16:48:24.476+0000] {logging_mixin.py:188} INFO - [2024-05-06T16:48:24.475+0000] {dag.py:3954} INFO - Setting next_dagrun for weather_data_pipeline to None, run_after=None
[2024-05-06T16:48:24.510+0000] {processor.py:183} INFO - Processing /opt/airflow/dags/demo.py took 0.887 seconds
[2024-05-06T16:48:55.327+0000] {processor.py:161} INFO - Started process (PID=3710) to work on /opt/airflow/dags/demo.py
[2024-05-06T16:48:55.329+0000] {processor.py:830} INFO - Processing file /opt/airflow/dags/demo.py for tasks to queue
[2024-05-06T16:48:55.331+0000] {logging_mixin.py:188} INFO - [2024-05-06T16:48:55.331+0000] {dagbag.py:540} INFO - Filling up the DagBag from /opt/airflow/dags/demo.py
[2024-05-06T16:48:55.785+0000] {processor.py:840} INFO - DAG(s) 'weather_data_pipeline' retrieved from /opt/airflow/dags/demo.py
[2024-05-06T16:48:55.806+0000] {logging_mixin.py:188} INFO - [2024-05-06T16:48:55.805+0000] {dag.py:3096} INFO - Sync 1 DAGs
[2024-05-06T16:48:55.821+0000] {logging_mixin.py:188} INFO - [2024-05-06T16:48:55.820+0000] {dag.py:3954} INFO - Setting next_dagrun for weather_data_pipeline to None, run_after=None
[2024-05-06T16:48:55.855+0000] {processor.py:183} INFO - Processing /opt/airflow/dags/demo.py took 0.537 seconds
[2024-05-06T16:49:25.924+0000] {processor.py:161} INFO - Started process (PID=3771) to work on /opt/airflow/dags/demo.py
[2024-05-06T16:49:25.925+0000] {processor.py:830} INFO - Processing file /opt/airflow/dags/demo.py for tasks to queue
[2024-05-06T16:49:25.928+0000] {logging_mixin.py:188} INFO - [2024-05-06T16:49:25.927+0000] {dagbag.py:540} INFO - Filling up the DagBag from /opt/airflow/dags/demo.py
[2024-05-06T16:49:26.571+0000] {processor.py:840} INFO - DAG(s) 'weather_data_pipeline' retrieved from /opt/airflow/dags/demo.py
[2024-05-06T16:49:26.617+0000] {logging_mixin.py:188} INFO - [2024-05-06T16:49:26.616+0000] {dag.py:3096} INFO - Sync 1 DAGs
[2024-05-06T16:49:26.647+0000] {logging_mixin.py:188} INFO - [2024-05-06T16:49:26.646+0000] {dag.py:3954} INFO - Setting next_dagrun for weather_data_pipeline to None, run_after=None
[2024-05-06T16:49:26.686+0000] {processor.py:183} INFO - Processing /opt/airflow/dags/demo.py took 0.769 seconds
[2024-05-06T16:49:57.440+0000] {processor.py:161} INFO - Started process (PID=3831) to work on /opt/airflow/dags/demo.py
[2024-05-06T16:49:57.441+0000] {processor.py:830} INFO - Processing file /opt/airflow/dags/demo.py for tasks to queue
[2024-05-06T16:49:57.443+0000] {logging_mixin.py:188} INFO - [2024-05-06T16:49:57.443+0000] {dagbag.py:540} INFO - Filling up the DagBag from /opt/airflow/dags/demo.py
[2024-05-06T16:49:57.921+0000] {processor.py:840} INFO - DAG(s) 'weather_data_pipeline' retrieved from /opt/airflow/dags/demo.py
[2024-05-06T16:49:57.946+0000] {logging_mixin.py:188} INFO - [2024-05-06T16:49:57.945+0000] {dag.py:3096} INFO - Sync 1 DAGs
[2024-05-06T16:49:57.962+0000] {logging_mixin.py:188} INFO - [2024-05-06T16:49:57.961+0000] {dag.py:3954} INFO - Setting next_dagrun for weather_data_pipeline to None, run_after=None
[2024-05-06T16:49:57.990+0000] {processor.py:183} INFO - Processing /opt/airflow/dags/demo.py took 0.558 seconds
[2024-05-06T16:50:28.062+0000] {processor.py:161} INFO - Started process (PID=3891) to work on /opt/airflow/dags/demo.py
[2024-05-06T16:50:28.064+0000] {processor.py:830} INFO - Processing file /opt/airflow/dags/demo.py for tasks to queue
[2024-05-06T16:50:28.067+0000] {logging_mixin.py:188} INFO - [2024-05-06T16:50:28.066+0000] {dagbag.py:540} INFO - Filling up the DagBag from /opt/airflow/dags/demo.py
[2024-05-06T16:50:28.715+0000] {processor.py:840} INFO - DAG(s) 'weather_data_pipeline' retrieved from /opt/airflow/dags/demo.py
[2024-05-06T16:50:28.736+0000] {logging_mixin.py:188} INFO - [2024-05-06T16:50:28.735+0000] {dag.py:3096} INFO - Sync 1 DAGs
[2024-05-06T16:50:28.749+0000] {logging_mixin.py:188} INFO - [2024-05-06T16:50:28.749+0000] {dag.py:3954} INFO - Setting next_dagrun for weather_data_pipeline to None, run_after=None
[2024-05-06T16:50:28.780+0000] {processor.py:183} INFO - Processing /opt/airflow/dags/demo.py took 0.726 seconds
[2024-05-06T16:50:38.962+0000] {processor.py:161} INFO - Started process (PID=3933) to work on /opt/airflow/dags/demo.py
[2024-05-06T16:50:38.964+0000] {processor.py:830} INFO - Processing file /opt/airflow/dags/demo.py for tasks to queue
[2024-05-06T16:50:38.969+0000] {logging_mixin.py:188} INFO - [2024-05-06T16:50:38.967+0000] {dagbag.py:540} INFO - Filling up the DagBag from /opt/airflow/dags/demo.py
[2024-05-06T16:50:39.413+0000] {processor.py:840} INFO - DAG(s) 'weather_data_pipeline' retrieved from /opt/airflow/dags/demo.py
[2024-05-06T16:50:39.734+0000] {logging_mixin.py:188} INFO - [2024-05-06T16:50:39.733+0000] {dag.py:3096} INFO - Sync 1 DAGs
[2024-05-06T16:50:39.749+0000] {logging_mixin.py:188} INFO - [2024-05-06T16:50:39.748+0000] {dag.py:3954} INFO - Setting next_dagrun for weather_data_pipeline to None, run_after=None
[2024-05-06T16:50:39.786+0000] {processor.py:183} INFO - Processing /opt/airflow/dags/demo.py took 0.832 seconds
[2024-05-06T16:51:10.168+0000] {processor.py:161} INFO - Started process (PID=3993) to work on /opt/airflow/dags/demo.py
[2024-05-06T16:51:10.170+0000] {processor.py:830} INFO - Processing file /opt/airflow/dags/demo.py for tasks to queue
[2024-05-06T16:51:10.173+0000] {logging_mixin.py:188} INFO - [2024-05-06T16:51:10.173+0000] {dagbag.py:540} INFO - Filling up the DagBag from /opt/airflow/dags/demo.py
[2024-05-06T16:51:10.639+0000] {processor.py:840} INFO - DAG(s) 'weather_data_pipeline' retrieved from /opt/airflow/dags/demo.py
[2024-05-06T16:51:10.665+0000] {logging_mixin.py:188} INFO - [2024-05-06T16:51:10.665+0000] {dag.py:3096} INFO - Sync 1 DAGs
[2024-05-06T16:51:10.685+0000] {logging_mixin.py:188} INFO - [2024-05-06T16:51:10.684+0000] {dag.py:3954} INFO - Setting next_dagrun for weather_data_pipeline to None, run_after=None
[2024-05-06T16:51:10.925+0000] {processor.py:183} INFO - Processing /opt/airflow/dags/demo.py took 0.766 seconds
[2024-05-06T16:51:41.381+0000] {processor.py:161} INFO - Started process (PID=4053) to work on /opt/airflow/dags/demo.py
[2024-05-06T16:51:41.382+0000] {processor.py:830} INFO - Processing file /opt/airflow/dags/demo.py for tasks to queue
[2024-05-06T16:51:41.384+0000] {logging_mixin.py:188} INFO - [2024-05-06T16:51:41.384+0000] {dagbag.py:540} INFO - Filling up the DagBag from /opt/airflow/dags/demo.py
[2024-05-06T16:51:42.033+0000] {processor.py:840} INFO - DAG(s) 'weather_data_pipeline' retrieved from /opt/airflow/dags/demo.py
[2024-05-06T16:51:42.057+0000] {logging_mixin.py:188} INFO - [2024-05-06T16:51:42.056+0000] {dag.py:3096} INFO - Sync 1 DAGs
[2024-05-06T16:51:42.072+0000] {logging_mixin.py:188} INFO - [2024-05-06T16:51:42.072+0000] {dag.py:3954} INFO - Setting next_dagrun for weather_data_pipeline to None, run_after=None
[2024-05-06T16:51:42.098+0000] {processor.py:183} INFO - Processing /opt/airflow/dags/demo.py took 0.724 seconds
[2024-05-06T16:52:12.884+0000] {processor.py:161} INFO - Started process (PID=4113) to work on /opt/airflow/dags/demo.py
[2024-05-06T16:52:12.885+0000] {processor.py:830} INFO - Processing file /opt/airflow/dags/demo.py for tasks to queue
[2024-05-06T16:52:12.888+0000] {logging_mixin.py:188} INFO - [2024-05-06T16:52:12.887+0000] {dagbag.py:540} INFO - Filling up the DagBag from /opt/airflow/dags/demo.py
[2024-05-06T16:52:13.465+0000] {processor.py:840} INFO - DAG(s) 'weather_data_pipeline' retrieved from /opt/airflow/dags/demo.py
[2024-05-06T16:52:13.486+0000] {logging_mixin.py:188} INFO - [2024-05-06T16:52:13.485+0000] {dag.py:3096} INFO - Sync 1 DAGs
[2024-05-06T16:52:13.500+0000] {logging_mixin.py:188} INFO - [2024-05-06T16:52:13.500+0000] {dag.py:3954} INFO - Setting next_dagrun for weather_data_pipeline to None, run_after=None
[2024-05-06T16:52:13.527+0000] {processor.py:183} INFO - Processing /opt/airflow/dags/demo.py took 0.650 seconds
[2024-05-06T16:52:44.137+0000] {processor.py:161} INFO - Started process (PID=4179) to work on /opt/airflow/dags/demo.py
[2024-05-06T16:52:44.139+0000] {processor.py:830} INFO - Processing file /opt/airflow/dags/demo.py for tasks to queue
[2024-05-06T16:52:44.144+0000] {logging_mixin.py:188} INFO - [2024-05-06T16:52:44.143+0000] {dagbag.py:540} INFO - Filling up the DagBag from /opt/airflow/dags/demo.py
[2024-05-06T16:52:45.020+0000] {processor.py:840} INFO - DAG(s) 'weather_data_pipeline' retrieved from /opt/airflow/dags/demo.py
[2024-05-06T16:52:45.048+0000] {logging_mixin.py:188} INFO - [2024-05-06T16:52:45.047+0000] {dag.py:3096} INFO - Sync 1 DAGs
[2024-05-06T16:52:45.062+0000] {logging_mixin.py:188} INFO - [2024-05-06T16:52:45.062+0000] {dag.py:3954} INFO - Setting next_dagrun for weather_data_pipeline to None, run_after=None
[2024-05-06T16:52:45.090+0000] {processor.py:183} INFO - Processing /opt/airflow/dags/demo.py took 0.960 seconds
[2024-05-06T16:53:15.524+0000] {processor.py:161} INFO - Started process (PID=4239) to work on /opt/airflow/dags/demo.py
[2024-05-06T16:53:15.525+0000] {processor.py:830} INFO - Processing file /opt/airflow/dags/demo.py for tasks to queue
[2024-05-06T16:53:15.528+0000] {logging_mixin.py:188} INFO - [2024-05-06T16:53:15.528+0000] {dagbag.py:540} INFO - Filling up the DagBag from /opt/airflow/dags/demo.py
[2024-05-06T16:53:16.095+0000] {processor.py:840} INFO - DAG(s) 'weather_data_pipeline' retrieved from /opt/airflow/dags/demo.py
[2024-05-06T16:53:16.114+0000] {logging_mixin.py:188} INFO - [2024-05-06T16:53:16.114+0000] {dag.py:3096} INFO - Sync 1 DAGs
[2024-05-06T16:53:16.129+0000] {logging_mixin.py:188} INFO - [2024-05-06T16:53:16.128+0000] {dag.py:3954} INFO - Setting next_dagrun for weather_data_pipeline to None, run_after=None
[2024-05-06T16:53:16.155+0000] {processor.py:183} INFO - Processing /opt/airflow/dags/demo.py took 0.638 seconds
[2024-05-06T16:53:47.136+0000] {processor.py:161} INFO - Started process (PID=4299) to work on /opt/airflow/dags/demo.py
[2024-05-06T16:53:47.137+0000] {processor.py:830} INFO - Processing file /opt/airflow/dags/demo.py for tasks to queue
[2024-05-06T16:53:47.140+0000] {logging_mixin.py:188} INFO - [2024-05-06T16:53:47.139+0000] {dagbag.py:540} INFO - Filling up the DagBag from /opt/airflow/dags/demo.py
[2024-05-06T16:53:47.747+0000] {processor.py:840} INFO - DAG(s) 'weather_data_pipeline' retrieved from /opt/airflow/dags/demo.py
[2024-05-06T16:53:47.766+0000] {logging_mixin.py:188} INFO - [2024-05-06T16:53:47.765+0000] {dag.py:3096} INFO - Sync 1 DAGs
[2024-05-06T16:53:47.781+0000] {logging_mixin.py:188} INFO - [2024-05-06T16:53:47.781+0000] {dag.py:3954} INFO - Setting next_dagrun for weather_data_pipeline to None, run_after=None
[2024-05-06T16:53:47.805+0000] {processor.py:183} INFO - Processing /opt/airflow/dags/demo.py took 0.676 seconds
[2024-05-06T16:54:18.595+0000] {processor.py:161} INFO - Started process (PID=4359) to work on /opt/airflow/dags/demo.py
[2024-05-06T16:54:18.599+0000] {processor.py:830} INFO - Processing file /opt/airflow/dags/demo.py for tasks to queue
[2024-05-06T16:54:18.606+0000] {logging_mixin.py:188} INFO - [2024-05-06T16:54:18.605+0000] {dagbag.py:540} INFO - Filling up the DagBag from /opt/airflow/dags/demo.py
[2024-05-06T16:54:19.338+0000] {processor.py:840} INFO - DAG(s) 'weather_data_pipeline' retrieved from /opt/airflow/dags/demo.py
[2024-05-06T16:54:19.367+0000] {logging_mixin.py:188} INFO - [2024-05-06T16:54:19.366+0000] {dag.py:3096} INFO - Sync 1 DAGs
[2024-05-06T16:54:19.389+0000] {logging_mixin.py:188} INFO - [2024-05-06T16:54:19.388+0000] {dag.py:3954} INFO - Setting next_dagrun for weather_data_pipeline to None, run_after=None
[2024-05-06T16:54:19.425+0000] {processor.py:183} INFO - Processing /opt/airflow/dags/demo.py took 0.839 seconds
[2024-05-06T16:54:49.624+0000] {processor.py:161} INFO - Started process (PID=4419) to work on /opt/airflow/dags/demo.py
[2024-05-06T16:54:49.625+0000] {processor.py:830} INFO - Processing file /opt/airflow/dags/demo.py for tasks to queue
[2024-05-06T16:54:49.628+0000] {logging_mixin.py:188} INFO - [2024-05-06T16:54:49.627+0000] {dagbag.py:540} INFO - Filling up the DagBag from /opt/airflow/dags/demo.py
[2024-05-06T16:54:50.227+0000] {processor.py:840} INFO - DAG(s) 'weather_data_pipeline' retrieved from /opt/airflow/dags/demo.py
[2024-05-06T16:54:50.245+0000] {logging_mixin.py:188} INFO - [2024-05-06T16:54:50.245+0000] {dag.py:3096} INFO - Sync 1 DAGs
[2024-05-06T16:54:50.263+0000] {logging_mixin.py:188} INFO - [2024-05-06T16:54:50.262+0000] {dag.py:3954} INFO - Setting next_dagrun for weather_data_pipeline to None, run_after=None
[2024-05-06T16:54:50.288+0000] {processor.py:183} INFO - Processing /opt/airflow/dags/demo.py took 0.672 seconds
[2024-05-06T16:55:20.505+0000] {processor.py:161} INFO - Started process (PID=4479) to work on /opt/airflow/dags/demo.py
[2024-05-06T16:55:20.506+0000] {processor.py:830} INFO - Processing file /opt/airflow/dags/demo.py for tasks to queue
[2024-05-06T16:55:20.508+0000] {logging_mixin.py:188} INFO - [2024-05-06T16:55:20.508+0000] {dagbag.py:540} INFO - Filling up the DagBag from /opt/airflow/dags/demo.py
[2024-05-06T16:55:21.151+0000] {processor.py:840} INFO - DAG(s) 'weather_data_pipeline' retrieved from /opt/airflow/dags/demo.py
[2024-05-06T16:55:21.171+0000] {logging_mixin.py:188} INFO - [2024-05-06T16:55:21.170+0000] {dag.py:3096} INFO - Sync 1 DAGs
[2024-05-06T16:55:21.184+0000] {logging_mixin.py:188} INFO - [2024-05-06T16:55:21.183+0000] {dag.py:3954} INFO - Setting next_dagrun for weather_data_pipeline to None, run_after=None
[2024-05-06T16:55:21.207+0000] {processor.py:183} INFO - Processing /opt/airflow/dags/demo.py took 0.709 seconds
[2024-05-06T16:55:51.809+0000] {processor.py:161} INFO - Started process (PID=4539) to work on /opt/airflow/dags/demo.py
[2024-05-06T16:55:51.810+0000] {processor.py:830} INFO - Processing file /opt/airflow/dags/demo.py for tasks to queue
[2024-05-06T16:55:51.812+0000] {logging_mixin.py:188} INFO - [2024-05-06T16:55:51.812+0000] {dagbag.py:540} INFO - Filling up the DagBag from /opt/airflow/dags/demo.py
[2024-05-06T16:55:52.461+0000] {processor.py:840} INFO - DAG(s) 'weather_data_pipeline' retrieved from /opt/airflow/dags/demo.py
[2024-05-06T16:55:52.479+0000] {logging_mixin.py:188} INFO - [2024-05-06T16:55:52.479+0000] {dag.py:3096} INFO - Sync 1 DAGs
[2024-05-06T16:55:52.492+0000] {logging_mixin.py:188} INFO - [2024-05-06T16:55:52.492+0000] {dag.py:3954} INFO - Setting next_dagrun for weather_data_pipeline to None, run_after=None
[2024-05-06T16:55:52.517+0000] {processor.py:183} INFO - Processing /opt/airflow/dags/demo.py took 0.715 seconds
[2024-05-06T16:56:22.960+0000] {processor.py:161} INFO - Started process (PID=4599) to work on /opt/airflow/dags/demo.py
[2024-05-06T16:56:22.962+0000] {processor.py:830} INFO - Processing file /opt/airflow/dags/demo.py for tasks to queue
[2024-05-06T16:56:22.964+0000] {logging_mixin.py:188} INFO - [2024-05-06T16:56:22.964+0000] {dagbag.py:540} INFO - Filling up the DagBag from /opt/airflow/dags/demo.py
[2024-05-06T16:56:23.589+0000] {processor.py:840} INFO - DAG(s) 'weather_data_pipeline' retrieved from /opt/airflow/dags/demo.py
[2024-05-06T16:56:23.612+0000] {logging_mixin.py:188} INFO - [2024-05-06T16:56:23.611+0000] {dag.py:3096} INFO - Sync 1 DAGs
[2024-05-06T16:56:23.631+0000] {logging_mixin.py:188} INFO - [2024-05-06T16:56:23.630+0000] {dag.py:3954} INFO - Setting next_dagrun for weather_data_pipeline to None, run_after=None
[2024-05-06T16:56:23.662+0000] {processor.py:183} INFO - Processing /opt/airflow/dags/demo.py took 0.708 seconds
[2024-05-06T16:56:53.883+0000] {processor.py:161} INFO - Started process (PID=4659) to work on /opt/airflow/dags/demo.py
[2024-05-06T16:56:53.884+0000] {processor.py:830} INFO - Processing file /opt/airflow/dags/demo.py for tasks to queue
[2024-05-06T16:56:53.886+0000] {logging_mixin.py:188} INFO - [2024-05-06T16:56:53.886+0000] {dagbag.py:540} INFO - Filling up the DagBag from /opt/airflow/dags/demo.py
[2024-05-06T16:56:54.544+0000] {processor.py:840} INFO - DAG(s) 'weather_data_pipeline' retrieved from /opt/airflow/dags/demo.py
[2024-05-06T16:56:54.579+0000] {logging_mixin.py:188} INFO - [2024-05-06T16:56:54.578+0000] {dag.py:3096} INFO - Sync 1 DAGs
[2024-05-06T16:56:54.603+0000] {logging_mixin.py:188} INFO - [2024-05-06T16:56:54.602+0000] {dag.py:3954} INFO - Setting next_dagrun for weather_data_pipeline to None, run_after=None
[2024-05-06T16:56:54.630+0000] {processor.py:183} INFO - Processing /opt/airflow/dags/demo.py took 0.753 seconds
[2024-05-06T16:57:24.735+0000] {processor.py:161} INFO - Started process (PID=4719) to work on /opt/airflow/dags/demo.py
[2024-05-06T16:57:24.736+0000] {processor.py:830} INFO - Processing file /opt/airflow/dags/demo.py for tasks to queue
[2024-05-06T16:57:24.738+0000] {logging_mixin.py:188} INFO - [2024-05-06T16:57:24.738+0000] {dagbag.py:540} INFO - Filling up the DagBag from /opt/airflow/dags/demo.py
[2024-05-06T16:57:25.337+0000] {processor.py:840} INFO - DAG(s) 'weather_data_pipeline' retrieved from /opt/airflow/dags/demo.py
[2024-05-06T16:57:25.363+0000] {logging_mixin.py:188} INFO - [2024-05-06T16:57:25.362+0000] {dag.py:3096} INFO - Sync 1 DAGs
[2024-05-06T16:57:25.377+0000] {logging_mixin.py:188} INFO - [2024-05-06T16:57:25.376+0000] {dag.py:3954} INFO - Setting next_dagrun for weather_data_pipeline to None, run_after=None
[2024-05-06T16:57:25.401+0000] {processor.py:183} INFO - Processing /opt/airflow/dags/demo.py took 0.674 seconds
[2024-05-06T16:57:55.653+0000] {processor.py:161} INFO - Started process (PID=4779) to work on /opt/airflow/dags/demo.py
[2024-05-06T16:57:55.654+0000] {processor.py:830} INFO - Processing file /opt/airflow/dags/demo.py for tasks to queue
[2024-05-06T16:57:55.656+0000] {logging_mixin.py:188} INFO - [2024-05-06T16:57:55.656+0000] {dagbag.py:540} INFO - Filling up the DagBag from /opt/airflow/dags/demo.py
[2024-05-06T16:57:56.256+0000] {processor.py:840} INFO - DAG(s) 'weather_data_pipeline' retrieved from /opt/airflow/dags/demo.py
[2024-05-06T16:57:56.277+0000] {logging_mixin.py:188} INFO - [2024-05-06T16:57:56.276+0000] {dag.py:3096} INFO - Sync 1 DAGs
[2024-05-06T16:57:56.294+0000] {logging_mixin.py:188} INFO - [2024-05-06T16:57:56.293+0000] {dag.py:3954} INFO - Setting next_dagrun for weather_data_pipeline to None, run_after=None
[2024-05-06T16:57:56.317+0000] {processor.py:183} INFO - Processing /opt/airflow/dags/demo.py took 0.670 seconds
[2024-05-06T16:58:26.970+0000] {processor.py:161} INFO - Started process (PID=4839) to work on /opt/airflow/dags/demo.py
[2024-05-06T16:58:26.972+0000] {processor.py:830} INFO - Processing file /opt/airflow/dags/demo.py for tasks to queue
[2024-05-06T16:58:26.974+0000] {logging_mixin.py:188} INFO - [2024-05-06T16:58:26.974+0000] {dagbag.py:540} INFO - Filling up the DagBag from /opt/airflow/dags/demo.py
[2024-05-06T16:58:27.575+0000] {processor.py:840} INFO - DAG(s) 'weather_data_pipeline' retrieved from /opt/airflow/dags/demo.py
[2024-05-06T16:58:27.596+0000] {logging_mixin.py:188} INFO - [2024-05-06T16:58:27.595+0000] {dag.py:3096} INFO - Sync 1 DAGs
[2024-05-06T16:58:27.611+0000] {logging_mixin.py:188} INFO - [2024-05-06T16:58:27.610+0000] {dag.py:3954} INFO - Setting next_dagrun for weather_data_pipeline to None, run_after=None
[2024-05-06T16:58:27.635+0000] {processor.py:183} INFO - Processing /opt/airflow/dags/demo.py took 0.671 seconds
[2024-05-06T16:58:58.253+0000] {processor.py:161} INFO - Started process (PID=4899) to work on /opt/airflow/dags/demo.py
[2024-05-06T16:58:58.254+0000] {processor.py:830} INFO - Processing file /opt/airflow/dags/demo.py for tasks to queue
[2024-05-06T16:58:58.257+0000] {logging_mixin.py:188} INFO - [2024-05-06T16:58:58.256+0000] {dagbag.py:540} INFO - Filling up the DagBag from /opt/airflow/dags/demo.py
[2024-05-06T16:58:58.809+0000] {processor.py:840} INFO - DAG(s) 'weather_data_pipeline' retrieved from /opt/airflow/dags/demo.py
[2024-05-06T16:58:58.833+0000] {logging_mixin.py:188} INFO - [2024-05-06T16:58:58.833+0000] {dag.py:3096} INFO - Sync 1 DAGs
[2024-05-06T16:58:58.847+0000] {logging_mixin.py:188} INFO - [2024-05-06T16:58:58.847+0000] {dag.py:3954} INFO - Setting next_dagrun for weather_data_pipeline to None, run_after=None
[2024-05-06T16:58:58.871+0000] {processor.py:183} INFO - Processing /opt/airflow/dags/demo.py took 0.624 seconds
