[2024-04-27T09:40:25.675+0000] {processor.py:161} INFO - Started process (PID=48) to work on /home/airflow/.local/lib/python3.12/site-packages/airflow/example_dags/example_datasets.py
[2024-04-27T09:40:25.686+0000] {processor.py:830} INFO - Processing file /home/airflow/.local/lib/python3.12/site-packages/airflow/example_dags/example_datasets.py for tasks to queue
[2024-04-27T09:40:25.697+0000] {logging_mixin.py:188} INFO - [2024-04-27T09:40:25.695+0000] {dagbag.py:540} INFO - Filling up the DagBag from /home/airflow/.local/lib/python3.12/site-packages/airflow/example_dags/example_datasets.py
[2024-04-27T09:40:25.849+0000] {processor.py:840} INFO - DAG(s) 'dataset_consumes_1_never_scheduled', 'dataset_consumes_unknown_never_scheduled', 'consume_1_and_2_with_dataset_expressions', 'dataset_consumes_1', 'conditional_dataset_and_time_based_timetable', 'consume_1_or_both_2_and_3_with_dataset_expressions', 'consume_1_or_2_with_dataset_expressions', 'dataset_produces_1', 'dataset_produces_2', 'dataset_consumes_1_and_2' retrieved from /home/airflow/.local/lib/python3.12/site-packages/airflow/example_dags/example_datasets.py
[2024-04-27T09:40:26.709+0000] {logging_mixin.py:188} INFO - [2024-04-27T09:40:26.708+0000] {dag.py:3096} INFO - Sync 10 DAGs
[2024-04-27T09:40:26.799+0000] {logging_mixin.py:188} INFO - [2024-04-27T09:40:26.798+0000] {dag.py:3954} INFO - Setting next_dagrun for conditional_dataset_and_time_based_timetable to 2024-04-24 01:00:00+00:00, run_after=2024-04-24 01:00:00+00:00
[2024-04-27T09:40:26.809+0000] {logging_mixin.py:188} INFO - [2024-04-27T09:40:26.808+0000] {dag.py:3954} INFO - Setting next_dagrun for consume_1_and_2_with_dataset_expressions to None, run_after=None
[2024-04-27T09:40:26.820+0000] {logging_mixin.py:188} INFO - [2024-04-27T09:40:26.819+0000] {dag.py:3954} INFO - Setting next_dagrun for consume_1_or_2_with_dataset_expressions to None, run_after=None
[2024-04-27T09:40:26.824+0000] {logging_mixin.py:188} INFO - [2024-04-27T09:40:26.823+0000] {dag.py:3954} INFO - Setting next_dagrun for consume_1_or_both_2_and_3_with_dataset_expressions to None, run_after=None
[2024-04-27T09:40:26.828+0000] {logging_mixin.py:188} INFO - [2024-04-27T09:40:26.827+0000] {dag.py:3954} INFO - Setting next_dagrun for dataset_consumes_1 to None, run_after=None
[2024-04-27T09:40:26.834+0000] {logging_mixin.py:188} INFO - [2024-04-27T09:40:26.833+0000] {dag.py:3954} INFO - Setting next_dagrun for dataset_consumes_1_and_2 to None, run_after=None
[2024-04-27T09:40:26.842+0000] {logging_mixin.py:188} INFO - [2024-04-27T09:40:26.841+0000] {dag.py:3954} INFO - Setting next_dagrun for dataset_consumes_1_never_scheduled to None, run_after=None
[2024-04-27T09:40:26.846+0000] {logging_mixin.py:188} INFO - [2024-04-27T09:40:26.845+0000] {dag.py:3954} INFO - Setting next_dagrun for dataset_consumes_unknown_never_scheduled to None, run_after=None
[2024-04-27T09:40:26.855+0000] {logging_mixin.py:188} INFO - [2024-04-27T09:40:26.854+0000] {dag.py:3954} INFO - Setting next_dagrun for dataset_produces_1 to 2024-04-26 00:00:00+00:00, run_after=2024-04-27 00:00:00+00:00
[2024-04-27T09:40:26.863+0000] {logging_mixin.py:188} INFO - [2024-04-27T09:40:26.863+0000] {dag.py:3954} INFO - Setting next_dagrun for dataset_produces_2 to None, run_after=None
[2024-04-27T09:40:27.023+0000] {processor.py:183} INFO - Processing /home/airflow/.local/lib/python3.12/site-packages/airflow/example_dags/example_datasets.py took 1.389 seconds
[2024-04-27T09:41:23.012+0000] {processor.py:161} INFO - Started process (PID=42) to work on /home/airflow/.local/lib/python3.12/site-packages/airflow/example_dags/example_datasets.py
[2024-04-27T09:41:23.014+0000] {processor.py:830} INFO - Processing file /home/airflow/.local/lib/python3.12/site-packages/airflow/example_dags/example_datasets.py for tasks to queue
[2024-04-27T09:41:23.016+0000] {logging_mixin.py:188} INFO - [2024-04-27T09:41:23.016+0000] {dagbag.py:540} INFO - Filling up the DagBag from /home/airflow/.local/lib/python3.12/site-packages/airflow/example_dags/example_datasets.py
[2024-04-27T09:41:23.037+0000] {processor.py:840} INFO - DAG(s) 'dataset_produces_2', 'consume_1_and_2_with_dataset_expressions', 'dataset_consumes_1_and_2', 'dataset_consumes_1_never_scheduled', 'dataset_produces_1', 'consume_1_or_2_with_dataset_expressions', 'consume_1_or_both_2_and_3_with_dataset_expressions', 'dataset_consumes_1', 'dataset_consumes_unknown_never_scheduled', 'conditional_dataset_and_time_based_timetable' retrieved from /home/airflow/.local/lib/python3.12/site-packages/airflow/example_dags/example_datasets.py
[2024-04-27T09:41:23.116+0000] {logging_mixin.py:188} INFO - [2024-04-27T09:41:23.115+0000] {dag.py:3096} INFO - Sync 10 DAGs
[2024-04-27T09:41:23.150+0000] {logging_mixin.py:188} INFO - [2024-04-27T09:41:23.149+0000] {dag.py:3954} INFO - Setting next_dagrun for conditional_dataset_and_time_based_timetable to 2024-04-24 01:00:00+00:00, run_after=2024-04-24 01:00:00+00:00
[2024-04-27T09:41:23.156+0000] {logging_mixin.py:188} INFO - [2024-04-27T09:41:23.155+0000] {dag.py:3954} INFO - Setting next_dagrun for consume_1_and_2_with_dataset_expressions to None, run_after=None
[2024-04-27T09:41:23.159+0000] {logging_mixin.py:188} INFO - [2024-04-27T09:41:23.158+0000] {dag.py:3954} INFO - Setting next_dagrun for consume_1_or_2_with_dataset_expressions to None, run_after=None
[2024-04-27T09:41:23.161+0000] {logging_mixin.py:188} INFO - [2024-04-27T09:41:23.161+0000] {dag.py:3954} INFO - Setting next_dagrun for consume_1_or_both_2_and_3_with_dataset_expressions to None, run_after=None
[2024-04-27T09:41:23.164+0000] {logging_mixin.py:188} INFO - [2024-04-27T09:41:23.163+0000] {dag.py:3954} INFO - Setting next_dagrun for dataset_consumes_1 to None, run_after=None
[2024-04-27T09:41:23.166+0000] {logging_mixin.py:188} INFO - [2024-04-27T09:41:23.166+0000] {dag.py:3954} INFO - Setting next_dagrun for dataset_consumes_1_and_2 to None, run_after=None
[2024-04-27T09:41:23.168+0000] {logging_mixin.py:188} INFO - [2024-04-27T09:41:23.168+0000] {dag.py:3954} INFO - Setting next_dagrun for dataset_consumes_1_never_scheduled to None, run_after=None
[2024-04-27T09:41:23.171+0000] {logging_mixin.py:188} INFO - [2024-04-27T09:41:23.170+0000] {dag.py:3954} INFO - Setting next_dagrun for dataset_consumes_unknown_never_scheduled to None, run_after=None
[2024-04-27T09:41:23.175+0000] {logging_mixin.py:188} INFO - [2024-04-27T09:41:23.175+0000] {dag.py:3954} INFO - Setting next_dagrun for dataset_produces_1 to 2024-04-26 00:00:00+00:00, run_after=2024-04-27 00:00:00+00:00
[2024-04-27T09:41:23.178+0000] {logging_mixin.py:188} INFO - [2024-04-27T09:41:23.177+0000] {dag.py:3954} INFO - Setting next_dagrun for dataset_produces_2 to None, run_after=None
[2024-04-27T09:41:23.232+0000] {processor.py:183} INFO - Processing /home/airflow/.local/lib/python3.12/site-packages/airflow/example_dags/example_datasets.py took 0.225 seconds
[2024-04-27T09:41:53.301+0000] {processor.py:161} INFO - Started process (PID=100) to work on /home/airflow/.local/lib/python3.12/site-packages/airflow/example_dags/example_datasets.py
[2024-04-27T09:41:53.302+0000] {processor.py:830} INFO - Processing file /home/airflow/.local/lib/python3.12/site-packages/airflow/example_dags/example_datasets.py for tasks to queue
[2024-04-27T09:41:53.305+0000] {logging_mixin.py:188} INFO - [2024-04-27T09:41:53.304+0000] {dagbag.py:540} INFO - Filling up the DagBag from /home/airflow/.local/lib/python3.12/site-packages/airflow/example_dags/example_datasets.py
[2024-04-27T09:41:53.324+0000] {processor.py:840} INFO - DAG(s) 'consume_1_or_2_with_dataset_expressions', 'dataset_consumes_1', 'dataset_produces_2', 'dataset_produces_1', 'dataset_consumes_1_never_scheduled', 'dataset_consumes_1_and_2', 'dataset_consumes_unknown_never_scheduled', 'conditional_dataset_and_time_based_timetable', 'consume_1_or_both_2_and_3_with_dataset_expressions', 'consume_1_and_2_with_dataset_expressions' retrieved from /home/airflow/.local/lib/python3.12/site-packages/airflow/example_dags/example_datasets.py
[2024-04-27T09:41:53.420+0000] {logging_mixin.py:188} INFO - [2024-04-27T09:41:53.419+0000] {dag.py:3096} INFO - Sync 10 DAGs
[2024-04-27T09:41:53.466+0000] {logging_mixin.py:188} INFO - [2024-04-27T09:41:53.465+0000] {dag.py:3954} INFO - Setting next_dagrun for conditional_dataset_and_time_based_timetable to 2024-04-24 01:00:00+00:00, run_after=2024-04-24 01:00:00+00:00
[2024-04-27T09:41:53.472+0000] {logging_mixin.py:188} INFO - [2024-04-27T09:41:53.472+0000] {dag.py:3954} INFO - Setting next_dagrun for consume_1_and_2_with_dataset_expressions to None, run_after=None
[2024-04-27T09:41:53.476+0000] {logging_mixin.py:188} INFO - [2024-04-27T09:41:53.476+0000] {dag.py:3954} INFO - Setting next_dagrun for consume_1_or_2_with_dataset_expressions to None, run_after=None
[2024-04-27T09:41:53.479+0000] {logging_mixin.py:188} INFO - [2024-04-27T09:41:53.479+0000] {dag.py:3954} INFO - Setting next_dagrun for consume_1_or_both_2_and_3_with_dataset_expressions to None, run_after=None
[2024-04-27T09:41:53.482+0000] {logging_mixin.py:188} INFO - [2024-04-27T09:41:53.482+0000] {dag.py:3954} INFO - Setting next_dagrun for dataset_consumes_1 to None, run_after=None
[2024-04-27T09:41:53.485+0000] {logging_mixin.py:188} INFO - [2024-04-27T09:41:53.484+0000] {dag.py:3954} INFO - Setting next_dagrun for dataset_consumes_1_and_2 to None, run_after=None
[2024-04-27T09:41:53.488+0000] {logging_mixin.py:188} INFO - [2024-04-27T09:41:53.487+0000] {dag.py:3954} INFO - Setting next_dagrun for dataset_consumes_1_never_scheduled to None, run_after=None
[2024-04-27T09:41:53.492+0000] {logging_mixin.py:188} INFO - [2024-04-27T09:41:53.490+0000] {dag.py:3954} INFO - Setting next_dagrun for dataset_consumes_unknown_never_scheduled to None, run_after=None
[2024-04-27T09:41:53.497+0000] {logging_mixin.py:188} INFO - [2024-04-27T09:41:53.496+0000] {dag.py:3954} INFO - Setting next_dagrun for dataset_produces_1 to 2024-04-26 00:00:00+00:00, run_after=2024-04-27 00:00:00+00:00
[2024-04-27T09:41:53.499+0000] {logging_mixin.py:188} INFO - [2024-04-27T09:41:53.499+0000] {dag.py:3954} INFO - Setting next_dagrun for dataset_produces_2 to None, run_after=None
[2024-04-27T09:41:53.567+0000] {processor.py:183} INFO - Processing /home/airflow/.local/lib/python3.12/site-packages/airflow/example_dags/example_datasets.py took 0.273 seconds
[2024-04-27T09:42:23.715+0000] {processor.py:161} INFO - Started process (PID=157) to work on /home/airflow/.local/lib/python3.12/site-packages/airflow/example_dags/example_datasets.py
[2024-04-27T09:42:23.717+0000] {processor.py:830} INFO - Processing file /home/airflow/.local/lib/python3.12/site-packages/airflow/example_dags/example_datasets.py for tasks to queue
[2024-04-27T09:42:23.719+0000] {logging_mixin.py:188} INFO - [2024-04-27T09:42:23.718+0000] {dagbag.py:540} INFO - Filling up the DagBag from /home/airflow/.local/lib/python3.12/site-packages/airflow/example_dags/example_datasets.py
[2024-04-27T09:42:23.737+0000] {processor.py:840} INFO - DAG(s) 'consume_1_or_2_with_dataset_expressions', 'dataset_consumes_1', 'consume_1_and_2_with_dataset_expressions', 'consume_1_or_both_2_and_3_with_dataset_expressions', 'dataset_consumes_1_never_scheduled', 'dataset_consumes_1_and_2', 'dataset_produces_1', 'conditional_dataset_and_time_based_timetable', 'dataset_produces_2', 'dataset_consumes_unknown_never_scheduled' retrieved from /home/airflow/.local/lib/python3.12/site-packages/airflow/example_dags/example_datasets.py
[2024-04-27T09:42:23.819+0000] {logging_mixin.py:188} INFO - [2024-04-27T09:42:23.818+0000] {dag.py:3096} INFO - Sync 10 DAGs
[2024-04-27T09:42:23.858+0000] {logging_mixin.py:188} INFO - [2024-04-27T09:42:23.858+0000] {dag.py:3954} INFO - Setting next_dagrun for conditional_dataset_and_time_based_timetable to 2024-04-24 01:00:00+00:00, run_after=2024-04-24 01:00:00+00:00
[2024-04-27T09:42:23.868+0000] {logging_mixin.py:188} INFO - [2024-04-27T09:42:23.868+0000] {dag.py:3954} INFO - Setting next_dagrun for consume_1_and_2_with_dataset_expressions to None, run_after=None
[2024-04-27T09:42:23.872+0000] {logging_mixin.py:188} INFO - [2024-04-27T09:42:23.872+0000] {dag.py:3954} INFO - Setting next_dagrun for consume_1_or_2_with_dataset_expressions to None, run_after=None
[2024-04-27T09:42:23.875+0000] {logging_mixin.py:188} INFO - [2024-04-27T09:42:23.875+0000] {dag.py:3954} INFO - Setting next_dagrun for consume_1_or_both_2_and_3_with_dataset_expressions to None, run_after=None
[2024-04-27T09:42:23.878+0000] {logging_mixin.py:188} INFO - [2024-04-27T09:42:23.877+0000] {dag.py:3954} INFO - Setting next_dagrun for dataset_consumes_1 to None, run_after=None
[2024-04-27T09:42:23.881+0000] {logging_mixin.py:188} INFO - [2024-04-27T09:42:23.881+0000] {dag.py:3954} INFO - Setting next_dagrun for dataset_consumes_1_and_2 to None, run_after=None
[2024-04-27T09:42:23.885+0000] {logging_mixin.py:188} INFO - [2024-04-27T09:42:23.884+0000] {dag.py:3954} INFO - Setting next_dagrun for dataset_consumes_1_never_scheduled to None, run_after=None
[2024-04-27T09:42:23.888+0000] {logging_mixin.py:188} INFO - [2024-04-27T09:42:23.887+0000] {dag.py:3954} INFO - Setting next_dagrun for dataset_consumes_unknown_never_scheduled to None, run_after=None
[2024-04-27T09:42:23.893+0000] {logging_mixin.py:188} INFO - [2024-04-27T09:42:23.893+0000] {dag.py:3954} INFO - Setting next_dagrun for dataset_produces_1 to 2024-04-26 00:00:00+00:00, run_after=2024-04-27 00:00:00+00:00
[2024-04-27T09:42:23.896+0000] {logging_mixin.py:188} INFO - [2024-04-27T09:42:23.896+0000] {dag.py:3954} INFO - Setting next_dagrun for dataset_produces_2 to None, run_after=None
[2024-04-27T09:42:23.954+0000] {processor.py:183} INFO - Processing /home/airflow/.local/lib/python3.12/site-packages/airflow/example_dags/example_datasets.py took 0.245 seconds
[2024-04-27T09:42:54.380+0000] {processor.py:161} INFO - Started process (PID=215) to work on /home/airflow/.local/lib/python3.12/site-packages/airflow/example_dags/example_datasets.py
[2024-04-27T09:42:54.381+0000] {processor.py:830} INFO - Processing file /home/airflow/.local/lib/python3.12/site-packages/airflow/example_dags/example_datasets.py for tasks to queue
[2024-04-27T09:42:54.384+0000] {logging_mixin.py:188} INFO - [2024-04-27T09:42:54.383+0000] {dagbag.py:540} INFO - Filling up the DagBag from /home/airflow/.local/lib/python3.12/site-packages/airflow/example_dags/example_datasets.py
[2024-04-27T09:42:54.402+0000] {processor.py:840} INFO - DAG(s) 'dataset_consumes_unknown_never_scheduled', 'consume_1_and_2_with_dataset_expressions', 'consume_1_or_2_with_dataset_expressions', 'dataset_consumes_1', 'conditional_dataset_and_time_based_timetable', 'dataset_produces_2', 'dataset_produces_1', 'dataset_consumes_1_and_2', 'consume_1_or_both_2_and_3_with_dataset_expressions', 'dataset_consumes_1_never_scheduled' retrieved from /home/airflow/.local/lib/python3.12/site-packages/airflow/example_dags/example_datasets.py
[2024-04-27T09:42:54.475+0000] {logging_mixin.py:188} INFO - [2024-04-27T09:42:54.475+0000] {dag.py:3096} INFO - Sync 10 DAGs
[2024-04-27T09:42:54.512+0000] {logging_mixin.py:188} INFO - [2024-04-27T09:42:54.512+0000] {dag.py:3954} INFO - Setting next_dagrun for conditional_dataset_and_time_based_timetable to 2024-04-24 01:00:00+00:00, run_after=2024-04-24 01:00:00+00:00
[2024-04-27T09:42:54.520+0000] {logging_mixin.py:188} INFO - [2024-04-27T09:42:54.519+0000] {dag.py:3954} INFO - Setting next_dagrun for consume_1_and_2_with_dataset_expressions to None, run_after=None
[2024-04-27T09:42:54.523+0000] {logging_mixin.py:188} INFO - [2024-04-27T09:42:54.522+0000] {dag.py:3954} INFO - Setting next_dagrun for consume_1_or_2_with_dataset_expressions to None, run_after=None
[2024-04-27T09:42:54.525+0000] {logging_mixin.py:188} INFO - [2024-04-27T09:42:54.525+0000] {dag.py:3954} INFO - Setting next_dagrun for consume_1_or_both_2_and_3_with_dataset_expressions to None, run_after=None
[2024-04-27T09:42:54.527+0000] {logging_mixin.py:188} INFO - [2024-04-27T09:42:54.527+0000] {dag.py:3954} INFO - Setting next_dagrun for dataset_consumes_1 to None, run_after=None
[2024-04-27T09:42:54.530+0000] {logging_mixin.py:188} INFO - [2024-04-27T09:42:54.529+0000] {dag.py:3954} INFO - Setting next_dagrun for dataset_consumes_1_and_2 to None, run_after=None
[2024-04-27T09:42:54.532+0000] {logging_mixin.py:188} INFO - [2024-04-27T09:42:54.532+0000] {dag.py:3954} INFO - Setting next_dagrun for dataset_consumes_1_never_scheduled to None, run_after=None
[2024-04-27T09:42:54.535+0000] {logging_mixin.py:188} INFO - [2024-04-27T09:42:54.534+0000] {dag.py:3954} INFO - Setting next_dagrun for dataset_consumes_unknown_never_scheduled to None, run_after=None
[2024-04-27T09:42:54.539+0000] {logging_mixin.py:188} INFO - [2024-04-27T09:42:54.539+0000] {dag.py:3954} INFO - Setting next_dagrun for dataset_produces_1 to 2024-04-26 00:00:00+00:00, run_after=2024-04-27 00:00:00+00:00
[2024-04-27T09:42:54.541+0000] {logging_mixin.py:188} INFO - [2024-04-27T09:42:54.541+0000] {dag.py:3954} INFO - Setting next_dagrun for dataset_produces_2 to None, run_after=None
[2024-04-27T09:42:54.594+0000] {processor.py:183} INFO - Processing /home/airflow/.local/lib/python3.12/site-packages/airflow/example_dags/example_datasets.py took 0.219 seconds
[2024-04-27T09:43:25.153+0000] {processor.py:161} INFO - Started process (PID=273) to work on /home/airflow/.local/lib/python3.12/site-packages/airflow/example_dags/example_datasets.py
[2024-04-27T09:43:25.154+0000] {processor.py:830} INFO - Processing file /home/airflow/.local/lib/python3.12/site-packages/airflow/example_dags/example_datasets.py for tasks to queue
[2024-04-27T09:43:25.156+0000] {logging_mixin.py:188} INFO - [2024-04-27T09:43:25.156+0000] {dagbag.py:540} INFO - Filling up the DagBag from /home/airflow/.local/lib/python3.12/site-packages/airflow/example_dags/example_datasets.py
[2024-04-27T09:43:25.174+0000] {processor.py:840} INFO - DAG(s) 'conditional_dataset_and_time_based_timetable', 'dataset_consumes_1', 'dataset_produces_2', 'consume_1_or_2_with_dataset_expressions', 'consume_1_or_both_2_and_3_with_dataset_expressions', 'dataset_consumes_1_never_scheduled', 'dataset_consumes_1_and_2', 'dataset_consumes_unknown_never_scheduled', 'consume_1_and_2_with_dataset_expressions', 'dataset_produces_1' retrieved from /home/airflow/.local/lib/python3.12/site-packages/airflow/example_dags/example_datasets.py
[2024-04-27T09:43:25.252+0000] {logging_mixin.py:188} INFO - [2024-04-27T09:43:25.252+0000] {dag.py:3096} INFO - Sync 10 DAGs
[2024-04-27T09:43:25.289+0000] {logging_mixin.py:188} INFO - [2024-04-27T09:43:25.289+0000] {dag.py:3954} INFO - Setting next_dagrun for conditional_dataset_and_time_based_timetable to 2024-04-24 01:00:00+00:00, run_after=2024-04-24 01:00:00+00:00
[2024-04-27T09:43:25.296+0000] {logging_mixin.py:188} INFO - [2024-04-27T09:43:25.296+0000] {dag.py:3954} INFO - Setting next_dagrun for consume_1_and_2_with_dataset_expressions to None, run_after=None
[2024-04-27T09:43:25.299+0000] {logging_mixin.py:188} INFO - [2024-04-27T09:43:25.299+0000] {dag.py:3954} INFO - Setting next_dagrun for consume_1_or_2_with_dataset_expressions to None, run_after=None
[2024-04-27T09:43:25.302+0000] {logging_mixin.py:188} INFO - [2024-04-27T09:43:25.301+0000] {dag.py:3954} INFO - Setting next_dagrun for consume_1_or_both_2_and_3_with_dataset_expressions to None, run_after=None
[2024-04-27T09:43:25.304+0000] {logging_mixin.py:188} INFO - [2024-04-27T09:43:25.304+0000] {dag.py:3954} INFO - Setting next_dagrun for dataset_consumes_1 to None, run_after=None
[2024-04-27T09:43:25.307+0000] {logging_mixin.py:188} INFO - [2024-04-27T09:43:25.306+0000] {dag.py:3954} INFO - Setting next_dagrun for dataset_consumes_1_and_2 to None, run_after=None
[2024-04-27T09:43:25.309+0000] {logging_mixin.py:188} INFO - [2024-04-27T09:43:25.309+0000] {dag.py:3954} INFO - Setting next_dagrun for dataset_consumes_1_never_scheduled to None, run_after=None
[2024-04-27T09:43:25.311+0000] {logging_mixin.py:188} INFO - [2024-04-27T09:43:25.311+0000] {dag.py:3954} INFO - Setting next_dagrun for dataset_consumes_unknown_never_scheduled to None, run_after=None
[2024-04-27T09:43:25.315+0000] {logging_mixin.py:188} INFO - [2024-04-27T09:43:25.315+0000] {dag.py:3954} INFO - Setting next_dagrun for dataset_produces_1 to 2024-04-26 00:00:00+00:00, run_after=2024-04-27 00:00:00+00:00
[2024-04-27T09:43:25.317+0000] {logging_mixin.py:188} INFO - [2024-04-27T09:43:25.317+0000] {dag.py:3954} INFO - Setting next_dagrun for dataset_produces_2 to None, run_after=None
[2024-04-27T09:43:25.378+0000] {processor.py:183} INFO - Processing /home/airflow/.local/lib/python3.12/site-packages/airflow/example_dags/example_datasets.py took 0.230 seconds
[2024-04-27T09:43:55.915+0000] {processor.py:161} INFO - Started process (PID=331) to work on /home/airflow/.local/lib/python3.12/site-packages/airflow/example_dags/example_datasets.py
[2024-04-27T09:43:55.916+0000] {processor.py:830} INFO - Processing file /home/airflow/.local/lib/python3.12/site-packages/airflow/example_dags/example_datasets.py for tasks to queue
[2024-04-27T09:43:55.918+0000] {logging_mixin.py:188} INFO - [2024-04-27T09:43:55.918+0000] {dagbag.py:540} INFO - Filling up the DagBag from /home/airflow/.local/lib/python3.12/site-packages/airflow/example_dags/example_datasets.py
[2024-04-27T09:43:55.937+0000] {processor.py:840} INFO - DAG(s) 'dataset_produces_2', 'dataset_consumes_1', 'consume_1_or_2_with_dataset_expressions', 'conditional_dataset_and_time_based_timetable', 'consume_1_and_2_with_dataset_expressions', 'dataset_consumes_unknown_never_scheduled', 'consume_1_or_both_2_and_3_with_dataset_expressions', 'dataset_produces_1', 'dataset_consumes_1_never_scheduled', 'dataset_consumes_1_and_2' retrieved from /home/airflow/.local/lib/python3.12/site-packages/airflow/example_dags/example_datasets.py
[2024-04-27T09:43:56.014+0000] {logging_mixin.py:188} INFO - [2024-04-27T09:43:56.013+0000] {dag.py:3096} INFO - Sync 10 DAGs
[2024-04-27T09:43:56.052+0000] {logging_mixin.py:188} INFO - [2024-04-27T09:43:56.052+0000] {dag.py:3954} INFO - Setting next_dagrun for conditional_dataset_and_time_based_timetable to 2024-04-24 01:00:00+00:00, run_after=2024-04-24 01:00:00+00:00
[2024-04-27T09:43:56.059+0000] {logging_mixin.py:188} INFO - [2024-04-27T09:43:56.058+0000] {dag.py:3954} INFO - Setting next_dagrun for consume_1_and_2_with_dataset_expressions to None, run_after=None
[2024-04-27T09:43:56.062+0000] {logging_mixin.py:188} INFO - [2024-04-27T09:43:56.062+0000] {dag.py:3954} INFO - Setting next_dagrun for consume_1_or_2_with_dataset_expressions to None, run_after=None
[2024-04-27T09:43:56.065+0000] {logging_mixin.py:188} INFO - [2024-04-27T09:43:56.064+0000] {dag.py:3954} INFO - Setting next_dagrun for consume_1_or_both_2_and_3_with_dataset_expressions to None, run_after=None
[2024-04-27T09:43:56.067+0000] {logging_mixin.py:188} INFO - [2024-04-27T09:43:56.067+0000] {dag.py:3954} INFO - Setting next_dagrun for dataset_consumes_1 to None, run_after=None
[2024-04-27T09:43:56.070+0000] {logging_mixin.py:188} INFO - [2024-04-27T09:43:56.069+0000] {dag.py:3954} INFO - Setting next_dagrun for dataset_consumes_1_and_2 to None, run_after=None
[2024-04-27T09:43:56.072+0000] {logging_mixin.py:188} INFO - [2024-04-27T09:43:56.072+0000] {dag.py:3954} INFO - Setting next_dagrun for dataset_consumes_1_never_scheduled to None, run_after=None
[2024-04-27T09:43:56.075+0000] {logging_mixin.py:188} INFO - [2024-04-27T09:43:56.075+0000] {dag.py:3954} INFO - Setting next_dagrun for dataset_consumes_unknown_never_scheduled to None, run_after=None
[2024-04-27T09:43:56.081+0000] {logging_mixin.py:188} INFO - [2024-04-27T09:43:56.081+0000] {dag.py:3954} INFO - Setting next_dagrun for dataset_produces_1 to 2024-04-26 00:00:00+00:00, run_after=2024-04-27 00:00:00+00:00
[2024-04-27T09:43:56.085+0000] {logging_mixin.py:188} INFO - [2024-04-27T09:43:56.084+0000] {dag.py:3954} INFO - Setting next_dagrun for dataset_produces_2 to None, run_after=None
[2024-04-27T09:43:56.160+0000] {processor.py:183} INFO - Processing /home/airflow/.local/lib/python3.12/site-packages/airflow/example_dags/example_datasets.py took 0.251 seconds
[2024-04-27T09:44:26.493+0000] {processor.py:161} INFO - Started process (PID=389) to work on /home/airflow/.local/lib/python3.12/site-packages/airflow/example_dags/example_datasets.py
[2024-04-27T09:44:26.494+0000] {processor.py:830} INFO - Processing file /home/airflow/.local/lib/python3.12/site-packages/airflow/example_dags/example_datasets.py for tasks to queue
[2024-04-27T09:44:26.497+0000] {logging_mixin.py:188} INFO - [2024-04-27T09:44:26.496+0000] {dagbag.py:540} INFO - Filling up the DagBag from /home/airflow/.local/lib/python3.12/site-packages/airflow/example_dags/example_datasets.py
[2024-04-27T09:44:26.514+0000] {processor.py:840} INFO - DAG(s) 'consume_1_or_both_2_and_3_with_dataset_expressions', 'dataset_consumes_1', 'consume_1_or_2_with_dataset_expressions', 'conditional_dataset_and_time_based_timetable', 'dataset_produces_1', 'consume_1_and_2_with_dataset_expressions', 'dataset_consumes_unknown_never_scheduled', 'dataset_consumes_1_and_2', 'dataset_consumes_1_never_scheduled', 'dataset_produces_2' retrieved from /home/airflow/.local/lib/python3.12/site-packages/airflow/example_dags/example_datasets.py
[2024-04-27T09:44:26.590+0000] {logging_mixin.py:188} INFO - [2024-04-27T09:44:26.590+0000] {dag.py:3096} INFO - Sync 10 DAGs
[2024-04-27T09:44:26.632+0000] {logging_mixin.py:188} INFO - [2024-04-27T09:44:26.631+0000] {dag.py:3954} INFO - Setting next_dagrun for conditional_dataset_and_time_based_timetable to 2024-04-24 01:00:00+00:00, run_after=2024-04-24 01:00:00+00:00
[2024-04-27T09:44:26.642+0000] {logging_mixin.py:188} INFO - [2024-04-27T09:44:26.641+0000] {dag.py:3954} INFO - Setting next_dagrun for consume_1_and_2_with_dataset_expressions to None, run_after=None
[2024-04-27T09:44:26.644+0000] {logging_mixin.py:188} INFO - [2024-04-27T09:44:26.644+0000] {dag.py:3954} INFO - Setting next_dagrun for consume_1_or_2_with_dataset_expressions to None, run_after=None
[2024-04-27T09:44:26.647+0000] {logging_mixin.py:188} INFO - [2024-04-27T09:44:26.647+0000] {dag.py:3954} INFO - Setting next_dagrun for consume_1_or_both_2_and_3_with_dataset_expressions to None, run_after=None
[2024-04-27T09:44:26.650+0000] {logging_mixin.py:188} INFO - [2024-04-27T09:44:26.650+0000] {dag.py:3954} INFO - Setting next_dagrun for dataset_consumes_1 to None, run_after=None
[2024-04-27T09:44:26.653+0000] {logging_mixin.py:188} INFO - [2024-04-27T09:44:26.653+0000] {dag.py:3954} INFO - Setting next_dagrun for dataset_consumes_1_and_2 to None, run_after=None
[2024-04-27T09:44:26.655+0000] {logging_mixin.py:188} INFO - [2024-04-27T09:44:26.655+0000] {dag.py:3954} INFO - Setting next_dagrun for dataset_consumes_1_never_scheduled to None, run_after=None
[2024-04-27T09:44:26.658+0000] {logging_mixin.py:188} INFO - [2024-04-27T09:44:26.657+0000] {dag.py:3954} INFO - Setting next_dagrun for dataset_consumes_unknown_never_scheduled to None, run_after=None
[2024-04-27T09:44:26.662+0000] {logging_mixin.py:188} INFO - [2024-04-27T09:44:26.661+0000] {dag.py:3954} INFO - Setting next_dagrun for dataset_produces_1 to 2024-04-26 00:00:00+00:00, run_after=2024-04-27 00:00:00+00:00
[2024-04-27T09:44:26.664+0000] {logging_mixin.py:188} INFO - [2024-04-27T09:44:26.664+0000] {dag.py:3954} INFO - Setting next_dagrun for dataset_produces_2 to None, run_after=None
[2024-04-27T09:44:26.722+0000] {processor.py:183} INFO - Processing /home/airflow/.local/lib/python3.12/site-packages/airflow/example_dags/example_datasets.py took 0.235 seconds
[2024-04-27T09:44:56.827+0000] {processor.py:161} INFO - Started process (PID=447) to work on /home/airflow/.local/lib/python3.12/site-packages/airflow/example_dags/example_datasets.py
[2024-04-27T09:44:56.828+0000] {processor.py:830} INFO - Processing file /home/airflow/.local/lib/python3.12/site-packages/airflow/example_dags/example_datasets.py for tasks to queue
[2024-04-27T09:44:56.830+0000] {logging_mixin.py:188} INFO - [2024-04-27T09:44:56.829+0000] {dagbag.py:540} INFO - Filling up the DagBag from /home/airflow/.local/lib/python3.12/site-packages/airflow/example_dags/example_datasets.py
[2024-04-27T09:44:56.846+0000] {processor.py:840} INFO - DAG(s) 'dataset_consumes_1', 'conditional_dataset_and_time_based_timetable', 'dataset_consumes_unknown_never_scheduled', 'dataset_produces_1', 'consume_1_or_2_with_dataset_expressions', 'dataset_consumes_1_never_scheduled', 'dataset_consumes_1_and_2', 'dataset_produces_2', 'consume_1_and_2_with_dataset_expressions', 'consume_1_or_both_2_and_3_with_dataset_expressions' retrieved from /home/airflow/.local/lib/python3.12/site-packages/airflow/example_dags/example_datasets.py
[2024-04-27T09:44:56.914+0000] {logging_mixin.py:188} INFO - [2024-04-27T09:44:56.914+0000] {dag.py:3096} INFO - Sync 10 DAGs
[2024-04-27T09:44:56.947+0000] {logging_mixin.py:188} INFO - [2024-04-27T09:44:56.947+0000] {dag.py:3954} INFO - Setting next_dagrun for conditional_dataset_and_time_based_timetable to 2024-04-24 01:00:00+00:00, run_after=2024-04-24 01:00:00+00:00
[2024-04-27T09:44:56.952+0000] {logging_mixin.py:188} INFO - [2024-04-27T09:44:56.952+0000] {dag.py:3954} INFO - Setting next_dagrun for consume_1_and_2_with_dataset_expressions to None, run_after=None
[2024-04-27T09:44:56.956+0000] {logging_mixin.py:188} INFO - [2024-04-27T09:44:56.955+0000] {dag.py:3954} INFO - Setting next_dagrun for consume_1_or_2_with_dataset_expressions to None, run_after=None
[2024-04-27T09:44:56.958+0000] {logging_mixin.py:188} INFO - [2024-04-27T09:44:56.958+0000] {dag.py:3954} INFO - Setting next_dagrun for consume_1_or_both_2_and_3_with_dataset_expressions to None, run_after=None
[2024-04-27T09:44:56.960+0000] {logging_mixin.py:188} INFO - [2024-04-27T09:44:56.960+0000] {dag.py:3954} INFO - Setting next_dagrun for dataset_consumes_1 to None, run_after=None
[2024-04-27T09:44:56.963+0000] {logging_mixin.py:188} INFO - [2024-04-27T09:44:56.963+0000] {dag.py:3954} INFO - Setting next_dagrun for dataset_consumes_1_and_2 to None, run_after=None
[2024-04-27T09:44:56.966+0000] {logging_mixin.py:188} INFO - [2024-04-27T09:44:56.965+0000] {dag.py:3954} INFO - Setting next_dagrun for dataset_consumes_1_never_scheduled to None, run_after=None
[2024-04-27T09:44:56.968+0000] {logging_mixin.py:188} INFO - [2024-04-27T09:44:56.968+0000] {dag.py:3954} INFO - Setting next_dagrun for dataset_consumes_unknown_never_scheduled to None, run_after=None
[2024-04-27T09:44:56.972+0000] {logging_mixin.py:188} INFO - [2024-04-27T09:44:56.971+0000] {dag.py:3954} INFO - Setting next_dagrun for dataset_produces_1 to 2024-04-26 00:00:00+00:00, run_after=2024-04-27 00:00:00+00:00
[2024-04-27T09:44:56.974+0000] {logging_mixin.py:188} INFO - [2024-04-27T09:44:56.974+0000] {dag.py:3954} INFO - Setting next_dagrun for dataset_produces_2 to None, run_after=None
[2024-04-27T09:44:57.022+0000] {processor.py:183} INFO - Processing /home/airflow/.local/lib/python3.12/site-packages/airflow/example_dags/example_datasets.py took 0.201 seconds
[2024-04-27T09:45:27.325+0000] {processor.py:161} INFO - Started process (PID=505) to work on /home/airflow/.local/lib/python3.12/site-packages/airflow/example_dags/example_datasets.py
[2024-04-27T09:45:27.326+0000] {processor.py:830} INFO - Processing file /home/airflow/.local/lib/python3.12/site-packages/airflow/example_dags/example_datasets.py for tasks to queue
[2024-04-27T09:45:27.329+0000] {logging_mixin.py:188} INFO - [2024-04-27T09:45:27.328+0000] {dagbag.py:540} INFO - Filling up the DagBag from /home/airflow/.local/lib/python3.12/site-packages/airflow/example_dags/example_datasets.py
[2024-04-27T09:45:27.346+0000] {processor.py:840} INFO - DAG(s) 'consume_1_or_both_2_and_3_with_dataset_expressions', 'dataset_consumes_1_never_scheduled', 'dataset_consumes_1', 'consume_1_and_2_with_dataset_expressions', 'dataset_produces_1', 'conditional_dataset_and_time_based_timetable', 'dataset_consumes_1_and_2', 'dataset_produces_2', 'dataset_consumes_unknown_never_scheduled', 'consume_1_or_2_with_dataset_expressions' retrieved from /home/airflow/.local/lib/python3.12/site-packages/airflow/example_dags/example_datasets.py
[2024-04-27T09:45:27.422+0000] {logging_mixin.py:188} INFO - [2024-04-27T09:45:27.422+0000] {dag.py:3096} INFO - Sync 10 DAGs
[2024-04-27T09:45:27.459+0000] {logging_mixin.py:188} INFO - [2024-04-27T09:45:27.459+0000] {dag.py:3954} INFO - Setting next_dagrun for conditional_dataset_and_time_based_timetable to 2024-04-24 01:00:00+00:00, run_after=2024-04-24 01:00:00+00:00
[2024-04-27T09:45:27.466+0000] {logging_mixin.py:188} INFO - [2024-04-27T09:45:27.465+0000] {dag.py:3954} INFO - Setting next_dagrun for consume_1_and_2_with_dataset_expressions to None, run_after=None
[2024-04-27T09:45:27.468+0000] {logging_mixin.py:188} INFO - [2024-04-27T09:45:27.468+0000] {dag.py:3954} INFO - Setting next_dagrun for consume_1_or_2_with_dataset_expressions to None, run_after=None
[2024-04-27T09:45:27.470+0000] {logging_mixin.py:188} INFO - [2024-04-27T09:45:27.470+0000] {dag.py:3954} INFO - Setting next_dagrun for consume_1_or_both_2_and_3_with_dataset_expressions to None, run_after=None
[2024-04-27T09:45:27.473+0000] {logging_mixin.py:188} INFO - [2024-04-27T09:45:27.473+0000] {dag.py:3954} INFO - Setting next_dagrun for dataset_consumes_1 to None, run_after=None
[2024-04-27T09:45:27.475+0000] {logging_mixin.py:188} INFO - [2024-04-27T09:45:27.475+0000] {dag.py:3954} INFO - Setting next_dagrun for dataset_consumes_1_and_2 to None, run_after=None
[2024-04-27T09:45:27.478+0000] {logging_mixin.py:188} INFO - [2024-04-27T09:45:27.477+0000] {dag.py:3954} INFO - Setting next_dagrun for dataset_consumes_1_never_scheduled to None, run_after=None
[2024-04-27T09:45:27.481+0000] {logging_mixin.py:188} INFO - [2024-04-27T09:45:27.480+0000] {dag.py:3954} INFO - Setting next_dagrun for dataset_consumes_unknown_never_scheduled to None, run_after=None
[2024-04-27T09:45:27.485+0000] {logging_mixin.py:188} INFO - [2024-04-27T09:45:27.484+0000] {dag.py:3954} INFO - Setting next_dagrun for dataset_produces_1 to 2024-04-26 00:00:00+00:00, run_after=2024-04-27 00:00:00+00:00
[2024-04-27T09:45:27.487+0000] {logging_mixin.py:188} INFO - [2024-04-27T09:45:27.487+0000] {dag.py:3954} INFO - Setting next_dagrun for dataset_produces_2 to None, run_after=None
[2024-04-27T09:45:27.543+0000] {processor.py:183} INFO - Processing /home/airflow/.local/lib/python3.12/site-packages/airflow/example_dags/example_datasets.py took 0.224 seconds
[2024-04-27T09:45:57.939+0000] {processor.py:161} INFO - Started process (PID=563) to work on /home/airflow/.local/lib/python3.12/site-packages/airflow/example_dags/example_datasets.py
[2024-04-27T09:45:57.940+0000] {processor.py:830} INFO - Processing file /home/airflow/.local/lib/python3.12/site-packages/airflow/example_dags/example_datasets.py for tasks to queue
[2024-04-27T09:45:57.942+0000] {logging_mixin.py:188} INFO - [2024-04-27T09:45:57.942+0000] {dagbag.py:540} INFO - Filling up the DagBag from /home/airflow/.local/lib/python3.12/site-packages/airflow/example_dags/example_datasets.py
[2024-04-27T09:45:57.962+0000] {processor.py:840} INFO - DAG(s) 'consume_1_or_both_2_and_3_with_dataset_expressions', 'dataset_produces_2', 'dataset_produces_1', 'consume_1_or_2_with_dataset_expressions', 'consume_1_and_2_with_dataset_expressions', 'conditional_dataset_and_time_based_timetable', 'dataset_consumes_unknown_never_scheduled', 'dataset_consumes_1_and_2', 'dataset_consumes_1', 'dataset_consumes_1_never_scheduled' retrieved from /home/airflow/.local/lib/python3.12/site-packages/airflow/example_dags/example_datasets.py
[2024-04-27T09:45:58.060+0000] {logging_mixin.py:188} INFO - [2024-04-27T09:45:58.059+0000] {dag.py:3096} INFO - Sync 10 DAGs
[2024-04-27T09:45:58.107+0000] {logging_mixin.py:188} INFO - [2024-04-27T09:45:58.106+0000] {dag.py:3954} INFO - Setting next_dagrun for conditional_dataset_and_time_based_timetable to 2024-04-24 01:00:00+00:00, run_after=2024-04-24 01:00:00+00:00
[2024-04-27T09:45:58.114+0000] {logging_mixin.py:188} INFO - [2024-04-27T09:45:58.113+0000] {dag.py:3954} INFO - Setting next_dagrun for consume_1_and_2_with_dataset_expressions to None, run_after=None
[2024-04-27T09:45:58.117+0000] {logging_mixin.py:188} INFO - [2024-04-27T09:45:58.117+0000] {dag.py:3954} INFO - Setting next_dagrun for consume_1_or_2_with_dataset_expressions to None, run_after=None
[2024-04-27T09:45:58.121+0000] {logging_mixin.py:188} INFO - [2024-04-27T09:45:58.120+0000] {dag.py:3954} INFO - Setting next_dagrun for consume_1_or_both_2_and_3_with_dataset_expressions to None, run_after=None
[2024-04-27T09:45:58.124+0000] {logging_mixin.py:188} INFO - [2024-04-27T09:45:58.124+0000] {dag.py:3954} INFO - Setting next_dagrun for dataset_consumes_1 to None, run_after=None
[2024-04-27T09:45:58.128+0000] {logging_mixin.py:188} INFO - [2024-04-27T09:45:58.128+0000] {dag.py:3954} INFO - Setting next_dagrun for dataset_consumes_1_and_2 to None, run_after=None
[2024-04-27T09:45:58.131+0000] {logging_mixin.py:188} INFO - [2024-04-27T09:45:58.131+0000] {dag.py:3954} INFO - Setting next_dagrun for dataset_consumes_1_never_scheduled to None, run_after=None
[2024-04-27T09:45:58.134+0000] {logging_mixin.py:188} INFO - [2024-04-27T09:45:58.134+0000] {dag.py:3954} INFO - Setting next_dagrun for dataset_consumes_unknown_never_scheduled to None, run_after=None
[2024-04-27T09:45:58.139+0000] {logging_mixin.py:188} INFO - [2024-04-27T09:45:58.138+0000] {dag.py:3954} INFO - Setting next_dagrun for dataset_produces_1 to 2024-04-26 00:00:00+00:00, run_after=2024-04-27 00:00:00+00:00
[2024-04-27T09:45:58.141+0000] {logging_mixin.py:188} INFO - [2024-04-27T09:45:58.141+0000] {dag.py:3954} INFO - Setting next_dagrun for dataset_produces_2 to None, run_after=None
[2024-04-27T09:45:58.215+0000] {processor.py:183} INFO - Processing /home/airflow/.local/lib/python3.12/site-packages/airflow/example_dags/example_datasets.py took 0.286 seconds
[2024-04-27T09:46:28.659+0000] {processor.py:161} INFO - Started process (PID=621) to work on /home/airflow/.local/lib/python3.12/site-packages/airflow/example_dags/example_datasets.py
[2024-04-27T09:46:28.661+0000] {processor.py:830} INFO - Processing file /home/airflow/.local/lib/python3.12/site-packages/airflow/example_dags/example_datasets.py for tasks to queue
[2024-04-27T09:46:28.664+0000] {logging_mixin.py:188} INFO - [2024-04-27T09:46:28.663+0000] {dagbag.py:540} INFO - Filling up the DagBag from /home/airflow/.local/lib/python3.12/site-packages/airflow/example_dags/example_datasets.py
[2024-04-27T09:46:28.689+0000] {processor.py:840} INFO - DAG(s) 'consume_1_or_both_2_and_3_with_dataset_expressions', 'dataset_produces_2', 'consume_1_and_2_with_dataset_expressions', 'dataset_consumes_1_never_scheduled', 'dataset_consumes_unknown_never_scheduled', 'dataset_produces_1', 'consume_1_or_2_with_dataset_expressions', 'dataset_consumes_1', 'dataset_consumes_1_and_2', 'conditional_dataset_and_time_based_timetable' retrieved from /home/airflow/.local/lib/python3.12/site-packages/airflow/example_dags/example_datasets.py
[2024-04-27T09:46:28.769+0000] {logging_mixin.py:188} INFO - [2024-04-27T09:46:28.769+0000] {dag.py:3096} INFO - Sync 10 DAGs
[2024-04-27T09:46:28.808+0000] {logging_mixin.py:188} INFO - [2024-04-27T09:46:28.808+0000] {dag.py:3954} INFO - Setting next_dagrun for conditional_dataset_and_time_based_timetable to 2024-04-24 01:00:00+00:00, run_after=2024-04-24 01:00:00+00:00
[2024-04-27T09:46:28.814+0000] {logging_mixin.py:188} INFO - [2024-04-27T09:46:28.814+0000] {dag.py:3954} INFO - Setting next_dagrun for consume_1_and_2_with_dataset_expressions to None, run_after=None
[2024-04-27T09:46:28.817+0000] {logging_mixin.py:188} INFO - [2024-04-27T09:46:28.817+0000] {dag.py:3954} INFO - Setting next_dagrun for consume_1_or_2_with_dataset_expressions to None, run_after=None
[2024-04-27T09:46:28.819+0000] {logging_mixin.py:188} INFO - [2024-04-27T09:46:28.819+0000] {dag.py:3954} INFO - Setting next_dagrun for consume_1_or_both_2_and_3_with_dataset_expressions to None, run_after=None
[2024-04-27T09:46:28.822+0000] {logging_mixin.py:188} INFO - [2024-04-27T09:46:28.822+0000] {dag.py:3954} INFO - Setting next_dagrun for dataset_consumes_1 to None, run_after=None
[2024-04-27T09:46:28.825+0000] {logging_mixin.py:188} INFO - [2024-04-27T09:46:28.824+0000] {dag.py:3954} INFO - Setting next_dagrun for dataset_consumes_1_and_2 to None, run_after=None
[2024-04-27T09:46:28.827+0000] {logging_mixin.py:188} INFO - [2024-04-27T09:46:28.827+0000] {dag.py:3954} INFO - Setting next_dagrun for dataset_consumes_1_never_scheduled to None, run_after=None
[2024-04-27T09:46:28.829+0000] {logging_mixin.py:188} INFO - [2024-04-27T09:46:28.829+0000] {dag.py:3954} INFO - Setting next_dagrun for dataset_consumes_unknown_never_scheduled to None, run_after=None
[2024-04-27T09:46:28.834+0000] {logging_mixin.py:188} INFO - [2024-04-27T09:46:28.834+0000] {dag.py:3954} INFO - Setting next_dagrun for dataset_produces_1 to 2024-04-26 00:00:00+00:00, run_after=2024-04-27 00:00:00+00:00
[2024-04-27T09:46:28.836+0000] {logging_mixin.py:188} INFO - [2024-04-27T09:46:28.836+0000] {dag.py:3954} INFO - Setting next_dagrun for dataset_produces_2 to None, run_after=None
[2024-04-27T09:46:28.899+0000] {processor.py:183} INFO - Processing /home/airflow/.local/lib/python3.12/site-packages/airflow/example_dags/example_datasets.py took 0.248 seconds
[2024-04-27T09:46:59.363+0000] {processor.py:161} INFO - Started process (PID=679) to work on /home/airflow/.local/lib/python3.12/site-packages/airflow/example_dags/example_datasets.py
[2024-04-27T09:46:59.364+0000] {processor.py:830} INFO - Processing file /home/airflow/.local/lib/python3.12/site-packages/airflow/example_dags/example_datasets.py for tasks to queue
[2024-04-27T09:46:59.367+0000] {logging_mixin.py:188} INFO - [2024-04-27T09:46:59.366+0000] {dagbag.py:540} INFO - Filling up the DagBag from /home/airflow/.local/lib/python3.12/site-packages/airflow/example_dags/example_datasets.py
[2024-04-27T09:46:59.384+0000] {processor.py:840} INFO - DAG(s) 'dataset_consumes_1_and_2', 'dataset_produces_1', 'consume_1_or_both_2_and_3_with_dataset_expressions', 'conditional_dataset_and_time_based_timetable', 'consume_1_and_2_with_dataset_expressions', 'dataset_consumes_1', 'dataset_consumes_1_never_scheduled', 'dataset_consumes_unknown_never_scheduled', 'dataset_produces_2', 'consume_1_or_2_with_dataset_expressions' retrieved from /home/airflow/.local/lib/python3.12/site-packages/airflow/example_dags/example_datasets.py
[2024-04-27T09:46:59.478+0000] {logging_mixin.py:188} INFO - [2024-04-27T09:46:59.478+0000] {dag.py:3096} INFO - Sync 10 DAGs
[2024-04-27T09:46:59.540+0000] {logging_mixin.py:188} INFO - [2024-04-27T09:46:59.539+0000] {dag.py:3954} INFO - Setting next_dagrun for conditional_dataset_and_time_based_timetable to 2024-04-24 01:00:00+00:00, run_after=2024-04-24 01:00:00+00:00
[2024-04-27T09:46:59.549+0000] {logging_mixin.py:188} INFO - [2024-04-27T09:46:59.549+0000] {dag.py:3954} INFO - Setting next_dagrun for consume_1_and_2_with_dataset_expressions to None, run_after=None
[2024-04-27T09:46:59.553+0000] {logging_mixin.py:188} INFO - [2024-04-27T09:46:59.553+0000] {dag.py:3954} INFO - Setting next_dagrun for consume_1_or_2_with_dataset_expressions to None, run_after=None
[2024-04-27T09:46:59.557+0000] {logging_mixin.py:188} INFO - [2024-04-27T09:46:59.557+0000] {dag.py:3954} INFO - Setting next_dagrun for consume_1_or_both_2_and_3_with_dataset_expressions to None, run_after=None
[2024-04-27T09:46:59.561+0000] {logging_mixin.py:188} INFO - [2024-04-27T09:46:59.561+0000] {dag.py:3954} INFO - Setting next_dagrun for dataset_consumes_1 to None, run_after=None
[2024-04-27T09:46:59.566+0000] {logging_mixin.py:188} INFO - [2024-04-27T09:46:59.566+0000] {dag.py:3954} INFO - Setting next_dagrun for dataset_consumes_1_and_2 to None, run_after=None
[2024-04-27T09:46:59.569+0000] {logging_mixin.py:188} INFO - [2024-04-27T09:46:59.569+0000] {dag.py:3954} INFO - Setting next_dagrun for dataset_consumes_1_never_scheduled to None, run_after=None
[2024-04-27T09:46:59.572+0000] {logging_mixin.py:188} INFO - [2024-04-27T09:46:59.572+0000] {dag.py:3954} INFO - Setting next_dagrun for dataset_consumes_unknown_never_scheduled to None, run_after=None
[2024-04-27T09:46:59.577+0000] {logging_mixin.py:188} INFO - [2024-04-27T09:46:59.576+0000] {dag.py:3954} INFO - Setting next_dagrun for dataset_produces_1 to 2024-04-26 00:00:00+00:00, run_after=2024-04-27 00:00:00+00:00
[2024-04-27T09:46:59.581+0000] {logging_mixin.py:188} INFO - [2024-04-27T09:46:59.581+0000] {dag.py:3954} INFO - Setting next_dagrun for dataset_produces_2 to None, run_after=None
[2024-04-27T09:46:59.678+0000] {processor.py:183} INFO - Processing /home/airflow/.local/lib/python3.12/site-packages/airflow/example_dags/example_datasets.py took 0.323 seconds
[2024-04-27T09:47:30.134+0000] {processor.py:161} INFO - Started process (PID=737) to work on /home/airflow/.local/lib/python3.12/site-packages/airflow/example_dags/example_datasets.py
[2024-04-27T09:47:30.136+0000] {processor.py:830} INFO - Processing file /home/airflow/.local/lib/python3.12/site-packages/airflow/example_dags/example_datasets.py for tasks to queue
[2024-04-27T09:47:30.138+0000] {logging_mixin.py:188} INFO - [2024-04-27T09:47:30.137+0000] {dagbag.py:540} INFO - Filling up the DagBag from /home/airflow/.local/lib/python3.12/site-packages/airflow/example_dags/example_datasets.py
[2024-04-27T09:47:30.156+0000] {processor.py:840} INFO - DAG(s) 'dataset_consumes_1_and_2', 'dataset_consumes_1_never_scheduled', 'consume_1_or_2_with_dataset_expressions', 'dataset_consumes_unknown_never_scheduled', 'conditional_dataset_and_time_based_timetable', 'dataset_produces_2', 'consume_1_or_both_2_and_3_with_dataset_expressions', 'dataset_consumes_1', 'dataset_produces_1', 'consume_1_and_2_with_dataset_expressions' retrieved from /home/airflow/.local/lib/python3.12/site-packages/airflow/example_dags/example_datasets.py
[2024-04-27T09:47:30.225+0000] {logging_mixin.py:188} INFO - [2024-04-27T09:47:30.225+0000] {dag.py:3096} INFO - Sync 10 DAGs
[2024-04-27T09:47:30.397+0000] {logging_mixin.py:188} INFO - [2024-04-27T09:47:30.397+0000] {dag.py:3954} INFO - Setting next_dagrun for conditional_dataset_and_time_based_timetable to 2024-04-24 01:00:00+00:00, run_after=2024-04-24 01:00:00+00:00
[2024-04-27T09:47:30.403+0000] {logging_mixin.py:188} INFO - [2024-04-27T09:47:30.403+0000] {dag.py:3954} INFO - Setting next_dagrun for consume_1_and_2_with_dataset_expressions to None, run_after=None
[2024-04-27T09:47:30.406+0000] {logging_mixin.py:188} INFO - [2024-04-27T09:47:30.406+0000] {dag.py:3954} INFO - Setting next_dagrun for consume_1_or_2_with_dataset_expressions to None, run_after=None
[2024-04-27T09:47:30.408+0000] {logging_mixin.py:188} INFO - [2024-04-27T09:47:30.408+0000] {dag.py:3954} INFO - Setting next_dagrun for consume_1_or_both_2_and_3_with_dataset_expressions to None, run_after=None
[2024-04-27T09:47:30.411+0000] {logging_mixin.py:188} INFO - [2024-04-27T09:47:30.410+0000] {dag.py:3954} INFO - Setting next_dagrun for dataset_consumes_1 to None, run_after=None
[2024-04-27T09:47:30.413+0000] {logging_mixin.py:188} INFO - [2024-04-27T09:47:30.413+0000] {dag.py:3954} INFO - Setting next_dagrun for dataset_consumes_1_and_2 to None, run_after=None
[2024-04-27T09:47:30.415+0000] {logging_mixin.py:188} INFO - [2024-04-27T09:47:30.415+0000] {dag.py:3954} INFO - Setting next_dagrun for dataset_consumes_1_never_scheduled to None, run_after=None
[2024-04-27T09:47:30.417+0000] {logging_mixin.py:188} INFO - [2024-04-27T09:47:30.417+0000] {dag.py:3954} INFO - Setting next_dagrun for dataset_consumes_unknown_never_scheduled to None, run_after=None
[2024-04-27T09:47:30.421+0000] {logging_mixin.py:188} INFO - [2024-04-27T09:47:30.421+0000] {dag.py:3954} INFO - Setting next_dagrun for dataset_produces_1 to 2024-04-26 00:00:00+00:00, run_after=2024-04-27 00:00:00+00:00
[2024-04-27T09:47:30.424+0000] {logging_mixin.py:188} INFO - [2024-04-27T09:47:30.424+0000] {dag.py:3954} INFO - Setting next_dagrun for dataset_produces_2 to None, run_after=None
[2024-04-27T09:47:30.477+0000] {processor.py:183} INFO - Processing /home/airflow/.local/lib/python3.12/site-packages/airflow/example_dags/example_datasets.py took 0.348 seconds
[2024-04-27T09:48:01.377+0000] {processor.py:161} INFO - Started process (PID=795) to work on /home/airflow/.local/lib/python3.12/site-packages/airflow/example_dags/example_datasets.py
[2024-04-27T09:48:01.378+0000] {processor.py:830} INFO - Processing file /home/airflow/.local/lib/python3.12/site-packages/airflow/example_dags/example_datasets.py for tasks to queue
[2024-04-27T09:48:01.381+0000] {logging_mixin.py:188} INFO - [2024-04-27T09:48:01.381+0000] {dagbag.py:540} INFO - Filling up the DagBag from /home/airflow/.local/lib/python3.12/site-packages/airflow/example_dags/example_datasets.py
[2024-04-27T09:48:01.403+0000] {processor.py:840} INFO - DAG(s) 'dataset_produces_1', 'conditional_dataset_and_time_based_timetable', 'dataset_produces_2', 'dataset_consumes_unknown_never_scheduled', 'consume_1_or_both_2_and_3_with_dataset_expressions', 'consume_1_or_2_with_dataset_expressions', 'dataset_consumes_1_and_2', 'dataset_consumes_1', 'consume_1_and_2_with_dataset_expressions', 'dataset_consumes_1_never_scheduled' retrieved from /home/airflow/.local/lib/python3.12/site-packages/airflow/example_dags/example_datasets.py
[2024-04-27T09:48:01.474+0000] {logging_mixin.py:188} INFO - [2024-04-27T09:48:01.473+0000] {dag.py:3096} INFO - Sync 10 DAGs
[2024-04-27T09:48:01.707+0000] {logging_mixin.py:188} INFO - [2024-04-27T09:48:01.706+0000] {dag.py:3954} INFO - Setting next_dagrun for conditional_dataset_and_time_based_timetable to 2024-04-24 01:00:00+00:00, run_after=2024-04-24 01:00:00+00:00
[2024-04-27T09:48:01.716+0000] {logging_mixin.py:188} INFO - [2024-04-27T09:48:01.715+0000] {dag.py:3954} INFO - Setting next_dagrun for consume_1_and_2_with_dataset_expressions to None, run_after=None
[2024-04-27T09:48:01.718+0000] {logging_mixin.py:188} INFO - [2024-04-27T09:48:01.718+0000] {dag.py:3954} INFO - Setting next_dagrun for consume_1_or_2_with_dataset_expressions to None, run_after=None
[2024-04-27T09:48:01.721+0000] {logging_mixin.py:188} INFO - [2024-04-27T09:48:01.721+0000] {dag.py:3954} INFO - Setting next_dagrun for consume_1_or_both_2_and_3_with_dataset_expressions to None, run_after=None
[2024-04-27T09:48:01.723+0000] {logging_mixin.py:188} INFO - [2024-04-27T09:48:01.723+0000] {dag.py:3954} INFO - Setting next_dagrun for dataset_consumes_1 to None, run_after=None
[2024-04-27T09:48:01.726+0000] {logging_mixin.py:188} INFO - [2024-04-27T09:48:01.725+0000] {dag.py:3954} INFO - Setting next_dagrun for dataset_consumes_1_and_2 to None, run_after=None
[2024-04-27T09:48:01.728+0000] {logging_mixin.py:188} INFO - [2024-04-27T09:48:01.728+0000] {dag.py:3954} INFO - Setting next_dagrun for dataset_consumes_1_never_scheduled to None, run_after=None
[2024-04-27T09:48:01.731+0000] {logging_mixin.py:188} INFO - [2024-04-27T09:48:01.730+0000] {dag.py:3954} INFO - Setting next_dagrun for dataset_consumes_unknown_never_scheduled to None, run_after=None
[2024-04-27T09:48:01.735+0000] {logging_mixin.py:188} INFO - [2024-04-27T09:48:01.735+0000] {dag.py:3954} INFO - Setting next_dagrun for dataset_produces_1 to 2024-04-26 00:00:00+00:00, run_after=2024-04-27 00:00:00+00:00
[2024-04-27T09:48:01.738+0000] {logging_mixin.py:188} INFO - [2024-04-27T09:48:01.737+0000] {dag.py:3954} INFO - Setting next_dagrun for dataset_produces_2 to None, run_after=None
[2024-04-27T09:48:01.791+0000] {processor.py:183} INFO - Processing /home/airflow/.local/lib/python3.12/site-packages/airflow/example_dags/example_datasets.py took 0.420 seconds
[2024-04-27T09:48:32.262+0000] {processor.py:161} INFO - Started process (PID=853) to work on /home/airflow/.local/lib/python3.12/site-packages/airflow/example_dags/example_datasets.py
[2024-04-27T09:48:32.264+0000] {processor.py:830} INFO - Processing file /home/airflow/.local/lib/python3.12/site-packages/airflow/example_dags/example_datasets.py for tasks to queue
[2024-04-27T09:48:32.269+0000] {logging_mixin.py:188} INFO - [2024-04-27T09:48:32.268+0000] {dagbag.py:540} INFO - Filling up the DagBag from /home/airflow/.local/lib/python3.12/site-packages/airflow/example_dags/example_datasets.py
[2024-04-27T09:48:32.311+0000] {processor.py:840} INFO - DAG(s) 'dataset_consumes_1_never_scheduled', 'dataset_produces_2', 'dataset_produces_1', 'consume_1_or_both_2_and_3_with_dataset_expressions', 'dataset_consumes_unknown_never_scheduled', 'conditional_dataset_and_time_based_timetable', 'consume_1_and_2_with_dataset_expressions', 'dataset_consumes_1', 'consume_1_or_2_with_dataset_expressions', 'dataset_consumes_1_and_2' retrieved from /home/airflow/.local/lib/python3.12/site-packages/airflow/example_dags/example_datasets.py
[2024-04-27T09:48:32.473+0000] {logging_mixin.py:188} INFO - [2024-04-27T09:48:32.473+0000] {dag.py:3096} INFO - Sync 10 DAGs
[2024-04-27T09:48:32.592+0000] {logging_mixin.py:188} INFO - [2024-04-27T09:48:32.591+0000] {dag.py:3954} INFO - Setting next_dagrun for conditional_dataset_and_time_based_timetable to 2024-04-24 01:00:00+00:00, run_after=2024-04-24 01:00:00+00:00
[2024-04-27T09:48:32.629+0000] {logging_mixin.py:188} INFO - [2024-04-27T09:48:32.627+0000] {dag.py:3954} INFO - Setting next_dagrun for consume_1_and_2_with_dataset_expressions to None, run_after=None
[2024-04-27T09:48:32.643+0000] {logging_mixin.py:188} INFO - [2024-04-27T09:48:32.642+0000] {dag.py:3954} INFO - Setting next_dagrun for consume_1_or_2_with_dataset_expressions to None, run_after=None
[2024-04-27T09:48:32.659+0000] {logging_mixin.py:188} INFO - [2024-04-27T09:48:32.658+0000] {dag.py:3954} INFO - Setting next_dagrun for consume_1_or_both_2_and_3_with_dataset_expressions to None, run_after=None
[2024-04-27T09:48:32.669+0000] {logging_mixin.py:188} INFO - [2024-04-27T09:48:32.668+0000] {dag.py:3954} INFO - Setting next_dagrun for dataset_consumes_1 to None, run_after=None
[2024-04-27T09:48:32.676+0000] {logging_mixin.py:188} INFO - [2024-04-27T09:48:32.675+0000] {dag.py:3954} INFO - Setting next_dagrun for dataset_consumes_1_and_2 to None, run_after=None
[2024-04-27T09:48:32.686+0000] {logging_mixin.py:188} INFO - [2024-04-27T09:48:32.685+0000] {dag.py:3954} INFO - Setting next_dagrun for dataset_consumes_1_never_scheduled to None, run_after=None
[2024-04-27T09:48:32.693+0000] {logging_mixin.py:188} INFO - [2024-04-27T09:48:32.692+0000] {dag.py:3954} INFO - Setting next_dagrun for dataset_consumes_unknown_never_scheduled to None, run_after=None
[2024-04-27T09:48:32.722+0000] {logging_mixin.py:188} INFO - [2024-04-27T09:48:32.721+0000] {dag.py:3954} INFO - Setting next_dagrun for dataset_produces_1 to 2024-04-26 00:00:00+00:00, run_after=2024-04-27 00:00:00+00:00
[2024-04-27T09:48:32.729+0000] {logging_mixin.py:188} INFO - [2024-04-27T09:48:32.729+0000] {dag.py:3954} INFO - Setting next_dagrun for dataset_produces_2 to None, run_after=None
[2024-04-27T09:48:33.257+0000] {processor.py:183} INFO - Processing /home/airflow/.local/lib/python3.12/site-packages/airflow/example_dags/example_datasets.py took 1.005 seconds
[2024-04-27T09:49:03.669+0000] {processor.py:161} INFO - Started process (PID=912) to work on /home/airflow/.local/lib/python3.12/site-packages/airflow/example_dags/example_datasets.py
[2024-04-27T09:49:03.673+0000] {processor.py:830} INFO - Processing file /home/airflow/.local/lib/python3.12/site-packages/airflow/example_dags/example_datasets.py for tasks to queue
[2024-04-27T09:49:03.679+0000] {logging_mixin.py:188} INFO - [2024-04-27T09:49:03.678+0000] {dagbag.py:540} INFO - Filling up the DagBag from /home/airflow/.local/lib/python3.12/site-packages/airflow/example_dags/example_datasets.py
[2024-04-27T09:49:03.749+0000] {processor.py:840} INFO - DAG(s) 'dataset_consumes_unknown_never_scheduled', 'dataset_produces_2', 'dataset_consumes_1_never_scheduled', 'dataset_consumes_1', 'consume_1_or_both_2_and_3_with_dataset_expressions', 'consume_1_and_2_with_dataset_expressions', 'consume_1_or_2_with_dataset_expressions', 'dataset_consumes_1_and_2', 'conditional_dataset_and_time_based_timetable', 'dataset_produces_1' retrieved from /home/airflow/.local/lib/python3.12/site-packages/airflow/example_dags/example_datasets.py
[2024-04-27T09:49:03.965+0000] {logging_mixin.py:188} INFO - [2024-04-27T09:49:03.963+0000] {dag.py:3096} INFO - Sync 10 DAGs
[2024-04-27T09:49:04.130+0000] {logging_mixin.py:188} INFO - [2024-04-27T09:49:04.128+0000] {dag.py:3954} INFO - Setting next_dagrun for conditional_dataset_and_time_based_timetable to 2024-04-24 01:00:00+00:00, run_after=2024-04-24 01:00:00+00:00
[2024-04-27T09:49:04.147+0000] {logging_mixin.py:188} INFO - [2024-04-27T09:49:04.146+0000] {dag.py:3954} INFO - Setting next_dagrun for consume_1_and_2_with_dataset_expressions to None, run_after=None
[2024-04-27T09:49:04.153+0000] {logging_mixin.py:188} INFO - [2024-04-27T09:49:04.152+0000] {dag.py:3954} INFO - Setting next_dagrun for consume_1_or_2_with_dataset_expressions to None, run_after=None
[2024-04-27T09:49:04.159+0000] {logging_mixin.py:188} INFO - [2024-04-27T09:49:04.158+0000] {dag.py:3954} INFO - Setting next_dagrun for consume_1_or_both_2_and_3_with_dataset_expressions to None, run_after=None
[2024-04-27T09:49:04.164+0000] {logging_mixin.py:188} INFO - [2024-04-27T09:49:04.163+0000] {dag.py:3954} INFO - Setting next_dagrun for dataset_consumes_1 to None, run_after=None
[2024-04-27T09:49:04.170+0000] {logging_mixin.py:188} INFO - [2024-04-27T09:49:04.169+0000] {dag.py:3954} INFO - Setting next_dagrun for dataset_consumes_1_and_2 to None, run_after=None
[2024-04-27T09:49:04.175+0000] {logging_mixin.py:188} INFO - [2024-04-27T09:49:04.175+0000] {dag.py:3954} INFO - Setting next_dagrun for dataset_consumes_1_never_scheduled to None, run_after=None
[2024-04-27T09:49:04.181+0000] {logging_mixin.py:188} INFO - [2024-04-27T09:49:04.180+0000] {dag.py:3954} INFO - Setting next_dagrun for dataset_consumes_unknown_never_scheduled to None, run_after=None
[2024-04-27T09:49:04.190+0000] {logging_mixin.py:188} INFO - [2024-04-27T09:49:04.189+0000] {dag.py:3954} INFO - Setting next_dagrun for dataset_produces_1 to 2024-04-26 00:00:00+00:00, run_after=2024-04-27 00:00:00+00:00
[2024-04-27T09:49:04.195+0000] {logging_mixin.py:188} INFO - [2024-04-27T09:49:04.194+0000] {dag.py:3954} INFO - Setting next_dagrun for dataset_produces_2 to None, run_after=None
[2024-04-27T09:49:04.348+0000] {processor.py:183} INFO - Processing /home/airflow/.local/lib/python3.12/site-packages/airflow/example_dags/example_datasets.py took 0.697 seconds
[2024-04-27T09:49:34.863+0000] {processor.py:161} INFO - Started process (PID=972) to work on /home/airflow/.local/lib/python3.12/site-packages/airflow/example_dags/example_datasets.py
[2024-04-27T09:49:34.864+0000] {processor.py:830} INFO - Processing file /home/airflow/.local/lib/python3.12/site-packages/airflow/example_dags/example_datasets.py for tasks to queue
[2024-04-27T09:49:34.866+0000] {logging_mixin.py:188} INFO - [2024-04-27T09:49:34.866+0000] {dagbag.py:540} INFO - Filling up the DagBag from /home/airflow/.local/lib/python3.12/site-packages/airflow/example_dags/example_datasets.py
[2024-04-27T09:49:34.886+0000] {processor.py:840} INFO - DAG(s) 'conditional_dataset_and_time_based_timetable', 'dataset_consumes_1', 'dataset_produces_1', 'consume_1_or_2_with_dataset_expressions', 'dataset_consumes_unknown_never_scheduled', 'consume_1_and_2_with_dataset_expressions', 'consume_1_or_both_2_and_3_with_dataset_expressions', 'dataset_consumes_1_never_scheduled', 'dataset_consumes_1_and_2', 'dataset_produces_2' retrieved from /home/airflow/.local/lib/python3.12/site-packages/airflow/example_dags/example_datasets.py
[2024-04-27T09:49:34.970+0000] {logging_mixin.py:188} INFO - [2024-04-27T09:49:34.969+0000] {dag.py:3096} INFO - Sync 10 DAGs
[2024-04-27T09:49:35.013+0000] {logging_mixin.py:188} INFO - [2024-04-27T09:49:35.013+0000] {dag.py:3954} INFO - Setting next_dagrun for conditional_dataset_and_time_based_timetable to 2024-04-24 01:00:00+00:00, run_after=2024-04-24 01:00:00+00:00
[2024-04-27T09:49:35.023+0000] {logging_mixin.py:188} INFO - [2024-04-27T09:49:35.023+0000] {dag.py:3954} INFO - Setting next_dagrun for consume_1_and_2_with_dataset_expressions to None, run_after=None
[2024-04-27T09:49:35.026+0000] {logging_mixin.py:188} INFO - [2024-04-27T09:49:35.026+0000] {dag.py:3954} INFO - Setting next_dagrun for consume_1_or_2_with_dataset_expressions to None, run_after=None
[2024-04-27T09:49:35.030+0000] {logging_mixin.py:188} INFO - [2024-04-27T09:49:35.029+0000] {dag.py:3954} INFO - Setting next_dagrun for consume_1_or_both_2_and_3_with_dataset_expressions to None, run_after=None
[2024-04-27T09:49:35.033+0000] {logging_mixin.py:188} INFO - [2024-04-27T09:49:35.033+0000] {dag.py:3954} INFO - Setting next_dagrun for dataset_consumes_1 to None, run_after=None
[2024-04-27T09:49:35.039+0000] {logging_mixin.py:188} INFO - [2024-04-27T09:49:35.038+0000] {dag.py:3954} INFO - Setting next_dagrun for dataset_consumes_1_and_2 to None, run_after=None
[2024-04-27T09:49:35.043+0000] {logging_mixin.py:188} INFO - [2024-04-27T09:49:35.042+0000] {dag.py:3954} INFO - Setting next_dagrun for dataset_consumes_1_never_scheduled to None, run_after=None
[2024-04-27T09:49:35.047+0000] {logging_mixin.py:188} INFO - [2024-04-27T09:49:35.046+0000] {dag.py:3954} INFO - Setting next_dagrun for dataset_consumes_unknown_never_scheduled to None, run_after=None
[2024-04-27T09:49:35.059+0000] {logging_mixin.py:188} INFO - [2024-04-27T09:49:35.059+0000] {dag.py:3954} INFO - Setting next_dagrun for dataset_produces_1 to 2024-04-26 00:00:00+00:00, run_after=2024-04-27 00:00:00+00:00
[2024-04-27T09:49:35.064+0000] {logging_mixin.py:188} INFO - [2024-04-27T09:49:35.063+0000] {dag.py:3954} INFO - Setting next_dagrun for dataset_produces_2 to None, run_after=None
[2024-04-27T09:49:35.180+0000] {processor.py:183} INFO - Processing /home/airflow/.local/lib/python3.12/site-packages/airflow/example_dags/example_datasets.py took 0.325 seconds
[2024-04-27T09:50:05.284+0000] {processor.py:161} INFO - Started process (PID=1029) to work on /home/airflow/.local/lib/python3.12/site-packages/airflow/example_dags/example_datasets.py
[2024-04-27T09:50:05.286+0000] {processor.py:830} INFO - Processing file /home/airflow/.local/lib/python3.12/site-packages/airflow/example_dags/example_datasets.py for tasks to queue
[2024-04-27T09:50:05.290+0000] {logging_mixin.py:188} INFO - [2024-04-27T09:50:05.289+0000] {dagbag.py:540} INFO - Filling up the DagBag from /home/airflow/.local/lib/python3.12/site-packages/airflow/example_dags/example_datasets.py
[2024-04-27T09:50:05.322+0000] {processor.py:840} INFO - DAG(s) 'consume_1_and_2_with_dataset_expressions', 'consume_1_or_2_with_dataset_expressions', 'consume_1_or_both_2_and_3_with_dataset_expressions', 'dataset_consumes_unknown_never_scheduled', 'dataset_consumes_1_never_scheduled', 'dataset_produces_1', 'dataset_produces_2', 'conditional_dataset_and_time_based_timetable', 'dataset_consumes_1_and_2', 'dataset_consumes_1' retrieved from /home/airflow/.local/lib/python3.12/site-packages/airflow/example_dags/example_datasets.py
[2024-04-27T09:50:05.433+0000] {logging_mixin.py:188} INFO - [2024-04-27T09:50:05.433+0000] {dag.py:3096} INFO - Sync 10 DAGs
[2024-04-27T09:50:05.699+0000] {logging_mixin.py:188} INFO - [2024-04-27T09:50:05.698+0000] {dag.py:3954} INFO - Setting next_dagrun for conditional_dataset_and_time_based_timetable to 2024-04-24 01:00:00+00:00, run_after=2024-04-24 01:00:00+00:00
[2024-04-27T09:50:05.710+0000] {logging_mixin.py:188} INFO - [2024-04-27T09:50:05.709+0000] {dag.py:3954} INFO - Setting next_dagrun for consume_1_and_2_with_dataset_expressions to None, run_after=None
[2024-04-27T09:50:05.714+0000] {logging_mixin.py:188} INFO - [2024-04-27T09:50:05.713+0000] {dag.py:3954} INFO - Setting next_dagrun for consume_1_or_2_with_dataset_expressions to None, run_after=None
[2024-04-27T09:50:05.718+0000] {logging_mixin.py:188} INFO - [2024-04-27T09:50:05.718+0000] {dag.py:3954} INFO - Setting next_dagrun for consume_1_or_both_2_and_3_with_dataset_expressions to None, run_after=None
[2024-04-27T09:50:05.722+0000] {logging_mixin.py:188} INFO - [2024-04-27T09:50:05.722+0000] {dag.py:3954} INFO - Setting next_dagrun for dataset_consumes_1 to None, run_after=None
[2024-04-27T09:50:05.727+0000] {logging_mixin.py:188} INFO - [2024-04-27T09:50:05.727+0000] {dag.py:3954} INFO - Setting next_dagrun for dataset_consumes_1_and_2 to None, run_after=None
[2024-04-27T09:50:05.730+0000] {logging_mixin.py:188} INFO - [2024-04-27T09:50:05.730+0000] {dag.py:3954} INFO - Setting next_dagrun for dataset_consumes_1_never_scheduled to None, run_after=None
[2024-04-27T09:50:05.734+0000] {logging_mixin.py:188} INFO - [2024-04-27T09:50:05.734+0000] {dag.py:3954} INFO - Setting next_dagrun for dataset_consumes_unknown_never_scheduled to None, run_after=None
[2024-04-27T09:50:05.741+0000] {logging_mixin.py:188} INFO - [2024-04-27T09:50:05.741+0000] {dag.py:3954} INFO - Setting next_dagrun for dataset_produces_1 to 2024-04-26 00:00:00+00:00, run_after=2024-04-27 00:00:00+00:00
[2024-04-27T09:50:05.745+0000] {logging_mixin.py:188} INFO - [2024-04-27T09:50:05.745+0000] {dag.py:3954} INFO - Setting next_dagrun for dataset_produces_2 to None, run_after=None
[2024-04-27T09:50:05.875+0000] {processor.py:183} INFO - Processing /home/airflow/.local/lib/python3.12/site-packages/airflow/example_dags/example_datasets.py took 0.601 seconds
[2024-04-27T09:50:36.040+0000] {processor.py:161} INFO - Started process (PID=1086) to work on /home/airflow/.local/lib/python3.12/site-packages/airflow/example_dags/example_datasets.py
[2024-04-27T09:50:36.042+0000] {processor.py:830} INFO - Processing file /home/airflow/.local/lib/python3.12/site-packages/airflow/example_dags/example_datasets.py for tasks to queue
[2024-04-27T09:50:36.045+0000] {logging_mixin.py:188} INFO - [2024-04-27T09:50:36.044+0000] {dagbag.py:540} INFO - Filling up the DagBag from /home/airflow/.local/lib/python3.12/site-packages/airflow/example_dags/example_datasets.py
[2024-04-27T09:50:36.076+0000] {processor.py:840} INFO - DAG(s) 'conditional_dataset_and_time_based_timetable', 'dataset_consumes_1_never_scheduled', 'dataset_consumes_unknown_never_scheduled', 'dataset_produces_2', 'dataset_produces_1', 'consume_1_or_2_with_dataset_expressions', 'consume_1_and_2_with_dataset_expressions', 'dataset_consumes_1', 'dataset_consumes_1_and_2', 'consume_1_or_both_2_and_3_with_dataset_expressions' retrieved from /home/airflow/.local/lib/python3.12/site-packages/airflow/example_dags/example_datasets.py
[2024-04-27T09:50:36.190+0000] {logging_mixin.py:188} INFO - [2024-04-27T09:50:36.190+0000] {dag.py:3096} INFO - Sync 10 DAGs
[2024-04-27T09:50:36.247+0000] {logging_mixin.py:188} INFO - [2024-04-27T09:50:36.247+0000] {dag.py:3954} INFO - Setting next_dagrun for conditional_dataset_and_time_based_timetable to 2024-04-24 01:00:00+00:00, run_after=2024-04-24 01:00:00+00:00
[2024-04-27T09:50:36.255+0000] {logging_mixin.py:188} INFO - [2024-04-27T09:50:36.255+0000] {dag.py:3954} INFO - Setting next_dagrun for consume_1_and_2_with_dataset_expressions to None, run_after=None
[2024-04-27T09:50:36.258+0000] {logging_mixin.py:188} INFO - [2024-04-27T09:50:36.258+0000] {dag.py:3954} INFO - Setting next_dagrun for consume_1_or_2_with_dataset_expressions to None, run_after=None
[2024-04-27T09:50:36.262+0000] {logging_mixin.py:188} INFO - [2024-04-27T09:50:36.261+0000] {dag.py:3954} INFO - Setting next_dagrun for consume_1_or_both_2_and_3_with_dataset_expressions to None, run_after=None
[2024-04-27T09:50:36.266+0000] {logging_mixin.py:188} INFO - [2024-04-27T09:50:36.266+0000] {dag.py:3954} INFO - Setting next_dagrun for dataset_consumes_1 to None, run_after=None
[2024-04-27T09:50:36.270+0000] {logging_mixin.py:188} INFO - [2024-04-27T09:50:36.269+0000] {dag.py:3954} INFO - Setting next_dagrun for dataset_consumes_1_and_2 to None, run_after=None
[2024-04-27T09:50:36.273+0000] {logging_mixin.py:188} INFO - [2024-04-27T09:50:36.273+0000] {dag.py:3954} INFO - Setting next_dagrun for dataset_consumes_1_never_scheduled to None, run_after=None
[2024-04-27T09:50:36.277+0000] {logging_mixin.py:188} INFO - [2024-04-27T09:50:36.276+0000] {dag.py:3954} INFO - Setting next_dagrun for dataset_consumes_unknown_never_scheduled to None, run_after=None
[2024-04-27T09:50:36.282+0000] {logging_mixin.py:188} INFO - [2024-04-27T09:50:36.282+0000] {dag.py:3954} INFO - Setting next_dagrun for dataset_produces_1 to 2024-04-26 00:00:00+00:00, run_after=2024-04-27 00:00:00+00:00
[2024-04-27T09:50:36.287+0000] {logging_mixin.py:188} INFO - [2024-04-27T09:50:36.286+0000] {dag.py:3954} INFO - Setting next_dagrun for dataset_produces_2 to None, run_after=None
[2024-04-27T09:50:36.384+0000] {processor.py:183} INFO - Processing /home/airflow/.local/lib/python3.12/site-packages/airflow/example_dags/example_datasets.py took 0.352 seconds
[2024-04-27T09:51:06.614+0000] {processor.py:161} INFO - Started process (PID=1144) to work on /home/airflow/.local/lib/python3.12/site-packages/airflow/example_dags/example_datasets.py
[2024-04-27T09:51:06.616+0000] {processor.py:830} INFO - Processing file /home/airflow/.local/lib/python3.12/site-packages/airflow/example_dags/example_datasets.py for tasks to queue
[2024-04-27T09:51:06.619+0000] {logging_mixin.py:188} INFO - [2024-04-27T09:51:06.618+0000] {dagbag.py:540} INFO - Filling up the DagBag from /home/airflow/.local/lib/python3.12/site-packages/airflow/example_dags/example_datasets.py
[2024-04-27T09:51:06.645+0000] {processor.py:840} INFO - DAG(s) 'dataset_consumes_unknown_never_scheduled', 'dataset_consumes_1', 'dataset_produces_2', 'consume_1_and_2_with_dataset_expressions', 'consume_1_or_2_with_dataset_expressions', 'dataset_produces_1', 'dataset_consumes_1_and_2', 'consume_1_or_both_2_and_3_with_dataset_expressions', 'conditional_dataset_and_time_based_timetable', 'dataset_consumes_1_never_scheduled' retrieved from /home/airflow/.local/lib/python3.12/site-packages/airflow/example_dags/example_datasets.py
[2024-04-27T09:51:06.752+0000] {logging_mixin.py:188} INFO - [2024-04-27T09:51:06.751+0000] {dag.py:3096} INFO - Sync 10 DAGs
[2024-04-27T09:51:06.812+0000] {logging_mixin.py:188} INFO - [2024-04-27T09:51:06.812+0000] {dag.py:3954} INFO - Setting next_dagrun for conditional_dataset_and_time_based_timetable to 2024-04-24 01:00:00+00:00, run_after=2024-04-24 01:00:00+00:00
[2024-04-27T09:51:06.823+0000] {logging_mixin.py:188} INFO - [2024-04-27T09:51:06.823+0000] {dag.py:3954} INFO - Setting next_dagrun for consume_1_and_2_with_dataset_expressions to None, run_after=None
[2024-04-27T09:51:06.828+0000] {logging_mixin.py:188} INFO - [2024-04-27T09:51:06.827+0000] {dag.py:3954} INFO - Setting next_dagrun for consume_1_or_2_with_dataset_expressions to None, run_after=None
[2024-04-27T09:51:06.832+0000] {logging_mixin.py:188} INFO - [2024-04-27T09:51:06.831+0000] {dag.py:3954} INFO - Setting next_dagrun for consume_1_or_both_2_and_3_with_dataset_expressions to None, run_after=None
[2024-04-27T09:51:06.835+0000] {logging_mixin.py:188} INFO - [2024-04-27T09:51:06.835+0000] {dag.py:3954} INFO - Setting next_dagrun for dataset_consumes_1 to None, run_after=None
[2024-04-27T09:51:06.840+0000] {logging_mixin.py:188} INFO - [2024-04-27T09:51:06.840+0000] {dag.py:3954} INFO - Setting next_dagrun for dataset_consumes_1_and_2 to None, run_after=None
[2024-04-27T09:51:06.844+0000] {logging_mixin.py:188} INFO - [2024-04-27T09:51:06.844+0000] {dag.py:3954} INFO - Setting next_dagrun for dataset_consumes_1_never_scheduled to None, run_after=None
[2024-04-27T09:51:06.849+0000] {logging_mixin.py:188} INFO - [2024-04-27T09:51:06.849+0000] {dag.py:3954} INFO - Setting next_dagrun for dataset_consumes_unknown_never_scheduled to None, run_after=None
[2024-04-27T09:51:06.858+0000] {logging_mixin.py:188} INFO - [2024-04-27T09:51:06.858+0000] {dag.py:3954} INFO - Setting next_dagrun for dataset_produces_1 to 2024-04-26 00:00:00+00:00, run_after=2024-04-27 00:00:00+00:00
[2024-04-27T09:51:06.862+0000] {logging_mixin.py:188} INFO - [2024-04-27T09:51:06.861+0000] {dag.py:3954} INFO - Setting next_dagrun for dataset_produces_2 to None, run_after=None
[2024-04-27T09:51:06.984+0000] {processor.py:183} INFO - Processing /home/airflow/.local/lib/python3.12/site-packages/airflow/example_dags/example_datasets.py took 0.378 seconds
[2024-04-27T09:51:37.147+0000] {processor.py:161} INFO - Started process (PID=1202) to work on /home/airflow/.local/lib/python3.12/site-packages/airflow/example_dags/example_datasets.py
[2024-04-27T09:51:37.149+0000] {processor.py:830} INFO - Processing file /home/airflow/.local/lib/python3.12/site-packages/airflow/example_dags/example_datasets.py for tasks to queue
[2024-04-27T09:51:37.153+0000] {logging_mixin.py:188} INFO - [2024-04-27T09:51:37.152+0000] {dagbag.py:540} INFO - Filling up the DagBag from /home/airflow/.local/lib/python3.12/site-packages/airflow/example_dags/example_datasets.py
[2024-04-27T09:51:37.185+0000] {processor.py:840} INFO - DAG(s) 'dataset_consumes_1', 'consume_1_or_both_2_and_3_with_dataset_expressions', 'conditional_dataset_and_time_based_timetable', 'dataset_consumes_1_never_scheduled', 'dataset_produces_2', 'dataset_consumes_unknown_never_scheduled', 'dataset_consumes_1_and_2', 'consume_1_or_2_with_dataset_expressions', 'dataset_produces_1', 'consume_1_and_2_with_dataset_expressions' retrieved from /home/airflow/.local/lib/python3.12/site-packages/airflow/example_dags/example_datasets.py
[2024-04-27T09:51:37.298+0000] {logging_mixin.py:188} INFO - [2024-04-27T09:51:37.298+0000] {dag.py:3096} INFO - Sync 10 DAGs
[2024-04-27T09:51:37.349+0000] {logging_mixin.py:188} INFO - [2024-04-27T09:51:37.348+0000] {dag.py:3954} INFO - Setting next_dagrun for conditional_dataset_and_time_based_timetable to 2024-04-24 01:00:00+00:00, run_after=2024-04-24 01:00:00+00:00
[2024-04-27T09:51:37.357+0000] {logging_mixin.py:188} INFO - [2024-04-27T09:51:37.357+0000] {dag.py:3954} INFO - Setting next_dagrun for consume_1_and_2_with_dataset_expressions to None, run_after=None
[2024-04-27T09:51:37.363+0000] {logging_mixin.py:188} INFO - [2024-04-27T09:51:37.362+0000] {dag.py:3954} INFO - Setting next_dagrun for consume_1_or_2_with_dataset_expressions to None, run_after=None
[2024-04-27T09:51:37.366+0000] {logging_mixin.py:188} INFO - [2024-04-27T09:51:37.365+0000] {dag.py:3954} INFO - Setting next_dagrun for consume_1_or_both_2_and_3_with_dataset_expressions to None, run_after=None
[2024-04-27T09:51:37.369+0000] {logging_mixin.py:188} INFO - [2024-04-27T09:51:37.368+0000] {dag.py:3954} INFO - Setting next_dagrun for dataset_consumes_1 to None, run_after=None
[2024-04-27T09:51:37.372+0000] {logging_mixin.py:188} INFO - [2024-04-27T09:51:37.371+0000] {dag.py:3954} INFO - Setting next_dagrun for dataset_consumes_1_and_2 to None, run_after=None
[2024-04-27T09:51:37.375+0000] {logging_mixin.py:188} INFO - [2024-04-27T09:51:37.374+0000] {dag.py:3954} INFO - Setting next_dagrun for dataset_consumes_1_never_scheduled to None, run_after=None
[2024-04-27T09:51:37.378+0000] {logging_mixin.py:188} INFO - [2024-04-27T09:51:37.378+0000] {dag.py:3954} INFO - Setting next_dagrun for dataset_consumes_unknown_never_scheduled to None, run_after=None
[2024-04-27T09:51:37.383+0000] {logging_mixin.py:188} INFO - [2024-04-27T09:51:37.383+0000] {dag.py:3954} INFO - Setting next_dagrun for dataset_produces_1 to 2024-04-26 00:00:00+00:00, run_after=2024-04-27 00:00:00+00:00
[2024-04-27T09:51:37.387+0000] {logging_mixin.py:188} INFO - [2024-04-27T09:51:37.387+0000] {dag.py:3954} INFO - Setting next_dagrun for dataset_produces_2 to None, run_after=None
[2024-04-27T09:51:37.461+0000] {processor.py:183} INFO - Processing /home/airflow/.local/lib/python3.12/site-packages/airflow/example_dags/example_datasets.py took 0.325 seconds
[2024-04-27T09:52:07.886+0000] {processor.py:161} INFO - Started process (PID=1261) to work on /home/airflow/.local/lib/python3.12/site-packages/airflow/example_dags/example_datasets.py
[2024-04-27T09:52:07.889+0000] {processor.py:830} INFO - Processing file /home/airflow/.local/lib/python3.12/site-packages/airflow/example_dags/example_datasets.py for tasks to queue
[2024-04-27T09:52:07.893+0000] {logging_mixin.py:188} INFO - [2024-04-27T09:52:07.892+0000] {dagbag.py:540} INFO - Filling up the DagBag from /home/airflow/.local/lib/python3.12/site-packages/airflow/example_dags/example_datasets.py
[2024-04-27T09:52:07.932+0000] {processor.py:840} INFO - DAG(s) 'dataset_produces_2', 'consume_1_or_2_with_dataset_expressions', 'consume_1_and_2_with_dataset_expressions', 'dataset_consumes_1', 'consume_1_or_both_2_and_3_with_dataset_expressions', 'dataset_consumes_1_and_2', 'conditional_dataset_and_time_based_timetable', 'dataset_consumes_unknown_never_scheduled', 'dataset_consumes_1_never_scheduled', 'dataset_produces_1' retrieved from /home/airflow/.local/lib/python3.12/site-packages/airflow/example_dags/example_datasets.py
[2024-04-27T09:52:08.054+0000] {logging_mixin.py:188} INFO - [2024-04-27T09:52:08.053+0000] {dag.py:3096} INFO - Sync 10 DAGs
[2024-04-27T09:52:08.120+0000] {logging_mixin.py:188} INFO - [2024-04-27T09:52:08.119+0000] {dag.py:3954} INFO - Setting next_dagrun for conditional_dataset_and_time_based_timetable to 2024-04-24 01:00:00+00:00, run_after=2024-04-24 01:00:00+00:00
[2024-04-27T09:52:08.130+0000] {logging_mixin.py:188} INFO - [2024-04-27T09:52:08.128+0000] {dag.py:3954} INFO - Setting next_dagrun for consume_1_and_2_with_dataset_expressions to None, run_after=None
[2024-04-27T09:52:08.134+0000] {logging_mixin.py:188} INFO - [2024-04-27T09:52:08.134+0000] {dag.py:3954} INFO - Setting next_dagrun for consume_1_or_2_with_dataset_expressions to None, run_after=None
[2024-04-27T09:52:08.139+0000] {logging_mixin.py:188} INFO - [2024-04-27T09:52:08.138+0000] {dag.py:3954} INFO - Setting next_dagrun for consume_1_or_both_2_and_3_with_dataset_expressions to None, run_after=None
[2024-04-27T09:52:08.144+0000] {logging_mixin.py:188} INFO - [2024-04-27T09:52:08.143+0000] {dag.py:3954} INFO - Setting next_dagrun for dataset_consumes_1 to None, run_after=None
[2024-04-27T09:52:08.148+0000] {logging_mixin.py:188} INFO - [2024-04-27T09:52:08.148+0000] {dag.py:3954} INFO - Setting next_dagrun for dataset_consumes_1_and_2 to None, run_after=None
[2024-04-27T09:52:08.152+0000] {logging_mixin.py:188} INFO - [2024-04-27T09:52:08.151+0000] {dag.py:3954} INFO - Setting next_dagrun for dataset_consumes_1_never_scheduled to None, run_after=None
[2024-04-27T09:52:08.156+0000] {logging_mixin.py:188} INFO - [2024-04-27T09:52:08.155+0000] {dag.py:3954} INFO - Setting next_dagrun for dataset_consumes_unknown_never_scheduled to None, run_after=None
[2024-04-27T09:52:08.162+0000] {logging_mixin.py:188} INFO - [2024-04-27T09:52:08.162+0000] {dag.py:3954} INFO - Setting next_dagrun for dataset_produces_1 to 2024-04-26 00:00:00+00:00, run_after=2024-04-27 00:00:00+00:00
[2024-04-27T09:52:08.165+0000] {logging_mixin.py:188} INFO - [2024-04-27T09:52:08.165+0000] {dag.py:3954} INFO - Setting next_dagrun for dataset_produces_2 to None, run_after=None
[2024-04-27T09:52:08.450+0000] {processor.py:183} INFO - Processing /home/airflow/.local/lib/python3.12/site-packages/airflow/example_dags/example_datasets.py took 0.580 seconds
