[2024-04-27T09:40:32.058+0000] {processor.py:161} INFO - Started process (PID=63) to work on /home/airflow/.local/lib/python3.12/site-packages/airflow/example_dags/example_python_operator.py
[2024-04-27T09:40:32.060+0000] {processor.py:830} INFO - Processing file /home/airflow/.local/lib/python3.12/site-packages/airflow/example_dags/example_python_operator.py for tasks to queue
[2024-04-27T09:40:32.064+0000] {logging_mixin.py:188} INFO - [2024-04-27T09:40:32.063+0000] {dagbag.py:540} INFO - Filling up the DagBag from /home/airflow/.local/lib/python3.12/site-packages/airflow/example_dags/example_python_operator.py
[2024-04-27T09:40:32.098+0000] {processor.py:840} INFO - DAG(s) 'example_python_operator' retrieved from /home/airflow/.local/lib/python3.12/site-packages/airflow/example_dags/example_python_operator.py
[2024-04-27T09:40:32.357+0000] {logging_mixin.py:188} INFO - [2024-04-27T09:40:32.357+0000] {dag.py:3096} INFO - Sync 1 DAGs
[2024-04-27T09:40:32.387+0000] {logging_mixin.py:188} INFO - [2024-04-27T09:40:32.385+0000] {dag.py:3954} INFO - Setting next_dagrun for example_python_operator to None, run_after=None
[2024-04-27T09:40:32.453+0000] {processor.py:183} INFO - Processing /home/airflow/.local/lib/python3.12/site-packages/airflow/example_dags/example_python_operator.py took 0.408 seconds
[2024-04-27T09:41:24.713+0000] {processor.py:161} INFO - Started process (PID=57) to work on /home/airflow/.local/lib/python3.12/site-packages/airflow/example_dags/example_python_operator.py
[2024-04-27T09:41:24.714+0000] {processor.py:830} INFO - Processing file /home/airflow/.local/lib/python3.12/site-packages/airflow/example_dags/example_python_operator.py for tasks to queue
[2024-04-27T09:41:24.716+0000] {logging_mixin.py:188} INFO - [2024-04-27T09:41:24.716+0000] {dagbag.py:540} INFO - Filling up the DagBag from /home/airflow/.local/lib/python3.12/site-packages/airflow/example_dags/example_python_operator.py
[2024-04-27T09:41:24.731+0000] {processor.py:840} INFO - DAG(s) 'example_python_operator' retrieved from /home/airflow/.local/lib/python3.12/site-packages/airflow/example_dags/example_python_operator.py
[2024-04-27T09:41:24.890+0000] {logging_mixin.py:188} INFO - [2024-04-27T09:41:24.890+0000] {dag.py:3096} INFO - Sync 1 DAGs
[2024-04-27T09:41:24.905+0000] {logging_mixin.py:188} INFO - [2024-04-27T09:41:24.905+0000] {dag.py:3954} INFO - Setting next_dagrun for example_python_operator to None, run_after=None
[2024-04-27T09:41:24.937+0000] {processor.py:183} INFO - Processing /home/airflow/.local/lib/python3.12/site-packages/airflow/example_dags/example_python_operator.py took 0.230 seconds
[2024-04-27T09:41:55.087+0000] {processor.py:161} INFO - Started process (PID=115) to work on /home/airflow/.local/lib/python3.12/site-packages/airflow/example_dags/example_python_operator.py
[2024-04-27T09:41:55.088+0000] {processor.py:830} INFO - Processing file /home/airflow/.local/lib/python3.12/site-packages/airflow/example_dags/example_python_operator.py for tasks to queue
[2024-04-27T09:41:55.091+0000] {logging_mixin.py:188} INFO - [2024-04-27T09:41:55.091+0000] {dagbag.py:540} INFO - Filling up the DagBag from /home/airflow/.local/lib/python3.12/site-packages/airflow/example_dags/example_python_operator.py
[2024-04-27T09:41:55.103+0000] {processor.py:840} INFO - DAG(s) 'example_python_operator' retrieved from /home/airflow/.local/lib/python3.12/site-packages/airflow/example_dags/example_python_operator.py
[2024-04-27T09:41:55.143+0000] {logging_mixin.py:188} INFO - [2024-04-27T09:41:55.143+0000] {dag.py:3096} INFO - Sync 1 DAGs
[2024-04-27T09:41:55.166+0000] {logging_mixin.py:188} INFO - [2024-04-27T09:41:55.166+0000] {dag.py:3954} INFO - Setting next_dagrun for example_python_operator to None, run_after=None
[2024-04-27T09:41:55.198+0000] {processor.py:183} INFO - Processing /home/airflow/.local/lib/python3.12/site-packages/airflow/example_dags/example_python_operator.py took 0.118 seconds
[2024-04-27T09:42:25.288+0000] {processor.py:161} INFO - Started process (PID=172) to work on /home/airflow/.local/lib/python3.12/site-packages/airflow/example_dags/example_python_operator.py
[2024-04-27T09:42:25.290+0000] {processor.py:830} INFO - Processing file /home/airflow/.local/lib/python3.12/site-packages/airflow/example_dags/example_python_operator.py for tasks to queue
[2024-04-27T09:42:25.293+0000] {logging_mixin.py:188} INFO - [2024-04-27T09:42:25.292+0000] {dagbag.py:540} INFO - Filling up the DagBag from /home/airflow/.local/lib/python3.12/site-packages/airflow/example_dags/example_python_operator.py
[2024-04-27T09:42:25.313+0000] {processor.py:840} INFO - DAG(s) 'example_python_operator' retrieved from /home/airflow/.local/lib/python3.12/site-packages/airflow/example_dags/example_python_operator.py
[2024-04-27T09:42:25.348+0000] {logging_mixin.py:188} INFO - [2024-04-27T09:42:25.348+0000] {dag.py:3096} INFO - Sync 1 DAGs
[2024-04-27T09:42:25.365+0000] {logging_mixin.py:188} INFO - [2024-04-27T09:42:25.364+0000] {dag.py:3954} INFO - Setting next_dagrun for example_python_operator to None, run_after=None
[2024-04-27T09:42:25.393+0000] {processor.py:183} INFO - Processing /home/airflow/.local/lib/python3.12/site-packages/airflow/example_dags/example_python_operator.py took 0.112 seconds
[2024-04-27T09:42:55.516+0000] {processor.py:161} INFO - Started process (PID=230) to work on /home/airflow/.local/lib/python3.12/site-packages/airflow/example_dags/example_python_operator.py
[2024-04-27T09:42:55.518+0000] {processor.py:830} INFO - Processing file /home/airflow/.local/lib/python3.12/site-packages/airflow/example_dags/example_python_operator.py for tasks to queue
[2024-04-27T09:42:55.520+0000] {logging_mixin.py:188} INFO - [2024-04-27T09:42:55.520+0000] {dagbag.py:540} INFO - Filling up the DagBag from /home/airflow/.local/lib/python3.12/site-packages/airflow/example_dags/example_python_operator.py
[2024-04-27T09:42:55.533+0000] {processor.py:840} INFO - DAG(s) 'example_python_operator' retrieved from /home/airflow/.local/lib/python3.12/site-packages/airflow/example_dags/example_python_operator.py
[2024-04-27T09:42:55.561+0000] {logging_mixin.py:188} INFO - [2024-04-27T09:42:55.560+0000] {dag.py:3096} INFO - Sync 1 DAGs
[2024-04-27T09:42:55.580+0000] {logging_mixin.py:188} INFO - [2024-04-27T09:42:55.580+0000] {dag.py:3954} INFO - Setting next_dagrun for example_python_operator to None, run_after=None
[2024-04-27T09:42:55.615+0000] {processor.py:183} INFO - Processing /home/airflow/.local/lib/python3.12/site-packages/airflow/example_dags/example_python_operator.py took 0.105 seconds
[2024-04-27T09:43:26.637+0000] {processor.py:161} INFO - Started process (PID=288) to work on /home/airflow/.local/lib/python3.12/site-packages/airflow/example_dags/example_python_operator.py
[2024-04-27T09:43:26.639+0000] {processor.py:830} INFO - Processing file /home/airflow/.local/lib/python3.12/site-packages/airflow/example_dags/example_python_operator.py for tasks to queue
[2024-04-27T09:43:26.641+0000] {logging_mixin.py:188} INFO - [2024-04-27T09:43:26.641+0000] {dagbag.py:540} INFO - Filling up the DagBag from /home/airflow/.local/lib/python3.12/site-packages/airflow/example_dags/example_python_operator.py
[2024-04-27T09:43:26.656+0000] {processor.py:840} INFO - DAG(s) 'example_python_operator' retrieved from /home/airflow/.local/lib/python3.12/site-packages/airflow/example_dags/example_python_operator.py
[2024-04-27T09:43:26.686+0000] {logging_mixin.py:188} INFO - [2024-04-27T09:43:26.686+0000] {dag.py:3096} INFO - Sync 1 DAGs
[2024-04-27T09:43:26.707+0000] {logging_mixin.py:188} INFO - [2024-04-27T09:43:26.706+0000] {dag.py:3954} INFO - Setting next_dagrun for example_python_operator to None, run_after=None
[2024-04-27T09:43:26.739+0000] {processor.py:183} INFO - Processing /home/airflow/.local/lib/python3.12/site-packages/airflow/example_dags/example_python_operator.py took 0.110 seconds
[2024-04-27T09:43:57.427+0000] {processor.py:161} INFO - Started process (PID=346) to work on /home/airflow/.local/lib/python3.12/site-packages/airflow/example_dags/example_python_operator.py
[2024-04-27T09:43:57.428+0000] {processor.py:830} INFO - Processing file /home/airflow/.local/lib/python3.12/site-packages/airflow/example_dags/example_python_operator.py for tasks to queue
[2024-04-27T09:43:57.431+0000] {logging_mixin.py:188} INFO - [2024-04-27T09:43:57.430+0000] {dagbag.py:540} INFO - Filling up the DagBag from /home/airflow/.local/lib/python3.12/site-packages/airflow/example_dags/example_python_operator.py
[2024-04-27T09:43:57.443+0000] {processor.py:840} INFO - DAG(s) 'example_python_operator' retrieved from /home/airflow/.local/lib/python3.12/site-packages/airflow/example_dags/example_python_operator.py
[2024-04-27T09:43:57.475+0000] {logging_mixin.py:188} INFO - [2024-04-27T09:43:57.474+0000] {dag.py:3096} INFO - Sync 1 DAGs
[2024-04-27T09:43:57.495+0000] {logging_mixin.py:188} INFO - [2024-04-27T09:43:57.495+0000] {dag.py:3954} INFO - Setting next_dagrun for example_python_operator to None, run_after=None
[2024-04-27T09:43:57.534+0000] {processor.py:183} INFO - Processing /home/airflow/.local/lib/python3.12/site-packages/airflow/example_dags/example_python_operator.py took 0.113 seconds
[2024-04-27T09:44:28.144+0000] {processor.py:161} INFO - Started process (PID=404) to work on /home/airflow/.local/lib/python3.12/site-packages/airflow/example_dags/example_python_operator.py
[2024-04-27T09:44:28.145+0000] {processor.py:830} INFO - Processing file /home/airflow/.local/lib/python3.12/site-packages/airflow/example_dags/example_python_operator.py for tasks to queue
[2024-04-27T09:44:28.148+0000] {logging_mixin.py:188} INFO - [2024-04-27T09:44:28.147+0000] {dagbag.py:540} INFO - Filling up the DagBag from /home/airflow/.local/lib/python3.12/site-packages/airflow/example_dags/example_python_operator.py
[2024-04-27T09:44:28.164+0000] {processor.py:840} INFO - DAG(s) 'example_python_operator' retrieved from /home/airflow/.local/lib/python3.12/site-packages/airflow/example_dags/example_python_operator.py
[2024-04-27T09:44:28.200+0000] {logging_mixin.py:188} INFO - [2024-04-27T09:44:28.200+0000] {dag.py:3096} INFO - Sync 1 DAGs
[2024-04-27T09:44:28.220+0000] {logging_mixin.py:188} INFO - [2024-04-27T09:44:28.219+0000] {dag.py:3954} INFO - Setting next_dagrun for example_python_operator to None, run_after=None
[2024-04-27T09:44:28.261+0000] {processor.py:183} INFO - Processing /home/airflow/.local/lib/python3.12/site-packages/airflow/example_dags/example_python_operator.py took 0.124 seconds
[2024-04-27T09:44:58.980+0000] {processor.py:161} INFO - Started process (PID=462) to work on /home/airflow/.local/lib/python3.12/site-packages/airflow/example_dags/example_python_operator.py
[2024-04-27T09:44:58.981+0000] {processor.py:830} INFO - Processing file /home/airflow/.local/lib/python3.12/site-packages/airflow/example_dags/example_python_operator.py for tasks to queue
[2024-04-27T09:44:58.983+0000] {logging_mixin.py:188} INFO - [2024-04-27T09:44:58.983+0000] {dagbag.py:540} INFO - Filling up the DagBag from /home/airflow/.local/lib/python3.12/site-packages/airflow/example_dags/example_python_operator.py
[2024-04-27T09:44:58.996+0000] {processor.py:840} INFO - DAG(s) 'example_python_operator' retrieved from /home/airflow/.local/lib/python3.12/site-packages/airflow/example_dags/example_python_operator.py
[2024-04-27T09:44:59.022+0000] {logging_mixin.py:188} INFO - [2024-04-27T09:44:59.022+0000] {dag.py:3096} INFO - Sync 1 DAGs
[2024-04-27T09:44:59.039+0000] {logging_mixin.py:188} INFO - [2024-04-27T09:44:59.038+0000] {dag.py:3954} INFO - Setting next_dagrun for example_python_operator to None, run_after=None
[2024-04-27T09:44:59.066+0000] {processor.py:183} INFO - Processing /home/airflow/.local/lib/python3.12/site-packages/airflow/example_dags/example_python_operator.py took 0.093 seconds
[2024-04-27T09:45:29.548+0000] {processor.py:161} INFO - Started process (PID=520) to work on /home/airflow/.local/lib/python3.12/site-packages/airflow/example_dags/example_python_operator.py
[2024-04-27T09:45:29.549+0000] {processor.py:830} INFO - Processing file /home/airflow/.local/lib/python3.12/site-packages/airflow/example_dags/example_python_operator.py for tasks to queue
[2024-04-27T09:45:29.552+0000] {logging_mixin.py:188} INFO - [2024-04-27T09:45:29.551+0000] {dagbag.py:540} INFO - Filling up the DagBag from /home/airflow/.local/lib/python3.12/site-packages/airflow/example_dags/example_python_operator.py
[2024-04-27T09:45:29.564+0000] {processor.py:840} INFO - DAG(s) 'example_python_operator' retrieved from /home/airflow/.local/lib/python3.12/site-packages/airflow/example_dags/example_python_operator.py
[2024-04-27T09:45:29.590+0000] {logging_mixin.py:188} INFO - [2024-04-27T09:45:29.590+0000] {dag.py:3096} INFO - Sync 1 DAGs
[2024-04-27T09:45:29.606+0000] {logging_mixin.py:188} INFO - [2024-04-27T09:45:29.606+0000] {dag.py:3954} INFO - Setting next_dagrun for example_python_operator to None, run_after=None
[2024-04-27T09:45:29.633+0000] {processor.py:183} INFO - Processing /home/airflow/.local/lib/python3.12/site-packages/airflow/example_dags/example_python_operator.py took 0.092 seconds
[2024-04-27T09:45:59.904+0000] {processor.py:161} INFO - Started process (PID=578) to work on /home/airflow/.local/lib/python3.12/site-packages/airflow/example_dags/example_python_operator.py
[2024-04-27T09:45:59.906+0000] {processor.py:830} INFO - Processing file /home/airflow/.local/lib/python3.12/site-packages/airflow/example_dags/example_python_operator.py for tasks to queue
[2024-04-27T09:45:59.908+0000] {logging_mixin.py:188} INFO - [2024-04-27T09:45:59.908+0000] {dagbag.py:540} INFO - Filling up the DagBag from /home/airflow/.local/lib/python3.12/site-packages/airflow/example_dags/example_python_operator.py
[2024-04-27T09:45:59.923+0000] {processor.py:840} INFO - DAG(s) 'example_python_operator' retrieved from /home/airflow/.local/lib/python3.12/site-packages/airflow/example_dags/example_python_operator.py
[2024-04-27T09:45:59.958+0000] {logging_mixin.py:188} INFO - [2024-04-27T09:45:59.958+0000] {dag.py:3096} INFO - Sync 1 DAGs
[2024-04-27T09:45:59.976+0000] {logging_mixin.py:188} INFO - [2024-04-27T09:45:59.976+0000] {dag.py:3954} INFO - Setting next_dagrun for example_python_operator to None, run_after=None
[2024-04-27T09:46:00.011+0000] {processor.py:183} INFO - Processing /home/airflow/.local/lib/python3.12/site-packages/airflow/example_dags/example_python_operator.py took 0.115 seconds
[2024-04-27T09:46:30.215+0000] {processor.py:161} INFO - Started process (PID=636) to work on /home/airflow/.local/lib/python3.12/site-packages/airflow/example_dags/example_python_operator.py
[2024-04-27T09:46:30.216+0000] {processor.py:830} INFO - Processing file /home/airflow/.local/lib/python3.12/site-packages/airflow/example_dags/example_python_operator.py for tasks to queue
[2024-04-27T09:46:30.220+0000] {logging_mixin.py:188} INFO - [2024-04-27T09:46:30.219+0000] {dagbag.py:540} INFO - Filling up the DagBag from /home/airflow/.local/lib/python3.12/site-packages/airflow/example_dags/example_python_operator.py
[2024-04-27T09:46:30.237+0000] {processor.py:840} INFO - DAG(s) 'example_python_operator' retrieved from /home/airflow/.local/lib/python3.12/site-packages/airflow/example_dags/example_python_operator.py
[2024-04-27T09:46:30.270+0000] {logging_mixin.py:188} INFO - [2024-04-27T09:46:30.270+0000] {dag.py:3096} INFO - Sync 1 DAGs
[2024-04-27T09:46:30.296+0000] {logging_mixin.py:188} INFO - [2024-04-27T09:46:30.296+0000] {dag.py:3954} INFO - Setting next_dagrun for example_python_operator to None, run_after=None
[2024-04-27T09:46:30.326+0000] {processor.py:183} INFO - Processing /home/airflow/.local/lib/python3.12/site-packages/airflow/example_dags/example_python_operator.py took 0.122 seconds
[2024-04-27T09:47:00.667+0000] {processor.py:161} INFO - Started process (PID=694) to work on /home/airflow/.local/lib/python3.12/site-packages/airflow/example_dags/example_python_operator.py
[2024-04-27T09:47:00.668+0000] {processor.py:830} INFO - Processing file /home/airflow/.local/lib/python3.12/site-packages/airflow/example_dags/example_python_operator.py for tasks to queue
[2024-04-27T09:47:00.670+0000] {logging_mixin.py:188} INFO - [2024-04-27T09:47:00.670+0000] {dagbag.py:540} INFO - Filling up the DagBag from /home/airflow/.local/lib/python3.12/site-packages/airflow/example_dags/example_python_operator.py
[2024-04-27T09:47:00.684+0000] {processor.py:840} INFO - DAG(s) 'example_python_operator' retrieved from /home/airflow/.local/lib/python3.12/site-packages/airflow/example_dags/example_python_operator.py
[2024-04-27T09:47:00.716+0000] {logging_mixin.py:188} INFO - [2024-04-27T09:47:00.716+0000] {dag.py:3096} INFO - Sync 1 DAGs
[2024-04-27T09:47:00.738+0000] {logging_mixin.py:188} INFO - [2024-04-27T09:47:00.737+0000] {dag.py:3954} INFO - Setting next_dagrun for example_python_operator to None, run_after=None
[2024-04-27T09:47:00.768+0000] {processor.py:183} INFO - Processing /home/airflow/.local/lib/python3.12/site-packages/airflow/example_dags/example_python_operator.py took 0.110 seconds
[2024-04-27T09:47:31.957+0000] {processor.py:161} INFO - Started process (PID=752) to work on /home/airflow/.local/lib/python3.12/site-packages/airflow/example_dags/example_python_operator.py
[2024-04-27T09:47:31.958+0000] {processor.py:830} INFO - Processing file /home/airflow/.local/lib/python3.12/site-packages/airflow/example_dags/example_python_operator.py for tasks to queue
[2024-04-27T09:47:31.960+0000] {logging_mixin.py:188} INFO - [2024-04-27T09:47:31.960+0000] {dagbag.py:540} INFO - Filling up the DagBag from /home/airflow/.local/lib/python3.12/site-packages/airflow/example_dags/example_python_operator.py
[2024-04-27T09:47:31.971+0000] {processor.py:840} INFO - DAG(s) 'example_python_operator' retrieved from /home/airflow/.local/lib/python3.12/site-packages/airflow/example_dags/example_python_operator.py
[2024-04-27T09:47:31.998+0000] {logging_mixin.py:188} INFO - [2024-04-27T09:47:31.998+0000] {dag.py:3096} INFO - Sync 1 DAGs
[2024-04-27T09:47:32.014+0000] {logging_mixin.py:188} INFO - [2024-04-27T09:47:32.013+0000] {dag.py:3954} INFO - Setting next_dagrun for example_python_operator to None, run_after=None
[2024-04-27T09:47:32.041+0000] {processor.py:183} INFO - Processing /home/airflow/.local/lib/python3.12/site-packages/airflow/example_dags/example_python_operator.py took 0.090 seconds
[2024-04-27T09:48:03.500+0000] {processor.py:161} INFO - Started process (PID=810) to work on /home/airflow/.local/lib/python3.12/site-packages/airflow/example_dags/example_python_operator.py
[2024-04-27T09:48:03.501+0000] {processor.py:830} INFO - Processing file /home/airflow/.local/lib/python3.12/site-packages/airflow/example_dags/example_python_operator.py for tasks to queue
[2024-04-27T09:48:03.503+0000] {logging_mixin.py:188} INFO - [2024-04-27T09:48:03.502+0000] {dagbag.py:540} INFO - Filling up the DagBag from /home/airflow/.local/lib/python3.12/site-packages/airflow/example_dags/example_python_operator.py
[2024-04-27T09:48:03.514+0000] {processor.py:840} INFO - DAG(s) 'example_python_operator' retrieved from /home/airflow/.local/lib/python3.12/site-packages/airflow/example_dags/example_python_operator.py
[2024-04-27T09:48:03.540+0000] {logging_mixin.py:188} INFO - [2024-04-27T09:48:03.540+0000] {dag.py:3096} INFO - Sync 1 DAGs
[2024-04-27T09:48:03.703+0000] {logging_mixin.py:188} INFO - [2024-04-27T09:48:03.703+0000] {dag.py:3954} INFO - Setting next_dagrun for example_python_operator to None, run_after=None
[2024-04-27T09:48:03.728+0000] {processor.py:183} INFO - Processing /home/airflow/.local/lib/python3.12/site-packages/airflow/example_dags/example_python_operator.py took 0.234 seconds
[2024-04-27T09:48:36.224+0000] {processor.py:161} INFO - Started process (PID=868) to work on /home/airflow/.local/lib/python3.12/site-packages/airflow/example_dags/example_python_operator.py
[2024-04-27T09:48:36.228+0000] {processor.py:830} INFO - Processing file /home/airflow/.local/lib/python3.12/site-packages/airflow/example_dags/example_python_operator.py for tasks to queue
[2024-04-27T09:48:36.234+0000] {logging_mixin.py:188} INFO - [2024-04-27T09:48:36.233+0000] {dagbag.py:540} INFO - Filling up the DagBag from /home/airflow/.local/lib/python3.12/site-packages/airflow/example_dags/example_python_operator.py
[2024-04-27T09:48:36.278+0000] {processor.py:840} INFO - DAG(s) 'example_python_operator' retrieved from /home/airflow/.local/lib/python3.12/site-packages/airflow/example_dags/example_python_operator.py
[2024-04-27T09:48:36.354+0000] {logging_mixin.py:188} INFO - [2024-04-27T09:48:36.353+0000] {dag.py:3096} INFO - Sync 1 DAGs
[2024-04-27T09:48:36.407+0000] {logging_mixin.py:188} INFO - [2024-04-27T09:48:36.406+0000] {dag.py:3954} INFO - Setting next_dagrun for example_python_operator to None, run_after=None
[2024-04-27T09:48:36.493+0000] {processor.py:183} INFO - Processing /home/airflow/.local/lib/python3.12/site-packages/airflow/example_dags/example_python_operator.py took 0.284 seconds
[2024-04-27T09:49:07.005+0000] {processor.py:161} INFO - Started process (PID=926) to work on /home/airflow/.local/lib/python3.12/site-packages/airflow/example_dags/example_python_operator.py
[2024-04-27T09:49:07.010+0000] {processor.py:830} INFO - Processing file /home/airflow/.local/lib/python3.12/site-packages/airflow/example_dags/example_python_operator.py for tasks to queue
[2024-04-27T09:49:07.017+0000] {logging_mixin.py:188} INFO - [2024-04-27T09:49:07.016+0000] {dagbag.py:540} INFO - Filling up the DagBag from /home/airflow/.local/lib/python3.12/site-packages/airflow/example_dags/example_python_operator.py
[2024-04-27T09:49:07.047+0000] {processor.py:840} INFO - DAG(s) 'example_python_operator' retrieved from /home/airflow/.local/lib/python3.12/site-packages/airflow/example_dags/example_python_operator.py
[2024-04-27T09:49:07.109+0000] {logging_mixin.py:188} INFO - [2024-04-27T09:49:07.108+0000] {dag.py:3096} INFO - Sync 1 DAGs
[2024-04-27T09:49:07.152+0000] {logging_mixin.py:188} INFO - [2024-04-27T09:49:07.151+0000] {dag.py:3954} INFO - Setting next_dagrun for example_python_operator to None, run_after=None
[2024-04-27T09:49:07.240+0000] {processor.py:183} INFO - Processing /home/airflow/.local/lib/python3.12/site-packages/airflow/example_dags/example_python_operator.py took 0.256 seconds
[2024-04-27T09:49:37.857+0000] {processor.py:161} INFO - Started process (PID=985) to work on /home/airflow/.local/lib/python3.12/site-packages/airflow/example_dags/example_python_operator.py
[2024-04-27T09:49:37.858+0000] {processor.py:830} INFO - Processing file /home/airflow/.local/lib/python3.12/site-packages/airflow/example_dags/example_python_operator.py for tasks to queue
[2024-04-27T09:49:37.861+0000] {logging_mixin.py:188} INFO - [2024-04-27T09:49:37.861+0000] {dagbag.py:540} INFO - Filling up the DagBag from /home/airflow/.local/lib/python3.12/site-packages/airflow/example_dags/example_python_operator.py
[2024-04-27T09:49:37.880+0000] {processor.py:840} INFO - DAG(s) 'example_python_operator' retrieved from /home/airflow/.local/lib/python3.12/site-packages/airflow/example_dags/example_python_operator.py
[2024-04-27T09:49:37.915+0000] {logging_mixin.py:188} INFO - [2024-04-27T09:49:37.914+0000] {dag.py:3096} INFO - Sync 1 DAGs
[2024-04-27T09:49:37.936+0000] {logging_mixin.py:188} INFO - [2024-04-27T09:49:37.935+0000] {dag.py:3954} INFO - Setting next_dagrun for example_python_operator to None, run_after=None
[2024-04-27T09:49:37.971+0000] {processor.py:183} INFO - Processing /home/airflow/.local/lib/python3.12/site-packages/airflow/example_dags/example_python_operator.py took 0.124 seconds
[2024-04-27T09:50:08.367+0000] {processor.py:161} INFO - Started process (PID=1043) to work on /home/airflow/.local/lib/python3.12/site-packages/airflow/example_dags/example_python_operator.py
[2024-04-27T09:50:08.369+0000] {processor.py:830} INFO - Processing file /home/airflow/.local/lib/python3.12/site-packages/airflow/example_dags/example_python_operator.py for tasks to queue
[2024-04-27T09:50:08.372+0000] {logging_mixin.py:188} INFO - [2024-04-27T09:50:08.371+0000] {dagbag.py:540} INFO - Filling up the DagBag from /home/airflow/.local/lib/python3.12/site-packages/airflow/example_dags/example_python_operator.py
[2024-04-27T09:50:08.404+0000] {processor.py:840} INFO - DAG(s) 'example_python_operator' retrieved from /home/airflow/.local/lib/python3.12/site-packages/airflow/example_dags/example_python_operator.py
[2024-04-27T09:50:08.652+0000] {logging_mixin.py:188} INFO - [2024-04-27T09:50:08.651+0000] {dag.py:3096} INFO - Sync 1 DAGs
[2024-04-27T09:50:08.674+0000] {logging_mixin.py:188} INFO - [2024-04-27T09:50:08.673+0000] {dag.py:3954} INFO - Setting next_dagrun for example_python_operator to None, run_after=None
[2024-04-27T09:50:08.719+0000] {processor.py:183} INFO - Processing /home/airflow/.local/lib/python3.12/site-packages/airflow/example_dags/example_python_operator.py took 0.360 seconds
[2024-04-27T09:50:38.941+0000] {processor.py:161} INFO - Started process (PID=1101) to work on /home/airflow/.local/lib/python3.12/site-packages/airflow/example_dags/example_python_operator.py
[2024-04-27T09:50:38.943+0000] {processor.py:830} INFO - Processing file /home/airflow/.local/lib/python3.12/site-packages/airflow/example_dags/example_python_operator.py for tasks to queue
[2024-04-27T09:50:38.947+0000] {logging_mixin.py:188} INFO - [2024-04-27T09:50:38.946+0000] {dagbag.py:540} INFO - Filling up the DagBag from /home/airflow/.local/lib/python3.12/site-packages/airflow/example_dags/example_python_operator.py
[2024-04-27T09:50:38.982+0000] {processor.py:840} INFO - DAG(s) 'example_python_operator' retrieved from /home/airflow/.local/lib/python3.12/site-packages/airflow/example_dags/example_python_operator.py
[2024-04-27T09:50:39.027+0000] {logging_mixin.py:188} INFO - [2024-04-27T09:50:39.026+0000] {dag.py:3096} INFO - Sync 1 DAGs
[2024-04-27T09:50:39.058+0000] {logging_mixin.py:188} INFO - [2024-04-27T09:50:39.057+0000] {dag.py:3954} INFO - Setting next_dagrun for example_python_operator to None, run_after=None
[2024-04-27T09:50:39.102+0000] {processor.py:183} INFO - Processing /home/airflow/.local/lib/python3.12/site-packages/airflow/example_dags/example_python_operator.py took 0.177 seconds
[2024-04-27T09:51:09.735+0000] {processor.py:161} INFO - Started process (PID=1159) to work on /home/airflow/.local/lib/python3.12/site-packages/airflow/example_dags/example_python_operator.py
[2024-04-27T09:51:09.737+0000] {processor.py:830} INFO - Processing file /home/airflow/.local/lib/python3.12/site-packages/airflow/example_dags/example_python_operator.py for tasks to queue
[2024-04-27T09:51:09.739+0000] {logging_mixin.py:188} INFO - [2024-04-27T09:51:09.739+0000] {dagbag.py:540} INFO - Filling up the DagBag from /home/airflow/.local/lib/python3.12/site-packages/airflow/example_dags/example_python_operator.py
[2024-04-27T09:51:09.756+0000] {processor.py:840} INFO - DAG(s) 'example_python_operator' retrieved from /home/airflow/.local/lib/python3.12/site-packages/airflow/example_dags/example_python_operator.py
[2024-04-27T09:51:09.802+0000] {logging_mixin.py:188} INFO - [2024-04-27T09:51:09.801+0000] {dag.py:3096} INFO - Sync 1 DAGs
[2024-04-27T09:51:09.834+0000] {logging_mixin.py:188} INFO - [2024-04-27T09:51:09.833+0000] {dag.py:3954} INFO - Setting next_dagrun for example_python_operator to None, run_after=None
[2024-04-27T09:51:09.872+0000] {processor.py:183} INFO - Processing /home/airflow/.local/lib/python3.12/site-packages/airflow/example_dags/example_python_operator.py took 0.146 seconds
[2024-04-27T09:51:40.112+0000] {processor.py:161} INFO - Started process (PID=1217) to work on /home/airflow/.local/lib/python3.12/site-packages/airflow/example_dags/example_python_operator.py
[2024-04-27T09:51:40.113+0000] {processor.py:830} INFO - Processing file /home/airflow/.local/lib/python3.12/site-packages/airflow/example_dags/example_python_operator.py for tasks to queue
[2024-04-27T09:51:40.117+0000] {logging_mixin.py:188} INFO - [2024-04-27T09:51:40.116+0000] {dagbag.py:540} INFO - Filling up the DagBag from /home/airflow/.local/lib/python3.12/site-packages/airflow/example_dags/example_python_operator.py
[2024-04-27T09:51:40.136+0000] {processor.py:840} INFO - DAG(s) 'example_python_operator' retrieved from /home/airflow/.local/lib/python3.12/site-packages/airflow/example_dags/example_python_operator.py
[2024-04-27T09:51:40.176+0000] {logging_mixin.py:188} INFO - [2024-04-27T09:51:40.176+0000] {dag.py:3096} INFO - Sync 1 DAGs
[2024-04-27T09:51:40.204+0000] {logging_mixin.py:188} INFO - [2024-04-27T09:51:40.203+0000] {dag.py:3954} INFO - Setting next_dagrun for example_python_operator to None, run_after=None
[2024-04-27T09:51:40.245+0000] {processor.py:183} INFO - Processing /home/airflow/.local/lib/python3.12/site-packages/airflow/example_dags/example_python_operator.py took 0.145 seconds
