[2024-04-27T09:40:31.490+0000] {processor.py:161} INFO - Started process (PID=61) to work on /home/airflow/.local/lib/python3.12/site-packages/airflow/example_dags/example_bash_decorator.py
[2024-04-27T09:40:31.491+0000] {processor.py:830} INFO - Processing file /home/airflow/.local/lib/python3.12/site-packages/airflow/example_dags/example_bash_decorator.py for tasks to queue
[2024-04-27T09:40:31.494+0000] {logging_mixin.py:188} INFO - [2024-04-27T09:40:31.494+0000] {dagbag.py:540} INFO - Filling up the DagBag from /home/airflow/.local/lib/python3.12/site-packages/airflow/example_dags/example_bash_decorator.py
[2024-04-27T09:40:31.525+0000] {processor.py:840} INFO - DAG(s) 'example_bash_decorator' retrieved from /home/airflow/.local/lib/python3.12/site-packages/airflow/example_dags/example_bash_decorator.py
[2024-04-27T09:40:31.906+0000] {logging_mixin.py:188} INFO - [2024-04-27T09:40:31.904+0000] {dag.py:3096} INFO - Sync 1 DAGs
[2024-04-27T09:40:31.935+0000] {logging_mixin.py:188} INFO - [2024-04-27T09:40:31.935+0000] {dag.py:3954} INFO - Setting next_dagrun for example_bash_decorator to None, run_after=None
[2024-04-27T09:40:31.996+0000] {processor.py:183} INFO - Processing /home/airflow/.local/lib/python3.12/site-packages/airflow/example_dags/example_bash_decorator.py took 0.514 seconds
[2024-04-27T09:41:24.561+0000] {processor.py:161} INFO - Started process (PID=55) to work on /home/airflow/.local/lib/python3.12/site-packages/airflow/example_dags/example_bash_decorator.py
[2024-04-27T09:41:24.562+0000] {processor.py:830} INFO - Processing file /home/airflow/.local/lib/python3.12/site-packages/airflow/example_dags/example_bash_decorator.py for tasks to queue
[2024-04-27T09:41:24.564+0000] {logging_mixin.py:188} INFO - [2024-04-27T09:41:24.564+0000] {dagbag.py:540} INFO - Filling up the DagBag from /home/airflow/.local/lib/python3.12/site-packages/airflow/example_dags/example_bash_decorator.py
[2024-04-27T09:41:24.583+0000] {processor.py:840} INFO - DAG(s) 'example_bash_decorator' retrieved from /home/airflow/.local/lib/python3.12/site-packages/airflow/example_dags/example_bash_decorator.py
[2024-04-27T09:41:24.758+0000] {logging_mixin.py:188} INFO - [2024-04-27T09:41:24.758+0000] {dag.py:3096} INFO - Sync 1 DAGs
[2024-04-27T09:41:24.775+0000] {logging_mixin.py:188} INFO - [2024-04-27T09:41:24.775+0000] {dag.py:3954} INFO - Setting next_dagrun for example_bash_decorator to None, run_after=None
[2024-04-27T09:41:24.813+0000] {processor.py:183} INFO - Processing /home/airflow/.local/lib/python3.12/site-packages/airflow/example_dags/example_bash_decorator.py took 0.258 seconds
[2024-04-27T09:41:54.933+0000] {processor.py:161} INFO - Started process (PID=114) to work on /home/airflow/.local/lib/python3.12/site-packages/airflow/example_dags/example_bash_decorator.py
[2024-04-27T09:41:54.935+0000] {processor.py:830} INFO - Processing file /home/airflow/.local/lib/python3.12/site-packages/airflow/example_dags/example_bash_decorator.py for tasks to queue
[2024-04-27T09:41:54.937+0000] {logging_mixin.py:188} INFO - [2024-04-27T09:41:54.937+0000] {dagbag.py:540} INFO - Filling up the DagBag from /home/airflow/.local/lib/python3.12/site-packages/airflow/example_dags/example_bash_decorator.py
[2024-04-27T09:41:54.953+0000] {processor.py:840} INFO - DAG(s) 'example_bash_decorator' retrieved from /home/airflow/.local/lib/python3.12/site-packages/airflow/example_dags/example_bash_decorator.py
[2024-04-27T09:41:54.985+0000] {logging_mixin.py:188} INFO - [2024-04-27T09:41:54.984+0000] {dag.py:3096} INFO - Sync 1 DAGs
[2024-04-27T09:41:55.006+0000] {logging_mixin.py:188} INFO - [2024-04-27T09:41:55.006+0000] {dag.py:3954} INFO - Setting next_dagrun for example_bash_decorator to None, run_after=None
[2024-04-27T09:41:55.035+0000] {processor.py:183} INFO - Processing /home/airflow/.local/lib/python3.12/site-packages/airflow/example_dags/example_bash_decorator.py took 0.110 seconds
[2024-04-27T09:42:25.144+0000] {processor.py:161} INFO - Started process (PID=171) to work on /home/airflow/.local/lib/python3.12/site-packages/airflow/example_dags/example_bash_decorator.py
[2024-04-27T09:42:25.146+0000] {processor.py:830} INFO - Processing file /home/airflow/.local/lib/python3.12/site-packages/airflow/example_dags/example_bash_decorator.py for tasks to queue
[2024-04-27T09:42:25.148+0000] {logging_mixin.py:188} INFO - [2024-04-27T09:42:25.148+0000] {dagbag.py:540} INFO - Filling up the DagBag from /home/airflow/.local/lib/python3.12/site-packages/airflow/example_dags/example_bash_decorator.py
[2024-04-27T09:42:25.162+0000] {processor.py:840} INFO - DAG(s) 'example_bash_decorator' retrieved from /home/airflow/.local/lib/python3.12/site-packages/airflow/example_dags/example_bash_decorator.py
[2024-04-27T09:42:25.191+0000] {logging_mixin.py:188} INFO - [2024-04-27T09:42:25.191+0000] {dag.py:3096} INFO - Sync 1 DAGs
[2024-04-27T09:42:25.208+0000] {logging_mixin.py:188} INFO - [2024-04-27T09:42:25.208+0000] {dag.py:3954} INFO - Setting next_dagrun for example_bash_decorator to None, run_after=None
[2024-04-27T09:42:25.238+0000] {processor.py:183} INFO - Processing /home/airflow/.local/lib/python3.12/site-packages/airflow/example_dags/example_bash_decorator.py took 0.100 seconds
[2024-04-27T09:42:55.466+0000] {processor.py:161} INFO - Started process (PID=229) to work on /home/airflow/.local/lib/python3.12/site-packages/airflow/example_dags/example_bash_decorator.py
[2024-04-27T09:42:55.467+0000] {processor.py:830} INFO - Processing file /home/airflow/.local/lib/python3.12/site-packages/airflow/example_dags/example_bash_decorator.py for tasks to queue
[2024-04-27T09:42:55.469+0000] {logging_mixin.py:188} INFO - [2024-04-27T09:42:55.469+0000] {dagbag.py:540} INFO - Filling up the DagBag from /home/airflow/.local/lib/python3.12/site-packages/airflow/example_dags/example_bash_decorator.py
[2024-04-27T09:42:55.484+0000] {processor.py:840} INFO - DAG(s) 'example_bash_decorator' retrieved from /home/airflow/.local/lib/python3.12/site-packages/airflow/example_dags/example_bash_decorator.py
[2024-04-27T09:42:55.514+0000] {logging_mixin.py:188} INFO - [2024-04-27T09:42:55.514+0000] {dag.py:3096} INFO - Sync 1 DAGs
[2024-04-27T09:42:55.530+0000] {logging_mixin.py:188} INFO - [2024-04-27T09:42:55.529+0000] {dag.py:3954} INFO - Setting next_dagrun for example_bash_decorator to None, run_after=None
[2024-04-27T09:42:55.570+0000] {processor.py:183} INFO - Processing /home/airflow/.local/lib/python3.12/site-packages/airflow/example_dags/example_bash_decorator.py took 0.110 seconds
[2024-04-27T09:43:26.476+0000] {processor.py:161} INFO - Started process (PID=286) to work on /home/airflow/.local/lib/python3.12/site-packages/airflow/example_dags/example_bash_decorator.py
[2024-04-27T09:43:26.477+0000] {processor.py:830} INFO - Processing file /home/airflow/.local/lib/python3.12/site-packages/airflow/example_dags/example_bash_decorator.py for tasks to queue
[2024-04-27T09:43:26.481+0000] {logging_mixin.py:188} INFO - [2024-04-27T09:43:26.480+0000] {dagbag.py:540} INFO - Filling up the DagBag from /home/airflow/.local/lib/python3.12/site-packages/airflow/example_dags/example_bash_decorator.py
[2024-04-27T09:43:26.498+0000] {processor.py:840} INFO - DAG(s) 'example_bash_decorator' retrieved from /home/airflow/.local/lib/python3.12/site-packages/airflow/example_dags/example_bash_decorator.py
[2024-04-27T09:43:26.533+0000] {logging_mixin.py:188} INFO - [2024-04-27T09:43:26.532+0000] {dag.py:3096} INFO - Sync 1 DAGs
[2024-04-27T09:43:26.552+0000] {logging_mixin.py:188} INFO - [2024-04-27T09:43:26.552+0000] {dag.py:3954} INFO - Setting next_dagrun for example_bash_decorator to None, run_after=None
[2024-04-27T09:43:26.582+0000] {processor.py:183} INFO - Processing /home/airflow/.local/lib/python3.12/site-packages/airflow/example_dags/example_bash_decorator.py took 0.113 seconds
[2024-04-27T09:43:57.261+0000] {processor.py:161} INFO - Started process (PID=344) to work on /home/airflow/.local/lib/python3.12/site-packages/airflow/example_dags/example_bash_decorator.py
[2024-04-27T09:43:57.262+0000] {processor.py:830} INFO - Processing file /home/airflow/.local/lib/python3.12/site-packages/airflow/example_dags/example_bash_decorator.py for tasks to queue
[2024-04-27T09:43:57.264+0000] {logging_mixin.py:188} INFO - [2024-04-27T09:43:57.264+0000] {dagbag.py:540} INFO - Filling up the DagBag from /home/airflow/.local/lib/python3.12/site-packages/airflow/example_dags/example_bash_decorator.py
[2024-04-27T09:43:57.294+0000] {processor.py:840} INFO - DAG(s) 'example_bash_decorator' retrieved from /home/airflow/.local/lib/python3.12/site-packages/airflow/example_dags/example_bash_decorator.py
[2024-04-27T09:43:57.340+0000] {logging_mixin.py:188} INFO - [2024-04-27T09:43:57.340+0000] {dag.py:3096} INFO - Sync 1 DAGs
[2024-04-27T09:43:57.363+0000] {logging_mixin.py:188} INFO - [2024-04-27T09:43:57.363+0000] {dag.py:3954} INFO - Setting next_dagrun for example_bash_decorator to None, run_after=None
[2024-04-27T09:43:57.403+0000] {processor.py:183} INFO - Processing /home/airflow/.local/lib/python3.12/site-packages/airflow/example_dags/example_bash_decorator.py took 0.149 seconds
[2024-04-27T09:44:27.967+0000] {processor.py:161} INFO - Started process (PID=402) to work on /home/airflow/.local/lib/python3.12/site-packages/airflow/example_dags/example_bash_decorator.py
[2024-04-27T09:44:27.969+0000] {processor.py:830} INFO - Processing file /home/airflow/.local/lib/python3.12/site-packages/airflow/example_dags/example_bash_decorator.py for tasks to queue
[2024-04-27T09:44:27.971+0000] {logging_mixin.py:188} INFO - [2024-04-27T09:44:27.971+0000] {dagbag.py:540} INFO - Filling up the DagBag from /home/airflow/.local/lib/python3.12/site-packages/airflow/example_dags/example_bash_decorator.py
[2024-04-27T09:44:27.996+0000] {processor.py:840} INFO - DAG(s) 'example_bash_decorator' retrieved from /home/airflow/.local/lib/python3.12/site-packages/airflow/example_dags/example_bash_decorator.py
[2024-04-27T09:44:28.031+0000] {logging_mixin.py:188} INFO - [2024-04-27T09:44:28.030+0000] {dag.py:3096} INFO - Sync 1 DAGs
[2024-04-27T09:44:28.053+0000] {logging_mixin.py:188} INFO - [2024-04-27T09:44:28.052+0000] {dag.py:3954} INFO - Setting next_dagrun for example_bash_decorator to None, run_after=None
[2024-04-27T09:44:28.094+0000] {processor.py:183} INFO - Processing /home/airflow/.local/lib/python3.12/site-packages/airflow/example_dags/example_bash_decorator.py took 0.137 seconds
[2024-04-27T09:44:58.847+0000] {processor.py:161} INFO - Started process (PID=460) to work on /home/airflow/.local/lib/python3.12/site-packages/airflow/example_dags/example_bash_decorator.py
[2024-04-27T09:44:58.848+0000] {processor.py:830} INFO - Processing file /home/airflow/.local/lib/python3.12/site-packages/airflow/example_dags/example_bash_decorator.py for tasks to queue
[2024-04-27T09:44:58.850+0000] {logging_mixin.py:188} INFO - [2024-04-27T09:44:58.850+0000] {dagbag.py:540} INFO - Filling up the DagBag from /home/airflow/.local/lib/python3.12/site-packages/airflow/example_dags/example_bash_decorator.py
[2024-04-27T09:44:58.865+0000] {processor.py:840} INFO - DAG(s) 'example_bash_decorator' retrieved from /home/airflow/.local/lib/python3.12/site-packages/airflow/example_dags/example_bash_decorator.py
[2024-04-27T09:44:58.894+0000] {logging_mixin.py:188} INFO - [2024-04-27T09:44:58.894+0000] {dag.py:3096} INFO - Sync 1 DAGs
[2024-04-27T09:44:58.911+0000] {logging_mixin.py:188} INFO - [2024-04-27T09:44:58.910+0000] {dag.py:3954} INFO - Setting next_dagrun for example_bash_decorator to None, run_after=None
[2024-04-27T09:44:58.939+0000] {processor.py:183} INFO - Processing /home/airflow/.local/lib/python3.12/site-packages/airflow/example_dags/example_bash_decorator.py took 0.097 seconds
[2024-04-27T09:45:29.409+0000] {processor.py:161} INFO - Started process (PID=518) to work on /home/airflow/.local/lib/python3.12/site-packages/airflow/example_dags/example_bash_decorator.py
[2024-04-27T09:45:29.410+0000] {processor.py:830} INFO - Processing file /home/airflow/.local/lib/python3.12/site-packages/airflow/example_dags/example_bash_decorator.py for tasks to queue
[2024-04-27T09:45:29.412+0000] {logging_mixin.py:188} INFO - [2024-04-27T09:45:29.411+0000] {dagbag.py:540} INFO - Filling up the DagBag from /home/airflow/.local/lib/python3.12/site-packages/airflow/example_dags/example_bash_decorator.py
[2024-04-27T09:45:29.427+0000] {processor.py:840} INFO - DAG(s) 'example_bash_decorator' retrieved from /home/airflow/.local/lib/python3.12/site-packages/airflow/example_dags/example_bash_decorator.py
[2024-04-27T09:45:29.454+0000] {logging_mixin.py:188} INFO - [2024-04-27T09:45:29.454+0000] {dag.py:3096} INFO - Sync 1 DAGs
[2024-04-27T09:45:29.471+0000] {logging_mixin.py:188} INFO - [2024-04-27T09:45:29.470+0000] {dag.py:3954} INFO - Setting next_dagrun for example_bash_decorator to None, run_after=None
[2024-04-27T09:45:29.499+0000] {processor.py:183} INFO - Processing /home/airflow/.local/lib/python3.12/site-packages/airflow/example_dags/example_bash_decorator.py took 0.096 seconds
[2024-04-27T09:45:59.622+0000] {processor.py:161} INFO - Started process (PID=576) to work on /home/airflow/.local/lib/python3.12/site-packages/airflow/example_dags/example_bash_decorator.py
[2024-04-27T09:45:59.623+0000] {processor.py:830} INFO - Processing file /home/airflow/.local/lib/python3.12/site-packages/airflow/example_dags/example_bash_decorator.py for tasks to queue
[2024-04-27T09:45:59.625+0000] {logging_mixin.py:188} INFO - [2024-04-27T09:45:59.625+0000] {dagbag.py:540} INFO - Filling up the DagBag from /home/airflow/.local/lib/python3.12/site-packages/airflow/example_dags/example_bash_decorator.py
[2024-04-27T09:45:59.641+0000] {processor.py:840} INFO - DAG(s) 'example_bash_decorator' retrieved from /home/airflow/.local/lib/python3.12/site-packages/airflow/example_dags/example_bash_decorator.py
[2024-04-27T09:45:59.699+0000] {logging_mixin.py:188} INFO - [2024-04-27T09:45:59.697+0000] {dag.py:3096} INFO - Sync 1 DAGs
[2024-04-27T09:45:59.767+0000] {logging_mixin.py:188} INFO - [2024-04-27T09:45:59.767+0000] {dag.py:3954} INFO - Setting next_dagrun for example_bash_decorator to None, run_after=None
[2024-04-27T09:45:59.831+0000] {processor.py:183} INFO - Processing /home/airflow/.local/lib/python3.12/site-packages/airflow/example_dags/example_bash_decorator.py took 0.216 seconds
[2024-04-27T09:46:29.923+0000] {processor.py:161} INFO - Started process (PID=634) to work on /home/airflow/.local/lib/python3.12/site-packages/airflow/example_dags/example_bash_decorator.py
[2024-04-27T09:46:29.924+0000] {processor.py:830} INFO - Processing file /home/airflow/.local/lib/python3.12/site-packages/airflow/example_dags/example_bash_decorator.py for tasks to queue
[2024-04-27T09:46:29.926+0000] {logging_mixin.py:188} INFO - [2024-04-27T09:46:29.926+0000] {dagbag.py:540} INFO - Filling up the DagBag from /home/airflow/.local/lib/python3.12/site-packages/airflow/example_dags/example_bash_decorator.py
[2024-04-27T09:46:29.941+0000] {processor.py:840} INFO - DAG(s) 'example_bash_decorator' retrieved from /home/airflow/.local/lib/python3.12/site-packages/airflow/example_dags/example_bash_decorator.py
[2024-04-27T09:46:29.970+0000] {logging_mixin.py:188} INFO - [2024-04-27T09:46:29.970+0000] {dag.py:3096} INFO - Sync 1 DAGs
[2024-04-27T09:46:29.985+0000] {logging_mixin.py:188} INFO - [2024-04-27T09:46:29.985+0000] {dag.py:3954} INFO - Setting next_dagrun for example_bash_decorator to None, run_after=None
[2024-04-27T09:46:30.014+0000] {processor.py:183} INFO - Processing /home/airflow/.local/lib/python3.12/site-packages/airflow/example_dags/example_bash_decorator.py took 0.097 seconds
[2024-04-27T09:47:00.497+0000] {processor.py:161} INFO - Started process (PID=692) to work on /home/airflow/.local/lib/python3.12/site-packages/airflow/example_dags/example_bash_decorator.py
[2024-04-27T09:47:00.498+0000] {processor.py:830} INFO - Processing file /home/airflow/.local/lib/python3.12/site-packages/airflow/example_dags/example_bash_decorator.py for tasks to queue
[2024-04-27T09:47:00.501+0000] {logging_mixin.py:188} INFO - [2024-04-27T09:47:00.500+0000] {dagbag.py:540} INFO - Filling up the DagBag from /home/airflow/.local/lib/python3.12/site-packages/airflow/example_dags/example_bash_decorator.py
[2024-04-27T09:47:00.518+0000] {processor.py:840} INFO - DAG(s) 'example_bash_decorator' retrieved from /home/airflow/.local/lib/python3.12/site-packages/airflow/example_dags/example_bash_decorator.py
[2024-04-27T09:47:00.556+0000] {logging_mixin.py:188} INFO - [2024-04-27T09:47:00.555+0000] {dag.py:3096} INFO - Sync 1 DAGs
[2024-04-27T09:47:00.579+0000] {logging_mixin.py:188} INFO - [2024-04-27T09:47:00.578+0000] {dag.py:3954} INFO - Setting next_dagrun for example_bash_decorator to None, run_after=None
[2024-04-27T09:47:00.611+0000] {processor.py:183} INFO - Processing /home/airflow/.local/lib/python3.12/site-packages/airflow/example_dags/example_bash_decorator.py took 0.121 seconds
[2024-04-27T09:47:31.706+0000] {processor.py:161} INFO - Started process (PID=750) to work on /home/airflow/.local/lib/python3.12/site-packages/airflow/example_dags/example_bash_decorator.py
[2024-04-27T09:47:31.708+0000] {processor.py:830} INFO - Processing file /home/airflow/.local/lib/python3.12/site-packages/airflow/example_dags/example_bash_decorator.py for tasks to queue
[2024-04-27T09:47:31.710+0000] {logging_mixin.py:188} INFO - [2024-04-27T09:47:31.709+0000] {dagbag.py:540} INFO - Filling up the DagBag from /home/airflow/.local/lib/python3.12/site-packages/airflow/example_dags/example_bash_decorator.py
[2024-04-27T09:47:31.725+0000] {processor.py:840} INFO - DAG(s) 'example_bash_decorator' retrieved from /home/airflow/.local/lib/python3.12/site-packages/airflow/example_dags/example_bash_decorator.py
[2024-04-27T09:47:31.753+0000] {logging_mixin.py:188} INFO - [2024-04-27T09:47:31.753+0000] {dag.py:3096} INFO - Sync 1 DAGs
[2024-04-27T09:47:31.769+0000] {logging_mixin.py:188} INFO - [2024-04-27T09:47:31.769+0000] {dag.py:3954} INFO - Setting next_dagrun for example_bash_decorator to None, run_after=None
[2024-04-27T09:47:31.795+0000] {processor.py:183} INFO - Processing /home/airflow/.local/lib/python3.12/site-packages/airflow/example_dags/example_bash_decorator.py took 0.095 seconds
[2024-04-27T09:48:03.217+0000] {processor.py:161} INFO - Started process (PID=808) to work on /home/airflow/.local/lib/python3.12/site-packages/airflow/example_dags/example_bash_decorator.py
[2024-04-27T09:48:03.218+0000] {processor.py:830} INFO - Processing file /home/airflow/.local/lib/python3.12/site-packages/airflow/example_dags/example_bash_decorator.py for tasks to queue
[2024-04-27T09:48:03.220+0000] {logging_mixin.py:188} INFO - [2024-04-27T09:48:03.220+0000] {dagbag.py:540} INFO - Filling up the DagBag from /home/airflow/.local/lib/python3.12/site-packages/airflow/example_dags/example_bash_decorator.py
[2024-04-27T09:48:03.238+0000] {processor.py:840} INFO - DAG(s) 'example_bash_decorator' retrieved from /home/airflow/.local/lib/python3.12/site-packages/airflow/example_dags/example_bash_decorator.py
[2024-04-27T09:48:03.265+0000] {logging_mixin.py:188} INFO - [2024-04-27T09:48:03.264+0000] {dag.py:3096} INFO - Sync 1 DAGs
[2024-04-27T09:48:03.283+0000] {logging_mixin.py:188} INFO - [2024-04-27T09:48:03.283+0000] {dag.py:3954} INFO - Setting next_dagrun for example_bash_decorator to None, run_after=None
[2024-04-27T09:48:03.461+0000] {processor.py:183} INFO - Processing /home/airflow/.local/lib/python3.12/site-packages/airflow/example_dags/example_bash_decorator.py took 0.250 seconds
[2024-04-27T09:48:35.838+0000] {processor.py:161} INFO - Started process (PID=866) to work on /home/airflow/.local/lib/python3.12/site-packages/airflow/example_dags/example_bash_decorator.py
[2024-04-27T09:48:35.841+0000] {processor.py:830} INFO - Processing file /home/airflow/.local/lib/python3.12/site-packages/airflow/example_dags/example_bash_decorator.py for tasks to queue
[2024-04-27T09:48:35.845+0000] {logging_mixin.py:188} INFO - [2024-04-27T09:48:35.844+0000] {dagbag.py:540} INFO - Filling up the DagBag from /home/airflow/.local/lib/python3.12/site-packages/airflow/example_dags/example_bash_decorator.py
[2024-04-27T09:48:35.884+0000] {processor.py:840} INFO - DAG(s) 'example_bash_decorator' retrieved from /home/airflow/.local/lib/python3.12/site-packages/airflow/example_dags/example_bash_decorator.py
[2024-04-27T09:48:35.964+0000] {logging_mixin.py:188} INFO - [2024-04-27T09:48:35.962+0000] {dag.py:3096} INFO - Sync 1 DAGs
[2024-04-27T09:48:36.021+0000] {logging_mixin.py:188} INFO - [2024-04-27T09:48:36.020+0000] {dag.py:3954} INFO - Setting next_dagrun for example_bash_decorator to None, run_after=None
[2024-04-27T09:48:36.116+0000] {processor.py:183} INFO - Processing /home/airflow/.local/lib/python3.12/site-packages/airflow/example_dags/example_bash_decorator.py took 0.293 seconds
[2024-04-27T09:49:06.310+0000] {processor.py:161} INFO - Started process (PID=924) to work on /home/airflow/.local/lib/python3.12/site-packages/airflow/example_dags/example_bash_decorator.py
[2024-04-27T09:49:06.313+0000] {processor.py:830} INFO - Processing file /home/airflow/.local/lib/python3.12/site-packages/airflow/example_dags/example_bash_decorator.py for tasks to queue
[2024-04-27T09:49:06.317+0000] {logging_mixin.py:188} INFO - [2024-04-27T09:49:06.316+0000] {dagbag.py:540} INFO - Filling up the DagBag from /home/airflow/.local/lib/python3.12/site-packages/airflow/example_dags/example_bash_decorator.py
[2024-04-27T09:49:06.351+0000] {processor.py:840} INFO - DAG(s) 'example_bash_decorator' retrieved from /home/airflow/.local/lib/python3.12/site-packages/airflow/example_dags/example_bash_decorator.py
[2024-04-27T09:49:06.405+0000] {logging_mixin.py:188} INFO - [2024-04-27T09:49:06.404+0000] {dag.py:3096} INFO - Sync 1 DAGs
[2024-04-27T09:49:06.433+0000] {logging_mixin.py:188} INFO - [2024-04-27T09:49:06.432+0000] {dag.py:3954} INFO - Setting next_dagrun for example_bash_decorator to None, run_after=None
[2024-04-27T09:49:06.502+0000] {processor.py:183} INFO - Processing /home/airflow/.local/lib/python3.12/site-packages/airflow/example_dags/example_bash_decorator.py took 0.205 seconds
[2024-04-27T09:49:37.509+0000] {processor.py:161} INFO - Started process (PID=983) to work on /home/airflow/.local/lib/python3.12/site-packages/airflow/example_dags/example_bash_decorator.py
[2024-04-27T09:49:37.510+0000] {processor.py:830} INFO - Processing file /home/airflow/.local/lib/python3.12/site-packages/airflow/example_dags/example_bash_decorator.py for tasks to queue
[2024-04-27T09:49:37.512+0000] {logging_mixin.py:188} INFO - [2024-04-27T09:49:37.511+0000] {dagbag.py:540} INFO - Filling up the DagBag from /home/airflow/.local/lib/python3.12/site-packages/airflow/example_dags/example_bash_decorator.py
[2024-04-27T09:49:37.535+0000] {processor.py:840} INFO - DAG(s) 'example_bash_decorator' retrieved from /home/airflow/.local/lib/python3.12/site-packages/airflow/example_dags/example_bash_decorator.py
[2024-04-27T09:49:37.575+0000] {logging_mixin.py:188} INFO - [2024-04-27T09:49:37.575+0000] {dag.py:3096} INFO - Sync 1 DAGs
[2024-04-27T09:49:37.597+0000] {logging_mixin.py:188} INFO - [2024-04-27T09:49:37.597+0000] {dag.py:3954} INFO - Setting next_dagrun for example_bash_decorator to None, run_after=None
[2024-04-27T09:49:37.629+0000] {processor.py:183} INFO - Processing /home/airflow/.local/lib/python3.12/site-packages/airflow/example_dags/example_bash_decorator.py took 0.128 seconds
[2024-04-27T09:50:07.949+0000] {processor.py:161} INFO - Started process (PID=1041) to work on /home/airflow/.local/lib/python3.12/site-packages/airflow/example_dags/example_bash_decorator.py
[2024-04-27T09:50:07.951+0000] {processor.py:830} INFO - Processing file /home/airflow/.local/lib/python3.12/site-packages/airflow/example_dags/example_bash_decorator.py for tasks to queue
[2024-04-27T09:50:07.955+0000] {logging_mixin.py:188} INFO - [2024-04-27T09:50:07.954+0000] {dagbag.py:540} INFO - Filling up the DagBag from /home/airflow/.local/lib/python3.12/site-packages/airflow/example_dags/example_bash_decorator.py
[2024-04-27T09:50:07.985+0000] {processor.py:840} INFO - DAG(s) 'example_bash_decorator' retrieved from /home/airflow/.local/lib/python3.12/site-packages/airflow/example_dags/example_bash_decorator.py
[2024-04-27T09:50:08.211+0000] {logging_mixin.py:188} INFO - [2024-04-27T09:50:08.211+0000] {dag.py:3096} INFO - Sync 1 DAGs
[2024-04-27T09:50:08.235+0000] {logging_mixin.py:188} INFO - [2024-04-27T09:50:08.235+0000] {dag.py:3954} INFO - Setting next_dagrun for example_bash_decorator to None, run_after=None
[2024-04-27T09:50:08.290+0000] {processor.py:183} INFO - Processing /home/airflow/.local/lib/python3.12/site-packages/airflow/example_dags/example_bash_decorator.py took 0.352 seconds
[2024-04-27T09:50:38.705+0000] {processor.py:161} INFO - Started process (PID=1099) to work on /home/airflow/.local/lib/python3.12/site-packages/airflow/example_dags/example_bash_decorator.py
[2024-04-27T09:50:38.707+0000] {processor.py:830} INFO - Processing file /home/airflow/.local/lib/python3.12/site-packages/airflow/example_dags/example_bash_decorator.py for tasks to queue
[2024-04-27T09:50:38.710+0000] {logging_mixin.py:188} INFO - [2024-04-27T09:50:38.710+0000] {dagbag.py:540} INFO - Filling up the DagBag from /home/airflow/.local/lib/python3.12/site-packages/airflow/example_dags/example_bash_decorator.py
[2024-04-27T09:50:38.736+0000] {processor.py:840} INFO - DAG(s) 'example_bash_decorator' retrieved from /home/airflow/.local/lib/python3.12/site-packages/airflow/example_dags/example_bash_decorator.py
[2024-04-27T09:50:38.782+0000] {logging_mixin.py:188} INFO - [2024-04-27T09:50:38.782+0000] {dag.py:3096} INFO - Sync 1 DAGs
[2024-04-27T09:50:38.811+0000] {logging_mixin.py:188} INFO - [2024-04-27T09:50:38.810+0000] {dag.py:3954} INFO - Setting next_dagrun for example_bash_decorator to None, run_after=None
[2024-04-27T09:50:38.850+0000] {processor.py:183} INFO - Processing /home/airflow/.local/lib/python3.12/site-packages/airflow/example_dags/example_bash_decorator.py took 0.154 seconds
[2024-04-27T09:51:09.504+0000] {processor.py:161} INFO - Started process (PID=1157) to work on /home/airflow/.local/lib/python3.12/site-packages/airflow/example_dags/example_bash_decorator.py
[2024-04-27T09:51:09.506+0000] {processor.py:830} INFO - Processing file /home/airflow/.local/lib/python3.12/site-packages/airflow/example_dags/example_bash_decorator.py for tasks to queue
[2024-04-27T09:51:09.510+0000] {logging_mixin.py:188} INFO - [2024-04-27T09:51:09.509+0000] {dagbag.py:540} INFO - Filling up the DagBag from /home/airflow/.local/lib/python3.12/site-packages/airflow/example_dags/example_bash_decorator.py
[2024-04-27T09:51:09.541+0000] {processor.py:840} INFO - DAG(s) 'example_bash_decorator' retrieved from /home/airflow/.local/lib/python3.12/site-packages/airflow/example_dags/example_bash_decorator.py
[2024-04-27T09:51:09.600+0000] {logging_mixin.py:188} INFO - [2024-04-27T09:51:09.600+0000] {dag.py:3096} INFO - Sync 1 DAGs
[2024-04-27T09:51:09.629+0000] {logging_mixin.py:188} INFO - [2024-04-27T09:51:09.628+0000] {dag.py:3954} INFO - Setting next_dagrun for example_bash_decorator to None, run_after=None
[2024-04-27T09:51:09.672+0000] {processor.py:183} INFO - Processing /home/airflow/.local/lib/python3.12/site-packages/airflow/example_dags/example_bash_decorator.py took 0.180 seconds
[2024-04-27T09:51:39.798+0000] {processor.py:161} INFO - Started process (PID=1215) to work on /home/airflow/.local/lib/python3.12/site-packages/airflow/example_dags/example_bash_decorator.py
[2024-04-27T09:51:39.800+0000] {processor.py:830} INFO - Processing file /home/airflow/.local/lib/python3.12/site-packages/airflow/example_dags/example_bash_decorator.py for tasks to queue
[2024-04-27T09:51:39.803+0000] {logging_mixin.py:188} INFO - [2024-04-27T09:51:39.802+0000] {dagbag.py:540} INFO - Filling up the DagBag from /home/airflow/.local/lib/python3.12/site-packages/airflow/example_dags/example_bash_decorator.py
[2024-04-27T09:51:39.830+0000] {processor.py:840} INFO - DAG(s) 'example_bash_decorator' retrieved from /home/airflow/.local/lib/python3.12/site-packages/airflow/example_dags/example_bash_decorator.py
[2024-04-27T09:51:39.881+0000] {logging_mixin.py:188} INFO - [2024-04-27T09:51:39.880+0000] {dag.py:3096} INFO - Sync 1 DAGs
[2024-04-27T09:51:39.916+0000] {logging_mixin.py:188} INFO - [2024-04-27T09:51:39.915+0000] {dag.py:3954} INFO - Setting next_dagrun for example_bash_decorator to None, run_after=None
[2024-04-27T09:51:39.990+0000] {processor.py:183} INFO - Processing /home/airflow/.local/lib/python3.12/site-packages/airflow/example_dags/example_bash_decorator.py took 0.203 seconds
