[2024-04-27T09:40:24.228+0000] {processor.py:161} INFO - Started process (PID=45) to work on /home/airflow/.local/lib/python3.12/site-packages/airflow/example_dags/example_latest_only_with_trigger.py
[2024-04-27T09:40:24.230+0000] {processor.py:830} INFO - Processing file /home/airflow/.local/lib/python3.12/site-packages/airflow/example_dags/example_latest_only_with_trigger.py for tasks to queue
[2024-04-27T09:40:24.236+0000] {logging_mixin.py:188} INFO - [2024-04-27T09:40:24.235+0000] {dagbag.py:540} INFO - Filling up the DagBag from /home/airflow/.local/lib/python3.12/site-packages/airflow/example_dags/example_latest_only_with_trigger.py
[2024-04-27T09:40:24.273+0000] {processor.py:840} INFO - DAG(s) 'latest_only_with_trigger' retrieved from /home/airflow/.local/lib/python3.12/site-packages/airflow/example_dags/example_latest_only_with_trigger.py
[2024-04-27T09:40:24.821+0000] {logging_mixin.py:188} INFO - [2024-04-27T09:40:24.820+0000] {dag.py:3096} INFO - Sync 1 DAGs
[2024-04-27T09:40:24.936+0000] {logging_mixin.py:188} INFO - [2024-04-27T09:40:24.935+0000] {dag.py:3954} INFO - Setting next_dagrun for latest_only_with_trigger to 2024-04-27 04:00:00+00:00, run_after=2024-04-27 08:00:00+00:00
[2024-04-27T09:40:25.062+0000] {processor.py:183} INFO - Processing /home/airflow/.local/lib/python3.12/site-packages/airflow/example_dags/example_latest_only_with_trigger.py took 0.867 seconds
[2024-04-27T09:41:22.674+0000] {processor.py:161} INFO - Started process (PID=39) to work on /home/airflow/.local/lib/python3.12/site-packages/airflow/example_dags/example_latest_only_with_trigger.py
[2024-04-27T09:41:22.676+0000] {processor.py:830} INFO - Processing file /home/airflow/.local/lib/python3.12/site-packages/airflow/example_dags/example_latest_only_with_trigger.py for tasks to queue
[2024-04-27T09:41:22.679+0000] {logging_mixin.py:188} INFO - [2024-04-27T09:41:22.678+0000] {dagbag.py:540} INFO - Filling up the DagBag from /home/airflow/.local/lib/python3.12/site-packages/airflow/example_dags/example_latest_only_with_trigger.py
[2024-04-27T09:41:22.690+0000] {processor.py:840} INFO - DAG(s) 'latest_only_with_trigger' retrieved from /home/airflow/.local/lib/python3.12/site-packages/airflow/example_dags/example_latest_only_with_trigger.py
[2024-04-27T09:41:22.723+0000] {logging_mixin.py:188} INFO - [2024-04-27T09:41:22.723+0000] {dag.py:3096} INFO - Sync 1 DAGs
[2024-04-27T09:41:22.751+0000] {logging_mixin.py:188} INFO - [2024-04-27T09:41:22.751+0000] {dag.py:3954} INFO - Setting next_dagrun for latest_only_with_trigger to 2024-04-27 04:00:00+00:00, run_after=2024-04-27 08:00:00+00:00
[2024-04-27T09:41:22.777+0000] {processor.py:183} INFO - Processing /home/airflow/.local/lib/python3.12/site-packages/airflow/example_dags/example_latest_only_with_trigger.py took 0.109 seconds
[2024-04-27T09:41:52.985+0000] {processor.py:161} INFO - Started process (PID=97) to work on /home/airflow/.local/lib/python3.12/site-packages/airflow/example_dags/example_latest_only_with_trigger.py
[2024-04-27T09:41:52.986+0000] {processor.py:830} INFO - Processing file /home/airflow/.local/lib/python3.12/site-packages/airflow/example_dags/example_latest_only_with_trigger.py for tasks to queue
[2024-04-27T09:41:52.989+0000] {logging_mixin.py:188} INFO - [2024-04-27T09:41:52.988+0000] {dagbag.py:540} INFO - Filling up the DagBag from /home/airflow/.local/lib/python3.12/site-packages/airflow/example_dags/example_latest_only_with_trigger.py
[2024-04-27T09:41:52.997+0000] {processor.py:840} INFO - DAG(s) 'latest_only_with_trigger' retrieved from /home/airflow/.local/lib/python3.12/site-packages/airflow/example_dags/example_latest_only_with_trigger.py
[2024-04-27T09:41:53.026+0000] {logging_mixin.py:188} INFO - [2024-04-27T09:41:53.025+0000] {dag.py:3096} INFO - Sync 1 DAGs
[2024-04-27T09:41:53.063+0000] {logging_mixin.py:188} INFO - [2024-04-27T09:41:53.062+0000] {dag.py:3954} INFO - Setting next_dagrun for latest_only_with_trigger to 2024-04-27 04:00:00+00:00, run_after=2024-04-27 08:00:00+00:00
[2024-04-27T09:41:53.099+0000] {processor.py:183} INFO - Processing /home/airflow/.local/lib/python3.12/site-packages/airflow/example_dags/example_latest_only_with_trigger.py took 0.120 seconds
[2024-04-27T09:42:23.355+0000] {processor.py:161} INFO - Started process (PID=154) to work on /home/airflow/.local/lib/python3.12/site-packages/airflow/example_dags/example_latest_only_with_trigger.py
[2024-04-27T09:42:23.357+0000] {processor.py:830} INFO - Processing file /home/airflow/.local/lib/python3.12/site-packages/airflow/example_dags/example_latest_only_with_trigger.py for tasks to queue
[2024-04-27T09:42:23.360+0000] {logging_mixin.py:188} INFO - [2024-04-27T09:42:23.360+0000] {dagbag.py:540} INFO - Filling up the DagBag from /home/airflow/.local/lib/python3.12/site-packages/airflow/example_dags/example_latest_only_with_trigger.py
[2024-04-27T09:42:23.369+0000] {processor.py:840} INFO - DAG(s) 'latest_only_with_trigger' retrieved from /home/airflow/.local/lib/python3.12/site-packages/airflow/example_dags/example_latest_only_with_trigger.py
[2024-04-27T09:42:23.400+0000] {logging_mixin.py:188} INFO - [2024-04-27T09:42:23.400+0000] {dag.py:3096} INFO - Sync 1 DAGs
[2024-04-27T09:42:23.445+0000] {logging_mixin.py:188} INFO - [2024-04-27T09:42:23.444+0000] {dag.py:3954} INFO - Setting next_dagrun for latest_only_with_trigger to 2024-04-27 04:00:00+00:00, run_after=2024-04-27 08:00:00+00:00
[2024-04-27T09:42:23.487+0000] {processor.py:183} INFO - Processing /home/airflow/.local/lib/python3.12/site-packages/airflow/example_dags/example_latest_only_with_trigger.py took 0.142 seconds
[2024-04-27T09:42:54.238+0000] {processor.py:161} INFO - Started process (PID=212) to work on /home/airflow/.local/lib/python3.12/site-packages/airflow/example_dags/example_latest_only_with_trigger.py
[2024-04-27T09:42:54.239+0000] {processor.py:830} INFO - Processing file /home/airflow/.local/lib/python3.12/site-packages/airflow/example_dags/example_latest_only_with_trigger.py for tasks to queue
[2024-04-27T09:42:54.241+0000] {logging_mixin.py:188} INFO - [2024-04-27T09:42:54.241+0000] {dagbag.py:540} INFO - Filling up the DagBag from /home/airflow/.local/lib/python3.12/site-packages/airflow/example_dags/example_latest_only_with_trigger.py
[2024-04-27T09:42:54.247+0000] {processor.py:840} INFO - DAG(s) 'latest_only_with_trigger' retrieved from /home/airflow/.local/lib/python3.12/site-packages/airflow/example_dags/example_latest_only_with_trigger.py
[2024-04-27T09:42:54.277+0000] {logging_mixin.py:188} INFO - [2024-04-27T09:42:54.277+0000] {dag.py:3096} INFO - Sync 1 DAGs
[2024-04-27T09:42:54.308+0000] {logging_mixin.py:188} INFO - [2024-04-27T09:42:54.308+0000] {dag.py:3954} INFO - Setting next_dagrun for latest_only_with_trigger to 2024-04-27 04:00:00+00:00, run_after=2024-04-27 08:00:00+00:00
[2024-04-27T09:42:54.337+0000] {processor.py:183} INFO - Processing /home/airflow/.local/lib/python3.12/site-packages/airflow/example_dags/example_latest_only_with_trigger.py took 0.106 seconds
[2024-04-27T09:43:24.866+0000] {processor.py:161} INFO - Started process (PID=270) to work on /home/airflow/.local/lib/python3.12/site-packages/airflow/example_dags/example_latest_only_with_trigger.py
[2024-04-27T09:43:24.868+0000] {processor.py:830} INFO - Processing file /home/airflow/.local/lib/python3.12/site-packages/airflow/example_dags/example_latest_only_with_trigger.py for tasks to queue
[2024-04-27T09:43:24.870+0000] {logging_mixin.py:188} INFO - [2024-04-27T09:43:24.870+0000] {dagbag.py:540} INFO - Filling up the DagBag from /home/airflow/.local/lib/python3.12/site-packages/airflow/example_dags/example_latest_only_with_trigger.py
[2024-04-27T09:43:24.879+0000] {processor.py:840} INFO - DAG(s) 'latest_only_with_trigger' retrieved from /home/airflow/.local/lib/python3.12/site-packages/airflow/example_dags/example_latest_only_with_trigger.py
[2024-04-27T09:43:24.905+0000] {logging_mixin.py:188} INFO - [2024-04-27T09:43:24.905+0000] {dag.py:3096} INFO - Sync 1 DAGs
[2024-04-27T09:43:24.938+0000] {logging_mixin.py:188} INFO - [2024-04-27T09:43:24.937+0000] {dag.py:3954} INFO - Setting next_dagrun for latest_only_with_trigger to 2024-04-27 04:00:00+00:00, run_after=2024-04-27 08:00:00+00:00
[2024-04-27T09:43:24.974+0000] {processor.py:183} INFO - Processing /home/airflow/.local/lib/python3.12/site-packages/airflow/example_dags/example_latest_only_with_trigger.py took 0.116 seconds
[2024-04-27T09:43:55.646+0000] {processor.py:161} INFO - Started process (PID=328) to work on /home/airflow/.local/lib/python3.12/site-packages/airflow/example_dags/example_latest_only_with_trigger.py
[2024-04-27T09:43:55.647+0000] {processor.py:830} INFO - Processing file /home/airflow/.local/lib/python3.12/site-packages/airflow/example_dags/example_latest_only_with_trigger.py for tasks to queue
[2024-04-27T09:43:55.649+0000] {logging_mixin.py:188} INFO - [2024-04-27T09:43:55.649+0000] {dagbag.py:540} INFO - Filling up the DagBag from /home/airflow/.local/lib/python3.12/site-packages/airflow/example_dags/example_latest_only_with_trigger.py
[2024-04-27T09:43:55.656+0000] {processor.py:840} INFO - DAG(s) 'latest_only_with_trigger' retrieved from /home/airflow/.local/lib/python3.12/site-packages/airflow/example_dags/example_latest_only_with_trigger.py
[2024-04-27T09:43:55.679+0000] {logging_mixin.py:188} INFO - [2024-04-27T09:43:55.679+0000] {dag.py:3096} INFO - Sync 1 DAGs
[2024-04-27T09:43:55.708+0000] {logging_mixin.py:188} INFO - [2024-04-27T09:43:55.708+0000] {dag.py:3954} INFO - Setting next_dagrun for latest_only_with_trigger to 2024-04-27 04:00:00+00:00, run_after=2024-04-27 08:00:00+00:00
[2024-04-27T09:43:55.743+0000] {processor.py:183} INFO - Processing /home/airflow/.local/lib/python3.12/site-packages/airflow/example_dags/example_latest_only_with_trigger.py took 0.103 seconds
[2024-04-27T09:44:26.351+0000] {processor.py:161} INFO - Started process (PID=386) to work on /home/airflow/.local/lib/python3.12/site-packages/airflow/example_dags/example_latest_only_with_trigger.py
[2024-04-27T09:44:26.352+0000] {processor.py:830} INFO - Processing file /home/airflow/.local/lib/python3.12/site-packages/airflow/example_dags/example_latest_only_with_trigger.py for tasks to queue
[2024-04-27T09:44:26.354+0000] {logging_mixin.py:188} INFO - [2024-04-27T09:44:26.354+0000] {dagbag.py:540} INFO - Filling up the DagBag from /home/airflow/.local/lib/python3.12/site-packages/airflow/example_dags/example_latest_only_with_trigger.py
[2024-04-27T09:44:26.361+0000] {processor.py:840} INFO - DAG(s) 'latest_only_with_trigger' retrieved from /home/airflow/.local/lib/python3.12/site-packages/airflow/example_dags/example_latest_only_with_trigger.py
[2024-04-27T09:44:26.386+0000] {logging_mixin.py:188} INFO - [2024-04-27T09:44:26.385+0000] {dag.py:3096} INFO - Sync 1 DAGs
[2024-04-27T09:44:26.418+0000] {logging_mixin.py:188} INFO - [2024-04-27T09:44:26.418+0000] {dag.py:3954} INFO - Setting next_dagrun for latest_only_with_trigger to 2024-04-27 04:00:00+00:00, run_after=2024-04-27 08:00:00+00:00
[2024-04-27T09:44:26.446+0000] {processor.py:183} INFO - Processing /home/airflow/.local/lib/python3.12/site-packages/airflow/example_dags/example_latest_only_with_trigger.py took 0.102 seconds
[2024-04-27T09:44:56.549+0000] {processor.py:161} INFO - Started process (PID=444) to work on /home/airflow/.local/lib/python3.12/site-packages/airflow/example_dags/example_latest_only_with_trigger.py
[2024-04-27T09:44:56.551+0000] {processor.py:830} INFO - Processing file /home/airflow/.local/lib/python3.12/site-packages/airflow/example_dags/example_latest_only_with_trigger.py for tasks to queue
[2024-04-27T09:44:56.553+0000] {logging_mixin.py:188} INFO - [2024-04-27T09:44:56.553+0000] {dagbag.py:540} INFO - Filling up the DagBag from /home/airflow/.local/lib/python3.12/site-packages/airflow/example_dags/example_latest_only_with_trigger.py
[2024-04-27T09:44:56.559+0000] {processor.py:840} INFO - DAG(s) 'latest_only_with_trigger' retrieved from /home/airflow/.local/lib/python3.12/site-packages/airflow/example_dags/example_latest_only_with_trigger.py
[2024-04-27T09:44:56.583+0000] {logging_mixin.py:188} INFO - [2024-04-27T09:44:56.583+0000] {dag.py:3096} INFO - Sync 1 DAGs
[2024-04-27T09:44:56.610+0000] {logging_mixin.py:188} INFO - [2024-04-27T09:44:56.610+0000] {dag.py:3954} INFO - Setting next_dagrun for latest_only_with_trigger to 2024-04-27 04:00:00+00:00, run_after=2024-04-27 08:00:00+00:00
[2024-04-27T09:44:56.637+0000] {processor.py:183} INFO - Processing /home/airflow/.local/lib/python3.12/site-packages/airflow/example_dags/example_latest_only_with_trigger.py took 0.093 seconds
[2024-04-27T09:45:27.080+0000] {processor.py:161} INFO - Started process (PID=502) to work on /home/airflow/.local/lib/python3.12/site-packages/airflow/example_dags/example_latest_only_with_trigger.py
[2024-04-27T09:45:27.081+0000] {processor.py:830} INFO - Processing file /home/airflow/.local/lib/python3.12/site-packages/airflow/example_dags/example_latest_only_with_trigger.py for tasks to queue
[2024-04-27T09:45:27.083+0000] {logging_mixin.py:188} INFO - [2024-04-27T09:45:27.083+0000] {dagbag.py:540} INFO - Filling up the DagBag from /home/airflow/.local/lib/python3.12/site-packages/airflow/example_dags/example_latest_only_with_trigger.py
[2024-04-27T09:45:27.089+0000] {processor.py:840} INFO - DAG(s) 'latest_only_with_trigger' retrieved from /home/airflow/.local/lib/python3.12/site-packages/airflow/example_dags/example_latest_only_with_trigger.py
[2024-04-27T09:45:27.113+0000] {logging_mixin.py:188} INFO - [2024-04-27T09:45:27.112+0000] {dag.py:3096} INFO - Sync 1 DAGs
[2024-04-27T09:45:27.140+0000] {logging_mixin.py:188} INFO - [2024-04-27T09:45:27.140+0000] {dag.py:3954} INFO - Setting next_dagrun for latest_only_with_trigger to 2024-04-27 04:00:00+00:00, run_after=2024-04-27 08:00:00+00:00
[2024-04-27T09:45:27.164+0000] {processor.py:183} INFO - Processing /home/airflow/.local/lib/python3.12/site-packages/airflow/example_dags/example_latest_only_with_trigger.py took 0.091 seconds
[2024-04-27T09:45:57.553+0000] {processor.py:161} INFO - Started process (PID=560) to work on /home/airflow/.local/lib/python3.12/site-packages/airflow/example_dags/example_latest_only_with_trigger.py
[2024-04-27T09:45:57.555+0000] {processor.py:830} INFO - Processing file /home/airflow/.local/lib/python3.12/site-packages/airflow/example_dags/example_latest_only_with_trigger.py for tasks to queue
[2024-04-27T09:45:57.558+0000] {logging_mixin.py:188} INFO - [2024-04-27T09:45:57.557+0000] {dagbag.py:540} INFO - Filling up the DagBag from /home/airflow/.local/lib/python3.12/site-packages/airflow/example_dags/example_latest_only_with_trigger.py
[2024-04-27T09:45:57.566+0000] {processor.py:840} INFO - DAG(s) 'latest_only_with_trigger' retrieved from /home/airflow/.local/lib/python3.12/site-packages/airflow/example_dags/example_latest_only_with_trigger.py
[2024-04-27T09:45:57.599+0000] {logging_mixin.py:188} INFO - [2024-04-27T09:45:57.598+0000] {dag.py:3096} INFO - Sync 1 DAGs
[2024-04-27T09:45:57.640+0000] {logging_mixin.py:188} INFO - [2024-04-27T09:45:57.639+0000] {dag.py:3954} INFO - Setting next_dagrun for latest_only_with_trigger to 2024-04-27 04:00:00+00:00, run_after=2024-04-27 08:00:00+00:00
[2024-04-27T09:45:57.678+0000] {processor.py:183} INFO - Processing /home/airflow/.local/lib/python3.12/site-packages/airflow/example_dags/example_latest_only_with_trigger.py took 0.134 seconds
[2024-04-27T09:46:28.332+0000] {processor.py:161} INFO - Started process (PID=618) to work on /home/airflow/.local/lib/python3.12/site-packages/airflow/example_dags/example_latest_only_with_trigger.py
[2024-04-27T09:46:28.334+0000] {processor.py:830} INFO - Processing file /home/airflow/.local/lib/python3.12/site-packages/airflow/example_dags/example_latest_only_with_trigger.py for tasks to queue
[2024-04-27T09:46:28.336+0000] {logging_mixin.py:188} INFO - [2024-04-27T09:46:28.335+0000] {dagbag.py:540} INFO - Filling up the DagBag from /home/airflow/.local/lib/python3.12/site-packages/airflow/example_dags/example_latest_only_with_trigger.py
[2024-04-27T09:46:28.343+0000] {processor.py:840} INFO - DAG(s) 'latest_only_with_trigger' retrieved from /home/airflow/.local/lib/python3.12/site-packages/airflow/example_dags/example_latest_only_with_trigger.py
[2024-04-27T09:46:28.368+0000] {logging_mixin.py:188} INFO - [2024-04-27T09:46:28.367+0000] {dag.py:3096} INFO - Sync 1 DAGs
[2024-04-27T09:46:28.404+0000] {logging_mixin.py:188} INFO - [2024-04-27T09:46:28.403+0000] {dag.py:3954} INFO - Setting next_dagrun for latest_only_with_trigger to 2024-04-27 04:00:00+00:00, run_after=2024-04-27 08:00:00+00:00
[2024-04-27T09:46:28.434+0000] {processor.py:183} INFO - Processing /home/airflow/.local/lib/python3.12/site-packages/airflow/example_dags/example_latest_only_with_trigger.py took 0.109 seconds
[2024-04-27T09:46:59.064+0000] {processor.py:161} INFO - Started process (PID=676) to work on /home/airflow/.local/lib/python3.12/site-packages/airflow/example_dags/example_latest_only_with_trigger.py
[2024-04-27T09:46:59.066+0000] {processor.py:830} INFO - Processing file /home/airflow/.local/lib/python3.12/site-packages/airflow/example_dags/example_latest_only_with_trigger.py for tasks to queue
[2024-04-27T09:46:59.068+0000] {logging_mixin.py:188} INFO - [2024-04-27T09:46:59.067+0000] {dagbag.py:540} INFO - Filling up the DagBag from /home/airflow/.local/lib/python3.12/site-packages/airflow/example_dags/example_latest_only_with_trigger.py
[2024-04-27T09:46:59.073+0000] {processor.py:840} INFO - DAG(s) 'latest_only_with_trigger' retrieved from /home/airflow/.local/lib/python3.12/site-packages/airflow/example_dags/example_latest_only_with_trigger.py
[2024-04-27T09:46:59.099+0000] {logging_mixin.py:188} INFO - [2024-04-27T09:46:59.099+0000] {dag.py:3096} INFO - Sync 1 DAGs
[2024-04-27T09:46:59.131+0000] {logging_mixin.py:188} INFO - [2024-04-27T09:46:59.131+0000] {dag.py:3954} INFO - Setting next_dagrun for latest_only_with_trigger to 2024-04-27 04:00:00+00:00, run_after=2024-04-27 08:00:00+00:00
[2024-04-27T09:46:59.317+0000] {processor.py:183} INFO - Processing /home/airflow/.local/lib/python3.12/site-packages/airflow/example_dags/example_latest_only_with_trigger.py took 0.260 seconds
[2024-04-27T09:47:29.881+0000] {processor.py:161} INFO - Started process (PID=734) to work on /home/airflow/.local/lib/python3.12/site-packages/airflow/example_dags/example_latest_only_with_trigger.py
[2024-04-27T09:47:29.882+0000] {processor.py:830} INFO - Processing file /home/airflow/.local/lib/python3.12/site-packages/airflow/example_dags/example_latest_only_with_trigger.py for tasks to queue
[2024-04-27T09:47:29.884+0000] {logging_mixin.py:188} INFO - [2024-04-27T09:47:29.884+0000] {dagbag.py:540} INFO - Filling up the DagBag from /home/airflow/.local/lib/python3.12/site-packages/airflow/example_dags/example_latest_only_with_trigger.py
[2024-04-27T09:47:29.891+0000] {processor.py:840} INFO - DAG(s) 'latest_only_with_trigger' retrieved from /home/airflow/.local/lib/python3.12/site-packages/airflow/example_dags/example_latest_only_with_trigger.py
[2024-04-27T09:47:29.915+0000] {logging_mixin.py:188} INFO - [2024-04-27T09:47:29.914+0000] {dag.py:3096} INFO - Sync 1 DAGs
[2024-04-27T09:47:29.944+0000] {logging_mixin.py:188} INFO - [2024-04-27T09:47:29.944+0000] {dag.py:3954} INFO - Setting next_dagrun for latest_only_with_trigger to 2024-04-27 04:00:00+00:00, run_after=2024-04-27 08:00:00+00:00
[2024-04-27T09:47:29.971+0000] {processor.py:183} INFO - Processing /home/airflow/.local/lib/python3.12/site-packages/airflow/example_dags/example_latest_only_with_trigger.py took 0.095 seconds
[2024-04-27T09:48:00.223+0000] {processor.py:161} INFO - Started process (PID=792) to work on /home/airflow/.local/lib/python3.12/site-packages/airflow/example_dags/example_latest_only_with_trigger.py
[2024-04-27T09:48:00.224+0000] {processor.py:830} INFO - Processing file /home/airflow/.local/lib/python3.12/site-packages/airflow/example_dags/example_latest_only_with_trigger.py for tasks to queue
[2024-04-27T09:48:00.227+0000] {logging_mixin.py:188} INFO - [2024-04-27T09:48:00.227+0000] {dagbag.py:540} INFO - Filling up the DagBag from /home/airflow/.local/lib/python3.12/site-packages/airflow/example_dags/example_latest_only_with_trigger.py
[2024-04-27T09:48:00.234+0000] {processor.py:840} INFO - DAG(s) 'latest_only_with_trigger' retrieved from /home/airflow/.local/lib/python3.12/site-packages/airflow/example_dags/example_latest_only_with_trigger.py
[2024-04-27T09:48:00.264+0000] {logging_mixin.py:188} INFO - [2024-04-27T09:48:00.263+0000] {dag.py:3096} INFO - Sync 1 DAGs
[2024-04-27T09:48:00.293+0000] {logging_mixin.py:188} INFO - [2024-04-27T09:48:00.292+0000] {dag.py:3954} INFO - Setting next_dagrun for latest_only_with_trigger to 2024-04-27 04:00:00+00:00, run_after=2024-04-27 08:00:00+00:00
[2024-04-27T09:48:00.323+0000] {processor.py:183} INFO - Processing /home/airflow/.local/lib/python3.12/site-packages/airflow/example_dags/example_latest_only_with_trigger.py took 0.107 seconds
[2024-04-27T09:48:30.938+0000] {processor.py:161} INFO - Started process (PID=850) to work on /home/airflow/.local/lib/python3.12/site-packages/airflow/example_dags/example_latest_only_with_trigger.py
[2024-04-27T09:48:30.940+0000] {processor.py:830} INFO - Processing file /home/airflow/.local/lib/python3.12/site-packages/airflow/example_dags/example_latest_only_with_trigger.py for tasks to queue
[2024-04-27T09:48:30.944+0000] {logging_mixin.py:188} INFO - [2024-04-27T09:48:30.943+0000] {dagbag.py:540} INFO - Filling up the DagBag from /home/airflow/.local/lib/python3.12/site-packages/airflow/example_dags/example_latest_only_with_trigger.py
[2024-04-27T09:48:30.959+0000] {processor.py:840} INFO - DAG(s) 'latest_only_with_trigger' retrieved from /home/airflow/.local/lib/python3.12/site-packages/airflow/example_dags/example_latest_only_with_trigger.py
[2024-04-27T09:48:31.020+0000] {logging_mixin.py:188} INFO - [2024-04-27T09:48:31.019+0000] {dag.py:3096} INFO - Sync 1 DAGs
[2024-04-27T09:48:31.075+0000] {logging_mixin.py:188} INFO - [2024-04-27T09:48:31.075+0000] {dag.py:3954} INFO - Setting next_dagrun for latest_only_with_trigger to 2024-04-27 04:00:00+00:00, run_after=2024-04-27 08:00:00+00:00
[2024-04-27T09:48:31.126+0000] {processor.py:183} INFO - Processing /home/airflow/.local/lib/python3.12/site-packages/airflow/example_dags/example_latest_only_with_trigger.py took 0.200 seconds
[2024-04-27T09:49:01.399+0000] {processor.py:161} INFO - Started process (PID=908) to work on /home/airflow/.local/lib/python3.12/site-packages/airflow/example_dags/example_latest_only_with_trigger.py
[2024-04-27T09:49:01.402+0000] {processor.py:830} INFO - Processing file /home/airflow/.local/lib/python3.12/site-packages/airflow/example_dags/example_latest_only_with_trigger.py for tasks to queue
[2024-04-27T09:49:01.408+0000] {logging_mixin.py:188} INFO - [2024-04-27T09:49:01.407+0000] {dagbag.py:540} INFO - Filling up the DagBag from /home/airflow/.local/lib/python3.12/site-packages/airflow/example_dags/example_latest_only_with_trigger.py
[2024-04-27T09:49:01.418+0000] {processor.py:840} INFO - DAG(s) 'latest_only_with_trigger' retrieved from /home/airflow/.local/lib/python3.12/site-packages/airflow/example_dags/example_latest_only_with_trigger.py
[2024-04-27T09:49:01.468+0000] {logging_mixin.py:188} INFO - [2024-04-27T09:49:01.467+0000] {dag.py:3096} INFO - Sync 1 DAGs
[2024-04-27T09:49:01.520+0000] {logging_mixin.py:188} INFO - [2024-04-27T09:49:01.520+0000] {dag.py:3954} INFO - Setting next_dagrun for latest_only_with_trigger to 2024-04-27 04:00:00+00:00, run_after=2024-04-27 08:00:00+00:00
[2024-04-27T09:49:01.588+0000] {processor.py:183} INFO - Processing /home/airflow/.local/lib/python3.12/site-packages/airflow/example_dags/example_latest_only_with_trigger.py took 0.207 seconds
[2024-04-27T09:49:32.252+0000] {processor.py:161} INFO - Started process (PID=967) to work on /home/airflow/.local/lib/python3.12/site-packages/airflow/example_dags/example_latest_only_with_trigger.py
[2024-04-27T09:49:32.255+0000] {processor.py:830} INFO - Processing file /home/airflow/.local/lib/python3.12/site-packages/airflow/example_dags/example_latest_only_with_trigger.py for tasks to queue
[2024-04-27T09:49:32.264+0000] {logging_mixin.py:188} INFO - [2024-04-27T09:49:32.262+0000] {dagbag.py:540} INFO - Filling up the DagBag from /home/airflow/.local/lib/python3.12/site-packages/airflow/example_dags/example_latest_only_with_trigger.py
[2024-04-27T09:49:32.303+0000] {processor.py:840} INFO - DAG(s) 'latest_only_with_trigger' retrieved from /home/airflow/.local/lib/python3.12/site-packages/airflow/example_dags/example_latest_only_with_trigger.py
[2024-04-27T09:49:32.407+0000] {logging_mixin.py:188} INFO - [2024-04-27T09:49:32.406+0000] {dag.py:3096} INFO - Sync 1 DAGs
[2024-04-27T09:49:32.892+0000] {logging_mixin.py:188} INFO - [2024-04-27T09:49:32.892+0000] {dag.py:3954} INFO - Setting next_dagrun for latest_only_with_trigger to 2024-04-27 04:00:00+00:00, run_after=2024-04-27 08:00:00+00:00
[2024-04-27T09:49:32.963+0000] {processor.py:183} INFO - Processing /home/airflow/.local/lib/python3.12/site-packages/airflow/example_dags/example_latest_only_with_trigger.py took 0.725 seconds
[2024-04-27T09:50:03.247+0000] {processor.py:161} INFO - Started process (PID=1025) to work on /home/airflow/.local/lib/python3.12/site-packages/airflow/example_dags/example_latest_only_with_trigger.py
[2024-04-27T09:50:03.248+0000] {processor.py:830} INFO - Processing file /home/airflow/.local/lib/python3.12/site-packages/airflow/example_dags/example_latest_only_with_trigger.py for tasks to queue
[2024-04-27T09:50:03.252+0000] {logging_mixin.py:188} INFO - [2024-04-27T09:50:03.252+0000] {dagbag.py:540} INFO - Filling up the DagBag from /home/airflow/.local/lib/python3.12/site-packages/airflow/example_dags/example_latest_only_with_trigger.py
[2024-04-27T09:50:03.263+0000] {processor.py:840} INFO - DAG(s) 'latest_only_with_trigger' retrieved from /home/airflow/.local/lib/python3.12/site-packages/airflow/example_dags/example_latest_only_with_trigger.py
[2024-04-27T09:50:03.305+0000] {logging_mixin.py:188} INFO - [2024-04-27T09:50:03.304+0000] {dag.py:3096} INFO - Sync 1 DAGs
[2024-04-27T09:50:03.345+0000] {logging_mixin.py:188} INFO - [2024-04-27T09:50:03.345+0000] {dag.py:3954} INFO - Setting next_dagrun for latest_only_with_trigger to 2024-04-27 04:00:00+00:00, run_after=2024-04-27 08:00:00+00:00
[2024-04-27T09:50:03.605+0000] {processor.py:183} INFO - Processing /home/airflow/.local/lib/python3.12/site-packages/airflow/example_dags/example_latest_only_with_trigger.py took 0.369 seconds
[2024-04-27T09:50:33.975+0000] {processor.py:161} INFO - Started process (PID=1083) to work on /home/airflow/.local/lib/python3.12/site-packages/airflow/example_dags/example_latest_only_with_trigger.py
[2024-04-27T09:50:33.976+0000] {processor.py:830} INFO - Processing file /home/airflow/.local/lib/python3.12/site-packages/airflow/example_dags/example_latest_only_with_trigger.py for tasks to queue
[2024-04-27T09:50:33.980+0000] {logging_mixin.py:188} INFO - [2024-04-27T09:50:33.979+0000] {dagbag.py:540} INFO - Filling up the DagBag from /home/airflow/.local/lib/python3.12/site-packages/airflow/example_dags/example_latest_only_with_trigger.py
[2024-04-27T09:50:33.990+0000] {processor.py:840} INFO - DAG(s) 'latest_only_with_trigger' retrieved from /home/airflow/.local/lib/python3.12/site-packages/airflow/example_dags/example_latest_only_with_trigger.py
[2024-04-27T09:50:34.039+0000] {logging_mixin.py:188} INFO - [2024-04-27T09:50:34.039+0000] {dag.py:3096} INFO - Sync 1 DAGs
[2024-04-27T09:50:34.109+0000] {logging_mixin.py:188} INFO - [2024-04-27T09:50:34.108+0000] {dag.py:3954} INFO - Setting next_dagrun for latest_only_with_trigger to 2024-04-27 04:00:00+00:00, run_after=2024-04-27 08:00:00+00:00
[2024-04-27T09:50:34.170+0000] {processor.py:183} INFO - Processing /home/airflow/.local/lib/python3.12/site-packages/airflow/example_dags/example_latest_only_with_trigger.py took 0.210 seconds
[2024-04-27T09:51:04.917+0000] {processor.py:161} INFO - Started process (PID=1141) to work on /home/airflow/.local/lib/python3.12/site-packages/airflow/example_dags/example_latest_only_with_trigger.py
[2024-04-27T09:51:04.919+0000] {processor.py:830} INFO - Processing file /home/airflow/.local/lib/python3.12/site-packages/airflow/example_dags/example_latest_only_with_trigger.py for tasks to queue
[2024-04-27T09:51:04.923+0000] {logging_mixin.py:188} INFO - [2024-04-27T09:51:04.922+0000] {dagbag.py:540} INFO - Filling up the DagBag from /home/airflow/.local/lib/python3.12/site-packages/airflow/example_dags/example_latest_only_with_trigger.py
[2024-04-27T09:51:04.931+0000] {processor.py:840} INFO - DAG(s) 'latest_only_with_trigger' retrieved from /home/airflow/.local/lib/python3.12/site-packages/airflow/example_dags/example_latest_only_with_trigger.py
[2024-04-27T09:51:04.974+0000] {logging_mixin.py:188} INFO - [2024-04-27T09:51:04.974+0000] {dag.py:3096} INFO - Sync 1 DAGs
[2024-04-27T09:51:05.016+0000] {logging_mixin.py:188} INFO - [2024-04-27T09:51:05.015+0000] {dag.py:3954} INFO - Setting next_dagrun for latest_only_with_trigger to 2024-04-27 04:00:00+00:00, run_after=2024-04-27 08:00:00+00:00
[2024-04-27T09:51:05.068+0000] {processor.py:183} INFO - Processing /home/airflow/.local/lib/python3.12/site-packages/airflow/example_dags/example_latest_only_with_trigger.py took 0.160 seconds
[2024-04-27T09:51:35.316+0000] {processor.py:161} INFO - Started process (PID=1199) to work on /home/airflow/.local/lib/python3.12/site-packages/airflow/example_dags/example_latest_only_with_trigger.py
[2024-04-27T09:51:35.317+0000] {processor.py:830} INFO - Processing file /home/airflow/.local/lib/python3.12/site-packages/airflow/example_dags/example_latest_only_with_trigger.py for tasks to queue
[2024-04-27T09:51:35.321+0000] {logging_mixin.py:188} INFO - [2024-04-27T09:51:35.320+0000] {dagbag.py:540} INFO - Filling up the DagBag from /home/airflow/.local/lib/python3.12/site-packages/airflow/example_dags/example_latest_only_with_trigger.py
[2024-04-27T09:51:35.330+0000] {processor.py:840} INFO - DAG(s) 'latest_only_with_trigger' retrieved from /home/airflow/.local/lib/python3.12/site-packages/airflow/example_dags/example_latest_only_with_trigger.py
[2024-04-27T09:51:35.366+0000] {logging_mixin.py:188} INFO - [2024-04-27T09:51:35.365+0000] {dag.py:3096} INFO - Sync 1 DAGs
[2024-04-27T09:51:35.405+0000] {logging_mixin.py:188} INFO - [2024-04-27T09:51:35.405+0000] {dag.py:3954} INFO - Setting next_dagrun for latest_only_with_trigger to 2024-04-27 04:00:00+00:00, run_after=2024-04-27 08:00:00+00:00
[2024-04-27T09:51:35.447+0000] {processor.py:183} INFO - Processing /home/airflow/.local/lib/python3.12/site-packages/airflow/example_dags/example_latest_only_with_trigger.py took 0.143 seconds
[2024-04-27T09:52:06.211+0000] {processor.py:161} INFO - Started process (PID=1257) to work on /home/airflow/.local/lib/python3.12/site-packages/airflow/example_dags/example_latest_only_with_trigger.py
[2024-04-27T09:52:06.214+0000] {processor.py:830} INFO - Processing file /home/airflow/.local/lib/python3.12/site-packages/airflow/example_dags/example_latest_only_with_trigger.py for tasks to queue
[2024-04-27T09:52:06.218+0000] {logging_mixin.py:188} INFO - [2024-04-27T09:52:06.217+0000] {dagbag.py:540} INFO - Filling up the DagBag from /home/airflow/.local/lib/python3.12/site-packages/airflow/example_dags/example_latest_only_with_trigger.py
[2024-04-27T09:52:06.232+0000] {processor.py:840} INFO - DAG(s) 'latest_only_with_trigger' retrieved from /home/airflow/.local/lib/python3.12/site-packages/airflow/example_dags/example_latest_only_with_trigger.py
[2024-04-27T09:52:06.284+0000] {logging_mixin.py:188} INFO - [2024-04-27T09:52:06.283+0000] {dag.py:3096} INFO - Sync 1 DAGs
[2024-04-27T09:52:06.342+0000] {logging_mixin.py:188} INFO - [2024-04-27T09:52:06.341+0000] {dag.py:3954} INFO - Setting next_dagrun for latest_only_with_trigger to 2024-04-27 04:00:00+00:00, run_after=2024-04-27 08:00:00+00:00
[2024-04-27T09:52:06.402+0000] {processor.py:183} INFO - Processing /home/airflow/.local/lib/python3.12/site-packages/airflow/example_dags/example_latest_only_with_trigger.py took 0.210 seconds
