[2024-04-27T09:41:26.623+0000] {processor.py:161} INFO - Started process (PID=72) to work on /home/airflow/.local/lib/python3.12/site-packages/airflow/example_dags/example_subdag_operator.py
[2024-04-27T09:41:26.624+0000] {processor.py:830} INFO - Processing file /home/airflow/.local/lib/python3.12/site-packages/airflow/example_dags/example_subdag_operator.py for tasks to queue
[2024-04-27T09:41:26.626+0000] {logging_mixin.py:188} INFO - [2024-04-27T09:41:26.626+0000] {dagbag.py:540} INFO - Filling up the DagBag from /home/airflow/.local/lib/python3.12/site-packages/airflow/example_dags/example_subdag_operator.py
[2024-04-27T09:41:26.654+0000] {processor.py:840} INFO - DAG(s) 'example_subdag_operator.section-1', 'example_subdag_operator.section-2', 'example_subdag_operator' retrieved from /home/airflow/.local/lib/python3.12/site-packages/airflow/example_dags/example_subdag_operator.py
[2024-04-27T09:41:26.791+0000] {logging_mixin.py:188} INFO - [2024-04-27T09:41:26.791+0000] {dag.py:3096} INFO - Sync 3 DAGs
[2024-04-27T09:41:26.819+0000] {logging_mixin.py:188} INFO - [2024-04-27T09:41:26.818+0000] {dag.py:3954} INFO - Setting next_dagrun for example_subdag_operator to 2022-01-01 00:00:00+00:00, run_after=2022-01-01 00:00:00+00:00
[2024-04-27T09:41:26.823+0000] {logging_mixin.py:188} INFO - [2024-04-27T09:41:26.823+0000] {dag.py:3954} INFO - Setting next_dagrun for example_subdag_operator.section-1 to None, run_after=None
[2024-04-27T09:41:26.826+0000] {logging_mixin.py:188} INFO - [2024-04-27T09:41:26.825+0000] {dag.py:3954} INFO - Setting next_dagrun for example_subdag_operator.section-2 to None, run_after=None
[2024-04-27T09:41:26.841+0000] {logging_mixin.py:188} INFO - [2024-04-27T09:41:26.840+0000] {dag.py:3096} INFO - Sync 2 DAGs
[2024-04-27T09:41:26.851+0000] {logging_mixin.py:188} INFO - [2024-04-27T09:41:26.851+0000] {dag.py:3954} INFO - Setting next_dagrun for example_subdag_operator.section-1 to None, run_after=None
[2024-04-27T09:41:26.852+0000] {logging_mixin.py:188} INFO - [2024-04-27T09:41:26.852+0000] {dag.py:3954} INFO - Setting next_dagrun for example_subdag_operator.section-2 to None, run_after=None
[2024-04-27T09:41:26.872+0000] {processor.py:183} INFO - Processing /home/airflow/.local/lib/python3.12/site-packages/airflow/example_dags/example_subdag_operator.py took 0.255 seconds
[2024-04-27T09:42:00.839+0000] {processor.py:161} INFO - Started process (PID=130) to work on /home/airflow/.local/lib/python3.12/site-packages/airflow/example_dags/example_subdag_operator.py
[2024-04-27T09:42:00.840+0000] {processor.py:830} INFO - Processing file /home/airflow/.local/lib/python3.12/site-packages/airflow/example_dags/example_subdag_operator.py for tasks to queue
[2024-04-27T09:42:00.843+0000] {logging_mixin.py:188} INFO - [2024-04-27T09:42:00.842+0000] {dagbag.py:540} INFO - Filling up the DagBag from /home/airflow/.local/lib/python3.12/site-packages/airflow/example_dags/example_subdag_operator.py
[2024-04-27T09:42:00.878+0000] {processor.py:840} INFO - DAG(s) 'example_subdag_operator.section-1', 'example_subdag_operator.section-2', 'example_subdag_operator' retrieved from /home/airflow/.local/lib/python3.12/site-packages/airflow/example_dags/example_subdag_operator.py
[2024-04-27T09:42:00.908+0000] {logging_mixin.py:188} INFO - [2024-04-27T09:42:00.907+0000] {dag.py:3096} INFO - Sync 3 DAGs
[2024-04-27T09:42:00.953+0000] {logging_mixin.py:188} INFO - [2024-04-27T09:42:00.952+0000] {dag.py:3954} INFO - Setting next_dagrun for example_subdag_operator to 2022-01-01 00:00:00+00:00, run_after=2022-01-01 00:00:00+00:00
[2024-04-27T09:42:00.960+0000] {logging_mixin.py:188} INFO - [2024-04-27T09:42:00.960+0000] {dag.py:3954} INFO - Setting next_dagrun for example_subdag_operator.section-1 to None, run_after=None
[2024-04-27T09:42:00.963+0000] {logging_mixin.py:188} INFO - [2024-04-27T09:42:00.963+0000] {dag.py:3954} INFO - Setting next_dagrun for example_subdag_operator.section-2 to None, run_after=None
[2024-04-27T09:42:00.979+0000] {logging_mixin.py:188} INFO - [2024-04-27T09:42:00.978+0000] {dag.py:3096} INFO - Sync 2 DAGs
[2024-04-27T09:42:00.991+0000] {logging_mixin.py:188} INFO - [2024-04-27T09:42:00.990+0000] {dag.py:3954} INFO - Setting next_dagrun for example_subdag_operator.section-1 to None, run_after=None
[2024-04-27T09:42:00.993+0000] {logging_mixin.py:188} INFO - [2024-04-27T09:42:00.992+0000] {dag.py:3954} INFO - Setting next_dagrun for example_subdag_operator.section-2 to None, run_after=None
[2024-04-27T09:42:01.012+0000] {processor.py:183} INFO - Processing /home/airflow/.local/lib/python3.12/site-packages/airflow/example_dags/example_subdag_operator.py took 0.179 seconds
[2024-04-27T09:42:31.444+0000] {processor.py:161} INFO - Started process (PID=187) to work on /home/airflow/.local/lib/python3.12/site-packages/airflow/example_dags/example_subdag_operator.py
[2024-04-27T09:42:31.446+0000] {processor.py:830} INFO - Processing file /home/airflow/.local/lib/python3.12/site-packages/airflow/example_dags/example_subdag_operator.py for tasks to queue
[2024-04-27T09:42:31.448+0000] {logging_mixin.py:188} INFO - [2024-04-27T09:42:31.448+0000] {dagbag.py:540} INFO - Filling up the DagBag from /home/airflow/.local/lib/python3.12/site-packages/airflow/example_dags/example_subdag_operator.py
[2024-04-27T09:42:31.486+0000] {processor.py:840} INFO - DAG(s) 'example_subdag_operator.section-1', 'example_subdag_operator.section-2', 'example_subdag_operator' retrieved from /home/airflow/.local/lib/python3.12/site-packages/airflow/example_dags/example_subdag_operator.py
[2024-04-27T09:42:31.506+0000] {logging_mixin.py:188} INFO - [2024-04-27T09:42:31.506+0000] {dag.py:3096} INFO - Sync 3 DAGs
[2024-04-27T09:42:31.537+0000] {logging_mixin.py:188} INFO - [2024-04-27T09:42:31.536+0000] {dag.py:3954} INFO - Setting next_dagrun for example_subdag_operator to 2022-01-01 00:00:00+00:00, run_after=2022-01-01 00:00:00+00:00
[2024-04-27T09:42:31.542+0000] {logging_mixin.py:188} INFO - [2024-04-27T09:42:31.542+0000] {dag.py:3954} INFO - Setting next_dagrun for example_subdag_operator.section-1 to None, run_after=None
[2024-04-27T09:42:31.545+0000] {logging_mixin.py:188} INFO - [2024-04-27T09:42:31.545+0000] {dag.py:3954} INFO - Setting next_dagrun for example_subdag_operator.section-2 to None, run_after=None
[2024-04-27T09:42:31.555+0000] {logging_mixin.py:188} INFO - [2024-04-27T09:42:31.555+0000] {dag.py:3096} INFO - Sync 2 DAGs
[2024-04-27T09:42:31.565+0000] {logging_mixin.py:188} INFO - [2024-04-27T09:42:31.565+0000] {dag.py:3954} INFO - Setting next_dagrun for example_subdag_operator.section-1 to None, run_after=None
[2024-04-27T09:42:31.566+0000] {logging_mixin.py:188} INFO - [2024-04-27T09:42:31.566+0000] {dag.py:3954} INFO - Setting next_dagrun for example_subdag_operator.section-2 to None, run_after=None
[2024-04-27T09:42:31.583+0000] {processor.py:183} INFO - Processing /home/airflow/.local/lib/python3.12/site-packages/airflow/example_dags/example_subdag_operator.py took 0.148 seconds
[2024-04-27T09:43:01.667+0000] {processor.py:161} INFO - Started process (PID=245) to work on /home/airflow/.local/lib/python3.12/site-packages/airflow/example_dags/example_subdag_operator.py
[2024-04-27T09:43:01.668+0000] {processor.py:830} INFO - Processing file /home/airflow/.local/lib/python3.12/site-packages/airflow/example_dags/example_subdag_operator.py for tasks to queue
[2024-04-27T09:43:01.670+0000] {logging_mixin.py:188} INFO - [2024-04-27T09:43:01.670+0000] {dagbag.py:540} INFO - Filling up the DagBag from /home/airflow/.local/lib/python3.12/site-packages/airflow/example_dags/example_subdag_operator.py
[2024-04-27T09:43:01.700+0000] {processor.py:840} INFO - DAG(s) 'example_subdag_operator.section-1', 'example_subdag_operator.section-2', 'example_subdag_operator' retrieved from /home/airflow/.local/lib/python3.12/site-packages/airflow/example_dags/example_subdag_operator.py
[2024-04-27T09:43:01.722+0000] {logging_mixin.py:188} INFO - [2024-04-27T09:43:01.721+0000] {dag.py:3096} INFO - Sync 3 DAGs
[2024-04-27T09:43:01.751+0000] {logging_mixin.py:188} INFO - [2024-04-27T09:43:01.750+0000] {dag.py:3954} INFO - Setting next_dagrun for example_subdag_operator to 2022-01-01 00:00:00+00:00, run_after=2022-01-01 00:00:00+00:00
[2024-04-27T09:43:01.756+0000] {logging_mixin.py:188} INFO - [2024-04-27T09:43:01.756+0000] {dag.py:3954} INFO - Setting next_dagrun for example_subdag_operator.section-1 to None, run_after=None
[2024-04-27T09:43:01.759+0000] {logging_mixin.py:188} INFO - [2024-04-27T09:43:01.758+0000] {dag.py:3954} INFO - Setting next_dagrun for example_subdag_operator.section-2 to None, run_after=None
[2024-04-27T09:43:01.769+0000] {logging_mixin.py:188} INFO - [2024-04-27T09:43:01.768+0000] {dag.py:3096} INFO - Sync 2 DAGs
[2024-04-27T09:43:01.776+0000] {logging_mixin.py:188} INFO - [2024-04-27T09:43:01.776+0000] {dag.py:3954} INFO - Setting next_dagrun for example_subdag_operator.section-1 to None, run_after=None
[2024-04-27T09:43:01.777+0000] {logging_mixin.py:188} INFO - [2024-04-27T09:43:01.777+0000] {dag.py:3954} INFO - Setting next_dagrun for example_subdag_operator.section-2 to None, run_after=None
[2024-04-27T09:43:01.808+0000] {processor.py:183} INFO - Processing /home/airflow/.local/lib/python3.12/site-packages/airflow/example_dags/example_subdag_operator.py took 0.147 seconds
[2024-04-27T09:43:32.099+0000] {processor.py:161} INFO - Started process (PID=303) to work on /home/airflow/.local/lib/python3.12/site-packages/airflow/example_dags/example_subdag_operator.py
[2024-04-27T09:43:32.101+0000] {processor.py:830} INFO - Processing file /home/airflow/.local/lib/python3.12/site-packages/airflow/example_dags/example_subdag_operator.py for tasks to queue
[2024-04-27T09:43:32.104+0000] {logging_mixin.py:188} INFO - [2024-04-27T09:43:32.103+0000] {dagbag.py:540} INFO - Filling up the DagBag from /home/airflow/.local/lib/python3.12/site-packages/airflow/example_dags/example_subdag_operator.py
[2024-04-27T09:43:32.171+0000] {processor.py:840} INFO - DAG(s) 'example_subdag_operator.section-1', 'example_subdag_operator.section-2', 'example_subdag_operator' retrieved from /home/airflow/.local/lib/python3.12/site-packages/airflow/example_dags/example_subdag_operator.py
[2024-04-27T09:43:32.210+0000] {logging_mixin.py:188} INFO - [2024-04-27T09:43:32.210+0000] {dag.py:3096} INFO - Sync 3 DAGs
[2024-04-27T09:43:32.279+0000] {logging_mixin.py:188} INFO - [2024-04-27T09:43:32.278+0000] {dag.py:3954} INFO - Setting next_dagrun for example_subdag_operator to 2022-01-01 00:00:00+00:00, run_after=2022-01-01 00:00:00+00:00
[2024-04-27T09:43:32.289+0000] {logging_mixin.py:188} INFO - [2024-04-27T09:43:32.288+0000] {dag.py:3954} INFO - Setting next_dagrun for example_subdag_operator.section-1 to None, run_after=None
[2024-04-27T09:43:32.292+0000] {logging_mixin.py:188} INFO - [2024-04-27T09:43:32.292+0000] {dag.py:3954} INFO - Setting next_dagrun for example_subdag_operator.section-2 to None, run_after=None
[2024-04-27T09:43:32.310+0000] {logging_mixin.py:188} INFO - [2024-04-27T09:43:32.310+0000] {dag.py:3096} INFO - Sync 2 DAGs
[2024-04-27T09:43:32.322+0000] {logging_mixin.py:188} INFO - [2024-04-27T09:43:32.322+0000] {dag.py:3954} INFO - Setting next_dagrun for example_subdag_operator.section-1 to None, run_after=None
[2024-04-27T09:43:32.323+0000] {logging_mixin.py:188} INFO - [2024-04-27T09:43:32.323+0000] {dag.py:3954} INFO - Setting next_dagrun for example_subdag_operator.section-2 to None, run_after=None
[2024-04-27T09:43:32.347+0000] {processor.py:183} INFO - Processing /home/airflow/.local/lib/python3.12/site-packages/airflow/example_dags/example_subdag_operator.py took 0.255 seconds
[2024-04-27T09:44:02.744+0000] {processor.py:161} INFO - Started process (PID=361) to work on /home/airflow/.local/lib/python3.12/site-packages/airflow/example_dags/example_subdag_operator.py
[2024-04-27T09:44:02.745+0000] {processor.py:830} INFO - Processing file /home/airflow/.local/lib/python3.12/site-packages/airflow/example_dags/example_subdag_operator.py for tasks to queue
[2024-04-27T09:44:02.748+0000] {logging_mixin.py:188} INFO - [2024-04-27T09:44:02.747+0000] {dagbag.py:540} INFO - Filling up the DagBag from /home/airflow/.local/lib/python3.12/site-packages/airflow/example_dags/example_subdag_operator.py
[2024-04-27T09:44:02.774+0000] {processor.py:840} INFO - DAG(s) 'example_subdag_operator.section-1', 'example_subdag_operator.section-2', 'example_subdag_operator' retrieved from /home/airflow/.local/lib/python3.12/site-packages/airflow/example_dags/example_subdag_operator.py
[2024-04-27T09:44:02.795+0000] {logging_mixin.py:188} INFO - [2024-04-27T09:44:02.795+0000] {dag.py:3096} INFO - Sync 3 DAGs
[2024-04-27T09:44:02.828+0000] {logging_mixin.py:188} INFO - [2024-04-27T09:44:02.827+0000] {dag.py:3954} INFO - Setting next_dagrun for example_subdag_operator to 2022-01-01 00:00:00+00:00, run_after=2022-01-01 00:00:00+00:00
[2024-04-27T09:44:02.833+0000] {logging_mixin.py:188} INFO - [2024-04-27T09:44:02.833+0000] {dag.py:3954} INFO - Setting next_dagrun for example_subdag_operator.section-1 to None, run_after=None
[2024-04-27T09:44:02.836+0000] {logging_mixin.py:188} INFO - [2024-04-27T09:44:02.835+0000] {dag.py:3954} INFO - Setting next_dagrun for example_subdag_operator.section-2 to None, run_after=None
[2024-04-27T09:44:02.846+0000] {logging_mixin.py:188} INFO - [2024-04-27T09:44:02.845+0000] {dag.py:3096} INFO - Sync 2 DAGs
[2024-04-27T09:44:02.854+0000] {logging_mixin.py:188} INFO - [2024-04-27T09:44:02.853+0000] {dag.py:3954} INFO - Setting next_dagrun for example_subdag_operator.section-1 to None, run_after=None
[2024-04-27T09:44:02.855+0000] {logging_mixin.py:188} INFO - [2024-04-27T09:44:02.854+0000] {dag.py:3954} INFO - Setting next_dagrun for example_subdag_operator.section-2 to None, run_after=None
[2024-04-27T09:44:02.871+0000] {processor.py:183} INFO - Processing /home/airflow/.local/lib/python3.12/site-packages/airflow/example_dags/example_subdag_operator.py took 0.132 seconds
[2024-04-27T09:44:33.623+0000] {processor.py:161} INFO - Started process (PID=419) to work on /home/airflow/.local/lib/python3.12/site-packages/airflow/example_dags/example_subdag_operator.py
[2024-04-27T09:44:33.624+0000] {processor.py:830} INFO - Processing file /home/airflow/.local/lib/python3.12/site-packages/airflow/example_dags/example_subdag_operator.py for tasks to queue
[2024-04-27T09:44:33.627+0000] {logging_mixin.py:188} INFO - [2024-04-27T09:44:33.626+0000] {dagbag.py:540} INFO - Filling up the DagBag from /home/airflow/.local/lib/python3.12/site-packages/airflow/example_dags/example_subdag_operator.py
[2024-04-27T09:44:33.660+0000] {processor.py:840} INFO - DAG(s) 'example_subdag_operator.section-1', 'example_subdag_operator.section-2', 'example_subdag_operator' retrieved from /home/airflow/.local/lib/python3.12/site-packages/airflow/example_dags/example_subdag_operator.py
[2024-04-27T09:44:33.689+0000] {logging_mixin.py:188} INFO - [2024-04-27T09:44:33.689+0000] {dag.py:3096} INFO - Sync 3 DAGs
[2024-04-27T09:44:33.726+0000] {logging_mixin.py:188} INFO - [2024-04-27T09:44:33.726+0000] {dag.py:3954} INFO - Setting next_dagrun for example_subdag_operator to 2022-01-01 00:00:00+00:00, run_after=2022-01-01 00:00:00+00:00
[2024-04-27T09:44:33.732+0000] {logging_mixin.py:188} INFO - [2024-04-27T09:44:33.732+0000] {dag.py:3954} INFO - Setting next_dagrun for example_subdag_operator.section-1 to None, run_after=None
[2024-04-27T09:44:33.735+0000] {logging_mixin.py:188} INFO - [2024-04-27T09:44:33.734+0000] {dag.py:3954} INFO - Setting next_dagrun for example_subdag_operator.section-2 to None, run_after=None
[2024-04-27T09:44:33.746+0000] {logging_mixin.py:188} INFO - [2024-04-27T09:44:33.745+0000] {dag.py:3096} INFO - Sync 2 DAGs
[2024-04-27T09:44:33.754+0000] {logging_mixin.py:188} INFO - [2024-04-27T09:44:33.754+0000] {dag.py:3954} INFO - Setting next_dagrun for example_subdag_operator.section-1 to None, run_after=None
[2024-04-27T09:44:33.755+0000] {logging_mixin.py:188} INFO - [2024-04-27T09:44:33.755+0000] {dag.py:3954} INFO - Setting next_dagrun for example_subdag_operator.section-2 to None, run_after=None
[2024-04-27T09:44:33.775+0000] {processor.py:183} INFO - Processing /home/airflow/.local/lib/python3.12/site-packages/airflow/example_dags/example_subdag_operator.py took 0.158 seconds
[2024-04-27T09:45:04.288+0000] {processor.py:161} INFO - Started process (PID=477) to work on /home/airflow/.local/lib/python3.12/site-packages/airflow/example_dags/example_subdag_operator.py
[2024-04-27T09:45:04.294+0000] {processor.py:830} INFO - Processing file /home/airflow/.local/lib/python3.12/site-packages/airflow/example_dags/example_subdag_operator.py for tasks to queue
[2024-04-27T09:45:04.304+0000] {logging_mixin.py:188} INFO - [2024-04-27T09:45:04.303+0000] {dagbag.py:540} INFO - Filling up the DagBag from /home/airflow/.local/lib/python3.12/site-packages/airflow/example_dags/example_subdag_operator.py
[2024-04-27T09:45:04.377+0000] {processor.py:840} INFO - DAG(s) 'example_subdag_operator.section-1', 'example_subdag_operator.section-2', 'example_subdag_operator' retrieved from /home/airflow/.local/lib/python3.12/site-packages/airflow/example_dags/example_subdag_operator.py
[2024-04-27T09:45:04.427+0000] {logging_mixin.py:188} INFO - [2024-04-27T09:45:04.426+0000] {dag.py:3096} INFO - Sync 3 DAGs
[2024-04-27T09:45:04.482+0000] {logging_mixin.py:188} INFO - [2024-04-27T09:45:04.481+0000] {dag.py:3954} INFO - Setting next_dagrun for example_subdag_operator to 2022-01-01 00:00:00+00:00, run_after=2022-01-01 00:00:00+00:00
[2024-04-27T09:45:04.491+0000] {logging_mixin.py:188} INFO - [2024-04-27T09:45:04.491+0000] {dag.py:3954} INFO - Setting next_dagrun for example_subdag_operator.section-1 to None, run_after=None
[2024-04-27T09:45:04.495+0000] {logging_mixin.py:188} INFO - [2024-04-27T09:45:04.494+0000] {dag.py:3954} INFO - Setting next_dagrun for example_subdag_operator.section-2 to None, run_after=None
[2024-04-27T09:45:04.516+0000] {logging_mixin.py:188} INFO - [2024-04-27T09:45:04.516+0000] {dag.py:3096} INFO - Sync 2 DAGs
[2024-04-27T09:45:04.528+0000] {logging_mixin.py:188} INFO - [2024-04-27T09:45:04.527+0000] {dag.py:3954} INFO - Setting next_dagrun for example_subdag_operator.section-1 to None, run_after=None
[2024-04-27T09:45:04.529+0000] {logging_mixin.py:188} INFO - [2024-04-27T09:45:04.529+0000] {dag.py:3954} INFO - Setting next_dagrun for example_subdag_operator.section-2 to None, run_after=None
[2024-04-27T09:45:04.558+0000] {processor.py:183} INFO - Processing /home/airflow/.local/lib/python3.12/site-packages/airflow/example_dags/example_subdag_operator.py took 0.292 seconds
[2024-04-27T09:45:34.755+0000] {processor.py:161} INFO - Started process (PID=535) to work on /home/airflow/.local/lib/python3.12/site-packages/airflow/example_dags/example_subdag_operator.py
[2024-04-27T09:45:34.756+0000] {processor.py:830} INFO - Processing file /home/airflow/.local/lib/python3.12/site-packages/airflow/example_dags/example_subdag_operator.py for tasks to queue
[2024-04-27T09:45:34.759+0000] {logging_mixin.py:188} INFO - [2024-04-27T09:45:34.759+0000] {dagbag.py:540} INFO - Filling up the DagBag from /home/airflow/.local/lib/python3.12/site-packages/airflow/example_dags/example_subdag_operator.py
[2024-04-27T09:45:34.787+0000] {processor.py:840} INFO - DAG(s) 'example_subdag_operator.section-1', 'example_subdag_operator.section-2', 'example_subdag_operator' retrieved from /home/airflow/.local/lib/python3.12/site-packages/airflow/example_dags/example_subdag_operator.py
[2024-04-27T09:45:34.808+0000] {logging_mixin.py:188} INFO - [2024-04-27T09:45:34.808+0000] {dag.py:3096} INFO - Sync 3 DAGs
[2024-04-27T09:45:34.858+0000] {logging_mixin.py:188} INFO - [2024-04-27T09:45:34.858+0000] {dag.py:3954} INFO - Setting next_dagrun for example_subdag_operator to 2022-01-01 00:00:00+00:00, run_after=2022-01-01 00:00:00+00:00
[2024-04-27T09:45:34.864+0000] {logging_mixin.py:188} INFO - [2024-04-27T09:45:34.863+0000] {dag.py:3954} INFO - Setting next_dagrun for example_subdag_operator.section-1 to None, run_after=None
[2024-04-27T09:45:34.866+0000] {logging_mixin.py:188} INFO - [2024-04-27T09:45:34.866+0000] {dag.py:3954} INFO - Setting next_dagrun for example_subdag_operator.section-2 to None, run_after=None
[2024-04-27T09:45:34.877+0000] {logging_mixin.py:188} INFO - [2024-04-27T09:45:34.876+0000] {dag.py:3096} INFO - Sync 2 DAGs
[2024-04-27T09:45:34.886+0000] {logging_mixin.py:188} INFO - [2024-04-27T09:45:34.885+0000] {dag.py:3954} INFO - Setting next_dagrun for example_subdag_operator.section-1 to None, run_after=None
[2024-04-27T09:45:34.887+0000] {logging_mixin.py:188} INFO - [2024-04-27T09:45:34.886+0000] {dag.py:3954} INFO - Setting next_dagrun for example_subdag_operator.section-2 to None, run_after=None
[2024-04-27T09:45:34.903+0000] {processor.py:183} INFO - Processing /home/airflow/.local/lib/python3.12/site-packages/airflow/example_dags/example_subdag_operator.py took 0.155 seconds
[2024-04-27T09:46:05.664+0000] {processor.py:161} INFO - Started process (PID=593) to work on /home/airflow/.local/lib/python3.12/site-packages/airflow/example_dags/example_subdag_operator.py
[2024-04-27T09:46:05.665+0000] {processor.py:830} INFO - Processing file /home/airflow/.local/lib/python3.12/site-packages/airflow/example_dags/example_subdag_operator.py for tasks to queue
[2024-04-27T09:46:05.668+0000] {logging_mixin.py:188} INFO - [2024-04-27T09:46:05.667+0000] {dagbag.py:540} INFO - Filling up the DagBag from /home/airflow/.local/lib/python3.12/site-packages/airflow/example_dags/example_subdag_operator.py
[2024-04-27T09:46:05.701+0000] {processor.py:840} INFO - DAG(s) 'example_subdag_operator.section-1', 'example_subdag_operator.section-2', 'example_subdag_operator' retrieved from /home/airflow/.local/lib/python3.12/site-packages/airflow/example_dags/example_subdag_operator.py
[2024-04-27T09:46:05.724+0000] {logging_mixin.py:188} INFO - [2024-04-27T09:46:05.723+0000] {dag.py:3096} INFO - Sync 3 DAGs
[2024-04-27T09:46:05.756+0000] {logging_mixin.py:188} INFO - [2024-04-27T09:46:05.755+0000] {dag.py:3954} INFO - Setting next_dagrun for example_subdag_operator to 2022-01-01 00:00:00+00:00, run_after=2022-01-01 00:00:00+00:00
[2024-04-27T09:46:05.762+0000] {logging_mixin.py:188} INFO - [2024-04-27T09:46:05.762+0000] {dag.py:3954} INFO - Setting next_dagrun for example_subdag_operator.section-1 to None, run_after=None
[2024-04-27T09:46:05.765+0000] {logging_mixin.py:188} INFO - [2024-04-27T09:46:05.764+0000] {dag.py:3954} INFO - Setting next_dagrun for example_subdag_operator.section-2 to None, run_after=None
[2024-04-27T09:46:05.775+0000] {logging_mixin.py:188} INFO - [2024-04-27T09:46:05.775+0000] {dag.py:3096} INFO - Sync 2 DAGs
[2024-04-27T09:46:05.783+0000] {logging_mixin.py:188} INFO - [2024-04-27T09:46:05.783+0000] {dag.py:3954} INFO - Setting next_dagrun for example_subdag_operator.section-1 to None, run_after=None
[2024-04-27T09:46:05.784+0000] {logging_mixin.py:188} INFO - [2024-04-27T09:46:05.784+0000] {dag.py:3954} INFO - Setting next_dagrun for example_subdag_operator.section-2 to None, run_after=None
[2024-04-27T09:46:05.804+0000] {processor.py:183} INFO - Processing /home/airflow/.local/lib/python3.12/site-packages/airflow/example_dags/example_subdag_operator.py took 0.147 seconds
[2024-04-27T09:46:36.557+0000] {processor.py:161} INFO - Started process (PID=651) to work on /home/airflow/.local/lib/python3.12/site-packages/airflow/example_dags/example_subdag_operator.py
[2024-04-27T09:46:36.559+0000] {processor.py:830} INFO - Processing file /home/airflow/.local/lib/python3.12/site-packages/airflow/example_dags/example_subdag_operator.py for tasks to queue
[2024-04-27T09:46:36.562+0000] {logging_mixin.py:188} INFO - [2024-04-27T09:46:36.561+0000] {dagbag.py:540} INFO - Filling up the DagBag from /home/airflow/.local/lib/python3.12/site-packages/airflow/example_dags/example_subdag_operator.py
[2024-04-27T09:46:36.599+0000] {processor.py:840} INFO - DAG(s) 'example_subdag_operator.section-1', 'example_subdag_operator.section-2', 'example_subdag_operator' retrieved from /home/airflow/.local/lib/python3.12/site-packages/airflow/example_dags/example_subdag_operator.py
[2024-04-27T09:46:36.624+0000] {logging_mixin.py:188} INFO - [2024-04-27T09:46:36.623+0000] {dag.py:3096} INFO - Sync 3 DAGs
[2024-04-27T09:46:36.658+0000] {logging_mixin.py:188} INFO - [2024-04-27T09:46:36.657+0000] {dag.py:3954} INFO - Setting next_dagrun for example_subdag_operator to 2022-01-01 00:00:00+00:00, run_after=2022-01-01 00:00:00+00:00
[2024-04-27T09:46:36.663+0000] {logging_mixin.py:188} INFO - [2024-04-27T09:46:36.663+0000] {dag.py:3954} INFO - Setting next_dagrun for example_subdag_operator.section-1 to None, run_after=None
[2024-04-27T09:46:36.666+0000] {logging_mixin.py:188} INFO - [2024-04-27T09:46:36.666+0000] {dag.py:3954} INFO - Setting next_dagrun for example_subdag_operator.section-2 to None, run_after=None
[2024-04-27T09:46:36.677+0000] {logging_mixin.py:188} INFO - [2024-04-27T09:46:36.677+0000] {dag.py:3096} INFO - Sync 2 DAGs
[2024-04-27T09:46:36.687+0000] {logging_mixin.py:188} INFO - [2024-04-27T09:46:36.686+0000] {dag.py:3954} INFO - Setting next_dagrun for example_subdag_operator.section-1 to None, run_after=None
[2024-04-27T09:46:36.688+0000] {logging_mixin.py:188} INFO - [2024-04-27T09:46:36.688+0000] {dag.py:3954} INFO - Setting next_dagrun for example_subdag_operator.section-2 to None, run_after=None
[2024-04-27T09:46:36.706+0000] {processor.py:183} INFO - Processing /home/airflow/.local/lib/python3.12/site-packages/airflow/example_dags/example_subdag_operator.py took 0.157 seconds
[2024-04-27T09:47:07.017+0000] {processor.py:161} INFO - Started process (PID=709) to work on /home/airflow/.local/lib/python3.12/site-packages/airflow/example_dags/example_subdag_operator.py
[2024-04-27T09:47:07.019+0000] {processor.py:830} INFO - Processing file /home/airflow/.local/lib/python3.12/site-packages/airflow/example_dags/example_subdag_operator.py for tasks to queue
[2024-04-27T09:47:07.021+0000] {logging_mixin.py:188} INFO - [2024-04-27T09:47:07.021+0000] {dagbag.py:540} INFO - Filling up the DagBag from /home/airflow/.local/lib/python3.12/site-packages/airflow/example_dags/example_subdag_operator.py
[2024-04-27T09:47:07.051+0000] {processor.py:840} INFO - DAG(s) 'example_subdag_operator.section-1', 'example_subdag_operator.section-2', 'example_subdag_operator' retrieved from /home/airflow/.local/lib/python3.12/site-packages/airflow/example_dags/example_subdag_operator.py
[2024-04-27T09:47:07.073+0000] {logging_mixin.py:188} INFO - [2024-04-27T09:47:07.073+0000] {dag.py:3096} INFO - Sync 3 DAGs
[2024-04-27T09:47:07.108+0000] {logging_mixin.py:188} INFO - [2024-04-27T09:47:07.108+0000] {dag.py:3954} INFO - Setting next_dagrun for example_subdag_operator to 2022-01-01 00:00:00+00:00, run_after=2022-01-01 00:00:00+00:00
[2024-04-27T09:47:07.115+0000] {logging_mixin.py:188} INFO - [2024-04-27T09:47:07.114+0000] {dag.py:3954} INFO - Setting next_dagrun for example_subdag_operator.section-1 to None, run_after=None
[2024-04-27T09:47:07.118+0000] {logging_mixin.py:188} INFO - [2024-04-27T09:47:07.117+0000] {dag.py:3954} INFO - Setting next_dagrun for example_subdag_operator.section-2 to None, run_after=None
[2024-04-27T09:47:07.128+0000] {logging_mixin.py:188} INFO - [2024-04-27T09:47:07.128+0000] {dag.py:3096} INFO - Sync 2 DAGs
[2024-04-27T09:47:07.137+0000] {logging_mixin.py:188} INFO - [2024-04-27T09:47:07.137+0000] {dag.py:3954} INFO - Setting next_dagrun for example_subdag_operator.section-1 to None, run_after=None
[2024-04-27T09:47:07.138+0000] {logging_mixin.py:188} INFO - [2024-04-27T09:47:07.138+0000] {dag.py:3954} INFO - Setting next_dagrun for example_subdag_operator.section-2 to None, run_after=None
[2024-04-27T09:47:07.158+0000] {processor.py:183} INFO - Processing /home/airflow/.local/lib/python3.12/site-packages/airflow/example_dags/example_subdag_operator.py took 0.147 seconds
[2024-04-27T09:47:37.306+0000] {processor.py:161} INFO - Started process (PID=767) to work on /home/airflow/.local/lib/python3.12/site-packages/airflow/example_dags/example_subdag_operator.py
[2024-04-27T09:47:37.307+0000] {processor.py:830} INFO - Processing file /home/airflow/.local/lib/python3.12/site-packages/airflow/example_dags/example_subdag_operator.py for tasks to queue
[2024-04-27T09:47:37.309+0000] {logging_mixin.py:188} INFO - [2024-04-27T09:47:37.309+0000] {dagbag.py:540} INFO - Filling up the DagBag from /home/airflow/.local/lib/python3.12/site-packages/airflow/example_dags/example_subdag_operator.py
[2024-04-27T09:47:37.335+0000] {processor.py:840} INFO - DAG(s) 'example_subdag_operator.section-1', 'example_subdag_operator.section-2', 'example_subdag_operator' retrieved from /home/airflow/.local/lib/python3.12/site-packages/airflow/example_dags/example_subdag_operator.py
[2024-04-27T09:47:37.355+0000] {logging_mixin.py:188} INFO - [2024-04-27T09:47:37.354+0000] {dag.py:3096} INFO - Sync 3 DAGs
[2024-04-27T09:47:37.382+0000] {logging_mixin.py:188} INFO - [2024-04-27T09:47:37.381+0000] {dag.py:3954} INFO - Setting next_dagrun for example_subdag_operator to 2022-01-01 00:00:00+00:00, run_after=2022-01-01 00:00:00+00:00
[2024-04-27T09:47:37.388+0000] {logging_mixin.py:188} INFO - [2024-04-27T09:47:37.388+0000] {dag.py:3954} INFO - Setting next_dagrun for example_subdag_operator.section-1 to None, run_after=None
[2024-04-27T09:47:37.392+0000] {logging_mixin.py:188} INFO - [2024-04-27T09:47:37.391+0000] {dag.py:3954} INFO - Setting next_dagrun for example_subdag_operator.section-2 to None, run_after=None
[2024-04-27T09:47:37.402+0000] {logging_mixin.py:188} INFO - [2024-04-27T09:47:37.402+0000] {dag.py:3096} INFO - Sync 2 DAGs
[2024-04-27T09:47:37.410+0000] {logging_mixin.py:188} INFO - [2024-04-27T09:47:37.410+0000] {dag.py:3954} INFO - Setting next_dagrun for example_subdag_operator.section-1 to None, run_after=None
[2024-04-27T09:47:37.411+0000] {logging_mixin.py:188} INFO - [2024-04-27T09:47:37.411+0000] {dag.py:3954} INFO - Setting next_dagrun for example_subdag_operator.section-2 to None, run_after=None
[2024-04-27T09:47:37.427+0000] {processor.py:183} INFO - Processing /home/airflow/.local/lib/python3.12/site-packages/airflow/example_dags/example_subdag_operator.py took 0.127 seconds
[2024-04-27T09:48:13.897+0000] {processor.py:161} INFO - Started process (PID=825) to work on /home/airflow/.local/lib/python3.12/site-packages/airflow/example_dags/example_subdag_operator.py
[2024-04-27T09:48:13.903+0000] {processor.py:830} INFO - Processing file /home/airflow/.local/lib/python3.12/site-packages/airflow/example_dags/example_subdag_operator.py for tasks to queue
[2024-04-27T09:48:13.914+0000] {logging_mixin.py:188} INFO - [2024-04-27T09:48:13.913+0000] {dagbag.py:540} INFO - Filling up the DagBag from /home/airflow/.local/lib/python3.12/site-packages/airflow/example_dags/example_subdag_operator.py
[2024-04-27T09:48:13.998+0000] {processor.py:840} INFO - DAG(s) 'example_subdag_operator.section-1', 'example_subdag_operator.section-2', 'example_subdag_operator' retrieved from /home/airflow/.local/lib/python3.12/site-packages/airflow/example_dags/example_subdag_operator.py
[2024-04-27T09:48:14.055+0000] {logging_mixin.py:188} INFO - [2024-04-27T09:48:14.054+0000] {dag.py:3096} INFO - Sync 3 DAGs
[2024-04-27T09:48:14.128+0000] {logging_mixin.py:188} INFO - [2024-04-27T09:48:14.127+0000] {dag.py:3954} INFO - Setting next_dagrun for example_subdag_operator to 2022-01-01 00:00:00+00:00, run_after=2022-01-01 00:00:00+00:00
[2024-04-27T09:48:14.145+0000] {logging_mixin.py:188} INFO - [2024-04-27T09:48:14.144+0000] {dag.py:3954} INFO - Setting next_dagrun for example_subdag_operator.section-1 to None, run_after=None
[2024-04-27T09:48:14.152+0000] {logging_mixin.py:188} INFO - [2024-04-27T09:48:14.151+0000] {dag.py:3954} INFO - Setting next_dagrun for example_subdag_operator.section-2 to None, run_after=None
[2024-04-27T09:48:14.179+0000] {logging_mixin.py:188} INFO - [2024-04-27T09:48:14.178+0000] {dag.py:3096} INFO - Sync 2 DAGs
[2024-04-27T09:48:14.197+0000] {logging_mixin.py:188} INFO - [2024-04-27T09:48:14.197+0000] {dag.py:3954} INFO - Setting next_dagrun for example_subdag_operator.section-1 to None, run_after=None
[2024-04-27T09:48:14.199+0000] {logging_mixin.py:188} INFO - [2024-04-27T09:48:14.199+0000] {dag.py:3954} INFO - Setting next_dagrun for example_subdag_operator.section-2 to None, run_after=None
[2024-04-27T09:48:14.244+0000] {processor.py:183} INFO - Processing /home/airflow/.local/lib/python3.12/site-packages/airflow/example_dags/example_subdag_operator.py took 0.379 seconds
[2024-04-27T09:48:45.543+0000] {processor.py:161} INFO - Started process (PID=883) to work on /home/airflow/.local/lib/python3.12/site-packages/airflow/example_dags/example_subdag_operator.py
[2024-04-27T09:48:45.545+0000] {processor.py:830} INFO - Processing file /home/airflow/.local/lib/python3.12/site-packages/airflow/example_dags/example_subdag_operator.py for tasks to queue
[2024-04-27T09:48:45.550+0000] {logging_mixin.py:188} INFO - [2024-04-27T09:48:45.549+0000] {dagbag.py:540} INFO - Filling up the DagBag from /home/airflow/.local/lib/python3.12/site-packages/airflow/example_dags/example_subdag_operator.py
[2024-04-27T09:48:45.640+0000] {processor.py:840} INFO - DAG(s) 'example_subdag_operator.section-1', 'example_subdag_operator.section-2', 'example_subdag_operator' retrieved from /home/airflow/.local/lib/python3.12/site-packages/airflow/example_dags/example_subdag_operator.py
[2024-04-27T09:48:45.690+0000] {logging_mixin.py:188} INFO - [2024-04-27T09:48:45.689+0000] {dag.py:3096} INFO - Sync 3 DAGs
[2024-04-27T09:48:46.136+0000] {logging_mixin.py:188} INFO - [2024-04-27T09:48:46.135+0000] {dag.py:3954} INFO - Setting next_dagrun for example_subdag_operator to 2022-01-01 00:00:00+00:00, run_after=2022-01-01 00:00:00+00:00
[2024-04-27T09:48:46.146+0000] {logging_mixin.py:188} INFO - [2024-04-27T09:48:46.145+0000] {dag.py:3954} INFO - Setting next_dagrun for example_subdag_operator.section-1 to None, run_after=None
[2024-04-27T09:48:46.151+0000] {logging_mixin.py:188} INFO - [2024-04-27T09:48:46.150+0000] {dag.py:3954} INFO - Setting next_dagrun for example_subdag_operator.section-2 to None, run_after=None
[2024-04-27T09:48:46.169+0000] {logging_mixin.py:188} INFO - [2024-04-27T09:48:46.169+0000] {dag.py:3096} INFO - Sync 2 DAGs
[2024-04-27T09:48:46.185+0000] {logging_mixin.py:188} INFO - [2024-04-27T09:48:46.185+0000] {dag.py:3954} INFO - Setting next_dagrun for example_subdag_operator.section-1 to None, run_after=None
[2024-04-27T09:48:46.186+0000] {logging_mixin.py:188} INFO - [2024-04-27T09:48:46.186+0000] {dag.py:3954} INFO - Setting next_dagrun for example_subdag_operator.section-2 to None, run_after=None
[2024-04-27T09:48:46.220+0000] {processor.py:183} INFO - Processing /home/airflow/.local/lib/python3.12/site-packages/airflow/example_dags/example_subdag_operator.py took 0.689 seconds
[2024-04-27T09:49:17.127+0000] {processor.py:161} INFO - Started process (PID=941) to work on /home/airflow/.local/lib/python3.12/site-packages/airflow/example_dags/example_subdag_operator.py
[2024-04-27T09:49:17.131+0000] {processor.py:830} INFO - Processing file /home/airflow/.local/lib/python3.12/site-packages/airflow/example_dags/example_subdag_operator.py for tasks to queue
[2024-04-27T09:49:17.139+0000] {logging_mixin.py:188} INFO - [2024-04-27T09:49:17.137+0000] {dagbag.py:540} INFO - Filling up the DagBag from /home/airflow/.local/lib/python3.12/site-packages/airflow/example_dags/example_subdag_operator.py
[2024-04-27T09:49:17.220+0000] {processor.py:840} INFO - DAG(s) 'example_subdag_operator.section-1', 'example_subdag_operator.section-2', 'example_subdag_operator' retrieved from /home/airflow/.local/lib/python3.12/site-packages/airflow/example_dags/example_subdag_operator.py
[2024-04-27T09:49:17.303+0000] {logging_mixin.py:188} INFO - [2024-04-27T09:49:17.302+0000] {dag.py:3096} INFO - Sync 3 DAGs
[2024-04-27T09:49:17.446+0000] {logging_mixin.py:188} INFO - [2024-04-27T09:49:17.445+0000] {dag.py:3954} INFO - Setting next_dagrun for example_subdag_operator to 2022-01-01 00:00:00+00:00, run_after=2022-01-01 00:00:00+00:00
[2024-04-27T09:49:17.459+0000] {logging_mixin.py:188} INFO - [2024-04-27T09:49:17.458+0000] {dag.py:3954} INFO - Setting next_dagrun for example_subdag_operator.section-1 to None, run_after=None
[2024-04-27T09:49:17.465+0000] {logging_mixin.py:188} INFO - [2024-04-27T09:49:17.465+0000] {dag.py:3954} INFO - Setting next_dagrun for example_subdag_operator.section-2 to None, run_after=None
[2024-04-27T09:49:18.018+0000] {logging_mixin.py:188} INFO - [2024-04-27T09:49:18.017+0000] {dag.py:3096} INFO - Sync 2 DAGs
[2024-04-27T09:49:18.048+0000] {logging_mixin.py:188} INFO - [2024-04-27T09:49:18.047+0000] {dag.py:3954} INFO - Setting next_dagrun for example_subdag_operator.section-1 to None, run_after=None
[2024-04-27T09:49:18.050+0000] {logging_mixin.py:188} INFO - [2024-04-27T09:49:18.049+0000] {dag.py:3954} INFO - Setting next_dagrun for example_subdag_operator.section-2 to None, run_after=None
[2024-04-27T09:49:18.117+0000] {processor.py:183} INFO - Processing /home/airflow/.local/lib/python3.12/site-packages/airflow/example_dags/example_subdag_operator.py took 1.008 seconds
[2024-04-27T09:49:49.182+0000] {processor.py:161} INFO - Started process (PID=1000) to work on /home/airflow/.local/lib/python3.12/site-packages/airflow/example_dags/example_subdag_operator.py
[2024-04-27T09:49:49.184+0000] {processor.py:830} INFO - Processing file /home/airflow/.local/lib/python3.12/site-packages/airflow/example_dags/example_subdag_operator.py for tasks to queue
[2024-04-27T09:49:49.189+0000] {logging_mixin.py:188} INFO - [2024-04-27T09:49:49.188+0000] {dagbag.py:540} INFO - Filling up the DagBag from /home/airflow/.local/lib/python3.12/site-packages/airflow/example_dags/example_subdag_operator.py
[2024-04-27T09:49:49.249+0000] {processor.py:840} INFO - DAG(s) 'example_subdag_operator.section-1', 'example_subdag_operator.section-2', 'example_subdag_operator' retrieved from /home/airflow/.local/lib/python3.12/site-packages/airflow/example_dags/example_subdag_operator.py
[2024-04-27T09:49:49.309+0000] {logging_mixin.py:188} INFO - [2024-04-27T09:49:49.308+0000] {dag.py:3096} INFO - Sync 3 DAGs
[2024-04-27T09:49:49.383+0000] {logging_mixin.py:188} INFO - [2024-04-27T09:49:49.382+0000] {dag.py:3954} INFO - Setting next_dagrun for example_subdag_operator to 2022-01-01 00:00:00+00:00, run_after=2022-01-01 00:00:00+00:00
[2024-04-27T09:49:49.396+0000] {logging_mixin.py:188} INFO - [2024-04-27T09:49:49.395+0000] {dag.py:3954} INFO - Setting next_dagrun for example_subdag_operator.section-1 to None, run_after=None
[2024-04-27T09:49:49.401+0000] {logging_mixin.py:188} INFO - [2024-04-27T09:49:49.400+0000] {dag.py:3954} INFO - Setting next_dagrun for example_subdag_operator.section-2 to None, run_after=None
[2024-04-27T09:49:49.422+0000] {logging_mixin.py:188} INFO - [2024-04-27T09:49:49.421+0000] {dag.py:3096} INFO - Sync 2 DAGs
[2024-04-27T09:49:49.458+0000] {logging_mixin.py:188} INFO - [2024-04-27T09:49:49.458+0000] {dag.py:3954} INFO - Setting next_dagrun for example_subdag_operator.section-1 to None, run_after=None
[2024-04-27T09:49:49.468+0000] {logging_mixin.py:188} INFO - [2024-04-27T09:49:49.467+0000] {dag.py:3954} INFO - Setting next_dagrun for example_subdag_operator.section-2 to None, run_after=None
[2024-04-27T09:49:49.510+0000] {processor.py:183} INFO - Processing /home/airflow/.local/lib/python3.12/site-packages/airflow/example_dags/example_subdag_operator.py took 0.341 seconds
[2024-04-27T09:50:20.063+0000] {processor.py:161} INFO - Started process (PID=1058) to work on /home/airflow/.local/lib/python3.12/site-packages/airflow/example_dags/example_subdag_operator.py
[2024-04-27T09:50:20.065+0000] {processor.py:830} INFO - Processing file /home/airflow/.local/lib/python3.12/site-packages/airflow/example_dags/example_subdag_operator.py for tasks to queue
[2024-04-27T09:50:20.263+0000] {logging_mixin.py:188} INFO - [2024-04-27T09:50:20.263+0000] {dagbag.py:540} INFO - Filling up the DagBag from /home/airflow/.local/lib/python3.12/site-packages/airflow/example_dags/example_subdag_operator.py
[2024-04-27T09:50:20.301+0000] {processor.py:840} INFO - DAG(s) 'example_subdag_operator.section-1', 'example_subdag_operator.section-2', 'example_subdag_operator' retrieved from /home/airflow/.local/lib/python3.12/site-packages/airflow/example_dags/example_subdag_operator.py
[2024-04-27T09:50:20.329+0000] {logging_mixin.py:188} INFO - [2024-04-27T09:50:20.329+0000] {dag.py:3096} INFO - Sync 3 DAGs
[2024-04-27T09:50:20.367+0000] {logging_mixin.py:188} INFO - [2024-04-27T09:50:20.367+0000] {dag.py:3954} INFO - Setting next_dagrun for example_subdag_operator to 2022-01-01 00:00:00+00:00, run_after=2022-01-01 00:00:00+00:00
[2024-04-27T09:50:20.376+0000] {logging_mixin.py:188} INFO - [2024-04-27T09:50:20.376+0000] {dag.py:3954} INFO - Setting next_dagrun for example_subdag_operator.section-1 to None, run_after=None
[2024-04-27T09:50:20.380+0000] {logging_mixin.py:188} INFO - [2024-04-27T09:50:20.379+0000] {dag.py:3954} INFO - Setting next_dagrun for example_subdag_operator.section-2 to None, run_after=None
[2024-04-27T09:50:20.392+0000] {logging_mixin.py:188} INFO - [2024-04-27T09:50:20.392+0000] {dag.py:3096} INFO - Sync 2 DAGs
[2024-04-27T09:50:20.403+0000] {logging_mixin.py:188} INFO - [2024-04-27T09:50:20.402+0000] {dag.py:3954} INFO - Setting next_dagrun for example_subdag_operator.section-1 to None, run_after=None
[2024-04-27T09:50:20.404+0000] {logging_mixin.py:188} INFO - [2024-04-27T09:50:20.404+0000] {dag.py:3954} INFO - Setting next_dagrun for example_subdag_operator.section-2 to None, run_after=None
[2024-04-27T09:50:20.458+0000] {processor.py:183} INFO - Processing /home/airflow/.local/lib/python3.12/site-packages/airflow/example_dags/example_subdag_operator.py took 0.405 seconds
[2024-04-27T09:50:51.457+0000] {processor.py:161} INFO - Started process (PID=1122) to work on /home/airflow/.local/lib/python3.12/site-packages/airflow/example_dags/example_subdag_operator.py
[2024-04-27T09:50:51.459+0000] {processor.py:830} INFO - Processing file /home/airflow/.local/lib/python3.12/site-packages/airflow/example_dags/example_subdag_operator.py for tasks to queue
[2024-04-27T09:50:51.464+0000] {logging_mixin.py:188} INFO - [2024-04-27T09:50:51.463+0000] {dagbag.py:540} INFO - Filling up the DagBag from /home/airflow/.local/lib/python3.12/site-packages/airflow/example_dags/example_subdag_operator.py
[2024-04-27T09:50:51.531+0000] {processor.py:840} INFO - DAG(s) 'example_subdag_operator.section-1', 'example_subdag_operator.section-2', 'example_subdag_operator' retrieved from /home/airflow/.local/lib/python3.12/site-packages/airflow/example_dags/example_subdag_operator.py
[2024-04-27T09:50:51.594+0000] {logging_mixin.py:188} INFO - [2024-04-27T09:50:51.593+0000] {dag.py:3096} INFO - Sync 3 DAGs
[2024-04-27T09:50:51.649+0000] {logging_mixin.py:188} INFO - [2024-04-27T09:50:51.648+0000] {dag.py:3954} INFO - Setting next_dagrun for example_subdag_operator to 2022-01-01 00:00:00+00:00, run_after=2022-01-01 00:00:00+00:00
[2024-04-27T09:50:51.658+0000] {logging_mixin.py:188} INFO - [2024-04-27T09:50:51.658+0000] {dag.py:3954} INFO - Setting next_dagrun for example_subdag_operator.section-1 to None, run_after=None
[2024-04-27T09:50:51.662+0000] {logging_mixin.py:188} INFO - [2024-04-27T09:50:51.662+0000] {dag.py:3954} INFO - Setting next_dagrun for example_subdag_operator.section-2 to None, run_after=None
[2024-04-27T09:50:51.677+0000] {logging_mixin.py:188} INFO - [2024-04-27T09:50:51.677+0000] {dag.py:3096} INFO - Sync 2 DAGs
[2024-04-27T09:50:51.688+0000] {logging_mixin.py:188} INFO - [2024-04-27T09:50:51.688+0000] {dag.py:3954} INFO - Setting next_dagrun for example_subdag_operator.section-1 to None, run_after=None
[2024-04-27T09:50:51.690+0000] {logging_mixin.py:188} INFO - [2024-04-27T09:50:51.689+0000] {dag.py:3954} INFO - Setting next_dagrun for example_subdag_operator.section-2 to None, run_after=None
[2024-04-27T09:50:51.714+0000] {processor.py:183} INFO - Processing /home/airflow/.local/lib/python3.12/site-packages/airflow/example_dags/example_subdag_operator.py took 0.275 seconds
[2024-04-27T09:51:21.957+0000] {processor.py:161} INFO - Started process (PID=1180) to work on /home/airflow/.local/lib/python3.12/site-packages/airflow/example_dags/example_subdag_operator.py
[2024-04-27T09:51:21.960+0000] {processor.py:830} INFO - Processing file /home/airflow/.local/lib/python3.12/site-packages/airflow/example_dags/example_subdag_operator.py for tasks to queue
[2024-04-27T09:51:21.963+0000] {logging_mixin.py:188} INFO - [2024-04-27T09:51:21.963+0000] {dagbag.py:540} INFO - Filling up the DagBag from /home/airflow/.local/lib/python3.12/site-packages/airflow/example_dags/example_subdag_operator.py
[2024-04-27T09:51:22.009+0000] {processor.py:840} INFO - DAG(s) 'example_subdag_operator.section-1', 'example_subdag_operator.section-2', 'example_subdag_operator' retrieved from /home/airflow/.local/lib/python3.12/site-packages/airflow/example_dags/example_subdag_operator.py
[2024-04-27T09:51:22.047+0000] {logging_mixin.py:188} INFO - [2024-04-27T09:51:22.047+0000] {dag.py:3096} INFO - Sync 3 DAGs
[2024-04-27T09:51:22.099+0000] {logging_mixin.py:188} INFO - [2024-04-27T09:51:22.099+0000] {dag.py:3954} INFO - Setting next_dagrun for example_subdag_operator to 2022-01-01 00:00:00+00:00, run_after=2022-01-01 00:00:00+00:00
[2024-04-27T09:51:22.121+0000] {logging_mixin.py:188} INFO - [2024-04-27T09:51:22.121+0000] {dag.py:3954} INFO - Setting next_dagrun for example_subdag_operator.section-1 to None, run_after=None
[2024-04-27T09:51:22.125+0000] {logging_mixin.py:188} INFO - [2024-04-27T09:51:22.124+0000] {dag.py:3954} INFO - Setting next_dagrun for example_subdag_operator.section-2 to None, run_after=None
[2024-04-27T09:51:22.142+0000] {logging_mixin.py:188} INFO - [2024-04-27T09:51:22.141+0000] {dag.py:3096} INFO - Sync 2 DAGs
[2024-04-27T09:51:22.152+0000] {logging_mixin.py:188} INFO - [2024-04-27T09:51:22.152+0000] {dag.py:3954} INFO - Setting next_dagrun for example_subdag_operator.section-1 to None, run_after=None
[2024-04-27T09:51:22.154+0000] {logging_mixin.py:188} INFO - [2024-04-27T09:51:22.153+0000] {dag.py:3954} INFO - Setting next_dagrun for example_subdag_operator.section-2 to None, run_after=None
[2024-04-27T09:51:22.183+0000] {processor.py:183} INFO - Processing /home/airflow/.local/lib/python3.12/site-packages/airflow/example_dags/example_subdag_operator.py took 0.242 seconds
[2024-04-27T09:51:52.445+0000] {processor.py:161} INFO - Started process (PID=1238) to work on /home/airflow/.local/lib/python3.12/site-packages/airflow/example_dags/example_subdag_operator.py
[2024-04-27T09:51:52.448+0000] {processor.py:830} INFO - Processing file /home/airflow/.local/lib/python3.12/site-packages/airflow/example_dags/example_subdag_operator.py for tasks to queue
[2024-04-27T09:51:52.453+0000] {logging_mixin.py:188} INFO - [2024-04-27T09:51:52.452+0000] {dagbag.py:540} INFO - Filling up the DagBag from /home/airflow/.local/lib/python3.12/site-packages/airflow/example_dags/example_subdag_operator.py
[2024-04-27T09:51:52.530+0000] {processor.py:840} INFO - DAG(s) 'example_subdag_operator.section-1', 'example_subdag_operator.section-2', 'example_subdag_operator' retrieved from /home/airflow/.local/lib/python3.12/site-packages/airflow/example_dags/example_subdag_operator.py
[2024-04-27T09:51:52.581+0000] {logging_mixin.py:188} INFO - [2024-04-27T09:51:52.580+0000] {dag.py:3096} INFO - Sync 3 DAGs
[2024-04-27T09:51:52.650+0000] {logging_mixin.py:188} INFO - [2024-04-27T09:51:52.650+0000] {dag.py:3954} INFO - Setting next_dagrun for example_subdag_operator to 2022-01-01 00:00:00+00:00, run_after=2022-01-01 00:00:00+00:00
[2024-04-27T09:51:52.662+0000] {logging_mixin.py:188} INFO - [2024-04-27T09:51:52.662+0000] {dag.py:3954} INFO - Setting next_dagrun for example_subdag_operator.section-1 to None, run_after=None
[2024-04-27T09:51:52.667+0000] {logging_mixin.py:188} INFO - [2024-04-27T09:51:52.667+0000] {dag.py:3954} INFO - Setting next_dagrun for example_subdag_operator.section-2 to None, run_after=None
[2024-04-27T09:51:52.685+0000] {logging_mixin.py:188} INFO - [2024-04-27T09:51:52.685+0000] {dag.py:3096} INFO - Sync 2 DAGs
[2024-04-27T09:51:52.702+0000] {logging_mixin.py:188} INFO - [2024-04-27T09:51:52.701+0000] {dag.py:3954} INFO - Setting next_dagrun for example_subdag_operator.section-1 to None, run_after=None
[2024-04-27T09:51:52.705+0000] {logging_mixin.py:188} INFO - [2024-04-27T09:51:52.704+0000] {dag.py:3954} INFO - Setting next_dagrun for example_subdag_operator.section-2 to None, run_after=None
[2024-04-27T09:51:52.732+0000] {processor.py:183} INFO - Processing /home/airflow/.local/lib/python3.12/site-packages/airflow/example_dags/example_subdag_operator.py took 0.307 seconds
