[2024-04-27T09:41:25.302+0000] {processor.py:161} INFO - Started process (PID=64) to work on /home/airflow/.local/lib/python3.12/site-packages/airflow/example_dags/example_complex.py
[2024-04-27T09:41:25.303+0000] {processor.py:830} INFO - Processing file /home/airflow/.local/lib/python3.12/site-packages/airflow/example_dags/example_complex.py for tasks to queue
[2024-04-27T09:41:25.306+0000] {logging_mixin.py:188} INFO - [2024-04-27T09:41:25.305+0000] {dagbag.py:540} INFO - Filling up the DagBag from /home/airflow/.local/lib/python3.12/site-packages/airflow/example_dags/example_complex.py
[2024-04-27T09:41:25.323+0000] {processor.py:840} INFO - DAG(s) 'example_complex' retrieved from /home/airflow/.local/lib/python3.12/site-packages/airflow/example_dags/example_complex.py
[2024-04-27T09:41:25.478+0000] {logging_mixin.py:188} INFO - [2024-04-27T09:41:25.478+0000] {dag.py:3096} INFO - Sync 1 DAGs
[2024-04-27T09:41:25.496+0000] {logging_mixin.py:188} INFO - [2024-04-27T09:41:25.496+0000] {dag.py:3954} INFO - Setting next_dagrun for example_complex to None, run_after=None
[2024-04-27T09:41:25.532+0000] {processor.py:183} INFO - Processing /home/airflow/.local/lib/python3.12/site-packages/airflow/example_dags/example_complex.py took 0.237 seconds
[2024-04-27T09:41:55.756+0000] {processor.py:161} INFO - Started process (PID=122) to work on /home/airflow/.local/lib/python3.12/site-packages/airflow/example_dags/example_complex.py
[2024-04-27T09:41:55.758+0000] {processor.py:830} INFO - Processing file /home/airflow/.local/lib/python3.12/site-packages/airflow/example_dags/example_complex.py for tasks to queue
[2024-04-27T09:41:55.761+0000] {logging_mixin.py:188} INFO - [2024-04-27T09:41:55.760+0000] {dagbag.py:540} INFO - Filling up the DagBag from /home/airflow/.local/lib/python3.12/site-packages/airflow/example_dags/example_complex.py
[2024-04-27T09:41:55.778+0000] {processor.py:840} INFO - DAG(s) 'example_complex' retrieved from /home/airflow/.local/lib/python3.12/site-packages/airflow/example_dags/example_complex.py
[2024-04-27T09:41:55.853+0000] {logging_mixin.py:188} INFO - [2024-04-27T09:41:55.853+0000] {dag.py:3096} INFO - Sync 1 DAGs
[2024-04-27T09:41:55.880+0000] {logging_mixin.py:188} INFO - [2024-04-27T09:41:55.880+0000] {dag.py:3954} INFO - Setting next_dagrun for example_complex to None, run_after=None
[2024-04-27T09:41:55.921+0000] {processor.py:183} INFO - Processing /home/airflow/.local/lib/python3.12/site-packages/airflow/example_dags/example_complex.py took 0.173 seconds
[2024-04-27T09:42:26.744+0000] {processor.py:161} INFO - Started process (PID=179) to work on /home/airflow/.local/lib/python3.12/site-packages/airflow/example_dags/example_complex.py
[2024-04-27T09:42:26.746+0000] {processor.py:830} INFO - Processing file /home/airflow/.local/lib/python3.12/site-packages/airflow/example_dags/example_complex.py for tasks to queue
[2024-04-27T09:42:26.748+0000] {logging_mixin.py:188} INFO - [2024-04-27T09:42:26.748+0000] {dagbag.py:540} INFO - Filling up the DagBag from /home/airflow/.local/lib/python3.12/site-packages/airflow/example_dags/example_complex.py
[2024-04-27T09:42:26.764+0000] {processor.py:840} INFO - DAG(s) 'example_complex' retrieved from /home/airflow/.local/lib/python3.12/site-packages/airflow/example_dags/example_complex.py
[2024-04-27T09:42:26.802+0000] {logging_mixin.py:188} INFO - [2024-04-27T09:42:26.802+0000] {dag.py:3096} INFO - Sync 1 DAGs
[2024-04-27T09:42:26.819+0000] {logging_mixin.py:188} INFO - [2024-04-27T09:42:26.818+0000] {dag.py:3954} INFO - Setting next_dagrun for example_complex to None, run_after=None
[2024-04-27T09:42:26.847+0000] {processor.py:183} INFO - Processing /home/airflow/.local/lib/python3.12/site-packages/airflow/example_dags/example_complex.py took 0.110 seconds
[2024-04-27T09:42:57.069+0000] {processor.py:161} INFO - Started process (PID=237) to work on /home/airflow/.local/lib/python3.12/site-packages/airflow/example_dags/example_complex.py
[2024-04-27T09:42:57.070+0000] {processor.py:830} INFO - Processing file /home/airflow/.local/lib/python3.12/site-packages/airflow/example_dags/example_complex.py for tasks to queue
[2024-04-27T09:42:57.072+0000] {logging_mixin.py:188} INFO - [2024-04-27T09:42:57.072+0000] {dagbag.py:540} INFO - Filling up the DagBag from /home/airflow/.local/lib/python3.12/site-packages/airflow/example_dags/example_complex.py
[2024-04-27T09:42:57.084+0000] {processor.py:840} INFO - DAG(s) 'example_complex' retrieved from /home/airflow/.local/lib/python3.12/site-packages/airflow/example_dags/example_complex.py
[2024-04-27T09:42:57.126+0000] {logging_mixin.py:188} INFO - [2024-04-27T09:42:57.126+0000] {dag.py:3096} INFO - Sync 1 DAGs
[2024-04-27T09:42:57.143+0000] {logging_mixin.py:188} INFO - [2024-04-27T09:42:57.142+0000] {dag.py:3954} INFO - Setting next_dagrun for example_complex to None, run_after=None
[2024-04-27T09:42:57.168+0000] {processor.py:183} INFO - Processing /home/airflow/.local/lib/python3.12/site-packages/airflow/example_dags/example_complex.py took 0.104 seconds
[2024-04-27T09:43:27.242+0000] {processor.py:161} INFO - Started process (PID=295) to work on /home/airflow/.local/lib/python3.12/site-packages/airflow/example_dags/example_complex.py
[2024-04-27T09:43:27.244+0000] {processor.py:830} INFO - Processing file /home/airflow/.local/lib/python3.12/site-packages/airflow/example_dags/example_complex.py for tasks to queue
[2024-04-27T09:43:27.246+0000] {logging_mixin.py:188} INFO - [2024-04-27T09:43:27.246+0000] {dagbag.py:540} INFO - Filling up the DagBag from /home/airflow/.local/lib/python3.12/site-packages/airflow/example_dags/example_complex.py
[2024-04-27T09:43:27.259+0000] {processor.py:840} INFO - DAG(s) 'example_complex' retrieved from /home/airflow/.local/lib/python3.12/site-packages/airflow/example_dags/example_complex.py
[2024-04-27T09:43:27.306+0000] {logging_mixin.py:188} INFO - [2024-04-27T09:43:27.306+0000] {dag.py:3096} INFO - Sync 1 DAGs
[2024-04-27T09:43:27.324+0000] {logging_mixin.py:188} INFO - [2024-04-27T09:43:27.323+0000] {dag.py:3954} INFO - Setting next_dagrun for example_complex to None, run_after=None
[2024-04-27T09:43:27.357+0000] {processor.py:183} INFO - Processing /home/airflow/.local/lib/python3.12/site-packages/airflow/example_dags/example_complex.py took 0.121 seconds
[2024-04-27T09:43:57.972+0000] {processor.py:161} INFO - Started process (PID=353) to work on /home/airflow/.local/lib/python3.12/site-packages/airflow/example_dags/example_complex.py
[2024-04-27T09:43:57.973+0000] {processor.py:830} INFO - Processing file /home/airflow/.local/lib/python3.12/site-packages/airflow/example_dags/example_complex.py for tasks to queue
[2024-04-27T09:43:57.976+0000] {logging_mixin.py:188} INFO - [2024-04-27T09:43:57.976+0000] {dagbag.py:540} INFO - Filling up the DagBag from /home/airflow/.local/lib/python3.12/site-packages/airflow/example_dags/example_complex.py
[2024-04-27T09:43:57.995+0000] {processor.py:840} INFO - DAG(s) 'example_complex' retrieved from /home/airflow/.local/lib/python3.12/site-packages/airflow/example_dags/example_complex.py
[2024-04-27T09:43:58.049+0000] {logging_mixin.py:188} INFO - [2024-04-27T09:43:58.049+0000] {dag.py:3096} INFO - Sync 1 DAGs
[2024-04-27T09:43:58.072+0000] {logging_mixin.py:188} INFO - [2024-04-27T09:43:58.071+0000] {dag.py:3954} INFO - Setting next_dagrun for example_complex to None, run_after=None
[2024-04-27T09:43:58.104+0000] {processor.py:183} INFO - Processing /home/airflow/.local/lib/python3.12/site-packages/airflow/example_dags/example_complex.py took 0.140 seconds
[2024-04-27T09:44:28.962+0000] {processor.py:161} INFO - Started process (PID=411) to work on /home/airflow/.local/lib/python3.12/site-packages/airflow/example_dags/example_complex.py
[2024-04-27T09:44:28.963+0000] {processor.py:830} INFO - Processing file /home/airflow/.local/lib/python3.12/site-packages/airflow/example_dags/example_complex.py for tasks to queue
[2024-04-27T09:44:28.967+0000] {logging_mixin.py:188} INFO - [2024-04-27T09:44:28.967+0000] {dagbag.py:540} INFO - Filling up the DagBag from /home/airflow/.local/lib/python3.12/site-packages/airflow/example_dags/example_complex.py
[2024-04-27T09:44:28.990+0000] {processor.py:840} INFO - DAG(s) 'example_complex' retrieved from /home/airflow/.local/lib/python3.12/site-packages/airflow/example_dags/example_complex.py
[2024-04-27T09:44:29.051+0000] {logging_mixin.py:188} INFO - [2024-04-27T09:44:29.050+0000] {dag.py:3096} INFO - Sync 1 DAGs
[2024-04-27T09:44:29.074+0000] {logging_mixin.py:188} INFO - [2024-04-27T09:44:29.074+0000] {dag.py:3954} INFO - Setting next_dagrun for example_complex to None, run_after=None
[2024-04-27T09:44:29.118+0000] {processor.py:183} INFO - Processing /home/airflow/.local/lib/python3.12/site-packages/airflow/example_dags/example_complex.py took 0.166 seconds
[2024-04-27T09:44:59.499+0000] {processor.py:161} INFO - Started process (PID=469) to work on /home/airflow/.local/lib/python3.12/site-packages/airflow/example_dags/example_complex.py
[2024-04-27T09:44:59.500+0000] {processor.py:830} INFO - Processing file /home/airflow/.local/lib/python3.12/site-packages/airflow/example_dags/example_complex.py for tasks to queue
[2024-04-27T09:44:59.503+0000] {logging_mixin.py:188} INFO - [2024-04-27T09:44:59.502+0000] {dagbag.py:540} INFO - Filling up the DagBag from /home/airflow/.local/lib/python3.12/site-packages/airflow/example_dags/example_complex.py
[2024-04-27T09:44:59.515+0000] {processor.py:840} INFO - DAG(s) 'example_complex' retrieved from /home/airflow/.local/lib/python3.12/site-packages/airflow/example_dags/example_complex.py
[2024-04-27T09:44:59.558+0000] {logging_mixin.py:188} INFO - [2024-04-27T09:44:59.557+0000] {dag.py:3096} INFO - Sync 1 DAGs
[2024-04-27T09:44:59.575+0000] {logging_mixin.py:188} INFO - [2024-04-27T09:44:59.575+0000] {dag.py:3954} INFO - Setting next_dagrun for example_complex to None, run_after=None
[2024-04-27T09:44:59.619+0000] {processor.py:183} INFO - Processing /home/airflow/.local/lib/python3.12/site-packages/airflow/example_dags/example_complex.py took 0.130 seconds
[2024-04-27T09:45:30.053+0000] {processor.py:161} INFO - Started process (PID=526) to work on /home/airflow/.local/lib/python3.12/site-packages/airflow/example_dags/example_complex.py
[2024-04-27T09:45:30.055+0000] {processor.py:830} INFO - Processing file /home/airflow/.local/lib/python3.12/site-packages/airflow/example_dags/example_complex.py for tasks to queue
[2024-04-27T09:45:30.057+0000] {logging_mixin.py:188} INFO - [2024-04-27T09:45:30.057+0000] {dagbag.py:540} INFO - Filling up the DagBag from /home/airflow/.local/lib/python3.12/site-packages/airflow/example_dags/example_complex.py
[2024-04-27T09:45:30.069+0000] {processor.py:840} INFO - DAG(s) 'example_complex' retrieved from /home/airflow/.local/lib/python3.12/site-packages/airflow/example_dags/example_complex.py
[2024-04-27T09:45:30.114+0000] {logging_mixin.py:188} INFO - [2024-04-27T09:45:30.114+0000] {dag.py:3096} INFO - Sync 1 DAGs
[2024-04-27T09:45:30.133+0000] {logging_mixin.py:188} INFO - [2024-04-27T09:45:30.133+0000] {dag.py:3954} INFO - Setting next_dagrun for example_complex to None, run_after=None
[2024-04-27T09:45:30.163+0000] {processor.py:183} INFO - Processing /home/airflow/.local/lib/python3.12/site-packages/airflow/example_dags/example_complex.py took 0.116 seconds
[2024-04-27T09:46:00.862+0000] {processor.py:161} INFO - Started process (PID=585) to work on /home/airflow/.local/lib/python3.12/site-packages/airflow/example_dags/example_complex.py
[2024-04-27T09:46:00.865+0000] {processor.py:830} INFO - Processing file /home/airflow/.local/lib/python3.12/site-packages/airflow/example_dags/example_complex.py for tasks to queue
[2024-04-27T09:46:00.868+0000] {logging_mixin.py:188} INFO - [2024-04-27T09:46:00.867+0000] {dagbag.py:540} INFO - Filling up the DagBag from /home/airflow/.local/lib/python3.12/site-packages/airflow/example_dags/example_complex.py
[2024-04-27T09:46:00.905+0000] {processor.py:840} INFO - DAG(s) 'example_complex' retrieved from /home/airflow/.local/lib/python3.12/site-packages/airflow/example_dags/example_complex.py
[2024-04-27T09:46:01.007+0000] {logging_mixin.py:188} INFO - [2024-04-27T09:46:01.006+0000] {dag.py:3096} INFO - Sync 1 DAGs
[2024-04-27T09:46:01.042+0000] {logging_mixin.py:188} INFO - [2024-04-27T09:46:01.041+0000] {dag.py:3954} INFO - Setting next_dagrun for example_complex to None, run_after=None
[2024-04-27T09:46:01.089+0000] {processor.py:183} INFO - Processing /home/airflow/.local/lib/python3.12/site-packages/airflow/example_dags/example_complex.py took 0.245 seconds
[2024-04-27T09:46:31.746+0000] {processor.py:161} INFO - Started process (PID=643) to work on /home/airflow/.local/lib/python3.12/site-packages/airflow/example_dags/example_complex.py
[2024-04-27T09:46:31.747+0000] {processor.py:830} INFO - Processing file /home/airflow/.local/lib/python3.12/site-packages/airflow/example_dags/example_complex.py for tasks to queue
[2024-04-27T09:46:31.749+0000] {logging_mixin.py:188} INFO - [2024-04-27T09:46:31.749+0000] {dagbag.py:540} INFO - Filling up the DagBag from /home/airflow/.local/lib/python3.12/site-packages/airflow/example_dags/example_complex.py
[2024-04-27T09:46:31.772+0000] {processor.py:840} INFO - DAG(s) 'example_complex' retrieved from /home/airflow/.local/lib/python3.12/site-packages/airflow/example_dags/example_complex.py
[2024-04-27T09:46:31.814+0000] {logging_mixin.py:188} INFO - [2024-04-27T09:46:31.814+0000] {dag.py:3096} INFO - Sync 1 DAGs
[2024-04-27T09:46:31.838+0000] {logging_mixin.py:188} INFO - [2024-04-27T09:46:31.837+0000] {dag.py:3954} INFO - Setting next_dagrun for example_complex to None, run_after=None
[2024-04-27T09:46:31.864+0000] {processor.py:183} INFO - Processing /home/airflow/.local/lib/python3.12/site-packages/airflow/example_dags/example_complex.py took 0.125 seconds
[2024-04-27T09:47:02.330+0000] {processor.py:161} INFO - Started process (PID=701) to work on /home/airflow/.local/lib/python3.12/site-packages/airflow/example_dags/example_complex.py
[2024-04-27T09:47:02.331+0000] {processor.py:830} INFO - Processing file /home/airflow/.local/lib/python3.12/site-packages/airflow/example_dags/example_complex.py for tasks to queue
[2024-04-27T09:47:02.333+0000] {logging_mixin.py:188} INFO - [2024-04-27T09:47:02.333+0000] {dagbag.py:540} INFO - Filling up the DagBag from /home/airflow/.local/lib/python3.12/site-packages/airflow/example_dags/example_complex.py
[2024-04-27T09:47:02.348+0000] {processor.py:840} INFO - DAG(s) 'example_complex' retrieved from /home/airflow/.local/lib/python3.12/site-packages/airflow/example_dags/example_complex.py
[2024-04-27T09:47:02.398+0000] {logging_mixin.py:188} INFO - [2024-04-27T09:47:02.397+0000] {dag.py:3096} INFO - Sync 1 DAGs
[2024-04-27T09:47:02.415+0000] {logging_mixin.py:188} INFO - [2024-04-27T09:47:02.415+0000] {dag.py:3954} INFO - Setting next_dagrun for example_complex to None, run_after=None
[2024-04-27T09:47:02.442+0000] {processor.py:183} INFO - Processing /home/airflow/.local/lib/python3.12/site-packages/airflow/example_dags/example_complex.py took 0.120 seconds
[2024-04-27T09:47:32.483+0000] {processor.py:161} INFO - Started process (PID=759) to work on /home/airflow/.local/lib/python3.12/site-packages/airflow/example_dags/example_complex.py
[2024-04-27T09:47:32.485+0000] {processor.py:830} INFO - Processing file /home/airflow/.local/lib/python3.12/site-packages/airflow/example_dags/example_complex.py for tasks to queue
[2024-04-27T09:47:32.487+0000] {logging_mixin.py:188} INFO - [2024-04-27T09:47:32.487+0000] {dagbag.py:540} INFO - Filling up the DagBag from /home/airflow/.local/lib/python3.12/site-packages/airflow/example_dags/example_complex.py
[2024-04-27T09:47:32.499+0000] {processor.py:840} INFO - DAG(s) 'example_complex' retrieved from /home/airflow/.local/lib/python3.12/site-packages/airflow/example_dags/example_complex.py
[2024-04-27T09:47:32.544+0000] {logging_mixin.py:188} INFO - [2024-04-27T09:47:32.543+0000] {dag.py:3096} INFO - Sync 1 DAGs
[2024-04-27T09:47:32.560+0000] {logging_mixin.py:188} INFO - [2024-04-27T09:47:32.559+0000] {dag.py:3954} INFO - Setting next_dagrun for example_complex to None, run_after=None
[2024-04-27T09:47:32.587+0000] {processor.py:183} INFO - Processing /home/airflow/.local/lib/python3.12/site-packages/airflow/example_dags/example_complex.py took 0.111 seconds
[2024-04-27T09:48:04.452+0000] {processor.py:161} INFO - Started process (PID=817) to work on /home/airflow/.local/lib/python3.12/site-packages/airflow/example_dags/example_complex.py
[2024-04-27T09:48:04.453+0000] {processor.py:830} INFO - Processing file /home/airflow/.local/lib/python3.12/site-packages/airflow/example_dags/example_complex.py for tasks to queue
[2024-04-27T09:48:04.456+0000] {logging_mixin.py:188} INFO - [2024-04-27T09:48:04.455+0000] {dagbag.py:540} INFO - Filling up the DagBag from /home/airflow/.local/lib/python3.12/site-packages/airflow/example_dags/example_complex.py
[2024-04-27T09:48:04.469+0000] {processor.py:840} INFO - DAG(s) 'example_complex' retrieved from /home/airflow/.local/lib/python3.12/site-packages/airflow/example_dags/example_complex.py
[2024-04-27T09:48:04.528+0000] {logging_mixin.py:188} INFO - [2024-04-27T09:48:04.527+0000] {dag.py:3096} INFO - Sync 1 DAGs
[2024-04-27T09:48:04.550+0000] {logging_mixin.py:188} INFO - [2024-04-27T09:48:04.550+0000] {dag.py:3954} INFO - Setting next_dagrun for example_complex to None, run_after=None
[2024-04-27T09:48:04.578+0000] {processor.py:183} INFO - Processing /home/airflow/.local/lib/python3.12/site-packages/airflow/example_dags/example_complex.py took 0.138 seconds
[2024-04-27T09:48:38.349+0000] {processor.py:161} INFO - Started process (PID=875) to work on /home/airflow/.local/lib/python3.12/site-packages/airflow/example_dags/example_complex.py
[2024-04-27T09:48:38.352+0000] {processor.py:830} INFO - Processing file /home/airflow/.local/lib/python3.12/site-packages/airflow/example_dags/example_complex.py for tasks to queue
[2024-04-27T09:48:38.357+0000] {logging_mixin.py:188} INFO - [2024-04-27T09:48:38.356+0000] {dagbag.py:540} INFO - Filling up the DagBag from /home/airflow/.local/lib/python3.12/site-packages/airflow/example_dags/example_complex.py
[2024-04-27T09:48:38.384+0000] {processor.py:840} INFO - DAG(s) 'example_complex' retrieved from /home/airflow/.local/lib/python3.12/site-packages/airflow/example_dags/example_complex.py
[2024-04-27T09:48:38.478+0000] {logging_mixin.py:188} INFO - [2024-04-27T09:48:38.478+0000] {dag.py:3096} INFO - Sync 1 DAGs
[2024-04-27T09:48:38.896+0000] {logging_mixin.py:188} INFO - [2024-04-27T09:48:38.895+0000] {dag.py:3954} INFO - Setting next_dagrun for example_complex to None, run_after=None
[2024-04-27T09:48:38.966+0000] {processor.py:183} INFO - Processing /home/airflow/.local/lib/python3.12/site-packages/airflow/example_dags/example_complex.py took 0.630 seconds
[2024-04-27T09:49:09.351+0000] {processor.py:161} INFO - Started process (PID=933) to work on /home/airflow/.local/lib/python3.12/site-packages/airflow/example_dags/example_complex.py
[2024-04-27T09:49:09.353+0000] {processor.py:830} INFO - Processing file /home/airflow/.local/lib/python3.12/site-packages/airflow/example_dags/example_complex.py for tasks to queue
[2024-04-27T09:49:09.357+0000] {logging_mixin.py:188} INFO - [2024-04-27T09:49:09.356+0000] {dagbag.py:540} INFO - Filling up the DagBag from /home/airflow/.local/lib/python3.12/site-packages/airflow/example_dags/example_complex.py
[2024-04-27T09:49:09.380+0000] {processor.py:840} INFO - DAG(s) 'example_complex' retrieved from /home/airflow/.local/lib/python3.12/site-packages/airflow/example_dags/example_complex.py
[2024-04-27T09:49:09.478+0000] {logging_mixin.py:188} INFO - [2024-04-27T09:49:09.478+0000] {dag.py:3096} INFO - Sync 1 DAGs
[2024-04-27T09:49:09.535+0000] {logging_mixin.py:188} INFO - [2024-04-27T09:49:09.534+0000] {dag.py:3954} INFO - Setting next_dagrun for example_complex to None, run_after=None
[2024-04-27T09:49:09.636+0000] {processor.py:183} INFO - Processing /home/airflow/.local/lib/python3.12/site-packages/airflow/example_dags/example_complex.py took 0.301 seconds
[2024-04-27T09:49:39.856+0000] {processor.py:161} INFO - Started process (PID=992) to work on /home/airflow/.local/lib/python3.12/site-packages/airflow/example_dags/example_complex.py
[2024-04-27T09:49:39.858+0000] {processor.py:830} INFO - Processing file /home/airflow/.local/lib/python3.12/site-packages/airflow/example_dags/example_complex.py for tasks to queue
[2024-04-27T09:49:39.862+0000] {logging_mixin.py:188} INFO - [2024-04-27T09:49:39.861+0000] {dagbag.py:540} INFO - Filling up the DagBag from /home/airflow/.local/lib/python3.12/site-packages/airflow/example_dags/example_complex.py
[2024-04-27T09:49:39.888+0000] {processor.py:840} INFO - DAG(s) 'example_complex' retrieved from /home/airflow/.local/lib/python3.12/site-packages/airflow/example_dags/example_complex.py
[2024-04-27T09:49:39.951+0000] {logging_mixin.py:188} INFO - [2024-04-27T09:49:39.951+0000] {dag.py:3096} INFO - Sync 1 DAGs
[2024-04-27T09:49:39.973+0000] {logging_mixin.py:188} INFO - [2024-04-27T09:49:39.973+0000] {dag.py:3954} INFO - Setting next_dagrun for example_complex to None, run_after=None
[2024-04-27T09:49:40.020+0000] {processor.py:183} INFO - Processing /home/airflow/.local/lib/python3.12/site-packages/airflow/example_dags/example_complex.py took 0.180 seconds
[2024-04-27T09:50:11.458+0000] {processor.py:161} INFO - Started process (PID=1050) to work on /home/airflow/.local/lib/python3.12/site-packages/airflow/example_dags/example_complex.py
[2024-04-27T09:50:11.459+0000] {processor.py:830} INFO - Processing file /home/airflow/.local/lib/python3.12/site-packages/airflow/example_dags/example_complex.py for tasks to queue
[2024-04-27T09:50:11.463+0000] {logging_mixin.py:188} INFO - [2024-04-27T09:50:11.462+0000] {dagbag.py:540} INFO - Filling up the DagBag from /home/airflow/.local/lib/python3.12/site-packages/airflow/example_dags/example_complex.py
[2024-04-27T09:50:11.700+0000] {processor.py:840} INFO - DAG(s) 'example_complex' retrieved from /home/airflow/.local/lib/python3.12/site-packages/airflow/example_dags/example_complex.py
[2024-04-27T09:50:11.787+0000] {logging_mixin.py:188} INFO - [2024-04-27T09:50:11.786+0000] {dag.py:3096} INFO - Sync 1 DAGs
[2024-04-27T09:50:11.829+0000] {logging_mixin.py:188} INFO - [2024-04-27T09:50:11.828+0000] {dag.py:3954} INFO - Setting next_dagrun for example_complex to None, run_after=None
[2024-04-27T09:50:11.895+0000] {processor.py:183} INFO - Processing /home/airflow/.local/lib/python3.12/site-packages/airflow/example_dags/example_complex.py took 0.446 seconds
[2024-04-27T09:50:41.985+0000] {processor.py:161} INFO - Started process (PID=1108) to work on /home/airflow/.local/lib/python3.12/site-packages/airflow/example_dags/example_complex.py
[2024-04-27T09:50:41.987+0000] {processor.py:830} INFO - Processing file /home/airflow/.local/lib/python3.12/site-packages/airflow/example_dags/example_complex.py for tasks to queue
[2024-04-27T09:50:41.991+0000] {logging_mixin.py:188} INFO - [2024-04-27T09:50:41.990+0000] {dagbag.py:540} INFO - Filling up the DagBag from /home/airflow/.local/lib/python3.12/site-packages/airflow/example_dags/example_complex.py
[2024-04-27T09:50:42.011+0000] {processor.py:840} INFO - DAG(s) 'example_complex' retrieved from /home/airflow/.local/lib/python3.12/site-packages/airflow/example_dags/example_complex.py
[2024-04-27T09:50:42.090+0000] {logging_mixin.py:188} INFO - [2024-04-27T09:50:42.090+0000] {dag.py:3096} INFO - Sync 1 DAGs
[2024-04-27T09:50:42.115+0000] {logging_mixin.py:188} INFO - [2024-04-27T09:50:42.115+0000] {dag.py:3954} INFO - Setting next_dagrun for example_complex to None, run_after=None
[2024-04-27T09:50:42.157+0000] {processor.py:183} INFO - Processing /home/airflow/.local/lib/python3.12/site-packages/airflow/example_dags/example_complex.py took 0.181 seconds
[2024-04-27T09:51:12.319+0000] {processor.py:161} INFO - Started process (PID=1166) to work on /home/airflow/.local/lib/python3.12/site-packages/airflow/example_dags/example_complex.py
[2024-04-27T09:51:12.321+0000] {processor.py:830} INFO - Processing file /home/airflow/.local/lib/python3.12/site-packages/airflow/example_dags/example_complex.py for tasks to queue
[2024-04-27T09:51:12.324+0000] {logging_mixin.py:188} INFO - [2024-04-27T09:51:12.323+0000] {dagbag.py:540} INFO - Filling up the DagBag from /home/airflow/.local/lib/python3.12/site-packages/airflow/example_dags/example_complex.py
[2024-04-27T09:51:12.350+0000] {processor.py:840} INFO - DAG(s) 'example_complex' retrieved from /home/airflow/.local/lib/python3.12/site-packages/airflow/example_dags/example_complex.py
[2024-04-27T09:51:12.420+0000] {logging_mixin.py:188} INFO - [2024-04-27T09:51:12.419+0000] {dag.py:3096} INFO - Sync 1 DAGs
[2024-04-27T09:51:12.443+0000] {logging_mixin.py:188} INFO - [2024-04-27T09:51:12.442+0000] {dag.py:3954} INFO - Setting next_dagrun for example_complex to None, run_after=None
[2024-04-27T09:51:12.486+0000] {processor.py:183} INFO - Processing /home/airflow/.local/lib/python3.12/site-packages/airflow/example_dags/example_complex.py took 0.178 seconds
[2024-04-27T09:51:42.637+0000] {processor.py:161} INFO - Started process (PID=1224) to work on /home/airflow/.local/lib/python3.12/site-packages/airflow/example_dags/example_complex.py
[2024-04-27T09:51:42.639+0000] {processor.py:830} INFO - Processing file /home/airflow/.local/lib/python3.12/site-packages/airflow/example_dags/example_complex.py for tasks to queue
[2024-04-27T09:51:42.648+0000] {logging_mixin.py:188} INFO - [2024-04-27T09:51:42.646+0000] {dagbag.py:540} INFO - Filling up the DagBag from /home/airflow/.local/lib/python3.12/site-packages/airflow/example_dags/example_complex.py
[2024-04-27T09:51:42.700+0000] {processor.py:840} INFO - DAG(s) 'example_complex' retrieved from /home/airflow/.local/lib/python3.12/site-packages/airflow/example_dags/example_complex.py
[2024-04-27T09:51:42.782+0000] {logging_mixin.py:188} INFO - [2024-04-27T09:51:42.782+0000] {dag.py:3096} INFO - Sync 1 DAGs
[2024-04-27T09:51:42.811+0000] {logging_mixin.py:188} INFO - [2024-04-27T09:51:42.811+0000] {dag.py:3954} INFO - Setting next_dagrun for example_complex to None, run_after=None
[2024-04-27T09:51:42.864+0000] {processor.py:183} INFO - Processing /home/airflow/.local/lib/python3.12/site-packages/airflow/example_dags/example_complex.py took 0.240 seconds
