[2024-04-27T09:41:28.945+0000] {processor.py:161} INFO - Started process (PID=81) to work on /home/airflow/.local/lib/python3.12/site-packages/airflow/example_dags/example_python_decorator.py
[2024-04-27T09:41:28.946+0000] {processor.py:830} INFO - Processing file /home/airflow/.local/lib/python3.12/site-packages/airflow/example_dags/example_python_decorator.py for tasks to queue
[2024-04-27T09:41:28.949+0000] {logging_mixin.py:188} INFO - [2024-04-27T09:41:28.949+0000] {dagbag.py:540} INFO - Filling up the DagBag from /home/airflow/.local/lib/python3.12/site-packages/airflow/example_dags/example_python_decorator.py
[2024-04-27T09:41:28.971+0000] {processor.py:840} INFO - DAG(s) 'example_python_decorator' retrieved from /home/airflow/.local/lib/python3.12/site-packages/airflow/example_dags/example_python_decorator.py
[2024-04-27T09:41:29.158+0000] {logging_mixin.py:188} INFO - [2024-04-27T09:41:29.158+0000] {dag.py:3096} INFO - Sync 1 DAGs
[2024-04-27T09:41:29.180+0000] {logging_mixin.py:188} INFO - [2024-04-27T09:41:29.179+0000] {dag.py:3954} INFO - Setting next_dagrun for example_python_decorator to None, run_after=None
[2024-04-27T09:41:29.216+0000] {processor.py:183} INFO - Processing /home/airflow/.local/lib/python3.12/site-packages/airflow/example_dags/example_python_decorator.py took 0.278 seconds
[2024-04-27T09:42:01.691+0000] {processor.py:161} INFO - Started process (PID=139) to work on /home/airflow/.local/lib/python3.12/site-packages/airflow/example_dags/example_python_decorator.py
[2024-04-27T09:42:01.693+0000] {processor.py:830} INFO - Processing file /home/airflow/.local/lib/python3.12/site-packages/airflow/example_dags/example_python_decorator.py for tasks to queue
[2024-04-27T09:42:01.696+0000] {logging_mixin.py:188} INFO - [2024-04-27T09:42:01.695+0000] {dagbag.py:540} INFO - Filling up the DagBag from /home/airflow/.local/lib/python3.12/site-packages/airflow/example_dags/example_python_decorator.py
[2024-04-27T09:42:01.717+0000] {processor.py:840} INFO - DAG(s) 'example_python_decorator' retrieved from /home/airflow/.local/lib/python3.12/site-packages/airflow/example_dags/example_python_decorator.py
[2024-04-27T09:42:01.758+0000] {logging_mixin.py:188} INFO - [2024-04-27T09:42:01.758+0000] {dag.py:3096} INFO - Sync 1 DAGs
[2024-04-27T09:42:01.782+0000] {logging_mixin.py:188} INFO - [2024-04-27T09:42:01.782+0000] {dag.py:3954} INFO - Setting next_dagrun for example_python_decorator to None, run_after=None
[2024-04-27T09:42:01.834+0000] {processor.py:183} INFO - Processing /home/airflow/.local/lib/python3.12/site-packages/airflow/example_dags/example_python_decorator.py took 0.153 seconds
[2024-04-27T09:42:32.076+0000] {processor.py:161} INFO - Started process (PID=195) to work on /home/airflow/.local/lib/python3.12/site-packages/airflow/example_dags/example_python_decorator.py
[2024-04-27T09:42:32.077+0000] {processor.py:830} INFO - Processing file /home/airflow/.local/lib/python3.12/site-packages/airflow/example_dags/example_python_decorator.py for tasks to queue
[2024-04-27T09:42:32.080+0000] {logging_mixin.py:188} INFO - [2024-04-27T09:42:32.079+0000] {dagbag.py:540} INFO - Filling up the DagBag from /home/airflow/.local/lib/python3.12/site-packages/airflow/example_dags/example_python_decorator.py
[2024-04-27T09:42:32.099+0000] {processor.py:840} INFO - DAG(s) 'example_python_decorator' retrieved from /home/airflow/.local/lib/python3.12/site-packages/airflow/example_dags/example_python_decorator.py
[2024-04-27T09:42:32.133+0000] {logging_mixin.py:188} INFO - [2024-04-27T09:42:32.133+0000] {dag.py:3096} INFO - Sync 1 DAGs
[2024-04-27T09:42:32.152+0000] {logging_mixin.py:188} INFO - [2024-04-27T09:42:32.152+0000] {dag.py:3954} INFO - Setting next_dagrun for example_python_decorator to None, run_after=None
[2024-04-27T09:42:32.180+0000] {processor.py:183} INFO - Processing /home/airflow/.local/lib/python3.12/site-packages/airflow/example_dags/example_python_decorator.py took 0.110 seconds
[2024-04-27T09:43:02.284+0000] {processor.py:161} INFO - Started process (PID=253) to work on /home/airflow/.local/lib/python3.12/site-packages/airflow/example_dags/example_python_decorator.py
[2024-04-27T09:43:02.285+0000] {processor.py:830} INFO - Processing file /home/airflow/.local/lib/python3.12/site-packages/airflow/example_dags/example_python_decorator.py for tasks to queue
[2024-04-27T09:43:02.287+0000] {logging_mixin.py:188} INFO - [2024-04-27T09:43:02.287+0000] {dagbag.py:540} INFO - Filling up the DagBag from /home/airflow/.local/lib/python3.12/site-packages/airflow/example_dags/example_python_decorator.py
[2024-04-27T09:43:02.303+0000] {processor.py:840} INFO - DAG(s) 'example_python_decorator' retrieved from /home/airflow/.local/lib/python3.12/site-packages/airflow/example_dags/example_python_decorator.py
[2024-04-27T09:43:02.329+0000] {logging_mixin.py:188} INFO - [2024-04-27T09:43:02.329+0000] {dag.py:3096} INFO - Sync 1 DAGs
[2024-04-27T09:43:02.346+0000] {logging_mixin.py:188} INFO - [2024-04-27T09:43:02.345+0000] {dag.py:3954} INFO - Setting next_dagrun for example_python_decorator to None, run_after=None
[2024-04-27T09:43:02.373+0000] {processor.py:183} INFO - Processing /home/airflow/.local/lib/python3.12/site-packages/airflow/example_dags/example_python_decorator.py took 0.095 seconds
[2024-04-27T09:43:32.922+0000] {processor.py:161} INFO - Started process (PID=311) to work on /home/airflow/.local/lib/python3.12/site-packages/airflow/example_dags/example_python_decorator.py
[2024-04-27T09:43:32.923+0000] {processor.py:830} INFO - Processing file /home/airflow/.local/lib/python3.12/site-packages/airflow/example_dags/example_python_decorator.py for tasks to queue
[2024-04-27T09:43:32.926+0000] {logging_mixin.py:188} INFO - [2024-04-27T09:43:32.925+0000] {dagbag.py:540} INFO - Filling up the DagBag from /home/airflow/.local/lib/python3.12/site-packages/airflow/example_dags/example_python_decorator.py
[2024-04-27T09:43:32.948+0000] {processor.py:840} INFO - DAG(s) 'example_python_decorator' retrieved from /home/airflow/.local/lib/python3.12/site-packages/airflow/example_dags/example_python_decorator.py
[2024-04-27T09:43:32.999+0000] {logging_mixin.py:188} INFO - [2024-04-27T09:43:32.998+0000] {dag.py:3096} INFO - Sync 1 DAGs
[2024-04-27T09:43:33.025+0000] {logging_mixin.py:188} INFO - [2024-04-27T09:43:33.024+0000] {dag.py:3954} INFO - Setting next_dagrun for example_python_decorator to None, run_after=None
[2024-04-27T09:43:33.075+0000] {processor.py:183} INFO - Processing /home/airflow/.local/lib/python3.12/site-packages/airflow/example_dags/example_python_decorator.py took 0.161 seconds
[2024-04-27T09:44:03.307+0000] {processor.py:161} INFO - Started process (PID=369) to work on /home/airflow/.local/lib/python3.12/site-packages/airflow/example_dags/example_python_decorator.py
[2024-04-27T09:44:03.308+0000] {processor.py:830} INFO - Processing file /home/airflow/.local/lib/python3.12/site-packages/airflow/example_dags/example_python_decorator.py for tasks to queue
[2024-04-27T09:44:03.310+0000] {logging_mixin.py:188} INFO - [2024-04-27T09:44:03.310+0000] {dagbag.py:540} INFO - Filling up the DagBag from /home/airflow/.local/lib/python3.12/site-packages/airflow/example_dags/example_python_decorator.py
[2024-04-27T09:44:03.324+0000] {processor.py:840} INFO - DAG(s) 'example_python_decorator' retrieved from /home/airflow/.local/lib/python3.12/site-packages/airflow/example_dags/example_python_decorator.py
[2024-04-27T09:44:03.357+0000] {logging_mixin.py:188} INFO - [2024-04-27T09:44:03.356+0000] {dag.py:3096} INFO - Sync 1 DAGs
[2024-04-27T09:44:03.376+0000] {logging_mixin.py:188} INFO - [2024-04-27T09:44:03.376+0000] {dag.py:3954} INFO - Setting next_dagrun for example_python_decorator to None, run_after=None
[2024-04-27T09:44:03.406+0000] {processor.py:183} INFO - Processing /home/airflow/.local/lib/python3.12/site-packages/airflow/example_dags/example_python_decorator.py took 0.104 seconds
[2024-04-27T09:44:34.279+0000] {processor.py:161} INFO - Started process (PID=427) to work on /home/airflow/.local/lib/python3.12/site-packages/airflow/example_dags/example_python_decorator.py
[2024-04-27T09:44:34.280+0000] {processor.py:830} INFO - Processing file /home/airflow/.local/lib/python3.12/site-packages/airflow/example_dags/example_python_decorator.py for tasks to queue
[2024-04-27T09:44:34.283+0000] {logging_mixin.py:188} INFO - [2024-04-27T09:44:34.283+0000] {dagbag.py:540} INFO - Filling up the DagBag from /home/airflow/.local/lib/python3.12/site-packages/airflow/example_dags/example_python_decorator.py
[2024-04-27T09:44:34.304+0000] {processor.py:840} INFO - DAG(s) 'example_python_decorator' retrieved from /home/airflow/.local/lib/python3.12/site-packages/airflow/example_dags/example_python_decorator.py
[2024-04-27T09:44:34.335+0000] {logging_mixin.py:188} INFO - [2024-04-27T09:44:34.334+0000] {dag.py:3096} INFO - Sync 1 DAGs
[2024-04-27T09:44:34.353+0000] {logging_mixin.py:188} INFO - [2024-04-27T09:44:34.353+0000] {dag.py:3954} INFO - Setting next_dagrun for example_python_decorator to None, run_after=None
[2024-04-27T09:44:34.383+0000] {processor.py:183} INFO - Processing /home/airflow/.local/lib/python3.12/site-packages/airflow/example_dags/example_python_decorator.py took 0.112 seconds
[2024-04-27T09:45:05.200+0000] {processor.py:161} INFO - Started process (PID=485) to work on /home/airflow/.local/lib/python3.12/site-packages/airflow/example_dags/example_python_decorator.py
[2024-04-27T09:45:05.202+0000] {processor.py:830} INFO - Processing file /home/airflow/.local/lib/python3.12/site-packages/airflow/example_dags/example_python_decorator.py for tasks to queue
[2024-04-27T09:45:05.204+0000] {logging_mixin.py:188} INFO - [2024-04-27T09:45:05.204+0000] {dagbag.py:540} INFO - Filling up the DagBag from /home/airflow/.local/lib/python3.12/site-packages/airflow/example_dags/example_python_decorator.py
[2024-04-27T09:45:05.233+0000] {processor.py:840} INFO - DAG(s) 'example_python_decorator' retrieved from /home/airflow/.local/lib/python3.12/site-packages/airflow/example_dags/example_python_decorator.py
[2024-04-27T09:45:05.303+0000] {logging_mixin.py:188} INFO - [2024-04-27T09:45:05.302+0000] {dag.py:3096} INFO - Sync 1 DAGs
[2024-04-27T09:45:05.337+0000] {logging_mixin.py:188} INFO - [2024-04-27T09:45:05.336+0000] {dag.py:3954} INFO - Setting next_dagrun for example_python_decorator to None, run_after=None
[2024-04-27T09:45:05.392+0000] {processor.py:183} INFO - Processing /home/airflow/.local/lib/python3.12/site-packages/airflow/example_dags/example_python_decorator.py took 0.202 seconds
[2024-04-27T09:45:36.350+0000] {processor.py:161} INFO - Started process (PID=543) to work on /home/airflow/.local/lib/python3.12/site-packages/airflow/example_dags/example_python_decorator.py
[2024-04-27T09:45:36.352+0000] {processor.py:830} INFO - Processing file /home/airflow/.local/lib/python3.12/site-packages/airflow/example_dags/example_python_decorator.py for tasks to queue
[2024-04-27T09:45:36.354+0000] {logging_mixin.py:188} INFO - [2024-04-27T09:45:36.354+0000] {dagbag.py:540} INFO - Filling up the DagBag from /home/airflow/.local/lib/python3.12/site-packages/airflow/example_dags/example_python_decorator.py
[2024-04-27T09:45:36.369+0000] {processor.py:840} INFO - DAG(s) 'example_python_decorator' retrieved from /home/airflow/.local/lib/python3.12/site-packages/airflow/example_dags/example_python_decorator.py
[2024-04-27T09:45:36.394+0000] {logging_mixin.py:188} INFO - [2024-04-27T09:45:36.393+0000] {dag.py:3096} INFO - Sync 1 DAGs
[2024-04-27T09:45:36.409+0000] {logging_mixin.py:188} INFO - [2024-04-27T09:45:36.409+0000] {dag.py:3954} INFO - Setting next_dagrun for example_python_decorator to None, run_after=None
[2024-04-27T09:45:36.434+0000] {processor.py:183} INFO - Processing /home/airflow/.local/lib/python3.12/site-packages/airflow/example_dags/example_python_decorator.py took 0.090 seconds
[2024-04-27T09:46:07.346+0000] {processor.py:161} INFO - Started process (PID=601) to work on /home/airflow/.local/lib/python3.12/site-packages/airflow/example_dags/example_python_decorator.py
[2024-04-27T09:46:07.347+0000] {processor.py:830} INFO - Processing file /home/airflow/.local/lib/python3.12/site-packages/airflow/example_dags/example_python_decorator.py for tasks to queue
[2024-04-27T09:46:07.349+0000] {logging_mixin.py:188} INFO - [2024-04-27T09:46:07.349+0000] {dagbag.py:540} INFO - Filling up the DagBag from /home/airflow/.local/lib/python3.12/site-packages/airflow/example_dags/example_python_decorator.py
[2024-04-27T09:46:07.363+0000] {processor.py:840} INFO - DAG(s) 'example_python_decorator' retrieved from /home/airflow/.local/lib/python3.12/site-packages/airflow/example_dags/example_python_decorator.py
[2024-04-27T09:46:07.388+0000] {logging_mixin.py:188} INFO - [2024-04-27T09:46:07.388+0000] {dag.py:3096} INFO - Sync 1 DAGs
[2024-04-27T09:46:07.404+0000] {logging_mixin.py:188} INFO - [2024-04-27T09:46:07.403+0000] {dag.py:3954} INFO - Setting next_dagrun for example_python_decorator to None, run_after=None
[2024-04-27T09:46:07.432+0000] {processor.py:183} INFO - Processing /home/airflow/.local/lib/python3.12/site-packages/airflow/example_dags/example_python_decorator.py took 0.093 seconds
[2024-04-27T09:46:38.086+0000] {processor.py:161} INFO - Started process (PID=659) to work on /home/airflow/.local/lib/python3.12/site-packages/airflow/example_dags/example_python_decorator.py
[2024-04-27T09:46:38.088+0000] {processor.py:830} INFO - Processing file /home/airflow/.local/lib/python3.12/site-packages/airflow/example_dags/example_python_decorator.py for tasks to queue
[2024-04-27T09:46:38.092+0000] {logging_mixin.py:188} INFO - [2024-04-27T09:46:38.091+0000] {dagbag.py:540} INFO - Filling up the DagBag from /home/airflow/.local/lib/python3.12/site-packages/airflow/example_dags/example_python_decorator.py
[2024-04-27T09:46:38.113+0000] {processor.py:840} INFO - DAG(s) 'example_python_decorator' retrieved from /home/airflow/.local/lib/python3.12/site-packages/airflow/example_dags/example_python_decorator.py
[2024-04-27T09:46:38.158+0000] {logging_mixin.py:188} INFO - [2024-04-27T09:46:38.157+0000] {dag.py:3096} INFO - Sync 1 DAGs
[2024-04-27T09:46:38.178+0000] {logging_mixin.py:188} INFO - [2024-04-27T09:46:38.177+0000] {dag.py:3954} INFO - Setting next_dagrun for example_python_decorator to None, run_after=None
[2024-04-27T09:46:38.210+0000] {processor.py:183} INFO - Processing /home/airflow/.local/lib/python3.12/site-packages/airflow/example_dags/example_python_decorator.py took 0.133 seconds
[2024-04-27T09:47:08.640+0000] {processor.py:161} INFO - Started process (PID=717) to work on /home/airflow/.local/lib/python3.12/site-packages/airflow/example_dags/example_python_decorator.py
[2024-04-27T09:47:08.641+0000] {processor.py:830} INFO - Processing file /home/airflow/.local/lib/python3.12/site-packages/airflow/example_dags/example_python_decorator.py for tasks to queue
[2024-04-27T09:47:08.645+0000] {logging_mixin.py:188} INFO - [2024-04-27T09:47:08.644+0000] {dagbag.py:540} INFO - Filling up the DagBag from /home/airflow/.local/lib/python3.12/site-packages/airflow/example_dags/example_python_decorator.py
[2024-04-27T09:47:08.678+0000] {processor.py:840} INFO - DAG(s) 'example_python_decorator' retrieved from /home/airflow/.local/lib/python3.12/site-packages/airflow/example_dags/example_python_decorator.py
[2024-04-27T09:47:08.737+0000] {logging_mixin.py:188} INFO - [2024-04-27T09:47:08.736+0000] {dag.py:3096} INFO - Sync 1 DAGs
[2024-04-27T09:47:08.771+0000] {logging_mixin.py:188} INFO - [2024-04-27T09:47:08.771+0000] {dag.py:3954} INFO - Setting next_dagrun for example_python_decorator to None, run_after=None
[2024-04-27T09:47:08.806+0000] {processor.py:183} INFO - Processing /home/airflow/.local/lib/python3.12/site-packages/airflow/example_dags/example_python_decorator.py took 0.173 seconds
[2024-04-27T09:47:38.879+0000] {processor.py:161} INFO - Started process (PID=775) to work on /home/airflow/.local/lib/python3.12/site-packages/airflow/example_dags/example_python_decorator.py
[2024-04-27T09:47:38.880+0000] {processor.py:830} INFO - Processing file /home/airflow/.local/lib/python3.12/site-packages/airflow/example_dags/example_python_decorator.py for tasks to queue
[2024-04-27T09:47:38.882+0000] {logging_mixin.py:188} INFO - [2024-04-27T09:47:38.882+0000] {dagbag.py:540} INFO - Filling up the DagBag from /home/airflow/.local/lib/python3.12/site-packages/airflow/example_dags/example_python_decorator.py
[2024-04-27T09:47:38.896+0000] {processor.py:840} INFO - DAG(s) 'example_python_decorator' retrieved from /home/airflow/.local/lib/python3.12/site-packages/airflow/example_dags/example_python_decorator.py
[2024-04-27T09:47:38.921+0000] {logging_mixin.py:188} INFO - [2024-04-27T09:47:38.921+0000] {dag.py:3096} INFO - Sync 1 DAGs
[2024-04-27T09:47:38.937+0000] {logging_mixin.py:188} INFO - [2024-04-27T09:47:38.936+0000] {dag.py:3954} INFO - Setting next_dagrun for example_python_decorator to None, run_after=None
[2024-04-27T09:47:38.962+0000] {processor.py:183} INFO - Processing /home/airflow/.local/lib/python3.12/site-packages/airflow/example_dags/example_python_decorator.py took 0.089 seconds
[2024-04-27T09:48:15.214+0000] {processor.py:161} INFO - Started process (PID=834) to work on /home/airflow/.local/lib/python3.12/site-packages/airflow/example_dags/example_python_decorator.py
[2024-04-27T09:48:15.216+0000] {processor.py:830} INFO - Processing file /home/airflow/.local/lib/python3.12/site-packages/airflow/example_dags/example_python_decorator.py for tasks to queue
[2024-04-27T09:48:15.220+0000] {logging_mixin.py:188} INFO - [2024-04-27T09:48:15.219+0000] {dagbag.py:540} INFO - Filling up the DagBag from /home/airflow/.local/lib/python3.12/site-packages/airflow/example_dags/example_python_decorator.py
[2024-04-27T09:48:15.249+0000] {processor.py:840} INFO - DAG(s) 'example_python_decorator' retrieved from /home/airflow/.local/lib/python3.12/site-packages/airflow/example_dags/example_python_decorator.py
[2024-04-27T09:48:15.338+0000] {logging_mixin.py:188} INFO - [2024-04-27T09:48:15.337+0000] {dag.py:3096} INFO - Sync 1 DAGs
[2024-04-27T09:48:15.378+0000] {logging_mixin.py:188} INFO - [2024-04-27T09:48:15.378+0000] {dag.py:3954} INFO - Setting next_dagrun for example_python_decorator to None, run_after=None
[2024-04-27T09:48:15.463+0000] {processor.py:183} INFO - Processing /home/airflow/.local/lib/python3.12/site-packages/airflow/example_dags/example_python_decorator.py took 0.258 seconds
[2024-04-27T09:48:48.620+0000] {processor.py:161} INFO - Started process (PID=892) to work on /home/airflow/.local/lib/python3.12/site-packages/airflow/example_dags/example_python_decorator.py
[2024-04-27T09:48:48.622+0000] {processor.py:830} INFO - Processing file /home/airflow/.local/lib/python3.12/site-packages/airflow/example_dags/example_python_decorator.py for tasks to queue
[2024-04-27T09:48:48.627+0000] {logging_mixin.py:188} INFO - [2024-04-27T09:48:48.626+0000] {dagbag.py:540} INFO - Filling up the DagBag from /home/airflow/.local/lib/python3.12/site-packages/airflow/example_dags/example_python_decorator.py
[2024-04-27T09:48:48.655+0000] {processor.py:840} INFO - DAG(s) 'example_python_decorator' retrieved from /home/airflow/.local/lib/python3.12/site-packages/airflow/example_dags/example_python_decorator.py
[2024-04-27T09:48:49.068+0000] {logging_mixin.py:188} INFO - [2024-04-27T09:48:49.068+0000] {dag.py:3096} INFO - Sync 1 DAGs
[2024-04-27T09:48:49.097+0000] {logging_mixin.py:188} INFO - [2024-04-27T09:48:49.096+0000] {dag.py:3954} INFO - Setting next_dagrun for example_python_decorator to None, run_after=None
[2024-04-27T09:48:49.153+0000] {processor.py:183} INFO - Processing /home/airflow/.local/lib/python3.12/site-packages/airflow/example_dags/example_python_decorator.py took 0.544 seconds
[2024-04-27T09:49:21.417+0000] {processor.py:161} INFO - Started process (PID=957) to work on /home/airflow/.local/lib/python3.12/site-packages/airflow/example_dags/example_python_decorator.py
[2024-04-27T09:49:21.420+0000] {processor.py:830} INFO - Processing file /home/airflow/.local/lib/python3.12/site-packages/airflow/example_dags/example_python_decorator.py for tasks to queue
[2024-04-27T09:49:21.427+0000] {logging_mixin.py:188} INFO - [2024-04-27T09:49:21.426+0000] {dagbag.py:540} INFO - Filling up the DagBag from /home/airflow/.local/lib/python3.12/site-packages/airflow/example_dags/example_python_decorator.py
[2024-04-27T09:49:21.470+0000] {processor.py:840} INFO - DAG(s) 'example_python_decorator' retrieved from /home/airflow/.local/lib/python3.12/site-packages/airflow/example_dags/example_python_decorator.py
[2024-04-27T09:49:21.613+0000] {logging_mixin.py:188} INFO - [2024-04-27T09:49:21.612+0000] {dag.py:3096} INFO - Sync 1 DAGs
[2024-04-27T09:49:22.022+0000] {logging_mixin.py:188} INFO - [2024-04-27T09:49:22.021+0000] {dag.py:3954} INFO - Setting next_dagrun for example_python_decorator to None, run_after=None
[2024-04-27T09:49:22.082+0000] {processor.py:183} INFO - Processing /home/airflow/.local/lib/python3.12/site-packages/airflow/example_dags/example_python_decorator.py took 0.689 seconds
[2024-04-27T09:49:52.260+0000] {processor.py:161} INFO - Started process (PID=1014) to work on /home/airflow/.local/lib/python3.12/site-packages/airflow/example_dags/example_python_decorator.py
[2024-04-27T09:49:52.262+0000] {processor.py:830} INFO - Processing file /home/airflow/.local/lib/python3.12/site-packages/airflow/example_dags/example_python_decorator.py for tasks to queue
[2024-04-27T09:49:52.265+0000] {logging_mixin.py:188} INFO - [2024-04-27T09:49:52.264+0000] {dagbag.py:540} INFO - Filling up the DagBag from /home/airflow/.local/lib/python3.12/site-packages/airflow/example_dags/example_python_decorator.py
[2024-04-27T09:49:52.298+0000] {processor.py:840} INFO - DAG(s) 'example_python_decorator' retrieved from /home/airflow/.local/lib/python3.12/site-packages/airflow/example_dags/example_python_decorator.py
[2024-04-27T09:49:52.343+0000] {logging_mixin.py:188} INFO - [2024-04-27T09:49:52.342+0000] {dag.py:3096} INFO - Sync 1 DAGs
[2024-04-27T09:49:52.372+0000] {logging_mixin.py:188} INFO - [2024-04-27T09:49:52.371+0000] {dag.py:3954} INFO - Setting next_dagrun for example_python_decorator to None, run_after=None
[2024-04-27T09:49:52.412+0000] {processor.py:183} INFO - Processing /home/airflow/.local/lib/python3.12/site-packages/airflow/example_dags/example_python_decorator.py took 0.162 seconds
[2024-04-27T09:50:23.257+0000] {processor.py:161} INFO - Started process (PID=1072) to work on /home/airflow/.local/lib/python3.12/site-packages/airflow/example_dags/example_python_decorator.py
[2024-04-27T09:50:23.259+0000] {processor.py:830} INFO - Processing file /home/airflow/.local/lib/python3.12/site-packages/airflow/example_dags/example_python_decorator.py for tasks to queue
[2024-04-27T09:50:23.263+0000] {logging_mixin.py:188} INFO - [2024-04-27T09:50:23.262+0000] {dagbag.py:540} INFO - Filling up the DagBag from /home/airflow/.local/lib/python3.12/site-packages/airflow/example_dags/example_python_decorator.py
[2024-04-27T09:50:23.287+0000] {processor.py:840} INFO - DAG(s) 'example_python_decorator' retrieved from /home/airflow/.local/lib/python3.12/site-packages/airflow/example_dags/example_python_decorator.py
[2024-04-27T09:50:23.326+0000] {logging_mixin.py:188} INFO - [2024-04-27T09:50:23.325+0000] {dag.py:3096} INFO - Sync 1 DAGs
[2024-04-27T09:50:23.347+0000] {logging_mixin.py:188} INFO - [2024-04-27T09:50:23.346+0000] {dag.py:3954} INFO - Setting next_dagrun for example_python_decorator to None, run_after=None
[2024-04-27T09:50:23.384+0000] {processor.py:183} INFO - Processing /home/airflow/.local/lib/python3.12/site-packages/airflow/example_dags/example_python_decorator.py took 0.143 seconds
[2024-04-27T09:50:53.689+0000] {processor.py:161} INFO - Started process (PID=1130) to work on /home/airflow/.local/lib/python3.12/site-packages/airflow/example_dags/example_python_decorator.py
[2024-04-27T09:50:53.691+0000] {processor.py:830} INFO - Processing file /home/airflow/.local/lib/python3.12/site-packages/airflow/example_dags/example_python_decorator.py for tasks to queue
[2024-04-27T09:50:53.695+0000] {logging_mixin.py:188} INFO - [2024-04-27T09:50:53.695+0000] {dagbag.py:540} INFO - Filling up the DagBag from /home/airflow/.local/lib/python3.12/site-packages/airflow/example_dags/example_python_decorator.py
[2024-04-27T09:50:53.738+0000] {processor.py:840} INFO - DAG(s) 'example_python_decorator' retrieved from /home/airflow/.local/lib/python3.12/site-packages/airflow/example_dags/example_python_decorator.py
[2024-04-27T09:50:53.832+0000] {logging_mixin.py:188} INFO - [2024-04-27T09:50:53.831+0000] {dag.py:3096} INFO - Sync 1 DAGs
[2024-04-27T09:50:53.875+0000] {logging_mixin.py:188} INFO - [2024-04-27T09:50:53.875+0000] {dag.py:3954} INFO - Setting next_dagrun for example_python_decorator to None, run_after=None
[2024-04-27T09:50:53.918+0000] {processor.py:183} INFO - Processing /home/airflow/.local/lib/python3.12/site-packages/airflow/example_dags/example_python_decorator.py took 0.263 seconds
[2024-04-27T09:51:24.218+0000] {processor.py:161} INFO - Started process (PID=1188) to work on /home/airflow/.local/lib/python3.12/site-packages/airflow/example_dags/example_python_decorator.py
[2024-04-27T09:51:24.220+0000] {processor.py:830} INFO - Processing file /home/airflow/.local/lib/python3.12/site-packages/airflow/example_dags/example_python_decorator.py for tasks to queue
[2024-04-27T09:51:24.223+0000] {logging_mixin.py:188} INFO - [2024-04-27T09:51:24.222+0000] {dagbag.py:540} INFO - Filling up the DagBag from /home/airflow/.local/lib/python3.12/site-packages/airflow/example_dags/example_python_decorator.py
[2024-04-27T09:51:24.244+0000] {processor.py:840} INFO - DAG(s) 'example_python_decorator' retrieved from /home/airflow/.local/lib/python3.12/site-packages/airflow/example_dags/example_python_decorator.py
[2024-04-27T09:51:24.289+0000] {logging_mixin.py:188} INFO - [2024-04-27T09:51:24.288+0000] {dag.py:3096} INFO - Sync 1 DAGs
[2024-04-27T09:51:24.312+0000] {logging_mixin.py:188} INFO - [2024-04-27T09:51:24.312+0000] {dag.py:3954} INFO - Setting next_dagrun for example_python_decorator to None, run_after=None
[2024-04-27T09:51:24.346+0000] {processor.py:183} INFO - Processing /home/airflow/.local/lib/python3.12/site-packages/airflow/example_dags/example_python_decorator.py took 0.140 seconds
[2024-04-27T09:51:54.500+0000] {processor.py:161} INFO - Started process (PID=1246) to work on /home/airflow/.local/lib/python3.12/site-packages/airflow/example_dags/example_python_decorator.py
[2024-04-27T09:51:54.501+0000] {processor.py:830} INFO - Processing file /home/airflow/.local/lib/python3.12/site-packages/airflow/example_dags/example_python_decorator.py for tasks to queue
[2024-04-27T09:51:54.504+0000] {logging_mixin.py:188} INFO - [2024-04-27T09:51:54.503+0000] {dagbag.py:540} INFO - Filling up the DagBag from /home/airflow/.local/lib/python3.12/site-packages/airflow/example_dags/example_python_decorator.py
[2024-04-27T09:51:54.525+0000] {processor.py:840} INFO - DAG(s) 'example_python_decorator' retrieved from /home/airflow/.local/lib/python3.12/site-packages/airflow/example_dags/example_python_decorator.py
[2024-04-27T09:51:54.564+0000] {logging_mixin.py:188} INFO - [2024-04-27T09:51:54.563+0000] {dag.py:3096} INFO - Sync 1 DAGs
[2024-04-27T09:51:54.587+0000] {logging_mixin.py:188} INFO - [2024-04-27T09:51:54.587+0000] {dag.py:3954} INFO - Setting next_dagrun for example_python_decorator to None, run_after=None
[2024-04-27T09:51:54.623+0000] {processor.py:183} INFO - Processing /home/airflow/.local/lib/python3.12/site-packages/airflow/example_dags/example_python_decorator.py took 0.131 seconds
