[2024-04-27T09:41:25.858+0000] {processor.py:161} INFO - Started process (PID=67) to work on /home/airflow/.local/lib/python3.12/site-packages/airflow/example_dags/example_short_circuit_operator.py
[2024-04-27T09:41:25.859+0000] {processor.py:830} INFO - Processing file /home/airflow/.local/lib/python3.12/site-packages/airflow/example_dags/example_short_circuit_operator.py for tasks to queue
[2024-04-27T09:41:25.861+0000] {logging_mixin.py:188} INFO - [2024-04-27T09:41:25.861+0000] {dagbag.py:540} INFO - Filling up the DagBag from /home/airflow/.local/lib/python3.12/site-packages/airflow/example_dags/example_short_circuit_operator.py
[2024-04-27T09:41:25.872+0000] {processor.py:840} INFO - DAG(s) 'example_short_circuit_operator' retrieved from /home/airflow/.local/lib/python3.12/site-packages/airflow/example_dags/example_short_circuit_operator.py
[2024-04-27T09:41:25.999+0000] {logging_mixin.py:188} INFO - [2024-04-27T09:41:25.999+0000] {dag.py:3096} INFO - Sync 1 DAGs
[2024-04-27T09:41:26.025+0000] {logging_mixin.py:188} INFO - [2024-04-27T09:41:26.025+0000] {dag.py:3954} INFO - Setting next_dagrun for example_short_circuit_operator to 2024-04-26 00:00:00+00:00, run_after=2024-04-27 00:00:00+00:00
[2024-04-27T09:41:26.052+0000] {processor.py:183} INFO - Processing /home/airflow/.local/lib/python3.12/site-packages/airflow/example_dags/example_short_circuit_operator.py took 0.200 seconds
[2024-04-27T09:41:59.732+0000] {processor.py:161} INFO - Started process (PID=125) to work on /home/airflow/.local/lib/python3.12/site-packages/airflow/example_dags/example_short_circuit_operator.py
[2024-04-27T09:41:59.735+0000] {processor.py:830} INFO - Processing file /home/airflow/.local/lib/python3.12/site-packages/airflow/example_dags/example_short_circuit_operator.py for tasks to queue
[2024-04-27T09:41:59.744+0000] {logging_mixin.py:188} INFO - [2024-04-27T09:41:59.743+0000] {dagbag.py:540} INFO - Filling up the DagBag from /home/airflow/.local/lib/python3.12/site-packages/airflow/example_dags/example_short_circuit_operator.py
[2024-04-27T09:41:59.756+0000] {processor.py:840} INFO - DAG(s) 'example_short_circuit_operator' retrieved from /home/airflow/.local/lib/python3.12/site-packages/airflow/example_dags/example_short_circuit_operator.py
[2024-04-27T09:41:59.802+0000] {logging_mixin.py:188} INFO - [2024-04-27T09:41:59.802+0000] {dag.py:3096} INFO - Sync 1 DAGs
[2024-04-27T09:41:59.859+0000] {logging_mixin.py:188} INFO - [2024-04-27T09:41:59.859+0000] {dag.py:3954} INFO - Setting next_dagrun for example_short_circuit_operator to 2024-04-26 00:00:00+00:00, run_after=2024-04-27 00:00:00+00:00
[2024-04-27T09:42:00.463+0000] {processor.py:183} INFO - Processing /home/airflow/.local/lib/python3.12/site-packages/airflow/example_dags/example_short_circuit_operator.py took 0.750 seconds
[2024-04-27T09:42:30.985+0000] {processor.py:161} INFO - Started process (PID=182) to work on /home/airflow/.local/lib/python3.12/site-packages/airflow/example_dags/example_short_circuit_operator.py
[2024-04-27T09:42:30.987+0000] {processor.py:830} INFO - Processing file /home/airflow/.local/lib/python3.12/site-packages/airflow/example_dags/example_short_circuit_operator.py for tasks to queue
[2024-04-27T09:42:30.990+0000] {logging_mixin.py:188} INFO - [2024-04-27T09:42:30.989+0000] {dagbag.py:540} INFO - Filling up the DagBag from /home/airflow/.local/lib/python3.12/site-packages/airflow/example_dags/example_short_circuit_operator.py
[2024-04-27T09:42:31.003+0000] {processor.py:840} INFO - DAG(s) 'example_short_circuit_operator' retrieved from /home/airflow/.local/lib/python3.12/site-packages/airflow/example_dags/example_short_circuit_operator.py
[2024-04-27T09:42:31.041+0000] {logging_mixin.py:188} INFO - [2024-04-27T09:42:31.041+0000] {dag.py:3096} INFO - Sync 1 DAGs
[2024-04-27T09:42:31.084+0000] {logging_mixin.py:188} INFO - [2024-04-27T09:42:31.084+0000] {dag.py:3954} INFO - Setting next_dagrun for example_short_circuit_operator to 2024-04-26 00:00:00+00:00, run_after=2024-04-27 00:00:00+00:00
[2024-04-27T09:42:31.121+0000] {processor.py:183} INFO - Processing /home/airflow/.local/lib/python3.12/site-packages/airflow/example_dags/example_short_circuit_operator.py took 0.142 seconds
[2024-04-27T09:43:01.277+0000] {processor.py:161} INFO - Started process (PID=240) to work on /home/airflow/.local/lib/python3.12/site-packages/airflow/example_dags/example_short_circuit_operator.py
[2024-04-27T09:43:01.278+0000] {processor.py:830} INFO - Processing file /home/airflow/.local/lib/python3.12/site-packages/airflow/example_dags/example_short_circuit_operator.py for tasks to queue
[2024-04-27T09:43:01.280+0000] {logging_mixin.py:188} INFO - [2024-04-27T09:43:01.280+0000] {dagbag.py:540} INFO - Filling up the DagBag from /home/airflow/.local/lib/python3.12/site-packages/airflow/example_dags/example_short_circuit_operator.py
[2024-04-27T09:43:01.289+0000] {processor.py:840} INFO - DAG(s) 'example_short_circuit_operator' retrieved from /home/airflow/.local/lib/python3.12/site-packages/airflow/example_dags/example_short_circuit_operator.py
[2024-04-27T09:43:01.322+0000] {logging_mixin.py:188} INFO - [2024-04-27T09:43:01.322+0000] {dag.py:3096} INFO - Sync 1 DAGs
[2024-04-27T09:43:01.353+0000] {logging_mixin.py:188} INFO - [2024-04-27T09:43:01.353+0000] {dag.py:3954} INFO - Setting next_dagrun for example_short_circuit_operator to 2024-04-26 00:00:00+00:00, run_after=2024-04-27 00:00:00+00:00
[2024-04-27T09:43:01.379+0000] {processor.py:183} INFO - Processing /home/airflow/.local/lib/python3.12/site-packages/airflow/example_dags/example_short_circuit_operator.py took 0.109 seconds
[2024-04-27T09:43:31.542+0000] {processor.py:161} INFO - Started process (PID=298) to work on /home/airflow/.local/lib/python3.12/site-packages/airflow/example_dags/example_short_circuit_operator.py
[2024-04-27T09:43:31.548+0000] {processor.py:830} INFO - Processing file /home/airflow/.local/lib/python3.12/site-packages/airflow/example_dags/example_short_circuit_operator.py for tasks to queue
[2024-04-27T09:43:31.558+0000] {logging_mixin.py:188} INFO - [2024-04-27T09:43:31.557+0000] {dagbag.py:540} INFO - Filling up the DagBag from /home/airflow/.local/lib/python3.12/site-packages/airflow/example_dags/example_short_circuit_operator.py
[2024-04-27T09:43:31.582+0000] {processor.py:840} INFO - DAG(s) 'example_short_circuit_operator' retrieved from /home/airflow/.local/lib/python3.12/site-packages/airflow/example_dags/example_short_circuit_operator.py
[2024-04-27T09:43:31.651+0000] {logging_mixin.py:188} INFO - [2024-04-27T09:43:31.651+0000] {dag.py:3096} INFO - Sync 1 DAGs
[2024-04-27T09:43:31.696+0000] {logging_mixin.py:188} INFO - [2024-04-27T09:43:31.696+0000] {dag.py:3954} INFO - Setting next_dagrun for example_short_circuit_operator to 2024-04-26 00:00:00+00:00, run_after=2024-04-27 00:00:00+00:00
[2024-04-27T09:43:31.735+0000] {processor.py:183} INFO - Processing /home/airflow/.local/lib/python3.12/site-packages/airflow/example_dags/example_short_circuit_operator.py took 0.209 seconds
[2024-04-27T09:44:02.409+0000] {processor.py:161} INFO - Started process (PID=356) to work on /home/airflow/.local/lib/python3.12/site-packages/airflow/example_dags/example_short_circuit_operator.py
[2024-04-27T09:44:02.412+0000] {processor.py:830} INFO - Processing file /home/airflow/.local/lib/python3.12/site-packages/airflow/example_dags/example_short_circuit_operator.py for tasks to queue
[2024-04-27T09:44:02.414+0000] {logging_mixin.py:188} INFO - [2024-04-27T09:44:02.414+0000] {dagbag.py:540} INFO - Filling up the DagBag from /home/airflow/.local/lib/python3.12/site-packages/airflow/example_dags/example_short_circuit_operator.py
[2024-04-27T09:44:02.425+0000] {processor.py:840} INFO - DAG(s) 'example_short_circuit_operator' retrieved from /home/airflow/.local/lib/python3.12/site-packages/airflow/example_dags/example_short_circuit_operator.py
[2024-04-27T09:44:02.460+0000] {logging_mixin.py:188} INFO - [2024-04-27T09:44:02.460+0000] {dag.py:3096} INFO - Sync 1 DAGs
[2024-04-27T09:44:02.515+0000] {logging_mixin.py:188} INFO - [2024-04-27T09:44:02.515+0000] {dag.py:3954} INFO - Setting next_dagrun for example_short_circuit_operator to 2024-04-26 00:00:00+00:00, run_after=2024-04-27 00:00:00+00:00
[2024-04-27T09:44:02.546+0000] {processor.py:183} INFO - Processing /home/airflow/.local/lib/python3.12/site-packages/airflow/example_dags/example_short_circuit_operator.py took 0.150 seconds
[2024-04-27T09:44:33.208+0000] {processor.py:161} INFO - Started process (PID=414) to work on /home/airflow/.local/lib/python3.12/site-packages/airflow/example_dags/example_short_circuit_operator.py
[2024-04-27T09:44:33.209+0000] {processor.py:830} INFO - Processing file /home/airflow/.local/lib/python3.12/site-packages/airflow/example_dags/example_short_circuit_operator.py for tasks to queue
[2024-04-27T09:44:33.211+0000] {logging_mixin.py:188} INFO - [2024-04-27T09:44:33.211+0000] {dagbag.py:540} INFO - Filling up the DagBag from /home/airflow/.local/lib/python3.12/site-packages/airflow/example_dags/example_short_circuit_operator.py
[2024-04-27T09:44:33.220+0000] {processor.py:840} INFO - DAG(s) 'example_short_circuit_operator' retrieved from /home/airflow/.local/lib/python3.12/site-packages/airflow/example_dags/example_short_circuit_operator.py
[2024-04-27T09:44:33.249+0000] {logging_mixin.py:188} INFO - [2024-04-27T09:44:33.249+0000] {dag.py:3096} INFO - Sync 1 DAGs
[2024-04-27T09:44:33.283+0000] {logging_mixin.py:188} INFO - [2024-04-27T09:44:33.282+0000] {dag.py:3954} INFO - Setting next_dagrun for example_short_circuit_operator to 2024-04-26 00:00:00+00:00, run_after=2024-04-27 00:00:00+00:00
[2024-04-27T09:44:33.317+0000] {processor.py:183} INFO - Processing /home/airflow/.local/lib/python3.12/site-packages/airflow/example_dags/example_short_circuit_operator.py took 0.115 seconds
[2024-04-27T09:45:03.693+0000] {processor.py:161} INFO - Started process (PID=472) to work on /home/airflow/.local/lib/python3.12/site-packages/airflow/example_dags/example_short_circuit_operator.py
[2024-04-27T09:45:03.694+0000] {processor.py:830} INFO - Processing file /home/airflow/.local/lib/python3.12/site-packages/airflow/example_dags/example_short_circuit_operator.py for tasks to queue
[2024-04-27T09:45:03.697+0000] {logging_mixin.py:188} INFO - [2024-04-27T09:45:03.696+0000] {dagbag.py:540} INFO - Filling up the DagBag from /home/airflow/.local/lib/python3.12/site-packages/airflow/example_dags/example_short_circuit_operator.py
[2024-04-27T09:45:03.710+0000] {processor.py:840} INFO - DAG(s) 'example_short_circuit_operator' retrieved from /home/airflow/.local/lib/python3.12/site-packages/airflow/example_dags/example_short_circuit_operator.py
[2024-04-27T09:45:03.760+0000] {logging_mixin.py:188} INFO - [2024-04-27T09:45:03.760+0000] {dag.py:3096} INFO - Sync 1 DAGs
[2024-04-27T09:45:03.799+0000] {logging_mixin.py:188} INFO - [2024-04-27T09:45:03.799+0000] {dag.py:3954} INFO - Setting next_dagrun for example_short_circuit_operator to 2024-04-26 00:00:00+00:00, run_after=2024-04-27 00:00:00+00:00
[2024-04-27T09:45:03.839+0000] {processor.py:183} INFO - Processing /home/airflow/.local/lib/python3.12/site-packages/airflow/example_dags/example_short_circuit_operator.py took 0.156 seconds
[2024-04-27T09:45:34.379+0000] {processor.py:161} INFO - Started process (PID=530) to work on /home/airflow/.local/lib/python3.12/site-packages/airflow/example_dags/example_short_circuit_operator.py
[2024-04-27T09:45:34.380+0000] {processor.py:830} INFO - Processing file /home/airflow/.local/lib/python3.12/site-packages/airflow/example_dags/example_short_circuit_operator.py for tasks to queue
[2024-04-27T09:45:34.382+0000] {logging_mixin.py:188} INFO - [2024-04-27T09:45:34.382+0000] {dagbag.py:540} INFO - Filling up the DagBag from /home/airflow/.local/lib/python3.12/site-packages/airflow/example_dags/example_short_circuit_operator.py
[2024-04-27T09:45:34.389+0000] {processor.py:840} INFO - DAG(s) 'example_short_circuit_operator' retrieved from /home/airflow/.local/lib/python3.12/site-packages/airflow/example_dags/example_short_circuit_operator.py
[2024-04-27T09:45:34.416+0000] {logging_mixin.py:188} INFO - [2024-04-27T09:45:34.415+0000] {dag.py:3096} INFO - Sync 1 DAGs
[2024-04-27T09:45:34.445+0000] {logging_mixin.py:188} INFO - [2024-04-27T09:45:34.444+0000] {dag.py:3954} INFO - Setting next_dagrun for example_short_circuit_operator to 2024-04-26 00:00:00+00:00, run_after=2024-04-27 00:00:00+00:00
[2024-04-27T09:45:34.470+0000] {processor.py:183} INFO - Processing /home/airflow/.local/lib/python3.12/site-packages/airflow/example_dags/example_short_circuit_operator.py took 0.097 seconds
[2024-04-27T09:46:05.288+0000] {processor.py:161} INFO - Started process (PID=588) to work on /home/airflow/.local/lib/python3.12/site-packages/airflow/example_dags/example_short_circuit_operator.py
[2024-04-27T09:46:05.290+0000] {processor.py:830} INFO - Processing file /home/airflow/.local/lib/python3.12/site-packages/airflow/example_dags/example_short_circuit_operator.py for tasks to queue
[2024-04-27T09:46:05.292+0000] {logging_mixin.py:188} INFO - [2024-04-27T09:46:05.291+0000] {dagbag.py:540} INFO - Filling up the DagBag from /home/airflow/.local/lib/python3.12/site-packages/airflow/example_dags/example_short_circuit_operator.py
[2024-04-27T09:46:05.300+0000] {processor.py:840} INFO - DAG(s) 'example_short_circuit_operator' retrieved from /home/airflow/.local/lib/python3.12/site-packages/airflow/example_dags/example_short_circuit_operator.py
[2024-04-27T09:46:05.327+0000] {logging_mixin.py:188} INFO - [2024-04-27T09:46:05.326+0000] {dag.py:3096} INFO - Sync 1 DAGs
[2024-04-27T09:46:05.355+0000] {logging_mixin.py:188} INFO - [2024-04-27T09:46:05.355+0000] {dag.py:3954} INFO - Setting next_dagrun for example_short_circuit_operator to 2024-04-26 00:00:00+00:00, run_after=2024-04-27 00:00:00+00:00
[2024-04-27T09:46:05.381+0000] {processor.py:183} INFO - Processing /home/airflow/.local/lib/python3.12/site-packages/airflow/example_dags/example_short_circuit_operator.py took 0.099 seconds
[2024-04-27T09:46:36.106+0000] {processor.py:161} INFO - Started process (PID=646) to work on /home/airflow/.local/lib/python3.12/site-packages/airflow/example_dags/example_short_circuit_operator.py
[2024-04-27T09:46:36.111+0000] {processor.py:830} INFO - Processing file /home/airflow/.local/lib/python3.12/site-packages/airflow/example_dags/example_short_circuit_operator.py for tasks to queue
[2024-04-27T09:46:36.117+0000] {logging_mixin.py:188} INFO - [2024-04-27T09:46:36.116+0000] {dagbag.py:540} INFO - Filling up the DagBag from /home/airflow/.local/lib/python3.12/site-packages/airflow/example_dags/example_short_circuit_operator.py
[2024-04-27T09:46:36.129+0000] {processor.py:840} INFO - DAG(s) 'example_short_circuit_operator' retrieved from /home/airflow/.local/lib/python3.12/site-packages/airflow/example_dags/example_short_circuit_operator.py
[2024-04-27T09:46:36.171+0000] {logging_mixin.py:188} INFO - [2024-04-27T09:46:36.170+0000] {dag.py:3096} INFO - Sync 1 DAGs
[2024-04-27T09:46:36.203+0000] {logging_mixin.py:188} INFO - [2024-04-27T09:46:36.202+0000] {dag.py:3954} INFO - Setting next_dagrun for example_short_circuit_operator to 2024-04-26 00:00:00+00:00, run_after=2024-04-27 00:00:00+00:00
[2024-04-27T09:46:36.231+0000] {processor.py:183} INFO - Processing /home/airflow/.local/lib/python3.12/site-packages/airflow/example_dags/example_short_circuit_operator.py took 0.132 seconds
[2024-04-27T09:47:06.581+0000] {processor.py:161} INFO - Started process (PID=704) to work on /home/airflow/.local/lib/python3.12/site-packages/airflow/example_dags/example_short_circuit_operator.py
[2024-04-27T09:47:06.583+0000] {processor.py:830} INFO - Processing file /home/airflow/.local/lib/python3.12/site-packages/airflow/example_dags/example_short_circuit_operator.py for tasks to queue
[2024-04-27T09:47:06.586+0000] {logging_mixin.py:188} INFO - [2024-04-27T09:47:06.585+0000] {dagbag.py:540} INFO - Filling up the DagBag from /home/airflow/.local/lib/python3.12/site-packages/airflow/example_dags/example_short_circuit_operator.py
[2024-04-27T09:47:06.599+0000] {processor.py:840} INFO - DAG(s) 'example_short_circuit_operator' retrieved from /home/airflow/.local/lib/python3.12/site-packages/airflow/example_dags/example_short_circuit_operator.py
[2024-04-27T09:47:06.636+0000] {logging_mixin.py:188} INFO - [2024-04-27T09:47:06.636+0000] {dag.py:3096} INFO - Sync 1 DAGs
[2024-04-27T09:47:06.674+0000] {logging_mixin.py:188} INFO - [2024-04-27T09:47:06.674+0000] {dag.py:3954} INFO - Setting next_dagrun for example_short_circuit_operator to 2024-04-26 00:00:00+00:00, run_after=2024-04-27 00:00:00+00:00
[2024-04-27T09:47:06.708+0000] {processor.py:183} INFO - Processing /home/airflow/.local/lib/python3.12/site-packages/airflow/example_dags/example_short_circuit_operator.py took 0.138 seconds
[2024-04-27T09:47:36.780+0000] {processor.py:161} INFO - Started process (PID=762) to work on /home/airflow/.local/lib/python3.12/site-packages/airflow/example_dags/example_short_circuit_operator.py
[2024-04-27T09:47:36.781+0000] {processor.py:830} INFO - Processing file /home/airflow/.local/lib/python3.12/site-packages/airflow/example_dags/example_short_circuit_operator.py for tasks to queue
[2024-04-27T09:47:36.784+0000] {logging_mixin.py:188} INFO - [2024-04-27T09:47:36.784+0000] {dagbag.py:540} INFO - Filling up the DagBag from /home/airflow/.local/lib/python3.12/site-packages/airflow/example_dags/example_short_circuit_operator.py
[2024-04-27T09:47:36.792+0000] {processor.py:840} INFO - DAG(s) 'example_short_circuit_operator' retrieved from /home/airflow/.local/lib/python3.12/site-packages/airflow/example_dags/example_short_circuit_operator.py
[2024-04-27T09:47:36.819+0000] {logging_mixin.py:188} INFO - [2024-04-27T09:47:36.818+0000] {dag.py:3096} INFO - Sync 1 DAGs
[2024-04-27T09:47:36.848+0000] {logging_mixin.py:188} INFO - [2024-04-27T09:47:36.848+0000] {dag.py:3954} INFO - Setting next_dagrun for example_short_circuit_operator to 2024-04-26 00:00:00+00:00, run_after=2024-04-27 00:00:00+00:00
[2024-04-27T09:47:36.874+0000] {processor.py:183} INFO - Processing /home/airflow/.local/lib/python3.12/site-packages/airflow/example_dags/example_short_circuit_operator.py took 0.099 seconds
[2024-04-27T09:48:08.060+0000] {processor.py:161} INFO - Started process (PID=820) to work on /home/airflow/.local/lib/python3.12/site-packages/airflow/example_dags/example_short_circuit_operator.py
[2024-04-27T09:48:08.068+0000] {processor.py:830} INFO - Processing file /home/airflow/.local/lib/python3.12/site-packages/airflow/example_dags/example_short_circuit_operator.py for tasks to queue
[2024-04-27T09:48:08.086+0000] {logging_mixin.py:188} INFO - [2024-04-27T09:48:08.082+0000] {dagbag.py:540} INFO - Filling up the DagBag from /home/airflow/.local/lib/python3.12/site-packages/airflow/example_dags/example_short_circuit_operator.py
[2024-04-27T09:48:08.258+0000] {processor.py:840} INFO - DAG(s) 'example_short_circuit_operator' retrieved from /home/airflow/.local/lib/python3.12/site-packages/airflow/example_dags/example_short_circuit_operator.py
[2024-04-27T09:48:09.831+0000] {logging_mixin.py:188} INFO - [2024-04-27T09:48:09.826+0000] {dag.py:3096} INFO - Sync 1 DAGs
[2024-04-27T09:48:11.360+0000] {logging_mixin.py:188} INFO - [2024-04-27T09:48:11.356+0000] {dag.py:3954} INFO - Setting next_dagrun for example_short_circuit_operator to 2024-04-26 00:00:00+00:00, run_after=2024-04-27 00:00:00+00:00
[2024-04-27T09:48:12.672+0000] {processor.py:183} INFO - Processing /home/airflow/.local/lib/python3.12/site-packages/airflow/example_dags/example_short_circuit_operator.py took 4.676 seconds
[2024-04-27T09:48:43.312+0000] {processor.py:161} INFO - Started process (PID=878) to work on /home/airflow/.local/lib/python3.12/site-packages/airflow/example_dags/example_short_circuit_operator.py
[2024-04-27T09:48:43.315+0000] {processor.py:830} INFO - Processing file /home/airflow/.local/lib/python3.12/site-packages/airflow/example_dags/example_short_circuit_operator.py for tasks to queue
[2024-04-27T09:48:43.322+0000] {logging_mixin.py:188} INFO - [2024-04-27T09:48:43.320+0000] {dagbag.py:540} INFO - Filling up the DagBag from /home/airflow/.local/lib/python3.12/site-packages/airflow/example_dags/example_short_circuit_operator.py
[2024-04-27T09:48:43.349+0000] {processor.py:840} INFO - DAG(s) 'example_short_circuit_operator' retrieved from /home/airflow/.local/lib/python3.12/site-packages/airflow/example_dags/example_short_circuit_operator.py
[2024-04-27T09:48:43.438+0000] {logging_mixin.py:188} INFO - [2024-04-27T09:48:43.437+0000] {dag.py:3096} INFO - Sync 1 DAGs
[2024-04-27T09:48:44.019+0000] {logging_mixin.py:188} INFO - [2024-04-27T09:48:44.019+0000] {dag.py:3954} INFO - Setting next_dagrun for example_short_circuit_operator to 2024-04-26 00:00:00+00:00, run_after=2024-04-27 00:00:00+00:00
[2024-04-27T09:48:44.086+0000] {processor.py:183} INFO - Processing /home/airflow/.local/lib/python3.12/site-packages/airflow/example_dags/example_short_circuit_operator.py took 0.794 seconds
[2024-04-27T09:49:14.492+0000] {processor.py:161} INFO - Started process (PID=936) to work on /home/airflow/.local/lib/python3.12/site-packages/airflow/example_dags/example_short_circuit_operator.py
[2024-04-27T09:49:14.494+0000] {processor.py:830} INFO - Processing file /home/airflow/.local/lib/python3.12/site-packages/airflow/example_dags/example_short_circuit_operator.py for tasks to queue
[2024-04-27T09:49:14.499+0000] {logging_mixin.py:188} INFO - [2024-04-27T09:49:14.498+0000] {dagbag.py:540} INFO - Filling up the DagBag from /home/airflow/.local/lib/python3.12/site-packages/airflow/example_dags/example_short_circuit_operator.py
[2024-04-27T09:49:14.523+0000] {processor.py:840} INFO - DAG(s) 'example_short_circuit_operator' retrieved from /home/airflow/.local/lib/python3.12/site-packages/airflow/example_dags/example_short_circuit_operator.py
[2024-04-27T09:49:14.606+0000] {logging_mixin.py:188} INFO - [2024-04-27T09:49:14.605+0000] {dag.py:3096} INFO - Sync 1 DAGs
[2024-04-27T09:49:14.692+0000] {logging_mixin.py:188} INFO - [2024-04-27T09:49:14.692+0000] {dag.py:3954} INFO - Setting next_dagrun for example_short_circuit_operator to 2024-04-26 00:00:00+00:00, run_after=2024-04-27 00:00:00+00:00
[2024-04-27T09:49:15.444+0000] {processor.py:183} INFO - Processing /home/airflow/.local/lib/python3.12/site-packages/airflow/example_dags/example_short_circuit_operator.py took 0.967 seconds
[2024-04-27T09:49:45.594+0000] {processor.py:161} INFO - Started process (PID=995) to work on /home/airflow/.local/lib/python3.12/site-packages/airflow/example_dags/example_short_circuit_operator.py
[2024-04-27T09:49:45.597+0000] {processor.py:830} INFO - Processing file /home/airflow/.local/lib/python3.12/site-packages/airflow/example_dags/example_short_circuit_operator.py for tasks to queue
[2024-04-27T09:49:45.603+0000] {logging_mixin.py:188} INFO - [2024-04-27T09:49:45.602+0000] {dagbag.py:540} INFO - Filling up the DagBag from /home/airflow/.local/lib/python3.12/site-packages/airflow/example_dags/example_short_circuit_operator.py
[2024-04-27T09:49:45.633+0000] {processor.py:840} INFO - DAG(s) 'example_short_circuit_operator' retrieved from /home/airflow/.local/lib/python3.12/site-packages/airflow/example_dags/example_short_circuit_operator.py
[2024-04-27T09:49:45.701+0000] {logging_mixin.py:188} INFO - [2024-04-27T09:49:45.701+0000] {dag.py:3096} INFO - Sync 1 DAGs
[2024-04-27T09:49:45.763+0000] {logging_mixin.py:188} INFO - [2024-04-27T09:49:45.762+0000] {dag.py:3954} INFO - Setting next_dagrun for example_short_circuit_operator to 2024-04-26 00:00:00+00:00, run_after=2024-04-27 00:00:00+00:00
[2024-04-27T09:49:45.802+0000] {processor.py:183} INFO - Processing /home/airflow/.local/lib/python3.12/site-packages/airflow/example_dags/example_short_circuit_operator.py took 0.227 seconds
[2024-04-27T09:50:16.115+0000] {processor.py:161} INFO - Started process (PID=1053) to work on /home/airflow/.local/lib/python3.12/site-packages/airflow/example_dags/example_short_circuit_operator.py
[2024-04-27T09:50:16.117+0000] {processor.py:830} INFO - Processing file /home/airflow/.local/lib/python3.12/site-packages/airflow/example_dags/example_short_circuit_operator.py for tasks to queue
[2024-04-27T09:50:16.122+0000] {logging_mixin.py:188} INFO - [2024-04-27T09:50:16.122+0000] {dagbag.py:540} INFO - Filling up the DagBag from /home/airflow/.local/lib/python3.12/site-packages/airflow/example_dags/example_short_circuit_operator.py
[2024-04-27T09:50:16.337+0000] {processor.py:840} INFO - DAG(s) 'example_short_circuit_operator' retrieved from /home/airflow/.local/lib/python3.12/site-packages/airflow/example_dags/example_short_circuit_operator.py
[2024-04-27T09:50:16.388+0000] {logging_mixin.py:188} INFO - [2024-04-27T09:50:16.387+0000] {dag.py:3096} INFO - Sync 1 DAGs
[2024-04-27T09:50:16.430+0000] {logging_mixin.py:188} INFO - [2024-04-27T09:50:16.430+0000] {dag.py:3954} INFO - Setting next_dagrun for example_short_circuit_operator to 2024-04-26 00:00:00+00:00, run_after=2024-04-27 00:00:00+00:00
[2024-04-27T09:50:16.467+0000] {processor.py:183} INFO - Processing /home/airflow/.local/lib/python3.12/site-packages/airflow/example_dags/example_short_circuit_operator.py took 0.367 seconds
[2024-04-27T09:50:46.626+0000] {processor.py:161} INFO - Started process (PID=1112) to work on /home/airflow/.local/lib/python3.12/site-packages/airflow/example_dags/example_short_circuit_operator.py
[2024-04-27T09:50:46.627+0000] {processor.py:830} INFO - Processing file /home/airflow/.local/lib/python3.12/site-packages/airflow/example_dags/example_short_circuit_operator.py for tasks to queue
[2024-04-27T09:50:46.631+0000] {logging_mixin.py:188} INFO - [2024-04-27T09:50:46.630+0000] {dagbag.py:540} INFO - Filling up the DagBag from /home/airflow/.local/lib/python3.12/site-packages/airflow/example_dags/example_short_circuit_operator.py
[2024-04-27T09:50:46.645+0000] {processor.py:840} INFO - DAG(s) 'example_short_circuit_operator' retrieved from /home/airflow/.local/lib/python3.12/site-packages/airflow/example_dags/example_short_circuit_operator.py
[2024-04-27T09:50:46.699+0000] {logging_mixin.py:188} INFO - [2024-04-27T09:50:46.699+0000] {dag.py:3096} INFO - Sync 1 DAGs
[2024-04-27T09:50:46.759+0000] {logging_mixin.py:188} INFO - [2024-04-27T09:50:46.758+0000] {dag.py:3954} INFO - Setting next_dagrun for example_short_circuit_operator to 2024-04-26 00:00:00+00:00, run_after=2024-04-27 00:00:00+00:00
[2024-04-27T09:50:46.796+0000] {processor.py:183} INFO - Processing /home/airflow/.local/lib/python3.12/site-packages/airflow/example_dags/example_short_circuit_operator.py took 0.185 seconds
[2024-04-27T09:51:17.071+0000] {processor.py:161} INFO - Started process (PID=1169) to work on /home/airflow/.local/lib/python3.12/site-packages/airflow/example_dags/example_short_circuit_operator.py
[2024-04-27T09:51:17.073+0000] {processor.py:830} INFO - Processing file /home/airflow/.local/lib/python3.12/site-packages/airflow/example_dags/example_short_circuit_operator.py for tasks to queue
[2024-04-27T09:51:17.079+0000] {logging_mixin.py:188} INFO - [2024-04-27T09:51:17.078+0000] {dagbag.py:540} INFO - Filling up the DagBag from /home/airflow/.local/lib/python3.12/site-packages/airflow/example_dags/example_short_circuit_operator.py
[2024-04-27T09:51:17.106+0000] {processor.py:840} INFO - DAG(s) 'example_short_circuit_operator' retrieved from /home/airflow/.local/lib/python3.12/site-packages/airflow/example_dags/example_short_circuit_operator.py
[2024-04-27T09:51:17.181+0000] {logging_mixin.py:188} INFO - [2024-04-27T09:51:17.180+0000] {dag.py:3096} INFO - Sync 1 DAGs
[2024-04-27T09:51:17.257+0000] {logging_mixin.py:188} INFO - [2024-04-27T09:51:17.256+0000] {dag.py:3954} INFO - Setting next_dagrun for example_short_circuit_operator to 2024-04-26 00:00:00+00:00, run_after=2024-04-27 00:00:00+00:00
[2024-04-27T09:51:17.326+0000] {processor.py:183} INFO - Processing /home/airflow/.local/lib/python3.12/site-packages/airflow/example_dags/example_short_circuit_operator.py took 0.271 seconds
[2024-04-27T09:51:47.493+0000] {processor.py:161} INFO - Started process (PID=1227) to work on /home/airflow/.local/lib/python3.12/site-packages/airflow/example_dags/example_short_circuit_operator.py
[2024-04-27T09:51:47.495+0000] {processor.py:830} INFO - Processing file /home/airflow/.local/lib/python3.12/site-packages/airflow/example_dags/example_short_circuit_operator.py for tasks to queue
[2024-04-27T09:51:47.500+0000] {logging_mixin.py:188} INFO - [2024-04-27T09:51:47.499+0000] {dagbag.py:540} INFO - Filling up the DagBag from /home/airflow/.local/lib/python3.12/site-packages/airflow/example_dags/example_short_circuit_operator.py
[2024-04-27T09:51:47.520+0000] {processor.py:840} INFO - DAG(s) 'example_short_circuit_operator' retrieved from /home/airflow/.local/lib/python3.12/site-packages/airflow/example_dags/example_short_circuit_operator.py
[2024-04-27T09:51:47.652+0000] {logging_mixin.py:188} INFO - [2024-04-27T09:51:47.651+0000] {dag.py:3096} INFO - Sync 1 DAGs
[2024-04-27T09:51:47.758+0000] {logging_mixin.py:188} INFO - [2024-04-27T09:51:47.758+0000] {dag.py:3954} INFO - Setting next_dagrun for example_short_circuit_operator to 2024-04-26 00:00:00+00:00, run_after=2024-04-27 00:00:00+00:00
[2024-04-27T09:51:47.812+0000] {processor.py:183} INFO - Processing /home/airflow/.local/lib/python3.12/site-packages/airflow/example_dags/example_short_circuit_operator.py took 0.332 seconds
