[2024-04-27T09:40:37.823+0000] {processor.py:161} INFO - Started process (PID=74) to work on /home/airflow/.local/lib/python3.12/site-packages/airflow/example_dags/example_task_group.py
[2024-04-27T09:40:37.825+0000] {processor.py:830} INFO - Processing file /home/airflow/.local/lib/python3.12/site-packages/airflow/example_dags/example_task_group.py for tasks to queue
[2024-04-27T09:40:37.829+0000] {logging_mixin.py:188} INFO - [2024-04-27T09:40:37.828+0000] {dagbag.py:540} INFO - Filling up the DagBag from /home/airflow/.local/lib/python3.12/site-packages/airflow/example_dags/example_task_group.py
[2024-04-27T09:40:37.867+0000] {processor.py:840} INFO - DAG(s) 'example_task_group' retrieved from /home/airflow/.local/lib/python3.12/site-packages/airflow/example_dags/example_task_group.py
[2024-04-27T09:40:38.422+0000] {logging_mixin.py:188} INFO - [2024-04-27T09:40:38.421+0000] {dag.py:3096} INFO - Sync 1 DAGs
[2024-04-27T09:40:38.501+0000] {logging_mixin.py:188} INFO - [2024-04-27T09:40:38.500+0000] {dag.py:3954} INFO - Setting next_dagrun for example_task_group to 2024-04-26 00:00:00+00:00, run_after=2024-04-27 00:00:00+00:00
[2024-04-27T09:40:40.412+0000] {logging_mixin.py:188} INFO - [2024-04-27T09:40:40.411+0000] {process_utils.py:263} INFO - Waiting up to 5 seconds for processes to exit...
[2024-04-27T09:41:25.151+0000] {processor.py:161} INFO - Started process (PID=62) to work on /home/airflow/.local/lib/python3.12/site-packages/airflow/example_dags/example_task_group.py
[2024-04-27T09:41:25.152+0000] {processor.py:830} INFO - Processing file /home/airflow/.local/lib/python3.12/site-packages/airflow/example_dags/example_task_group.py for tasks to queue
[2024-04-27T09:41:25.154+0000] {logging_mixin.py:188} INFO - [2024-04-27T09:41:25.154+0000] {dagbag.py:540} INFO - Filling up the DagBag from /home/airflow/.local/lib/python3.12/site-packages/airflow/example_dags/example_task_group.py
[2024-04-27T09:41:25.166+0000] {processor.py:840} INFO - DAG(s) 'example_task_group' retrieved from /home/airflow/.local/lib/python3.12/site-packages/airflow/example_dags/example_task_group.py
[2024-04-27T09:41:25.193+0000] {logging_mixin.py:188} INFO - [2024-04-27T09:41:25.192+0000] {dag.py:3096} INFO - Sync 1 DAGs
[2024-04-27T09:41:25.223+0000] {logging_mixin.py:188} INFO - [2024-04-27T09:41:25.223+0000] {dag.py:3954} INFO - Setting next_dagrun for example_task_group to 2024-04-26 00:00:00+00:00, run_after=2024-04-27 00:00:00+00:00
[2024-04-27T09:41:25.255+0000] {processor.py:183} INFO - Processing /home/airflow/.local/lib/python3.12/site-packages/airflow/example_dags/example_task_group.py took 0.110 seconds
[2024-04-27T09:41:55.570+0000] {processor.py:161} INFO - Started process (PID=120) to work on /home/airflow/.local/lib/python3.12/site-packages/airflow/example_dags/example_task_group.py
[2024-04-27T09:41:55.571+0000] {processor.py:830} INFO - Processing file /home/airflow/.local/lib/python3.12/site-packages/airflow/example_dags/example_task_group.py for tasks to queue
[2024-04-27T09:41:55.575+0000] {logging_mixin.py:188} INFO - [2024-04-27T09:41:55.574+0000] {dagbag.py:540} INFO - Filling up the DagBag from /home/airflow/.local/lib/python3.12/site-packages/airflow/example_dags/example_task_group.py
[2024-04-27T09:41:55.584+0000] {processor.py:840} INFO - DAG(s) 'example_task_group' retrieved from /home/airflow/.local/lib/python3.12/site-packages/airflow/example_dags/example_task_group.py
[2024-04-27T09:41:55.617+0000] {logging_mixin.py:188} INFO - [2024-04-27T09:41:55.616+0000] {dag.py:3096} INFO - Sync 1 DAGs
[2024-04-27T09:41:55.651+0000] {logging_mixin.py:188} INFO - [2024-04-27T09:41:55.650+0000] {dag.py:3954} INFO - Setting next_dagrun for example_task_group to 2024-04-26 00:00:00+00:00, run_after=2024-04-27 00:00:00+00:00
[2024-04-27T09:41:55.688+0000] {processor.py:183} INFO - Processing /home/airflow/.local/lib/python3.12/site-packages/airflow/example_dags/example_task_group.py took 0.125 seconds
[2024-04-27T09:42:26.612+0000] {processor.py:161} INFO - Started process (PID=177) to work on /home/airflow/.local/lib/python3.12/site-packages/airflow/example_dags/example_task_group.py
[2024-04-27T09:42:26.614+0000] {processor.py:830} INFO - Processing file /home/airflow/.local/lib/python3.12/site-packages/airflow/example_dags/example_task_group.py for tasks to queue
[2024-04-27T09:42:26.616+0000] {logging_mixin.py:188} INFO - [2024-04-27T09:42:26.616+0000] {dagbag.py:540} INFO - Filling up the DagBag from /home/airflow/.local/lib/python3.12/site-packages/airflow/example_dags/example_task_group.py
[2024-04-27T09:42:26.624+0000] {processor.py:840} INFO - DAG(s) 'example_task_group' retrieved from /home/airflow/.local/lib/python3.12/site-packages/airflow/example_dags/example_task_group.py
[2024-04-27T09:42:26.650+0000] {logging_mixin.py:188} INFO - [2024-04-27T09:42:26.650+0000] {dag.py:3096} INFO - Sync 1 DAGs
[2024-04-27T09:42:26.680+0000] {logging_mixin.py:188} INFO - [2024-04-27T09:42:26.680+0000] {dag.py:3954} INFO - Setting next_dagrun for example_task_group to 2024-04-26 00:00:00+00:00, run_after=2024-04-27 00:00:00+00:00
[2024-04-27T09:42:26.707+0000] {processor.py:183} INFO - Processing /home/airflow/.local/lib/python3.12/site-packages/airflow/example_dags/example_task_group.py took 0.101 seconds
[2024-04-27T09:42:56.939+0000] {processor.py:161} INFO - Started process (PID=235) to work on /home/airflow/.local/lib/python3.12/site-packages/airflow/example_dags/example_task_group.py
[2024-04-27T09:42:56.940+0000] {processor.py:830} INFO - Processing file /home/airflow/.local/lib/python3.12/site-packages/airflow/example_dags/example_task_group.py for tasks to queue
[2024-04-27T09:42:56.942+0000] {logging_mixin.py:188} INFO - [2024-04-27T09:42:56.942+0000] {dagbag.py:540} INFO - Filling up the DagBag from /home/airflow/.local/lib/python3.12/site-packages/airflow/example_dags/example_task_group.py
[2024-04-27T09:42:56.950+0000] {processor.py:840} INFO - DAG(s) 'example_task_group' retrieved from /home/airflow/.local/lib/python3.12/site-packages/airflow/example_dags/example_task_group.py
[2024-04-27T09:42:56.976+0000] {logging_mixin.py:188} INFO - [2024-04-27T09:42:56.976+0000] {dag.py:3096} INFO - Sync 1 DAGs
[2024-04-27T09:42:57.007+0000] {logging_mixin.py:188} INFO - [2024-04-27T09:42:57.006+0000] {dag.py:3954} INFO - Setting next_dagrun for example_task_group to 2024-04-26 00:00:00+00:00, run_after=2024-04-27 00:00:00+00:00
[2024-04-27T09:42:57.032+0000] {processor.py:183} INFO - Processing /home/airflow/.local/lib/python3.12/site-packages/airflow/example_dags/example_task_group.py took 0.099 seconds
[2024-04-27T09:43:27.090+0000] {processor.py:161} INFO - Started process (PID=293) to work on /home/airflow/.local/lib/python3.12/site-packages/airflow/example_dags/example_task_group.py
[2024-04-27T09:43:27.093+0000] {processor.py:830} INFO - Processing file /home/airflow/.local/lib/python3.12/site-packages/airflow/example_dags/example_task_group.py for tasks to queue
[2024-04-27T09:43:27.096+0000] {logging_mixin.py:188} INFO - [2024-04-27T09:43:27.095+0000] {dagbag.py:540} INFO - Filling up the DagBag from /home/airflow/.local/lib/python3.12/site-packages/airflow/example_dags/example_task_group.py
[2024-04-27T09:43:27.109+0000] {processor.py:840} INFO - DAG(s) 'example_task_group' retrieved from /home/airflow/.local/lib/python3.12/site-packages/airflow/example_dags/example_task_group.py
[2024-04-27T09:43:27.139+0000] {logging_mixin.py:188} INFO - [2024-04-27T09:43:27.138+0000] {dag.py:3096} INFO - Sync 1 DAGs
[2024-04-27T09:43:27.171+0000] {logging_mixin.py:188} INFO - [2024-04-27T09:43:27.170+0000] {dag.py:3954} INFO - Setting next_dagrun for example_task_group to 2024-04-26 00:00:00+00:00, run_after=2024-04-27 00:00:00+00:00
[2024-04-27T09:43:27.200+0000] {processor.py:183} INFO - Processing /home/airflow/.local/lib/python3.12/site-packages/airflow/example_dags/example_task_group.py took 0.119 seconds
[2024-04-27T09:43:57.806+0000] {processor.py:161} INFO - Started process (PID=351) to work on /home/airflow/.local/lib/python3.12/site-packages/airflow/example_dags/example_task_group.py
[2024-04-27T09:43:57.807+0000] {processor.py:830} INFO - Processing file /home/airflow/.local/lib/python3.12/site-packages/airflow/example_dags/example_task_group.py for tasks to queue
[2024-04-27T09:43:57.810+0000] {logging_mixin.py:188} INFO - [2024-04-27T09:43:57.809+0000] {dagbag.py:540} INFO - Filling up the DagBag from /home/airflow/.local/lib/python3.12/site-packages/airflow/example_dags/example_task_group.py
[2024-04-27T09:43:57.819+0000] {processor.py:840} INFO - DAG(s) 'example_task_group' retrieved from /home/airflow/.local/lib/python3.12/site-packages/airflow/example_dags/example_task_group.py
[2024-04-27T09:43:57.848+0000] {logging_mixin.py:188} INFO - [2024-04-27T09:43:57.847+0000] {dag.py:3096} INFO - Sync 1 DAGs
[2024-04-27T09:43:57.882+0000] {logging_mixin.py:188} INFO - [2024-04-27T09:43:57.881+0000] {dag.py:3954} INFO - Setting next_dagrun for example_task_group to 2024-04-26 00:00:00+00:00, run_after=2024-04-27 00:00:00+00:00
[2024-04-27T09:43:57.919+0000] {processor.py:183} INFO - Processing /home/airflow/.local/lib/python3.12/site-packages/airflow/example_dags/example_task_group.py took 0.119 seconds
[2024-04-27T09:44:28.743+0000] {processor.py:161} INFO - Started process (PID=409) to work on /home/airflow/.local/lib/python3.12/site-packages/airflow/example_dags/example_task_group.py
[2024-04-27T09:44:28.745+0000] {processor.py:830} INFO - Processing file /home/airflow/.local/lib/python3.12/site-packages/airflow/example_dags/example_task_group.py for tasks to queue
[2024-04-27T09:44:28.749+0000] {logging_mixin.py:188} INFO - [2024-04-27T09:44:28.748+0000] {dagbag.py:540} INFO - Filling up the DagBag from /home/airflow/.local/lib/python3.12/site-packages/airflow/example_dags/example_task_group.py
[2024-04-27T09:44:28.762+0000] {processor.py:840} INFO - DAG(s) 'example_task_group' retrieved from /home/airflow/.local/lib/python3.12/site-packages/airflow/example_dags/example_task_group.py
[2024-04-27T09:44:28.796+0000] {logging_mixin.py:188} INFO - [2024-04-27T09:44:28.796+0000] {dag.py:3096} INFO - Sync 1 DAGs
[2024-04-27T09:44:28.861+0000] {logging_mixin.py:188} INFO - [2024-04-27T09:44:28.861+0000] {dag.py:3954} INFO - Setting next_dagrun for example_task_group to 2024-04-26 00:00:00+00:00, run_after=2024-04-27 00:00:00+00:00
[2024-04-27T09:44:28.905+0000] {processor.py:183} INFO - Processing /home/airflow/.local/lib/python3.12/site-packages/airflow/example_dags/example_task_group.py took 0.169 seconds
[2024-04-27T09:44:59.354+0000] {processor.py:161} INFO - Started process (PID=467) to work on /home/airflow/.local/lib/python3.12/site-packages/airflow/example_dags/example_task_group.py
[2024-04-27T09:44:59.355+0000] {processor.py:830} INFO - Processing file /home/airflow/.local/lib/python3.12/site-packages/airflow/example_dags/example_task_group.py for tasks to queue
[2024-04-27T09:44:59.357+0000] {logging_mixin.py:188} INFO - [2024-04-27T09:44:59.357+0000] {dagbag.py:540} INFO - Filling up the DagBag from /home/airflow/.local/lib/python3.12/site-packages/airflow/example_dags/example_task_group.py
[2024-04-27T09:44:59.365+0000] {processor.py:840} INFO - DAG(s) 'example_task_group' retrieved from /home/airflow/.local/lib/python3.12/site-packages/airflow/example_dags/example_task_group.py
[2024-04-27T09:44:59.390+0000] {logging_mixin.py:188} INFO - [2024-04-27T09:44:59.390+0000] {dag.py:3096} INFO - Sync 1 DAGs
[2024-04-27T09:44:59.420+0000] {logging_mixin.py:188} INFO - [2024-04-27T09:44:59.419+0000] {dag.py:3954} INFO - Setting next_dagrun for example_task_group to 2024-04-26 00:00:00+00:00, run_after=2024-04-27 00:00:00+00:00
[2024-04-27T09:44:59.446+0000] {processor.py:183} INFO - Processing /home/airflow/.local/lib/python3.12/site-packages/airflow/example_dags/example_task_group.py took 0.098 seconds
[2024-04-27T09:45:29.943+0000] {processor.py:161} INFO - Started process (PID=525) to work on /home/airflow/.local/lib/python3.12/site-packages/airflow/example_dags/example_task_group.py
[2024-04-27T09:45:29.944+0000] {processor.py:830} INFO - Processing file /home/airflow/.local/lib/python3.12/site-packages/airflow/example_dags/example_task_group.py for tasks to queue
[2024-04-27T09:45:29.946+0000] {logging_mixin.py:188} INFO - [2024-04-27T09:45:29.946+0000] {dagbag.py:540} INFO - Filling up the DagBag from /home/airflow/.local/lib/python3.12/site-packages/airflow/example_dags/example_task_group.py
[2024-04-27T09:45:29.954+0000] {processor.py:840} INFO - DAG(s) 'example_task_group' retrieved from /home/airflow/.local/lib/python3.12/site-packages/airflow/example_dags/example_task_group.py
[2024-04-27T09:45:29.980+0000] {logging_mixin.py:188} INFO - [2024-04-27T09:45:29.980+0000] {dag.py:3096} INFO - Sync 1 DAGs
[2024-04-27T09:45:30.007+0000] {logging_mixin.py:188} INFO - [2024-04-27T09:45:30.007+0000] {dag.py:3954} INFO - Setting next_dagrun for example_task_group to 2024-04-26 00:00:00+00:00, run_after=2024-04-27 00:00:00+00:00
[2024-04-27T09:45:30.036+0000] {processor.py:183} INFO - Processing /home/airflow/.local/lib/python3.12/site-packages/airflow/example_dags/example_task_group.py took 0.100 seconds
[2024-04-27T09:46:00.522+0000] {processor.py:161} INFO - Started process (PID=583) to work on /home/airflow/.local/lib/python3.12/site-packages/airflow/example_dags/example_task_group.py
[2024-04-27T09:46:00.523+0000] {processor.py:830} INFO - Processing file /home/airflow/.local/lib/python3.12/site-packages/airflow/example_dags/example_task_group.py for tasks to queue
[2024-04-27T09:46:00.526+0000] {logging_mixin.py:188} INFO - [2024-04-27T09:46:00.526+0000] {dagbag.py:540} INFO - Filling up the DagBag from /home/airflow/.local/lib/python3.12/site-packages/airflow/example_dags/example_task_group.py
[2024-04-27T09:46:00.539+0000] {processor.py:840} INFO - DAG(s) 'example_task_group' retrieved from /home/airflow/.local/lib/python3.12/site-packages/airflow/example_dags/example_task_group.py
[2024-04-27T09:46:00.577+0000] {logging_mixin.py:188} INFO - [2024-04-27T09:46:00.576+0000] {dag.py:3096} INFO - Sync 1 DAGs
[2024-04-27T09:46:00.632+0000] {logging_mixin.py:188} INFO - [2024-04-27T09:46:00.631+0000] {dag.py:3954} INFO - Setting next_dagrun for example_task_group to 2024-04-26 00:00:00+00:00, run_after=2024-04-27 00:00:00+00:00
[2024-04-27T09:46:00.735+0000] {processor.py:183} INFO - Processing /home/airflow/.local/lib/python3.12/site-packages/airflow/example_dags/example_task_group.py took 0.221 seconds
[2024-04-27T09:46:31.562+0000] {processor.py:161} INFO - Started process (PID=641) to work on /home/airflow/.local/lib/python3.12/site-packages/airflow/example_dags/example_task_group.py
[2024-04-27T09:46:31.563+0000] {processor.py:830} INFO - Processing file /home/airflow/.local/lib/python3.12/site-packages/airflow/example_dags/example_task_group.py for tasks to queue
[2024-04-27T09:46:31.567+0000] {logging_mixin.py:188} INFO - [2024-04-27T09:46:31.566+0000] {dagbag.py:540} INFO - Filling up the DagBag from /home/airflow/.local/lib/python3.12/site-packages/airflow/example_dags/example_task_group.py
[2024-04-27T09:46:31.581+0000] {processor.py:840} INFO - DAG(s) 'example_task_group' retrieved from /home/airflow/.local/lib/python3.12/site-packages/airflow/example_dags/example_task_group.py
[2024-04-27T09:46:31.625+0000] {logging_mixin.py:188} INFO - [2024-04-27T09:46:31.624+0000] {dag.py:3096} INFO - Sync 1 DAGs
[2024-04-27T09:46:31.664+0000] {logging_mixin.py:188} INFO - [2024-04-27T09:46:31.663+0000] {dag.py:3954} INFO - Setting next_dagrun for example_task_group to 2024-04-26 00:00:00+00:00, run_after=2024-04-27 00:00:00+00:00
[2024-04-27T09:46:31.700+0000] {processor.py:183} INFO - Processing /home/airflow/.local/lib/python3.12/site-packages/airflow/example_dags/example_task_group.py took 0.151 seconds
[2024-04-27T09:47:01.997+0000] {processor.py:161} INFO - Started process (PID=699) to work on /home/airflow/.local/lib/python3.12/site-packages/airflow/example_dags/example_task_group.py
[2024-04-27T09:47:01.998+0000] {processor.py:830} INFO - Processing file /home/airflow/.local/lib/python3.12/site-packages/airflow/example_dags/example_task_group.py for tasks to queue
[2024-04-27T09:47:02.001+0000] {logging_mixin.py:188} INFO - [2024-04-27T09:47:02.000+0000] {dagbag.py:540} INFO - Filling up the DagBag from /home/airflow/.local/lib/python3.12/site-packages/airflow/example_dags/example_task_group.py
[2024-04-27T09:47:02.013+0000] {processor.py:840} INFO - DAG(s) 'example_task_group' retrieved from /home/airflow/.local/lib/python3.12/site-packages/airflow/example_dags/example_task_group.py
[2024-04-27T09:47:02.044+0000] {logging_mixin.py:188} INFO - [2024-04-27T09:47:02.044+0000] {dag.py:3096} INFO - Sync 1 DAGs
[2024-04-27T09:47:02.077+0000] {logging_mixin.py:188} INFO - [2024-04-27T09:47:02.077+0000] {dag.py:3954} INFO - Setting next_dagrun for example_task_group to 2024-04-26 00:00:00+00:00, run_after=2024-04-27 00:00:00+00:00
[2024-04-27T09:47:02.106+0000] {processor.py:183} INFO - Processing /home/airflow/.local/lib/python3.12/site-packages/airflow/example_dags/example_task_group.py took 0.120 seconds
[2024-04-27T09:47:32.348+0000] {processor.py:161} INFO - Started process (PID=757) to work on /home/airflow/.local/lib/python3.12/site-packages/airflow/example_dags/example_task_group.py
[2024-04-27T09:47:32.349+0000] {processor.py:830} INFO - Processing file /home/airflow/.local/lib/python3.12/site-packages/airflow/example_dags/example_task_group.py for tasks to queue
[2024-04-27T09:47:32.352+0000] {logging_mixin.py:188} INFO - [2024-04-27T09:47:32.352+0000] {dagbag.py:540} INFO - Filling up the DagBag from /home/airflow/.local/lib/python3.12/site-packages/airflow/example_dags/example_task_group.py
[2024-04-27T09:47:32.361+0000] {processor.py:840} INFO - DAG(s) 'example_task_group' retrieved from /home/airflow/.local/lib/python3.12/site-packages/airflow/example_dags/example_task_group.py
[2024-04-27T09:47:32.386+0000] {logging_mixin.py:188} INFO - [2024-04-27T09:47:32.386+0000] {dag.py:3096} INFO - Sync 1 DAGs
[2024-04-27T09:47:32.414+0000] {logging_mixin.py:188} INFO - [2024-04-27T09:47:32.413+0000] {dag.py:3954} INFO - Setting next_dagrun for example_task_group to 2024-04-26 00:00:00+00:00, run_after=2024-04-27 00:00:00+00:00
[2024-04-27T09:47:32.442+0000] {processor.py:183} INFO - Processing /home/airflow/.local/lib/python3.12/site-packages/airflow/example_dags/example_task_group.py took 0.101 seconds
[2024-04-27T09:48:04.125+0000] {processor.py:161} INFO - Started process (PID=815) to work on /home/airflow/.local/lib/python3.12/site-packages/airflow/example_dags/example_task_group.py
[2024-04-27T09:48:04.126+0000] {processor.py:830} INFO - Processing file /home/airflow/.local/lib/python3.12/site-packages/airflow/example_dags/example_task_group.py for tasks to queue
[2024-04-27T09:48:04.129+0000] {logging_mixin.py:188} INFO - [2024-04-27T09:48:04.128+0000] {dagbag.py:540} INFO - Filling up the DagBag from /home/airflow/.local/lib/python3.12/site-packages/airflow/example_dags/example_task_group.py
[2024-04-27T09:48:04.137+0000] {processor.py:840} INFO - DAG(s) 'example_task_group' retrieved from /home/airflow/.local/lib/python3.12/site-packages/airflow/example_dags/example_task_group.py
[2024-04-27T09:48:04.165+0000] {logging_mixin.py:188} INFO - [2024-04-27T09:48:04.165+0000] {dag.py:3096} INFO - Sync 1 DAGs
[2024-04-27T09:48:04.363+0000] {logging_mixin.py:188} INFO - [2024-04-27T09:48:04.362+0000] {dag.py:3954} INFO - Setting next_dagrun for example_task_group to 2024-04-26 00:00:00+00:00, run_after=2024-04-27 00:00:00+00:00
[2024-04-27T09:48:04.389+0000] {processor.py:183} INFO - Processing /home/airflow/.local/lib/python3.12/site-packages/airflow/example_dags/example_task_group.py took 0.271 seconds
[2024-04-27T09:48:37.667+0000] {processor.py:161} INFO - Started process (PID=873) to work on /home/airflow/.local/lib/python3.12/site-packages/airflow/example_dags/example_task_group.py
[2024-04-27T09:48:37.670+0000] {processor.py:830} INFO - Processing file /home/airflow/.local/lib/python3.12/site-packages/airflow/example_dags/example_task_group.py for tasks to queue
[2024-04-27T09:48:37.674+0000] {logging_mixin.py:188} INFO - [2024-04-27T09:48:37.673+0000] {dagbag.py:540} INFO - Filling up the DagBag from /home/airflow/.local/lib/python3.12/site-packages/airflow/example_dags/example_task_group.py
[2024-04-27T09:48:37.694+0000] {processor.py:840} INFO - DAG(s) 'example_task_group' retrieved from /home/airflow/.local/lib/python3.12/site-packages/airflow/example_dags/example_task_group.py
[2024-04-27T09:48:37.754+0000] {logging_mixin.py:188} INFO - [2024-04-27T09:48:37.753+0000] {dag.py:3096} INFO - Sync 1 DAGs
[2024-04-27T09:48:37.815+0000] {logging_mixin.py:188} INFO - [2024-04-27T09:48:37.814+0000] {dag.py:3954} INFO - Setting next_dagrun for example_task_group to 2024-04-26 00:00:00+00:00, run_after=2024-04-27 00:00:00+00:00
[2024-04-27T09:48:38.247+0000] {processor.py:183} INFO - Processing /home/airflow/.local/lib/python3.12/site-packages/airflow/example_dags/example_task_group.py took 0.591 seconds
[2024-04-27T09:49:08.910+0000] {processor.py:161} INFO - Started process (PID=931) to work on /home/airflow/.local/lib/python3.12/site-packages/airflow/example_dags/example_task_group.py
[2024-04-27T09:49:08.915+0000] {processor.py:830} INFO - Processing file /home/airflow/.local/lib/python3.12/site-packages/airflow/example_dags/example_task_group.py for tasks to queue
[2024-04-27T09:49:08.926+0000] {logging_mixin.py:188} INFO - [2024-04-27T09:49:08.922+0000] {dagbag.py:540} INFO - Filling up the DagBag from /home/airflow/.local/lib/python3.12/site-packages/airflow/example_dags/example_task_group.py
[2024-04-27T09:49:08.962+0000] {processor.py:840} INFO - DAG(s) 'example_task_group' retrieved from /home/airflow/.local/lib/python3.12/site-packages/airflow/example_dags/example_task_group.py
[2024-04-27T09:49:09.054+0000] {logging_mixin.py:188} INFO - [2024-04-27T09:49:09.053+0000] {dag.py:3096} INFO - Sync 1 DAGs
[2024-04-27T09:49:09.168+0000] {logging_mixin.py:188} INFO - [2024-04-27T09:49:09.164+0000] {dag.py:3954} INFO - Setting next_dagrun for example_task_group to 2024-04-26 00:00:00+00:00, run_after=2024-04-27 00:00:00+00:00
[2024-04-27T09:49:09.257+0000] {processor.py:183} INFO - Processing /home/airflow/.local/lib/python3.12/site-packages/airflow/example_dags/example_task_group.py took 0.375 seconds
[2024-04-27T09:49:39.536+0000] {processor.py:161} INFO - Started process (PID=990) to work on /home/airflow/.local/lib/python3.12/site-packages/airflow/example_dags/example_task_group.py
[2024-04-27T09:49:39.539+0000] {processor.py:830} INFO - Processing file /home/airflow/.local/lib/python3.12/site-packages/airflow/example_dags/example_task_group.py for tasks to queue
[2024-04-27T09:49:39.546+0000] {logging_mixin.py:188} INFO - [2024-04-27T09:49:39.544+0000] {dagbag.py:540} INFO - Filling up the DagBag from /home/airflow/.local/lib/python3.12/site-packages/airflow/example_dags/example_task_group.py
[2024-04-27T09:49:39.574+0000] {processor.py:840} INFO - DAG(s) 'example_task_group' retrieved from /home/airflow/.local/lib/python3.12/site-packages/airflow/example_dags/example_task_group.py
[2024-04-27T09:49:39.641+0000] {logging_mixin.py:188} INFO - [2024-04-27T09:49:39.640+0000] {dag.py:3096} INFO - Sync 1 DAGs
[2024-04-27T09:49:39.696+0000] {logging_mixin.py:188} INFO - [2024-04-27T09:49:39.695+0000] {dag.py:3954} INFO - Setting next_dagrun for example_task_group to 2024-04-26 00:00:00+00:00, run_after=2024-04-27 00:00:00+00:00
[2024-04-27T09:49:39.772+0000] {processor.py:183} INFO - Processing /home/airflow/.local/lib/python3.12/site-packages/airflow/example_dags/example_task_group.py took 0.255 seconds
[2024-04-27T09:50:11.003+0000] {processor.py:161} INFO - Started process (PID=1048) to work on /home/airflow/.local/lib/python3.12/site-packages/airflow/example_dags/example_task_group.py
[2024-04-27T09:50:11.006+0000] {processor.py:830} INFO - Processing file /home/airflow/.local/lib/python3.12/site-packages/airflow/example_dags/example_task_group.py for tasks to queue
[2024-04-27T09:50:11.010+0000] {logging_mixin.py:188} INFO - [2024-04-27T09:50:11.009+0000] {dagbag.py:540} INFO - Filling up the DagBag from /home/airflow/.local/lib/python3.12/site-packages/airflow/example_dags/example_task_group.py
[2024-04-27T09:50:11.029+0000] {processor.py:840} INFO - DAG(s) 'example_task_group' retrieved from /home/airflow/.local/lib/python3.12/site-packages/airflow/example_dags/example_task_group.py
[2024-04-27T09:50:11.315+0000] {logging_mixin.py:188} INFO - [2024-04-27T09:50:11.314+0000] {dag.py:3096} INFO - Sync 1 DAGs
[2024-04-27T09:50:11.361+0000] {logging_mixin.py:188} INFO - [2024-04-27T09:50:11.361+0000] {dag.py:3954} INFO - Setting next_dagrun for example_task_group to 2024-04-26 00:00:00+00:00, run_after=2024-04-27 00:00:00+00:00
[2024-04-27T09:50:11.400+0000] {processor.py:183} INFO - Processing /home/airflow/.local/lib/python3.12/site-packages/airflow/example_dags/example_task_group.py took 0.409 seconds
[2024-04-27T09:50:41.567+0000] {processor.py:161} INFO - Started process (PID=1106) to work on /home/airflow/.local/lib/python3.12/site-packages/airflow/example_dags/example_task_group.py
[2024-04-27T09:50:41.569+0000] {processor.py:830} INFO - Processing file /home/airflow/.local/lib/python3.12/site-packages/airflow/example_dags/example_task_group.py for tasks to queue
[2024-04-27T09:50:41.573+0000] {logging_mixin.py:188} INFO - [2024-04-27T09:50:41.572+0000] {dagbag.py:540} INFO - Filling up the DagBag from /home/airflow/.local/lib/python3.12/site-packages/airflow/example_dags/example_task_group.py
[2024-04-27T09:50:41.586+0000] {processor.py:840} INFO - DAG(s) 'example_task_group' retrieved from /home/airflow/.local/lib/python3.12/site-packages/airflow/example_dags/example_task_group.py
[2024-04-27T09:50:41.642+0000] {logging_mixin.py:188} INFO - [2024-04-27T09:50:41.641+0000] {dag.py:3096} INFO - Sync 1 DAGs
[2024-04-27T09:50:41.716+0000] {logging_mixin.py:188} INFO - [2024-04-27T09:50:41.715+0000] {dag.py:3954} INFO - Setting next_dagrun for example_task_group to 2024-04-26 00:00:00+00:00, run_after=2024-04-27 00:00:00+00:00
[2024-04-27T09:50:41.791+0000] {processor.py:183} INFO - Processing /home/airflow/.local/lib/python3.12/site-packages/airflow/example_dags/example_task_group.py took 0.243 seconds
[2024-04-27T09:51:12.092+0000] {processor.py:161} INFO - Started process (PID=1164) to work on /home/airflow/.local/lib/python3.12/site-packages/airflow/example_dags/example_task_group.py
[2024-04-27T09:51:12.094+0000] {processor.py:830} INFO - Processing file /home/airflow/.local/lib/python3.12/site-packages/airflow/example_dags/example_task_group.py for tasks to queue
[2024-04-27T09:51:12.097+0000] {logging_mixin.py:188} INFO - [2024-04-27T09:51:12.096+0000] {dagbag.py:540} INFO - Filling up the DagBag from /home/airflow/.local/lib/python3.12/site-packages/airflow/example_dags/example_task_group.py
[2024-04-27T09:51:12.113+0000] {processor.py:840} INFO - DAG(s) 'example_task_group' retrieved from /home/airflow/.local/lib/python3.12/site-packages/airflow/example_dags/example_task_group.py
[2024-04-27T09:51:12.156+0000] {logging_mixin.py:188} INFO - [2024-04-27T09:51:12.156+0000] {dag.py:3096} INFO - Sync 1 DAGs
[2024-04-27T09:51:12.203+0000] {logging_mixin.py:188} INFO - [2024-04-27T09:51:12.203+0000] {dag.py:3954} INFO - Setting next_dagrun for example_task_group to 2024-04-26 00:00:00+00:00, run_after=2024-04-27 00:00:00+00:00
[2024-04-27T09:51:12.253+0000] {processor.py:183} INFO - Processing /home/airflow/.local/lib/python3.12/site-packages/airflow/example_dags/example_task_group.py took 0.172 seconds
[2024-04-27T09:51:42.402+0000] {processor.py:161} INFO - Started process (PID=1222) to work on /home/airflow/.local/lib/python3.12/site-packages/airflow/example_dags/example_task_group.py
[2024-04-27T09:51:42.404+0000] {processor.py:830} INFO - Processing file /home/airflow/.local/lib/python3.12/site-packages/airflow/example_dags/example_task_group.py for tasks to queue
[2024-04-27T09:51:42.408+0000] {logging_mixin.py:188} INFO - [2024-04-27T09:51:42.407+0000] {dagbag.py:540} INFO - Filling up the DagBag from /home/airflow/.local/lib/python3.12/site-packages/airflow/example_dags/example_task_group.py
[2024-04-27T09:51:42.425+0000] {processor.py:840} INFO - DAG(s) 'example_task_group' retrieved from /home/airflow/.local/lib/python3.12/site-packages/airflow/example_dags/example_task_group.py
[2024-04-27T09:51:42.469+0000] {logging_mixin.py:188} INFO - [2024-04-27T09:51:42.469+0000] {dag.py:3096} INFO - Sync 1 DAGs
[2024-04-27T09:51:42.514+0000] {logging_mixin.py:188} INFO - [2024-04-27T09:51:42.513+0000] {dag.py:3954} INFO - Setting next_dagrun for example_task_group to 2024-04-26 00:00:00+00:00, run_after=2024-04-27 00:00:00+00:00
[2024-04-27T09:51:42.564+0000] {processor.py:183} INFO - Processing /home/airflow/.local/lib/python3.12/site-packages/airflow/example_dags/example_task_group.py took 0.173 seconds
