[2024-04-27T09:41:25.580+0000] {processor.py:161} INFO - Started process (PID=66) to work on /home/airflow/.local/lib/python3.12/site-packages/airflow/example_dags/example_setup_teardown.py
[2024-04-27T09:41:25.581+0000] {processor.py:830} INFO - Processing file /home/airflow/.local/lib/python3.12/site-packages/airflow/example_dags/example_setup_teardown.py for tasks to queue
[2024-04-27T09:41:25.584+0000] {logging_mixin.py:188} INFO - [2024-04-27T09:41:25.584+0000] {dagbag.py:540} INFO - Filling up the DagBag from /home/airflow/.local/lib/python3.12/site-packages/airflow/example_dags/example_setup_teardown.py
[2024-04-27T09:41:25.594+0000] {processor.py:840} INFO - DAG(s) 'example_setup_teardown' retrieved from /home/airflow/.local/lib/python3.12/site-packages/airflow/example_dags/example_setup_teardown.py
[2024-04-27T09:41:25.745+0000] {logging_mixin.py:188} INFO - [2024-04-27T09:41:25.745+0000] {dag.py:3096} INFO - Sync 1 DAGs
[2024-04-27T09:41:25.778+0000] {logging_mixin.py:188} INFO - [2024-04-27T09:41:25.778+0000] {dag.py:3954} INFO - Setting next_dagrun for example_setup_teardown to 2024-04-26 00:00:00+00:00, run_after=2024-04-27 00:00:00+00:00
[2024-04-27T09:41:25.806+0000] {processor.py:183} INFO - Processing /home/airflow/.local/lib/python3.12/site-packages/airflow/example_dags/example_setup_teardown.py took 0.232 seconds
[2024-04-27T09:41:56.764+0000] {processor.py:161} INFO - Started process (PID=124) to work on /home/airflow/.local/lib/python3.12/site-packages/airflow/example_dags/example_setup_teardown.py
[2024-04-27T09:41:56.766+0000] {processor.py:830} INFO - Processing file /home/airflow/.local/lib/python3.12/site-packages/airflow/example_dags/example_setup_teardown.py for tasks to queue
[2024-04-27T09:41:56.769+0000] {logging_mixin.py:188} INFO - [2024-04-27T09:41:56.769+0000] {dagbag.py:540} INFO - Filling up the DagBag from /home/airflow/.local/lib/python3.12/site-packages/airflow/example_dags/example_setup_teardown.py
[2024-04-27T09:41:56.781+0000] {processor.py:840} INFO - DAG(s) 'example_setup_teardown' retrieved from /home/airflow/.local/lib/python3.12/site-packages/airflow/example_dags/example_setup_teardown.py
[2024-04-27T09:41:56.815+0000] {logging_mixin.py:188} INFO - [2024-04-27T09:41:56.814+0000] {dag.py:3096} INFO - Sync 1 DAGs
[2024-04-27T09:41:56.850+0000] {logging_mixin.py:188} INFO - [2024-04-27T09:41:56.850+0000] {dag.py:3954} INFO - Setting next_dagrun for example_setup_teardown to 2024-04-26 00:00:00+00:00, run_after=2024-04-27 00:00:00+00:00
[2024-04-27T09:41:59.633+0000] {processor.py:183} INFO - Processing /home/airflow/.local/lib/python3.12/site-packages/airflow/example_dags/example_setup_teardown.py took 2.875 seconds
[2024-04-27T09:42:29.792+0000] {processor.py:161} INFO - Started process (PID=181) to work on /home/airflow/.local/lib/python3.12/site-packages/airflow/example_dags/example_setup_teardown.py
[2024-04-27T09:42:29.794+0000] {processor.py:830} INFO - Processing file /home/airflow/.local/lib/python3.12/site-packages/airflow/example_dags/example_setup_teardown.py for tasks to queue
[2024-04-27T09:42:29.796+0000] {logging_mixin.py:188} INFO - [2024-04-27T09:42:29.796+0000] {dagbag.py:540} INFO - Filling up the DagBag from /home/airflow/.local/lib/python3.12/site-packages/airflow/example_dags/example_setup_teardown.py
[2024-04-27T09:42:29.803+0000] {processor.py:840} INFO - DAG(s) 'example_setup_teardown' retrieved from /home/airflow/.local/lib/python3.12/site-packages/airflow/example_dags/example_setup_teardown.py
[2024-04-27T09:42:29.860+0000] {logging_mixin.py:188} INFO - [2024-04-27T09:42:29.859+0000] {dag.py:3096} INFO - Sync 1 DAGs
[2024-04-27T09:42:29.897+0000] {logging_mixin.py:188} INFO - [2024-04-27T09:42:29.897+0000] {dag.py:3954} INFO - Setting next_dagrun for example_setup_teardown to 2024-04-26 00:00:00+00:00, run_after=2024-04-27 00:00:00+00:00
[2024-04-27T09:42:29.925+0000] {processor.py:183} INFO - Processing /home/airflow/.local/lib/python3.12/site-packages/airflow/example_dags/example_setup_teardown.py took 0.140 seconds
[2024-04-27T09:43:00.119+0000] {processor.py:161} INFO - Started process (PID=239) to work on /home/airflow/.local/lib/python3.12/site-packages/airflow/example_dags/example_setup_teardown.py
[2024-04-27T09:43:00.120+0000] {processor.py:830} INFO - Processing file /home/airflow/.local/lib/python3.12/site-packages/airflow/example_dags/example_setup_teardown.py for tasks to queue
[2024-04-27T09:43:00.123+0000] {logging_mixin.py:188} INFO - [2024-04-27T09:43:00.122+0000] {dagbag.py:540} INFO - Filling up the DagBag from /home/airflow/.local/lib/python3.12/site-packages/airflow/example_dags/example_setup_teardown.py
[2024-04-27T09:43:00.131+0000] {processor.py:840} INFO - DAG(s) 'example_setup_teardown' retrieved from /home/airflow/.local/lib/python3.12/site-packages/airflow/example_dags/example_setup_teardown.py
[2024-04-27T09:43:00.160+0000] {logging_mixin.py:188} INFO - [2024-04-27T09:43:00.160+0000] {dag.py:3096} INFO - Sync 1 DAGs
[2024-04-27T09:43:00.192+0000] {logging_mixin.py:188} INFO - [2024-04-27T09:43:00.192+0000] {dag.py:3954} INFO - Setting next_dagrun for example_setup_teardown to 2024-04-26 00:00:00+00:00, run_after=2024-04-27 00:00:00+00:00
[2024-04-27T09:43:00.224+0000] {processor.py:183} INFO - Processing /home/airflow/.local/lib/python3.12/site-packages/airflow/example_dags/example_setup_teardown.py took 0.111 seconds
[2024-04-27T09:43:30.315+0000] {processor.py:161} INFO - Started process (PID=297) to work on /home/airflow/.local/lib/python3.12/site-packages/airflow/example_dags/example_setup_teardown.py
[2024-04-27T09:43:30.316+0000] {processor.py:830} INFO - Processing file /home/airflow/.local/lib/python3.12/site-packages/airflow/example_dags/example_setup_teardown.py for tasks to queue
[2024-04-27T09:43:30.319+0000] {logging_mixin.py:188} INFO - [2024-04-27T09:43:30.318+0000] {dagbag.py:540} INFO - Filling up the DagBag from /home/airflow/.local/lib/python3.12/site-packages/airflow/example_dags/example_setup_teardown.py
[2024-04-27T09:43:30.326+0000] {processor.py:840} INFO - DAG(s) 'example_setup_teardown' retrieved from /home/airflow/.local/lib/python3.12/site-packages/airflow/example_dags/example_setup_teardown.py
[2024-04-27T09:43:30.351+0000] {logging_mixin.py:188} INFO - [2024-04-27T09:43:30.351+0000] {dag.py:3096} INFO - Sync 1 DAGs
[2024-04-27T09:43:30.386+0000] {logging_mixin.py:188} INFO - [2024-04-27T09:43:30.386+0000] {dag.py:3954} INFO - Setting next_dagrun for example_setup_teardown to 2024-04-26 00:00:00+00:00, run_after=2024-04-27 00:00:00+00:00
[2024-04-27T09:43:30.417+0000] {processor.py:183} INFO - Processing /home/airflow/.local/lib/python3.12/site-packages/airflow/example_dags/example_setup_teardown.py took 0.107 seconds
[2024-04-27T09:44:01.162+0000] {processor.py:161} INFO - Started process (PID=355) to work on /home/airflow/.local/lib/python3.12/site-packages/airflow/example_dags/example_setup_teardown.py
[2024-04-27T09:44:01.164+0000] {processor.py:830} INFO - Processing file /home/airflow/.local/lib/python3.12/site-packages/airflow/example_dags/example_setup_teardown.py for tasks to queue
[2024-04-27T09:44:01.166+0000] {logging_mixin.py:188} INFO - [2024-04-27T09:44:01.166+0000] {dagbag.py:540} INFO - Filling up the DagBag from /home/airflow/.local/lib/python3.12/site-packages/airflow/example_dags/example_setup_teardown.py
[2024-04-27T09:44:01.177+0000] {processor.py:840} INFO - DAG(s) 'example_setup_teardown' retrieved from /home/airflow/.local/lib/python3.12/site-packages/airflow/example_dags/example_setup_teardown.py
[2024-04-27T09:44:01.218+0000] {logging_mixin.py:188} INFO - [2024-04-27T09:44:01.217+0000] {dag.py:3096} INFO - Sync 1 DAGs
[2024-04-27T09:44:01.274+0000] {logging_mixin.py:188} INFO - [2024-04-27T09:44:01.272+0000] {dag.py:3954} INFO - Setting next_dagrun for example_setup_teardown to 2024-04-26 00:00:00+00:00, run_after=2024-04-27 00:00:00+00:00
[2024-04-27T09:44:01.327+0000] {processor.py:183} INFO - Processing /home/airflow/.local/lib/python3.12/site-packages/airflow/example_dags/example_setup_teardown.py took 0.173 seconds
[2024-04-27T09:44:32.031+0000] {processor.py:161} INFO - Started process (PID=413) to work on /home/airflow/.local/lib/python3.12/site-packages/airflow/example_dags/example_setup_teardown.py
[2024-04-27T09:44:32.032+0000] {processor.py:830} INFO - Processing file /home/airflow/.local/lib/python3.12/site-packages/airflow/example_dags/example_setup_teardown.py for tasks to queue
[2024-04-27T09:44:32.035+0000] {logging_mixin.py:188} INFO - [2024-04-27T09:44:32.034+0000] {dagbag.py:540} INFO - Filling up the DagBag from /home/airflow/.local/lib/python3.12/site-packages/airflow/example_dags/example_setup_teardown.py
[2024-04-27T09:44:32.046+0000] {processor.py:840} INFO - DAG(s) 'example_setup_teardown' retrieved from /home/airflow/.local/lib/python3.12/site-packages/airflow/example_dags/example_setup_teardown.py
[2024-04-27T09:44:32.083+0000] {logging_mixin.py:188} INFO - [2024-04-27T09:44:32.083+0000] {dag.py:3096} INFO - Sync 1 DAGs
[2024-04-27T09:44:32.123+0000] {logging_mixin.py:188} INFO - [2024-04-27T09:44:32.123+0000] {dag.py:3954} INFO - Setting next_dagrun for example_setup_teardown to 2024-04-26 00:00:00+00:00, run_after=2024-04-27 00:00:00+00:00
[2024-04-27T09:44:32.154+0000] {processor.py:183} INFO - Processing /home/airflow/.local/lib/python3.12/site-packages/airflow/example_dags/example_setup_teardown.py took 0.130 seconds
[2024-04-27T09:45:02.532+0000] {processor.py:161} INFO - Started process (PID=471) to work on /home/airflow/.local/lib/python3.12/site-packages/airflow/example_dags/example_setup_teardown.py
[2024-04-27T09:45:02.533+0000] {processor.py:830} INFO - Processing file /home/airflow/.local/lib/python3.12/site-packages/airflow/example_dags/example_setup_teardown.py for tasks to queue
[2024-04-27T09:45:02.535+0000] {logging_mixin.py:188} INFO - [2024-04-27T09:45:02.535+0000] {dagbag.py:540} INFO - Filling up the DagBag from /home/airflow/.local/lib/python3.12/site-packages/airflow/example_dags/example_setup_teardown.py
[2024-04-27T09:45:02.542+0000] {processor.py:840} INFO - DAG(s) 'example_setup_teardown' retrieved from /home/airflow/.local/lib/python3.12/site-packages/airflow/example_dags/example_setup_teardown.py
[2024-04-27T09:45:02.566+0000] {logging_mixin.py:188} INFO - [2024-04-27T09:45:02.566+0000] {dag.py:3096} INFO - Sync 1 DAGs
[2024-04-27T09:45:02.596+0000] {logging_mixin.py:188} INFO - [2024-04-27T09:45:02.596+0000] {dag.py:3954} INFO - Setting next_dagrun for example_setup_teardown to 2024-04-26 00:00:00+00:00, run_after=2024-04-27 00:00:00+00:00
[2024-04-27T09:45:02.626+0000] {processor.py:183} INFO - Processing /home/airflow/.local/lib/python3.12/site-packages/airflow/example_dags/example_setup_teardown.py took 0.100 seconds
[2024-04-27T09:45:33.232+0000] {processor.py:161} INFO - Started process (PID=529) to work on /home/airflow/.local/lib/python3.12/site-packages/airflow/example_dags/example_setup_teardown.py
[2024-04-27T09:45:33.234+0000] {processor.py:830} INFO - Processing file /home/airflow/.local/lib/python3.12/site-packages/airflow/example_dags/example_setup_teardown.py for tasks to queue
[2024-04-27T09:45:33.236+0000] {logging_mixin.py:188} INFO - [2024-04-27T09:45:33.235+0000] {dagbag.py:540} INFO - Filling up the DagBag from /home/airflow/.local/lib/python3.12/site-packages/airflow/example_dags/example_setup_teardown.py
[2024-04-27T09:45:33.243+0000] {processor.py:840} INFO - DAG(s) 'example_setup_teardown' retrieved from /home/airflow/.local/lib/python3.12/site-packages/airflow/example_dags/example_setup_teardown.py
[2024-04-27T09:45:33.268+0000] {logging_mixin.py:188} INFO - [2024-04-27T09:45:33.268+0000] {dag.py:3096} INFO - Sync 1 DAGs
[2024-04-27T09:45:33.297+0000] {logging_mixin.py:188} INFO - [2024-04-27T09:45:33.297+0000] {dag.py:3954} INFO - Setting next_dagrun for example_setup_teardown to 2024-04-26 00:00:00+00:00, run_after=2024-04-27 00:00:00+00:00
[2024-04-27T09:45:33.323+0000] {processor.py:183} INFO - Processing /home/airflow/.local/lib/python3.12/site-packages/airflow/example_dags/example_setup_teardown.py took 0.095 seconds
[2024-04-27T09:46:04.140+0000] {processor.py:161} INFO - Started process (PID=587) to work on /home/airflow/.local/lib/python3.12/site-packages/airflow/example_dags/example_setup_teardown.py
[2024-04-27T09:46:04.141+0000] {processor.py:830} INFO - Processing file /home/airflow/.local/lib/python3.12/site-packages/airflow/example_dags/example_setup_teardown.py for tasks to queue
[2024-04-27T09:46:04.143+0000] {logging_mixin.py:188} INFO - [2024-04-27T09:46:04.143+0000] {dagbag.py:540} INFO - Filling up the DagBag from /home/airflow/.local/lib/python3.12/site-packages/airflow/example_dags/example_setup_teardown.py
[2024-04-27T09:46:04.150+0000] {processor.py:840} INFO - DAG(s) 'example_setup_teardown' retrieved from /home/airflow/.local/lib/python3.12/site-packages/airflow/example_dags/example_setup_teardown.py
[2024-04-27T09:46:04.176+0000] {logging_mixin.py:188} INFO - [2024-04-27T09:46:04.176+0000] {dag.py:3096} INFO - Sync 1 DAGs
[2024-04-27T09:46:04.205+0000] {logging_mixin.py:188} INFO - [2024-04-27T09:46:04.204+0000] {dag.py:3954} INFO - Setting next_dagrun for example_setup_teardown to 2024-04-26 00:00:00+00:00, run_after=2024-04-27 00:00:00+00:00
[2024-04-27T09:46:04.233+0000] {processor.py:183} INFO - Processing /home/airflow/.local/lib/python3.12/site-packages/airflow/example_dags/example_setup_teardown.py took 0.099 seconds
[2024-04-27T09:46:34.903+0000] {processor.py:161} INFO - Started process (PID=645) to work on /home/airflow/.local/lib/python3.12/site-packages/airflow/example_dags/example_setup_teardown.py
[2024-04-27T09:46:34.905+0000] {processor.py:830} INFO - Processing file /home/airflow/.local/lib/python3.12/site-packages/airflow/example_dags/example_setup_teardown.py for tasks to queue
[2024-04-27T09:46:34.908+0000] {logging_mixin.py:188} INFO - [2024-04-27T09:46:34.908+0000] {dagbag.py:540} INFO - Filling up the DagBag from /home/airflow/.local/lib/python3.12/site-packages/airflow/example_dags/example_setup_teardown.py
[2024-04-27T09:46:34.921+0000] {processor.py:840} INFO - DAG(s) 'example_setup_teardown' retrieved from /home/airflow/.local/lib/python3.12/site-packages/airflow/example_dags/example_setup_teardown.py
[2024-04-27T09:46:34.959+0000] {logging_mixin.py:188} INFO - [2024-04-27T09:46:34.959+0000] {dag.py:3096} INFO - Sync 1 DAGs
[2024-04-27T09:46:35.002+0000] {logging_mixin.py:188} INFO - [2024-04-27T09:46:35.001+0000] {dag.py:3954} INFO - Setting next_dagrun for example_setup_teardown to 2024-04-26 00:00:00+00:00, run_after=2024-04-27 00:00:00+00:00
[2024-04-27T09:46:35.038+0000] {processor.py:183} INFO - Processing /home/airflow/.local/lib/python3.12/site-packages/airflow/example_dags/example_setup_teardown.py took 0.145 seconds
[2024-04-27T09:47:05.384+0000] {processor.py:161} INFO - Started process (PID=703) to work on /home/airflow/.local/lib/python3.12/site-packages/airflow/example_dags/example_setup_teardown.py
[2024-04-27T09:47:05.386+0000] {processor.py:830} INFO - Processing file /home/airflow/.local/lib/python3.12/site-packages/airflow/example_dags/example_setup_teardown.py for tasks to queue
[2024-04-27T09:47:05.388+0000] {logging_mixin.py:188} INFO - [2024-04-27T09:47:05.388+0000] {dagbag.py:540} INFO - Filling up the DagBag from /home/airflow/.local/lib/python3.12/site-packages/airflow/example_dags/example_setup_teardown.py
[2024-04-27T09:47:05.400+0000] {processor.py:840} INFO - DAG(s) 'example_setup_teardown' retrieved from /home/airflow/.local/lib/python3.12/site-packages/airflow/example_dags/example_setup_teardown.py
[2024-04-27T09:47:05.433+0000] {logging_mixin.py:188} INFO - [2024-04-27T09:47:05.433+0000] {dag.py:3096} INFO - Sync 1 DAGs
[2024-04-27T09:47:05.466+0000] {logging_mixin.py:188} INFO - [2024-04-27T09:47:05.466+0000] {dag.py:3954} INFO - Setting next_dagrun for example_setup_teardown to 2024-04-26 00:00:00+00:00, run_after=2024-04-27 00:00:00+00:00
[2024-04-27T09:47:05.497+0000] {processor.py:183} INFO - Processing /home/airflow/.local/lib/python3.12/site-packages/airflow/example_dags/example_setup_teardown.py took 0.126 seconds
[2024-04-27T09:47:35.638+0000] {processor.py:161} INFO - Started process (PID=761) to work on /home/airflow/.local/lib/python3.12/site-packages/airflow/example_dags/example_setup_teardown.py
[2024-04-27T09:47:35.639+0000] {processor.py:830} INFO - Processing file /home/airflow/.local/lib/python3.12/site-packages/airflow/example_dags/example_setup_teardown.py for tasks to queue
[2024-04-27T09:47:35.641+0000] {logging_mixin.py:188} INFO - [2024-04-27T09:47:35.641+0000] {dagbag.py:540} INFO - Filling up the DagBag from /home/airflow/.local/lib/python3.12/site-packages/airflow/example_dags/example_setup_teardown.py
[2024-04-27T09:47:35.648+0000] {processor.py:840} INFO - DAG(s) 'example_setup_teardown' retrieved from /home/airflow/.local/lib/python3.12/site-packages/airflow/example_dags/example_setup_teardown.py
[2024-04-27T09:47:35.672+0000] {logging_mixin.py:188} INFO - [2024-04-27T09:47:35.671+0000] {dag.py:3096} INFO - Sync 1 DAGs
[2024-04-27T09:47:35.700+0000] {logging_mixin.py:188} INFO - [2024-04-27T09:47:35.700+0000] {dag.py:3954} INFO - Setting next_dagrun for example_setup_teardown to 2024-04-26 00:00:00+00:00, run_after=2024-04-27 00:00:00+00:00
[2024-04-27T09:47:35.727+0000] {processor.py:183} INFO - Processing /home/airflow/.local/lib/python3.12/site-packages/airflow/example_dags/example_setup_teardown.py took 0.095 seconds
[2024-04-27T09:48:06.640+0000] {processor.py:161} INFO - Started process (PID=819) to work on /home/airflow/.local/lib/python3.12/site-packages/airflow/example_dags/example_setup_teardown.py
[2024-04-27T09:48:06.641+0000] {processor.py:830} INFO - Processing file /home/airflow/.local/lib/python3.12/site-packages/airflow/example_dags/example_setup_teardown.py for tasks to queue
[2024-04-27T09:48:06.643+0000] {logging_mixin.py:188} INFO - [2024-04-27T09:48:06.643+0000] {dagbag.py:540} INFO - Filling up the DagBag from /home/airflow/.local/lib/python3.12/site-packages/airflow/example_dags/example_setup_teardown.py
[2024-04-27T09:48:06.650+0000] {processor.py:840} INFO - DAG(s) 'example_setup_teardown' retrieved from /home/airflow/.local/lib/python3.12/site-packages/airflow/example_dags/example_setup_teardown.py
[2024-04-27T09:48:06.675+0000] {logging_mixin.py:188} INFO - [2024-04-27T09:48:06.674+0000] {dag.py:3096} INFO - Sync 1 DAGs
[2024-04-27T09:48:06.702+0000] {logging_mixin.py:188} INFO - [2024-04-27T09:48:06.702+0000] {dag.py:3954} INFO - Setting next_dagrun for example_setup_teardown to 2024-04-26 00:00:00+00:00, run_after=2024-04-27 00:00:00+00:00
[2024-04-27T09:48:06.727+0000] {processor.py:183} INFO - Processing /home/airflow/.local/lib/python3.12/site-packages/airflow/example_dags/example_setup_teardown.py took 0.093 seconds
[2024-04-27T09:48:39.063+0000] {processor.py:161} INFO - Started process (PID=877) to work on /home/airflow/.local/lib/python3.12/site-packages/airflow/example_dags/example_setup_teardown.py
[2024-04-27T09:48:39.066+0000] {processor.py:830} INFO - Processing file /home/airflow/.local/lib/python3.12/site-packages/airflow/example_dags/example_setup_teardown.py for tasks to queue
[2024-04-27T09:48:39.071+0000] {logging_mixin.py:188} INFO - [2024-04-27T09:48:39.070+0000] {dagbag.py:540} INFO - Filling up the DagBag from /home/airflow/.local/lib/python3.12/site-packages/airflow/example_dags/example_setup_teardown.py
[2024-04-27T09:48:39.092+0000] {processor.py:840} INFO - DAG(s) 'example_setup_teardown' retrieved from /home/airflow/.local/lib/python3.12/site-packages/airflow/example_dags/example_setup_teardown.py
[2024-04-27T09:48:39.145+0000] {logging_mixin.py:188} INFO - [2024-04-27T09:48:39.143+0000] {dag.py:3096} INFO - Sync 1 DAGs
[2024-04-27T09:48:39.558+0000] {logging_mixin.py:188} INFO - [2024-04-27T09:48:39.557+0000] {dag.py:3954} INFO - Setting next_dagrun for example_setup_teardown to 2024-04-26 00:00:00+00:00, run_after=2024-04-27 00:00:00+00:00
[2024-04-27T09:48:39.619+0000] {processor.py:183} INFO - Processing /home/airflow/.local/lib/python3.12/site-packages/airflow/example_dags/example_setup_teardown.py took 0.567 seconds
[2024-04-27T09:49:09.753+0000] {processor.py:161} INFO - Started process (PID=935) to work on /home/airflow/.local/lib/python3.12/site-packages/airflow/example_dags/example_setup_teardown.py
[2024-04-27T09:49:09.760+0000] {processor.py:830} INFO - Processing file /home/airflow/.local/lib/python3.12/site-packages/airflow/example_dags/example_setup_teardown.py for tasks to queue
[2024-04-27T09:49:09.769+0000] {logging_mixin.py:188} INFO - [2024-04-27T09:49:09.767+0000] {dagbag.py:540} INFO - Filling up the DagBag from /home/airflow/.local/lib/python3.12/site-packages/airflow/example_dags/example_setup_teardown.py
[2024-04-27T09:49:09.786+0000] {processor.py:840} INFO - DAG(s) 'example_setup_teardown' retrieved from /home/airflow/.local/lib/python3.12/site-packages/airflow/example_dags/example_setup_teardown.py
[2024-04-27T09:49:09.855+0000] {logging_mixin.py:188} INFO - [2024-04-27T09:49:09.854+0000] {dag.py:3096} INFO - Sync 1 DAGs
[2024-04-27T09:49:09.927+0000] {logging_mixin.py:188} INFO - [2024-04-27T09:49:09.927+0000] {dag.py:3954} INFO - Setting next_dagrun for example_setup_teardown to 2024-04-26 00:00:00+00:00, run_after=2024-04-27 00:00:00+00:00
[2024-04-27T09:49:10.316+0000] {processor.py:183} INFO - Processing /home/airflow/.local/lib/python3.12/site-packages/airflow/example_dags/example_setup_teardown.py took 0.585 seconds
[2024-04-27T09:49:40.498+0000] {processor.py:161} INFO - Started process (PID=994) to work on /home/airflow/.local/lib/python3.12/site-packages/airflow/example_dags/example_setup_teardown.py
[2024-04-27T09:49:40.500+0000] {processor.py:830} INFO - Processing file /home/airflow/.local/lib/python3.12/site-packages/airflow/example_dags/example_setup_teardown.py for tasks to queue
[2024-04-27T09:49:40.503+0000] {logging_mixin.py:188} INFO - [2024-04-27T09:49:40.503+0000] {dagbag.py:540} INFO - Filling up the DagBag from /home/airflow/.local/lib/python3.12/site-packages/airflow/example_dags/example_setup_teardown.py
[2024-04-27T09:49:40.515+0000] {processor.py:840} INFO - DAG(s) 'example_setup_teardown' retrieved from /home/airflow/.local/lib/python3.12/site-packages/airflow/example_dags/example_setup_teardown.py
[2024-04-27T09:49:40.553+0000] {logging_mixin.py:188} INFO - [2024-04-27T09:49:40.553+0000] {dag.py:3096} INFO - Sync 1 DAGs
[2024-04-27T09:49:40.604+0000] {logging_mixin.py:188} INFO - [2024-04-27T09:49:40.604+0000] {dag.py:3954} INFO - Setting next_dagrun for example_setup_teardown to 2024-04-26 00:00:00+00:00, run_after=2024-04-27 00:00:00+00:00
[2024-04-27T09:49:40.646+0000] {processor.py:183} INFO - Processing /home/airflow/.local/lib/python3.12/site-packages/airflow/example_dags/example_setup_teardown.py took 0.157 seconds
[2024-04-27T09:50:11.963+0000] {processor.py:161} INFO - Started process (PID=1052) to work on /home/airflow/.local/lib/python3.12/site-packages/airflow/example_dags/example_setup_teardown.py
[2024-04-27T09:50:11.965+0000] {processor.py:830} INFO - Processing file /home/airflow/.local/lib/python3.12/site-packages/airflow/example_dags/example_setup_teardown.py for tasks to queue
[2024-04-27T09:50:11.970+0000] {logging_mixin.py:188} INFO - [2024-04-27T09:50:11.969+0000] {dagbag.py:540} INFO - Filling up the DagBag from /home/airflow/.local/lib/python3.12/site-packages/airflow/example_dags/example_setup_teardown.py
[2024-04-27T09:50:12.212+0000] {processor.py:840} INFO - DAG(s) 'example_setup_teardown' retrieved from /home/airflow/.local/lib/python3.12/site-packages/airflow/example_dags/example_setup_teardown.py
[2024-04-27T09:50:12.264+0000] {logging_mixin.py:188} INFO - [2024-04-27T09:50:12.263+0000] {dag.py:3096} INFO - Sync 1 DAGs
[2024-04-27T09:50:12.373+0000] {logging_mixin.py:188} INFO - [2024-04-27T09:50:12.372+0000] {dag.py:3954} INFO - Setting next_dagrun for example_setup_teardown to 2024-04-26 00:00:00+00:00, run_after=2024-04-27 00:00:00+00:00
[2024-04-27T09:50:12.450+0000] {processor.py:183} INFO - Processing /home/airflow/.local/lib/python3.12/site-packages/airflow/example_dags/example_setup_teardown.py took 0.499 seconds
[2024-04-27T09:50:43.291+0000] {processor.py:161} INFO - Started process (PID=1110) to work on /home/airflow/.local/lib/python3.12/site-packages/airflow/example_dags/example_setup_teardown.py
[2024-04-27T09:50:43.292+0000] {processor.py:830} INFO - Processing file /home/airflow/.local/lib/python3.12/site-packages/airflow/example_dags/example_setup_teardown.py for tasks to queue
[2024-04-27T09:50:43.297+0000] {logging_mixin.py:188} INFO - [2024-04-27T09:50:43.296+0000] {dagbag.py:540} INFO - Filling up the DagBag from /home/airflow/.local/lib/python3.12/site-packages/airflow/example_dags/example_setup_teardown.py
[2024-04-27T09:50:43.314+0000] {processor.py:840} INFO - DAG(s) 'example_setup_teardown' retrieved from /home/airflow/.local/lib/python3.12/site-packages/airflow/example_dags/example_setup_teardown.py
[2024-04-27T09:50:43.362+0000] {logging_mixin.py:188} INFO - [2024-04-27T09:50:43.362+0000] {dag.py:3096} INFO - Sync 1 DAGs
[2024-04-27T09:50:43.437+0000] {logging_mixin.py:188} INFO - [2024-04-27T09:50:43.436+0000] {dag.py:3954} INFO - Setting next_dagrun for example_setup_teardown to 2024-04-26 00:00:00+00:00, run_after=2024-04-27 00:00:00+00:00
[2024-04-27T09:50:43.510+0000] {processor.py:183} INFO - Processing /home/airflow/.local/lib/python3.12/site-packages/airflow/example_dags/example_setup_teardown.py took 0.245 seconds
[2024-04-27T09:51:13.767+0000] {processor.py:161} INFO - Started process (PID=1168) to work on /home/airflow/.local/lib/python3.12/site-packages/airflow/example_dags/example_setup_teardown.py
[2024-04-27T09:51:13.769+0000] {processor.py:830} INFO - Processing file /home/airflow/.local/lib/python3.12/site-packages/airflow/example_dags/example_setup_teardown.py for tasks to queue
[2024-04-27T09:51:13.772+0000] {logging_mixin.py:188} INFO - [2024-04-27T09:51:13.771+0000] {dagbag.py:540} INFO - Filling up the DagBag from /home/airflow/.local/lib/python3.12/site-packages/airflow/example_dags/example_setup_teardown.py
[2024-04-27T09:51:13.789+0000] {processor.py:840} INFO - DAG(s) 'example_setup_teardown' retrieved from /home/airflow/.local/lib/python3.12/site-packages/airflow/example_dags/example_setup_teardown.py
[2024-04-27T09:51:13.835+0000] {logging_mixin.py:188} INFO - [2024-04-27T09:51:13.834+0000] {dag.py:3096} INFO - Sync 1 DAGs
[2024-04-27T09:51:13.879+0000] {logging_mixin.py:188} INFO - [2024-04-27T09:51:13.879+0000] {dag.py:3954} INFO - Setting next_dagrun for example_setup_teardown to 2024-04-26 00:00:00+00:00, run_after=2024-04-27 00:00:00+00:00
[2024-04-27T09:51:13.931+0000] {processor.py:183} INFO - Processing /home/airflow/.local/lib/python3.12/site-packages/airflow/example_dags/example_setup_teardown.py took 0.174 seconds
[2024-04-27T09:51:44.213+0000] {processor.py:161} INFO - Started process (PID=1226) to work on /home/airflow/.local/lib/python3.12/site-packages/airflow/example_dags/example_setup_teardown.py
[2024-04-27T09:51:44.214+0000] {processor.py:830} INFO - Processing file /home/airflow/.local/lib/python3.12/site-packages/airflow/example_dags/example_setup_teardown.py for tasks to queue
[2024-04-27T09:51:44.218+0000] {logging_mixin.py:188} INFO - [2024-04-27T09:51:44.218+0000] {dagbag.py:540} INFO - Filling up the DagBag from /home/airflow/.local/lib/python3.12/site-packages/airflow/example_dags/example_setup_teardown.py
[2024-04-27T09:51:44.230+0000] {processor.py:840} INFO - DAG(s) 'example_setup_teardown' retrieved from /home/airflow/.local/lib/python3.12/site-packages/airflow/example_dags/example_setup_teardown.py
[2024-04-27T09:51:44.276+0000] {logging_mixin.py:188} INFO - [2024-04-27T09:51:44.275+0000] {dag.py:3096} INFO - Sync 1 DAGs
[2024-04-27T09:51:44.342+0000] {logging_mixin.py:188} INFO - [2024-04-27T09:51:44.341+0000] {dag.py:3954} INFO - Setting next_dagrun for example_setup_teardown to 2024-04-26 00:00:00+00:00, run_after=2024-04-27 00:00:00+00:00
[2024-04-27T09:51:44.394+0000] {processor.py:183} INFO - Processing /home/airflow/.local/lib/python3.12/site-packages/airflow/example_dags/example_setup_teardown.py took 0.195 seconds
