[2024-04-27T09:40:31.347+0000] {processor.py:161} INFO - Started process (PID=60) to work on /home/airflow/.local/lib/python3.12/site-packages/airflow/example_dags/example_sensors.py
[2024-04-27T09:40:31.349+0000] {processor.py:830} INFO - Processing file /home/airflow/.local/lib/python3.12/site-packages/airflow/example_dags/example_sensors.py for tasks to queue
[2024-04-27T09:40:31.351+0000] {logging_mixin.py:188} INFO - [2024-04-27T09:40:31.351+0000] {dagbag.py:540} INFO - Filling up the DagBag from /home/airflow/.local/lib/python3.12/site-packages/airflow/example_dags/example_sensors.py
[2024-04-27T09:40:31.371+0000] {processor.py:840} INFO - DAG(s) 'example_sensors' retrieved from /home/airflow/.local/lib/python3.12/site-packages/airflow/example_dags/example_sensors.py
[2024-04-27T09:40:31.619+0000] {logging_mixin.py:188} INFO - [2024-04-27T09:40:31.619+0000] {dag.py:3096} INFO - Sync 1 DAGs
[2024-04-27T09:40:31.651+0000] {logging_mixin.py:188} INFO - [2024-04-27T09:40:31.650+0000] {dag.py:3954} INFO - Setting next_dagrun for example_sensors to None, run_after=None
[2024-04-27T09:40:31.692+0000] {processor.py:183} INFO - Processing /home/airflow/.local/lib/python3.12/site-packages/airflow/example_dags/example_sensors.py took 0.352 seconds
[2024-04-27T09:41:24.390+0000] {processor.py:161} INFO - Started process (PID=54) to work on /home/airflow/.local/lib/python3.12/site-packages/airflow/example_dags/example_sensors.py
[2024-04-27T09:41:24.392+0000] {processor.py:830} INFO - Processing file /home/airflow/.local/lib/python3.12/site-packages/airflow/example_dags/example_sensors.py for tasks to queue
[2024-04-27T09:41:24.394+0000] {logging_mixin.py:188} INFO - [2024-04-27T09:41:24.393+0000] {dagbag.py:540} INFO - Filling up the DagBag from /home/airflow/.local/lib/python3.12/site-packages/airflow/example_dags/example_sensors.py
[2024-04-27T09:41:24.408+0000] {processor.py:840} INFO - DAG(s) 'example_sensors' retrieved from /home/airflow/.local/lib/python3.12/site-packages/airflow/example_dags/example_sensors.py
[2024-04-27T09:41:24.455+0000] {logging_mixin.py:188} INFO - [2024-04-27T09:41:24.454+0000] {dag.py:3096} INFO - Sync 1 DAGs
[2024-04-27T09:41:24.472+0000] {logging_mixin.py:188} INFO - [2024-04-27T09:41:24.472+0000] {dag.py:3954} INFO - Setting next_dagrun for example_sensors to None, run_after=None
[2024-04-27T09:41:24.509+0000] {processor.py:183} INFO - Processing /home/airflow/.local/lib/python3.12/site-packages/airflow/example_dags/example_sensors.py took 0.125 seconds
[2024-04-27T09:41:54.628+0000] {processor.py:161} INFO - Started process (PID=112) to work on /home/airflow/.local/lib/python3.12/site-packages/airflow/example_dags/example_sensors.py
[2024-04-27T09:41:54.629+0000] {processor.py:830} INFO - Processing file /home/airflow/.local/lib/python3.12/site-packages/airflow/example_dags/example_sensors.py for tasks to queue
[2024-04-27T09:41:54.632+0000] {logging_mixin.py:188} INFO - [2024-04-27T09:41:54.631+0000] {dagbag.py:540} INFO - Filling up the DagBag from /home/airflow/.local/lib/python3.12/site-packages/airflow/example_dags/example_sensors.py
[2024-04-27T09:41:54.644+0000] {processor.py:840} INFO - DAG(s) 'example_sensors' retrieved from /home/airflow/.local/lib/python3.12/site-packages/airflow/example_dags/example_sensors.py
[2024-04-27T09:41:54.681+0000] {logging_mixin.py:188} INFO - [2024-04-27T09:41:54.680+0000] {dag.py:3096} INFO - Sync 1 DAGs
[2024-04-27T09:41:54.698+0000] {logging_mixin.py:188} INFO - [2024-04-27T09:41:54.697+0000] {dag.py:3954} INFO - Setting next_dagrun for example_sensors to None, run_after=None
[2024-04-27T09:41:54.729+0000] {processor.py:183} INFO - Processing /home/airflow/.local/lib/python3.12/site-packages/airflow/example_dags/example_sensors.py took 0.108 seconds
[2024-04-27T09:42:24.873+0000] {processor.py:161} INFO - Started process (PID=169) to work on /home/airflow/.local/lib/python3.12/site-packages/airflow/example_dags/example_sensors.py
[2024-04-27T09:42:24.874+0000] {processor.py:830} INFO - Processing file /home/airflow/.local/lib/python3.12/site-packages/airflow/example_dags/example_sensors.py for tasks to queue
[2024-04-27T09:42:24.876+0000] {logging_mixin.py:188} INFO - [2024-04-27T09:42:24.876+0000] {dagbag.py:540} INFO - Filling up the DagBag from /home/airflow/.local/lib/python3.12/site-packages/airflow/example_dags/example_sensors.py
[2024-04-27T09:42:24.887+0000] {processor.py:840} INFO - DAG(s) 'example_sensors' retrieved from /home/airflow/.local/lib/python3.12/site-packages/airflow/example_dags/example_sensors.py
[2024-04-27T09:42:24.918+0000] {logging_mixin.py:188} INFO - [2024-04-27T09:42:24.918+0000] {dag.py:3096} INFO - Sync 1 DAGs
[2024-04-27T09:42:24.936+0000] {logging_mixin.py:188} INFO - [2024-04-27T09:42:24.936+0000] {dag.py:3954} INFO - Setting next_dagrun for example_sensors to None, run_after=None
[2024-04-27T09:42:24.965+0000] {processor.py:183} INFO - Processing /home/airflow/.local/lib/python3.12/site-packages/airflow/example_dags/example_sensors.py took 0.098 seconds
[2024-04-27T09:42:55.330+0000] {processor.py:161} INFO - Started process (PID=227) to work on /home/airflow/.local/lib/python3.12/site-packages/airflow/example_dags/example_sensors.py
[2024-04-27T09:42:55.331+0000] {processor.py:830} INFO - Processing file /home/airflow/.local/lib/python3.12/site-packages/airflow/example_dags/example_sensors.py for tasks to queue
[2024-04-27T09:42:55.333+0000] {logging_mixin.py:188} INFO - [2024-04-27T09:42:55.332+0000] {dagbag.py:540} INFO - Filling up the DagBag from /home/airflow/.local/lib/python3.12/site-packages/airflow/example_dags/example_sensors.py
[2024-04-27T09:42:55.342+0000] {processor.py:840} INFO - DAG(s) 'example_sensors' retrieved from /home/airflow/.local/lib/python3.12/site-packages/airflow/example_dags/example_sensors.py
[2024-04-27T09:42:55.375+0000] {logging_mixin.py:188} INFO - [2024-04-27T09:42:55.374+0000] {dag.py:3096} INFO - Sync 1 DAGs
[2024-04-27T09:42:55.391+0000] {logging_mixin.py:188} INFO - [2024-04-27T09:42:55.391+0000] {dag.py:3954} INFO - Setting next_dagrun for example_sensors to None, run_after=None
[2024-04-27T09:42:55.430+0000] {processor.py:183} INFO - Processing /home/airflow/.local/lib/python3.12/site-packages/airflow/example_dags/example_sensors.py took 0.106 seconds
[2024-04-27T09:43:26.329+0000] {processor.py:161} INFO - Started process (PID=285) to work on /home/airflow/.local/lib/python3.12/site-packages/airflow/example_dags/example_sensors.py
[2024-04-27T09:43:26.330+0000] {processor.py:830} INFO - Processing file /home/airflow/.local/lib/python3.12/site-packages/airflow/example_dags/example_sensors.py for tasks to queue
[2024-04-27T09:43:26.333+0000] {logging_mixin.py:188} INFO - [2024-04-27T09:43:26.332+0000] {dagbag.py:540} INFO - Filling up the DagBag from /home/airflow/.local/lib/python3.12/site-packages/airflow/example_dags/example_sensors.py
[2024-04-27T09:43:26.342+0000] {processor.py:840} INFO - DAG(s) 'example_sensors' retrieved from /home/airflow/.local/lib/python3.12/site-packages/airflow/example_dags/example_sensors.py
[2024-04-27T09:43:26.376+0000] {logging_mixin.py:188} INFO - [2024-04-27T09:43:26.376+0000] {dag.py:3096} INFO - Sync 1 DAGs
[2024-04-27T09:43:26.395+0000] {logging_mixin.py:188} INFO - [2024-04-27T09:43:26.395+0000] {dag.py:3954} INFO - Setting next_dagrun for example_sensors to None, run_after=None
[2024-04-27T09:43:26.428+0000] {processor.py:183} INFO - Processing /home/airflow/.local/lib/python3.12/site-packages/airflow/example_dags/example_sensors.py took 0.105 seconds
[2024-04-27T09:43:57.113+0000] {processor.py:161} INFO - Started process (PID=343) to work on /home/airflow/.local/lib/python3.12/site-packages/airflow/example_dags/example_sensors.py
[2024-04-27T09:43:57.114+0000] {processor.py:830} INFO - Processing file /home/airflow/.local/lib/python3.12/site-packages/airflow/example_dags/example_sensors.py for tasks to queue
[2024-04-27T09:43:57.116+0000] {logging_mixin.py:188} INFO - [2024-04-27T09:43:57.116+0000] {dagbag.py:540} INFO - Filling up the DagBag from /home/airflow/.local/lib/python3.12/site-packages/airflow/example_dags/example_sensors.py
[2024-04-27T09:43:57.126+0000] {processor.py:840} INFO - DAG(s) 'example_sensors' retrieved from /home/airflow/.local/lib/python3.12/site-packages/airflow/example_dags/example_sensors.py
[2024-04-27T09:43:57.158+0000] {logging_mixin.py:188} INFO - [2024-04-27T09:43:57.158+0000] {dag.py:3096} INFO - Sync 1 DAGs
[2024-04-27T09:43:57.174+0000] {logging_mixin.py:188} INFO - [2024-04-27T09:43:57.174+0000] {dag.py:3954} INFO - Setting next_dagrun for example_sensors to None, run_after=None
[2024-04-27T09:43:57.214+0000] {processor.py:183} INFO - Processing /home/airflow/.local/lib/python3.12/site-packages/airflow/example_dags/example_sensors.py took 0.107 seconds
[2024-04-27T09:44:27.903+0000] {processor.py:161} INFO - Started process (PID=401) to work on /home/airflow/.local/lib/python3.12/site-packages/airflow/example_dags/example_sensors.py
[2024-04-27T09:44:27.904+0000] {processor.py:830} INFO - Processing file /home/airflow/.local/lib/python3.12/site-packages/airflow/example_dags/example_sensors.py for tasks to queue
[2024-04-27T09:44:27.906+0000] {logging_mixin.py:188} INFO - [2024-04-27T09:44:27.906+0000] {dagbag.py:540} INFO - Filling up the DagBag from /home/airflow/.local/lib/python3.12/site-packages/airflow/example_dags/example_sensors.py
[2024-04-27T09:44:27.927+0000] {processor.py:840} INFO - DAG(s) 'example_sensors' retrieved from /home/airflow/.local/lib/python3.12/site-packages/airflow/example_dags/example_sensors.py
[2024-04-27T09:44:27.982+0000] {logging_mixin.py:188} INFO - [2024-04-27T09:44:27.981+0000] {dag.py:3096} INFO - Sync 1 DAGs
[2024-04-27T09:44:28.005+0000] {logging_mixin.py:188} INFO - [2024-04-27T09:44:28.004+0000] {dag.py:3954} INFO - Setting next_dagrun for example_sensors to None, run_after=None
[2024-04-27T09:44:28.036+0000] {processor.py:183} INFO - Processing /home/airflow/.local/lib/python3.12/site-packages/airflow/example_dags/example_sensors.py took 0.142 seconds
[2024-04-27T09:44:58.834+0000] {processor.py:161} INFO - Started process (PID=459) to work on /home/airflow/.local/lib/python3.12/site-packages/airflow/example_dags/example_sensors.py
[2024-04-27T09:44:58.835+0000] {processor.py:830} INFO - Processing file /home/airflow/.local/lib/python3.12/site-packages/airflow/example_dags/example_sensors.py for tasks to queue
[2024-04-27T09:44:58.837+0000] {logging_mixin.py:188} INFO - [2024-04-27T09:44:58.836+0000] {dagbag.py:540} INFO - Filling up the DagBag from /home/airflow/.local/lib/python3.12/site-packages/airflow/example_dags/example_sensors.py
[2024-04-27T09:44:58.847+0000] {processor.py:840} INFO - DAG(s) 'example_sensors' retrieved from /home/airflow/.local/lib/python3.12/site-packages/airflow/example_dags/example_sensors.py
[2024-04-27T09:44:58.878+0000] {logging_mixin.py:188} INFO - [2024-04-27T09:44:58.877+0000] {dag.py:3096} INFO - Sync 1 DAGs
[2024-04-27T09:44:58.893+0000] {logging_mixin.py:188} INFO - [2024-04-27T09:44:58.893+0000] {dag.py:3954} INFO - Setting next_dagrun for example_sensors to None, run_after=None
[2024-04-27T09:44:58.921+0000] {processor.py:183} INFO - Processing /home/airflow/.local/lib/python3.12/site-packages/airflow/example_dags/example_sensors.py took 0.093 seconds
[2024-04-27T09:45:29.267+0000] {processor.py:161} INFO - Started process (PID=517) to work on /home/airflow/.local/lib/python3.12/site-packages/airflow/example_dags/example_sensors.py
[2024-04-27T09:45:29.269+0000] {processor.py:830} INFO - Processing file /home/airflow/.local/lib/python3.12/site-packages/airflow/example_dags/example_sensors.py for tasks to queue
[2024-04-27T09:45:29.271+0000] {logging_mixin.py:188} INFO - [2024-04-27T09:45:29.270+0000] {dagbag.py:540} INFO - Filling up the DagBag from /home/airflow/.local/lib/python3.12/site-packages/airflow/example_dags/example_sensors.py
[2024-04-27T09:45:29.282+0000] {processor.py:840} INFO - DAG(s) 'example_sensors' retrieved from /home/airflow/.local/lib/python3.12/site-packages/airflow/example_dags/example_sensors.py
[2024-04-27T09:45:29.320+0000] {logging_mixin.py:188} INFO - [2024-04-27T09:45:29.320+0000] {dag.py:3096} INFO - Sync 1 DAGs
[2024-04-27T09:45:29.341+0000] {logging_mixin.py:188} INFO - [2024-04-27T09:45:29.340+0000] {dag.py:3954} INFO - Setting next_dagrun for example_sensors to None, run_after=None
[2024-04-27T09:45:29.366+0000] {processor.py:183} INFO - Processing /home/airflow/.local/lib/python3.12/site-packages/airflow/example_dags/example_sensors.py took 0.105 seconds
[2024-04-27T09:45:59.487+0000] {processor.py:161} INFO - Started process (PID=575) to work on /home/airflow/.local/lib/python3.12/site-packages/airflow/example_dags/example_sensors.py
[2024-04-27T09:45:59.488+0000] {processor.py:830} INFO - Processing file /home/airflow/.local/lib/python3.12/site-packages/airflow/example_dags/example_sensors.py for tasks to queue
[2024-04-27T09:45:59.490+0000] {logging_mixin.py:188} INFO - [2024-04-27T09:45:59.490+0000] {dagbag.py:540} INFO - Filling up the DagBag from /home/airflow/.local/lib/python3.12/site-packages/airflow/example_dags/example_sensors.py
[2024-04-27T09:45:59.500+0000] {processor.py:840} INFO - DAG(s) 'example_sensors' retrieved from /home/airflow/.local/lib/python3.12/site-packages/airflow/example_dags/example_sensors.py
[2024-04-27T09:45:59.530+0000] {logging_mixin.py:188} INFO - [2024-04-27T09:45:59.530+0000] {dag.py:3096} INFO - Sync 1 DAGs
[2024-04-27T09:45:59.547+0000] {logging_mixin.py:188} INFO - [2024-04-27T09:45:59.546+0000] {dag.py:3954} INFO - Setting next_dagrun for example_sensors to None, run_after=None
[2024-04-27T09:45:59.575+0000] {processor.py:183} INFO - Processing /home/airflow/.local/lib/python3.12/site-packages/airflow/example_dags/example_sensors.py took 0.094 seconds
[2024-04-27T09:46:29.788+0000] {processor.py:161} INFO - Started process (PID=633) to work on /home/airflow/.local/lib/python3.12/site-packages/airflow/example_dags/example_sensors.py
[2024-04-27T09:46:29.790+0000] {processor.py:830} INFO - Processing file /home/airflow/.local/lib/python3.12/site-packages/airflow/example_dags/example_sensors.py for tasks to queue
[2024-04-27T09:46:29.793+0000] {logging_mixin.py:188} INFO - [2024-04-27T09:46:29.792+0000] {dagbag.py:540} INFO - Filling up the DagBag from /home/airflow/.local/lib/python3.12/site-packages/airflow/example_dags/example_sensors.py
[2024-04-27T09:46:29.805+0000] {processor.py:840} INFO - DAG(s) 'example_sensors' retrieved from /home/airflow/.local/lib/python3.12/site-packages/airflow/example_dags/example_sensors.py
[2024-04-27T09:46:29.837+0000] {logging_mixin.py:188} INFO - [2024-04-27T09:46:29.837+0000] {dag.py:3096} INFO - Sync 1 DAGs
[2024-04-27T09:46:29.853+0000] {logging_mixin.py:188} INFO - [2024-04-27T09:46:29.852+0000] {dag.py:3954} INFO - Setting next_dagrun for example_sensors to None, run_after=None
[2024-04-27T09:46:29.880+0000] {processor.py:183} INFO - Processing /home/airflow/.local/lib/python3.12/site-packages/airflow/example_dags/example_sensors.py took 0.100 seconds
[2024-04-27T09:47:00.447+0000] {processor.py:161} INFO - Started process (PID=691) to work on /home/airflow/.local/lib/python3.12/site-packages/airflow/example_dags/example_sensors.py
[2024-04-27T09:47:00.448+0000] {processor.py:830} INFO - Processing file /home/airflow/.local/lib/python3.12/site-packages/airflow/example_dags/example_sensors.py for tasks to queue
[2024-04-27T09:47:00.450+0000] {logging_mixin.py:188} INFO - [2024-04-27T09:47:00.450+0000] {dagbag.py:540} INFO - Filling up the DagBag from /home/airflow/.local/lib/python3.12/site-packages/airflow/example_dags/example_sensors.py
[2024-04-27T09:47:00.466+0000] {processor.py:840} INFO - DAG(s) 'example_sensors' retrieved from /home/airflow/.local/lib/python3.12/site-packages/airflow/example_dags/example_sensors.py
[2024-04-27T09:47:00.502+0000] {logging_mixin.py:188} INFO - [2024-04-27T09:47:00.502+0000] {dag.py:3096} INFO - Sync 1 DAGs
[2024-04-27T09:47:00.519+0000] {logging_mixin.py:188} INFO - [2024-04-27T09:47:00.518+0000] {dag.py:3954} INFO - Setting next_dagrun for example_sensors to None, run_after=None
[2024-04-27T09:47:00.551+0000] {processor.py:183} INFO - Processing /home/airflow/.local/lib/python3.12/site-packages/airflow/example_dags/example_sensors.py took 0.111 seconds
[2024-04-27T09:47:31.563+0000] {processor.py:161} INFO - Started process (PID=749) to work on /home/airflow/.local/lib/python3.12/site-packages/airflow/example_dags/example_sensors.py
[2024-04-27T09:47:31.564+0000] {processor.py:830} INFO - Processing file /home/airflow/.local/lib/python3.12/site-packages/airflow/example_dags/example_sensors.py for tasks to queue
[2024-04-27T09:47:31.566+0000] {logging_mixin.py:188} INFO - [2024-04-27T09:47:31.566+0000] {dagbag.py:540} INFO - Filling up the DagBag from /home/airflow/.local/lib/python3.12/site-packages/airflow/example_dags/example_sensors.py
[2024-04-27T09:47:31.579+0000] {processor.py:840} INFO - DAG(s) 'example_sensors' retrieved from /home/airflow/.local/lib/python3.12/site-packages/airflow/example_dags/example_sensors.py
[2024-04-27T09:47:31.614+0000] {logging_mixin.py:188} INFO - [2024-04-27T09:47:31.613+0000] {dag.py:3096} INFO - Sync 1 DAGs
[2024-04-27T09:47:31.639+0000] {logging_mixin.py:188} INFO - [2024-04-27T09:47:31.639+0000] {dag.py:3954} INFO - Setting next_dagrun for example_sensors to None, run_after=None
[2024-04-27T09:47:31.669+0000] {processor.py:183} INFO - Processing /home/airflow/.local/lib/python3.12/site-packages/airflow/example_dags/example_sensors.py took 0.113 seconds
[2024-04-27T09:48:03.020+0000] {processor.py:161} INFO - Started process (PID=807) to work on /home/airflow/.local/lib/python3.12/site-packages/airflow/example_dags/example_sensors.py
[2024-04-27T09:48:03.022+0000] {processor.py:830} INFO - Processing file /home/airflow/.local/lib/python3.12/site-packages/airflow/example_dags/example_sensors.py for tasks to queue
[2024-04-27T09:48:03.024+0000] {logging_mixin.py:188} INFO - [2024-04-27T09:48:03.024+0000] {dagbag.py:540} INFO - Filling up the DagBag from /home/airflow/.local/lib/python3.12/site-packages/airflow/example_dags/example_sensors.py
[2024-04-27T09:48:03.035+0000] {processor.py:840} INFO - DAG(s) 'example_sensors' retrieved from /home/airflow/.local/lib/python3.12/site-packages/airflow/example_dags/example_sensors.py
[2024-04-27T09:48:03.068+0000] {logging_mixin.py:188} INFO - [2024-04-27T09:48:03.068+0000] {dag.py:3096} INFO - Sync 1 DAGs
[2024-04-27T09:48:03.086+0000] {logging_mixin.py:188} INFO - [2024-04-27T09:48:03.085+0000] {dag.py:3954} INFO - Setting next_dagrun for example_sensors to None, run_after=None
[2024-04-27T09:48:03.252+0000] {processor.py:183} INFO - Processing /home/airflow/.local/lib/python3.12/site-packages/airflow/example_dags/example_sensors.py took 0.239 seconds
[2024-04-27T09:48:35.619+0000] {processor.py:161} INFO - Started process (PID=865) to work on /home/airflow/.local/lib/python3.12/site-packages/airflow/example_dags/example_sensors.py
[2024-04-27T09:48:35.622+0000] {processor.py:830} INFO - Processing file /home/airflow/.local/lib/python3.12/site-packages/airflow/example_dags/example_sensors.py for tasks to queue
[2024-04-27T09:48:35.626+0000] {logging_mixin.py:188} INFO - [2024-04-27T09:48:35.625+0000] {dagbag.py:540} INFO - Filling up the DagBag from /home/airflow/.local/lib/python3.12/site-packages/airflow/example_dags/example_sensors.py
[2024-04-27T09:48:35.684+0000] {processor.py:840} INFO - DAG(s) 'example_sensors' retrieved from /home/airflow/.local/lib/python3.12/site-packages/airflow/example_dags/example_sensors.py
[2024-04-27T09:48:35.787+0000] {logging_mixin.py:188} INFO - [2024-04-27T09:48:35.786+0000] {dag.py:3096} INFO - Sync 1 DAGs
[2024-04-27T09:48:35.851+0000] {logging_mixin.py:188} INFO - [2024-04-27T09:48:35.850+0000] {dag.py:3954} INFO - Setting next_dagrun for example_sensors to None, run_after=None
[2024-04-27T09:48:35.932+0000] {processor.py:183} INFO - Processing /home/airflow/.local/lib/python3.12/site-packages/airflow/example_dags/example_sensors.py took 0.326 seconds
[2024-04-27T09:49:06.318+0000] {processor.py:161} INFO - Started process (PID=923) to work on /home/airflow/.local/lib/python3.12/site-packages/airflow/example_dags/example_sensors.py
[2024-04-27T09:49:06.321+0000] {processor.py:830} INFO - Processing file /home/airflow/.local/lib/python3.12/site-packages/airflow/example_dags/example_sensors.py for tasks to queue
[2024-04-27T09:49:06.326+0000] {logging_mixin.py:188} INFO - [2024-04-27T09:49:06.325+0000] {dagbag.py:540} INFO - Filling up the DagBag from /home/airflow/.local/lib/python3.12/site-packages/airflow/example_dags/example_sensors.py
[2024-04-27T09:49:06.346+0000] {processor.py:840} INFO - DAG(s) 'example_sensors' retrieved from /home/airflow/.local/lib/python3.12/site-packages/airflow/example_dags/example_sensors.py
[2024-04-27T09:49:06.416+0000] {logging_mixin.py:188} INFO - [2024-04-27T09:49:06.415+0000] {dag.py:3096} INFO - Sync 1 DAGs
[2024-04-27T09:49:06.452+0000] {logging_mixin.py:188} INFO - [2024-04-27T09:49:06.452+0000] {dag.py:3954} INFO - Setting next_dagrun for example_sensors to None, run_after=None
[2024-04-27T09:49:06.524+0000] {processor.py:183} INFO - Processing /home/airflow/.local/lib/python3.12/site-packages/airflow/example_dags/example_sensors.py took 0.227 seconds
[2024-04-27T09:49:37.220+0000] {processor.py:161} INFO - Started process (PID=982) to work on /home/airflow/.local/lib/python3.12/site-packages/airflow/example_dags/example_sensors.py
[2024-04-27T09:49:37.221+0000] {processor.py:830} INFO - Processing file /home/airflow/.local/lib/python3.12/site-packages/airflow/example_dags/example_sensors.py for tasks to queue
[2024-04-27T09:49:37.225+0000] {logging_mixin.py:188} INFO - [2024-04-27T09:49:37.224+0000] {dagbag.py:540} INFO - Filling up the DagBag from /home/airflow/.local/lib/python3.12/site-packages/airflow/example_dags/example_sensors.py
[2024-04-27T09:49:37.250+0000] {processor.py:840} INFO - DAG(s) 'example_sensors' retrieved from /home/airflow/.local/lib/python3.12/site-packages/airflow/example_dags/example_sensors.py
[2024-04-27T09:49:37.340+0000] {logging_mixin.py:188} INFO - [2024-04-27T09:49:37.339+0000] {dag.py:3096} INFO - Sync 1 DAGs
[2024-04-27T09:49:37.392+0000] {logging_mixin.py:188} INFO - [2024-04-27T09:49:37.391+0000] {dag.py:3954} INFO - Setting next_dagrun for example_sensors to None, run_after=None
[2024-04-27T09:49:37.452+0000] {processor.py:183} INFO - Processing /home/airflow/.local/lib/python3.12/site-packages/airflow/example_dags/example_sensors.py took 0.247 seconds
[2024-04-27T09:50:07.549+0000] {processor.py:161} INFO - Started process (PID=1040) to work on /home/airflow/.local/lib/python3.12/site-packages/airflow/example_dags/example_sensors.py
[2024-04-27T09:50:07.551+0000] {processor.py:830} INFO - Processing file /home/airflow/.local/lib/python3.12/site-packages/airflow/example_dags/example_sensors.py for tasks to queue
[2024-04-27T09:50:07.555+0000] {logging_mixin.py:188} INFO - [2024-04-27T09:50:07.554+0000] {dagbag.py:540} INFO - Filling up the DagBag from /home/airflow/.local/lib/python3.12/site-packages/airflow/example_dags/example_sensors.py
[2024-04-27T09:50:07.576+0000] {processor.py:840} INFO - DAG(s) 'example_sensors' retrieved from /home/airflow/.local/lib/python3.12/site-packages/airflow/example_dags/example_sensors.py
[2024-04-27T09:50:07.632+0000] {logging_mixin.py:188} INFO - [2024-04-27T09:50:07.631+0000] {dag.py:3096} INFO - Sync 1 DAGs
[2024-04-27T09:50:07.873+0000] {logging_mixin.py:188} INFO - [2024-04-27T09:50:07.872+0000] {dag.py:3954} INFO - Setting next_dagrun for example_sensors to None, run_after=None
[2024-04-27T09:50:07.914+0000] {processor.py:183} INFO - Processing /home/airflow/.local/lib/python3.12/site-packages/airflow/example_dags/example_sensors.py took 0.376 seconds
[2024-04-27T09:50:38.555+0000] {processor.py:161} INFO - Started process (PID=1098) to work on /home/airflow/.local/lib/python3.12/site-packages/airflow/example_dags/example_sensors.py
[2024-04-27T09:50:38.556+0000] {processor.py:830} INFO - Processing file /home/airflow/.local/lib/python3.12/site-packages/airflow/example_dags/example_sensors.py for tasks to queue
[2024-04-27T09:50:38.559+0000] {logging_mixin.py:188} INFO - [2024-04-27T09:50:38.559+0000] {dagbag.py:540} INFO - Filling up the DagBag from /home/airflow/.local/lib/python3.12/site-packages/airflow/example_dags/example_sensors.py
[2024-04-27T09:50:38.575+0000] {processor.py:840} INFO - DAG(s) 'example_sensors' retrieved from /home/airflow/.local/lib/python3.12/site-packages/airflow/example_dags/example_sensors.py
[2024-04-27T09:50:38.624+0000] {logging_mixin.py:188} INFO - [2024-04-27T09:50:38.624+0000] {dag.py:3096} INFO - Sync 1 DAGs
[2024-04-27T09:50:38.649+0000] {logging_mixin.py:188} INFO - [2024-04-27T09:50:38.648+0000] {dag.py:3954} INFO - Setting next_dagrun for example_sensors to None, run_after=None
[2024-04-27T09:50:38.696+0000] {processor.py:183} INFO - Processing /home/airflow/.local/lib/python3.12/site-packages/airflow/example_dags/example_sensors.py took 0.151 seconds
[2024-04-27T09:51:09.310+0000] {processor.py:161} INFO - Started process (PID=1156) to work on /home/airflow/.local/lib/python3.12/site-packages/airflow/example_dags/example_sensors.py
[2024-04-27T09:51:09.313+0000] {processor.py:830} INFO - Processing file /home/airflow/.local/lib/python3.12/site-packages/airflow/example_dags/example_sensors.py for tasks to queue
[2024-04-27T09:51:09.319+0000] {logging_mixin.py:188} INFO - [2024-04-27T09:51:09.318+0000] {dagbag.py:540} INFO - Filling up the DagBag from /home/airflow/.local/lib/python3.12/site-packages/airflow/example_dags/example_sensors.py
[2024-04-27T09:51:09.348+0000] {processor.py:840} INFO - DAG(s) 'example_sensors' retrieved from /home/airflow/.local/lib/python3.12/site-packages/airflow/example_dags/example_sensors.py
[2024-04-27T09:51:09.406+0000] {logging_mixin.py:188} INFO - [2024-04-27T09:51:09.405+0000] {dag.py:3096} INFO - Sync 1 DAGs
[2024-04-27T09:51:09.437+0000] {logging_mixin.py:188} INFO - [2024-04-27T09:51:09.436+0000] {dag.py:3954} INFO - Setting next_dagrun for example_sensors to None, run_after=None
[2024-04-27T09:51:09.481+0000] {processor.py:183} INFO - Processing /home/airflow/.local/lib/python3.12/site-packages/airflow/example_dags/example_sensors.py took 0.181 seconds
[2024-04-27T09:51:39.601+0000] {processor.py:161} INFO - Started process (PID=1214) to work on /home/airflow/.local/lib/python3.12/site-packages/airflow/example_dags/example_sensors.py
[2024-04-27T09:51:39.603+0000] {processor.py:830} INFO - Processing file /home/airflow/.local/lib/python3.12/site-packages/airflow/example_dags/example_sensors.py for tasks to queue
[2024-04-27T09:51:39.608+0000] {logging_mixin.py:188} INFO - [2024-04-27T09:51:39.607+0000] {dagbag.py:540} INFO - Filling up the DagBag from /home/airflow/.local/lib/python3.12/site-packages/airflow/example_dags/example_sensors.py
[2024-04-27T09:51:39.625+0000] {processor.py:840} INFO - DAG(s) 'example_sensors' retrieved from /home/airflow/.local/lib/python3.12/site-packages/airflow/example_dags/example_sensors.py
[2024-04-27T09:51:39.679+0000] {logging_mixin.py:188} INFO - [2024-04-27T09:51:39.679+0000] {dag.py:3096} INFO - Sync 1 DAGs
[2024-04-27T09:51:39.708+0000] {logging_mixin.py:188} INFO - [2024-04-27T09:51:39.707+0000] {dag.py:3954} INFO - Setting next_dagrun for example_sensors to None, run_after=None
[2024-04-27T09:51:39.753+0000] {processor.py:183} INFO - Processing /home/airflow/.local/lib/python3.12/site-packages/airflow/example_dags/example_sensors.py took 0.164 seconds
