[2024-04-27T09:40:32.565+0000] {processor.py:161} INFO - Started process (PID=65) to work on /home/airflow/.local/lib/python3.12/site-packages/airflow/example_dags/example_skip_dag.py
[2024-04-27T09:40:32.568+0000] {processor.py:830} INFO - Processing file /home/airflow/.local/lib/python3.12/site-packages/airflow/example_dags/example_skip_dag.py for tasks to queue
[2024-04-27T09:40:32.572+0000] {logging_mixin.py:188} INFO - [2024-04-27T09:40:32.571+0000] {dagbag.py:540} INFO - Filling up the DagBag from /home/airflow/.local/lib/python3.12/site-packages/airflow/example_dags/example_skip_dag.py
[2024-04-27T09:40:32.592+0000] {processor.py:840} INFO - DAG(s) 'example_skip_dag' retrieved from /home/airflow/.local/lib/python3.12/site-packages/airflow/example_dags/example_skip_dag.py
[2024-04-27T09:40:32.910+0000] {logging_mixin.py:188} INFO - [2024-04-27T09:40:32.910+0000] {dag.py:3096} INFO - Sync 1 DAGs
[2024-04-27T09:40:32.998+0000] {logging_mixin.py:188} INFO - [2024-04-27T09:40:32.998+0000] {dag.py:3954} INFO - Setting next_dagrun for example_skip_dag to 2024-04-26 00:00:00+00:00, run_after=2024-04-27 00:00:00+00:00
[2024-04-27T09:40:36.986+0000] {processor.py:183} INFO - Processing /home/airflow/.local/lib/python3.12/site-packages/airflow/example_dags/example_skip_dag.py took 4.433 seconds
[2024-04-27T09:41:24.974+0000] {processor.py:161} INFO - Started process (PID=59) to work on /home/airflow/.local/lib/python3.12/site-packages/airflow/example_dags/example_skip_dag.py
[2024-04-27T09:41:24.975+0000] {processor.py:830} INFO - Processing file /home/airflow/.local/lib/python3.12/site-packages/airflow/example_dags/example_skip_dag.py for tasks to queue
[2024-04-27T09:41:24.978+0000] {logging_mixin.py:188} INFO - [2024-04-27T09:41:24.978+0000] {dagbag.py:540} INFO - Filling up the DagBag from /home/airflow/.local/lib/python3.12/site-packages/airflow/example_dags/example_skip_dag.py
[2024-04-27T09:41:24.992+0000] {processor.py:840} INFO - DAG(s) 'example_skip_dag' retrieved from /home/airflow/.local/lib/python3.12/site-packages/airflow/example_dags/example_skip_dag.py
[2024-04-27T09:41:25.021+0000] {logging_mixin.py:188} INFO - [2024-04-27T09:41:25.021+0000] {dag.py:3096} INFO - Sync 1 DAGs
[2024-04-27T09:41:25.051+0000] {logging_mixin.py:188} INFO - [2024-04-27T09:41:25.051+0000] {dag.py:3954} INFO - Setting next_dagrun for example_skip_dag to 2024-04-26 00:00:00+00:00, run_after=2024-04-27 00:00:00+00:00
[2024-04-27T09:41:25.083+0000] {processor.py:183} INFO - Processing /home/airflow/.local/lib/python3.12/site-packages/airflow/example_dags/example_skip_dag.py took 0.116 seconds
[2024-04-27T09:41:55.249+0000] {processor.py:161} INFO - Started process (PID=117) to work on /home/airflow/.local/lib/python3.12/site-packages/airflow/example_dags/example_skip_dag.py
[2024-04-27T09:41:55.250+0000] {processor.py:830} INFO - Processing file /home/airflow/.local/lib/python3.12/site-packages/airflow/example_dags/example_skip_dag.py for tasks to queue
[2024-04-27T09:41:55.253+0000] {logging_mixin.py:188} INFO - [2024-04-27T09:41:55.252+0000] {dagbag.py:540} INFO - Filling up the DagBag from /home/airflow/.local/lib/python3.12/site-packages/airflow/example_dags/example_skip_dag.py
[2024-04-27T09:41:55.262+0000] {processor.py:840} INFO - DAG(s) 'example_skip_dag' retrieved from /home/airflow/.local/lib/python3.12/site-packages/airflow/example_dags/example_skip_dag.py
[2024-04-27T09:41:55.294+0000] {logging_mixin.py:188} INFO - [2024-04-27T09:41:55.293+0000] {dag.py:3096} INFO - Sync 1 DAGs
[2024-04-27T09:41:55.330+0000] {logging_mixin.py:188} INFO - [2024-04-27T09:41:55.329+0000] {dag.py:3954} INFO - Setting next_dagrun for example_skip_dag to 2024-04-26 00:00:00+00:00, run_after=2024-04-27 00:00:00+00:00
[2024-04-27T09:41:55.363+0000] {processor.py:183} INFO - Processing /home/airflow/.local/lib/python3.12/site-packages/airflow/example_dags/example_skip_dag.py took 0.121 seconds
[2024-04-27T09:42:25.432+0000] {processor.py:161} INFO - Started process (PID=174) to work on /home/airflow/.local/lib/python3.12/site-packages/airflow/example_dags/example_skip_dag.py
[2024-04-27T09:42:25.433+0000] {processor.py:830} INFO - Processing file /home/airflow/.local/lib/python3.12/site-packages/airflow/example_dags/example_skip_dag.py for tasks to queue
[2024-04-27T09:42:25.435+0000] {logging_mixin.py:188} INFO - [2024-04-27T09:42:25.435+0000] {dagbag.py:540} INFO - Filling up the DagBag from /home/airflow/.local/lib/python3.12/site-packages/airflow/example_dags/example_skip_dag.py
[2024-04-27T09:42:25.442+0000] {processor.py:840} INFO - DAG(s) 'example_skip_dag' retrieved from /home/airflow/.local/lib/python3.12/site-packages/airflow/example_dags/example_skip_dag.py
[2024-04-27T09:42:25.467+0000] {logging_mixin.py:188} INFO - [2024-04-27T09:42:25.467+0000] {dag.py:3096} INFO - Sync 1 DAGs
[2024-04-27T09:42:25.500+0000] {logging_mixin.py:188} INFO - [2024-04-27T09:42:25.500+0000] {dag.py:3954} INFO - Setting next_dagrun for example_skip_dag to 2024-04-26 00:00:00+00:00, run_after=2024-04-27 00:00:00+00:00
[2024-04-27T09:42:25.528+0000] {processor.py:183} INFO - Processing /home/airflow/.local/lib/python3.12/site-packages/airflow/example_dags/example_skip_dag.py took 0.105 seconds
[2024-04-27T09:42:55.653+0000] {processor.py:161} INFO - Started process (PID=232) to work on /home/airflow/.local/lib/python3.12/site-packages/airflow/example_dags/example_skip_dag.py
[2024-04-27T09:42:55.654+0000] {processor.py:830} INFO - Processing file /home/airflow/.local/lib/python3.12/site-packages/airflow/example_dags/example_skip_dag.py for tasks to queue
[2024-04-27T09:42:55.657+0000] {logging_mixin.py:188} INFO - [2024-04-27T09:42:55.657+0000] {dagbag.py:540} INFO - Filling up the DagBag from /home/airflow/.local/lib/python3.12/site-packages/airflow/example_dags/example_skip_dag.py
[2024-04-27T09:42:55.665+0000] {processor.py:840} INFO - DAG(s) 'example_skip_dag' retrieved from /home/airflow/.local/lib/python3.12/site-packages/airflow/example_dags/example_skip_dag.py
[2024-04-27T09:42:55.689+0000] {logging_mixin.py:188} INFO - [2024-04-27T09:42:55.689+0000] {dag.py:3096} INFO - Sync 1 DAGs
[2024-04-27T09:42:55.730+0000] {logging_mixin.py:188} INFO - [2024-04-27T09:42:55.730+0000] {dag.py:3954} INFO - Setting next_dagrun for example_skip_dag to 2024-04-26 00:00:00+00:00, run_after=2024-04-27 00:00:00+00:00
[2024-04-27T09:42:55.759+0000] {processor.py:183} INFO - Processing /home/airflow/.local/lib/python3.12/site-packages/airflow/example_dags/example_skip_dag.py took 0.111 seconds
[2024-04-27T09:43:26.793+0000] {processor.py:161} INFO - Started process (PID=290) to work on /home/airflow/.local/lib/python3.12/site-packages/airflow/example_dags/example_skip_dag.py
[2024-04-27T09:43:26.794+0000] {processor.py:830} INFO - Processing file /home/airflow/.local/lib/python3.12/site-packages/airflow/example_dags/example_skip_dag.py for tasks to queue
[2024-04-27T09:43:26.797+0000] {logging_mixin.py:188} INFO - [2024-04-27T09:43:26.796+0000] {dagbag.py:540} INFO - Filling up the DagBag from /home/airflow/.local/lib/python3.12/site-packages/airflow/example_dags/example_skip_dag.py
[2024-04-27T09:43:26.805+0000] {processor.py:840} INFO - DAG(s) 'example_skip_dag' retrieved from /home/airflow/.local/lib/python3.12/site-packages/airflow/example_dags/example_skip_dag.py
[2024-04-27T09:43:26.833+0000] {logging_mixin.py:188} INFO - [2024-04-27T09:43:26.832+0000] {dag.py:3096} INFO - Sync 1 DAGs
[2024-04-27T09:43:26.864+0000] {logging_mixin.py:188} INFO - [2024-04-27T09:43:26.864+0000] {dag.py:3954} INFO - Setting next_dagrun for example_skip_dag to 2024-04-26 00:00:00+00:00, run_after=2024-04-27 00:00:00+00:00
[2024-04-27T09:43:26.900+0000] {processor.py:183} INFO - Processing /home/airflow/.local/lib/python3.12/site-packages/airflow/example_dags/example_skip_dag.py took 0.114 seconds
[2024-04-27T09:43:57.580+0000] {processor.py:161} INFO - Started process (PID=348) to work on /home/airflow/.local/lib/python3.12/site-packages/airflow/example_dags/example_skip_dag.py
[2024-04-27T09:43:57.581+0000] {processor.py:830} INFO - Processing file /home/airflow/.local/lib/python3.12/site-packages/airflow/example_dags/example_skip_dag.py for tasks to queue
[2024-04-27T09:43:57.585+0000] {logging_mixin.py:188} INFO - [2024-04-27T09:43:57.584+0000] {dagbag.py:540} INFO - Filling up the DagBag from /home/airflow/.local/lib/python3.12/site-packages/airflow/example_dags/example_skip_dag.py
[2024-04-27T09:43:57.595+0000] {processor.py:840} INFO - DAG(s) 'example_skip_dag' retrieved from /home/airflow/.local/lib/python3.12/site-packages/airflow/example_dags/example_skip_dag.py
[2024-04-27T09:43:57.633+0000] {logging_mixin.py:188} INFO - [2024-04-27T09:43:57.633+0000] {dag.py:3096} INFO - Sync 1 DAGs
[2024-04-27T09:43:57.676+0000] {logging_mixin.py:188} INFO - [2024-04-27T09:43:57.676+0000] {dag.py:3954} INFO - Setting next_dagrun for example_skip_dag to 2024-04-26 00:00:00+00:00, run_after=2024-04-27 00:00:00+00:00
[2024-04-27T09:43:57.728+0000] {processor.py:183} INFO - Processing /home/airflow/.local/lib/python3.12/site-packages/airflow/example_dags/example_skip_dag.py took 0.157 seconds
[2024-04-27T09:44:28.321+0000] {processor.py:161} INFO - Started process (PID=406) to work on /home/airflow/.local/lib/python3.12/site-packages/airflow/example_dags/example_skip_dag.py
[2024-04-27T09:44:28.323+0000] {processor.py:830} INFO - Processing file /home/airflow/.local/lib/python3.12/site-packages/airflow/example_dags/example_skip_dag.py for tasks to queue
[2024-04-27T09:44:28.326+0000] {logging_mixin.py:188} INFO - [2024-04-27T09:44:28.325+0000] {dagbag.py:540} INFO - Filling up the DagBag from /home/airflow/.local/lib/python3.12/site-packages/airflow/example_dags/example_skip_dag.py
[2024-04-27T09:44:28.339+0000] {processor.py:840} INFO - DAG(s) 'example_skip_dag' retrieved from /home/airflow/.local/lib/python3.12/site-packages/airflow/example_dags/example_skip_dag.py
[2024-04-27T09:44:28.389+0000] {logging_mixin.py:188} INFO - [2024-04-27T09:44:28.387+0000] {dag.py:3096} INFO - Sync 1 DAGs
[2024-04-27T09:44:28.443+0000] {logging_mixin.py:188} INFO - [2024-04-27T09:44:28.442+0000] {dag.py:3954} INFO - Setting next_dagrun for example_skip_dag to 2024-04-26 00:00:00+00:00, run_after=2024-04-27 00:00:00+00:00
[2024-04-27T09:44:28.507+0000] {processor.py:183} INFO - Processing /home/airflow/.local/lib/python3.12/site-packages/airflow/example_dags/example_skip_dag.py took 0.196 seconds
[2024-04-27T09:44:59.102+0000] {processor.py:161} INFO - Started process (PID=464) to work on /home/airflow/.local/lib/python3.12/site-packages/airflow/example_dags/example_skip_dag.py
[2024-04-27T09:44:59.104+0000] {processor.py:830} INFO - Processing file /home/airflow/.local/lib/python3.12/site-packages/airflow/example_dags/example_skip_dag.py for tasks to queue
[2024-04-27T09:44:59.106+0000] {logging_mixin.py:188} INFO - [2024-04-27T09:44:59.106+0000] {dagbag.py:540} INFO - Filling up the DagBag from /home/airflow/.local/lib/python3.12/site-packages/airflow/example_dags/example_skip_dag.py
[2024-04-27T09:44:59.113+0000] {processor.py:840} INFO - DAG(s) 'example_skip_dag' retrieved from /home/airflow/.local/lib/python3.12/site-packages/airflow/example_dags/example_skip_dag.py
[2024-04-27T09:44:59.137+0000] {logging_mixin.py:188} INFO - [2024-04-27T09:44:59.136+0000] {dag.py:3096} INFO - Sync 1 DAGs
[2024-04-27T09:44:59.167+0000] {logging_mixin.py:188} INFO - [2024-04-27T09:44:59.166+0000] {dag.py:3954} INFO - Setting next_dagrun for example_skip_dag to 2024-04-26 00:00:00+00:00, run_after=2024-04-27 00:00:00+00:00
[2024-04-27T09:44:59.197+0000] {processor.py:183} INFO - Processing /home/airflow/.local/lib/python3.12/site-packages/airflow/example_dags/example_skip_dag.py took 0.100 seconds
[2024-04-27T09:45:29.681+0000] {processor.py:161} INFO - Started process (PID=522) to work on /home/airflow/.local/lib/python3.12/site-packages/airflow/example_dags/example_skip_dag.py
[2024-04-27T09:45:29.682+0000] {processor.py:830} INFO - Processing file /home/airflow/.local/lib/python3.12/site-packages/airflow/example_dags/example_skip_dag.py for tasks to queue
[2024-04-27T09:45:29.685+0000] {logging_mixin.py:188} INFO - [2024-04-27T09:45:29.684+0000] {dagbag.py:540} INFO - Filling up the DagBag from /home/airflow/.local/lib/python3.12/site-packages/airflow/example_dags/example_skip_dag.py
[2024-04-27T09:45:29.694+0000] {processor.py:840} INFO - DAG(s) 'example_skip_dag' retrieved from /home/airflow/.local/lib/python3.12/site-packages/airflow/example_dags/example_skip_dag.py
[2024-04-27T09:45:29.718+0000] {logging_mixin.py:188} INFO - [2024-04-27T09:45:29.718+0000] {dag.py:3096} INFO - Sync 1 DAGs
[2024-04-27T09:45:29.745+0000] {logging_mixin.py:188} INFO - [2024-04-27T09:45:29.744+0000] {dag.py:3954} INFO - Setting next_dagrun for example_skip_dag to 2024-04-26 00:00:00+00:00, run_after=2024-04-27 00:00:00+00:00
[2024-04-27T09:45:29.771+0000] {processor.py:183} INFO - Processing /home/airflow/.local/lib/python3.12/site-packages/airflow/example_dags/example_skip_dag.py took 0.098 seconds
[2024-04-27T09:46:00.107+0000] {processor.py:161} INFO - Started process (PID=580) to work on /home/airflow/.local/lib/python3.12/site-packages/airflow/example_dags/example_skip_dag.py
[2024-04-27T09:46:00.109+0000] {processor.py:830} INFO - Processing file /home/airflow/.local/lib/python3.12/site-packages/airflow/example_dags/example_skip_dag.py for tasks to queue
[2024-04-27T09:46:00.112+0000] {logging_mixin.py:188} INFO - [2024-04-27T09:46:00.112+0000] {dagbag.py:540} INFO - Filling up the DagBag from /home/airflow/.local/lib/python3.12/site-packages/airflow/example_dags/example_skip_dag.py
[2024-04-27T09:46:00.125+0000] {processor.py:840} INFO - DAG(s) 'example_skip_dag' retrieved from /home/airflow/.local/lib/python3.12/site-packages/airflow/example_dags/example_skip_dag.py
[2024-04-27T09:46:00.162+0000] {logging_mixin.py:188} INFO - [2024-04-27T09:46:00.162+0000] {dag.py:3096} INFO - Sync 1 DAGs
[2024-04-27T09:46:00.203+0000] {logging_mixin.py:188} INFO - [2024-04-27T09:46:00.203+0000] {dag.py:3954} INFO - Setting next_dagrun for example_skip_dag to 2024-04-26 00:00:00+00:00, run_after=2024-04-27 00:00:00+00:00
[2024-04-27T09:46:00.242+0000] {processor.py:183} INFO - Processing /home/airflow/.local/lib/python3.12/site-packages/airflow/example_dags/example_skip_dag.py took 0.145 seconds
[2024-04-27T09:46:30.373+0000] {processor.py:161} INFO - Started process (PID=638) to work on /home/airflow/.local/lib/python3.12/site-packages/airflow/example_dags/example_skip_dag.py
[2024-04-27T09:46:30.374+0000] {processor.py:830} INFO - Processing file /home/airflow/.local/lib/python3.12/site-packages/airflow/example_dags/example_skip_dag.py for tasks to queue
[2024-04-27T09:46:30.377+0000] {logging_mixin.py:188} INFO - [2024-04-27T09:46:30.376+0000] {dagbag.py:540} INFO - Filling up the DagBag from /home/airflow/.local/lib/python3.12/site-packages/airflow/example_dags/example_skip_dag.py
[2024-04-27T09:46:30.384+0000] {processor.py:840} INFO - DAG(s) 'example_skip_dag' retrieved from /home/airflow/.local/lib/python3.12/site-packages/airflow/example_dags/example_skip_dag.py
[2024-04-27T09:46:30.411+0000] {logging_mixin.py:188} INFO - [2024-04-27T09:46:30.411+0000] {dag.py:3096} INFO - Sync 1 DAGs
[2024-04-27T09:46:30.441+0000] {logging_mixin.py:188} INFO - [2024-04-27T09:46:30.440+0000] {dag.py:3954} INFO - Setting next_dagrun for example_skip_dag to 2024-04-26 00:00:00+00:00, run_after=2024-04-27 00:00:00+00:00
[2024-04-27T09:46:30.473+0000] {processor.py:183} INFO - Processing /home/airflow/.local/lib/python3.12/site-packages/airflow/example_dags/example_skip_dag.py took 0.107 seconds
[2024-04-27T09:47:00.808+0000] {processor.py:161} INFO - Started process (PID=696) to work on /home/airflow/.local/lib/python3.12/site-packages/airflow/example_dags/example_skip_dag.py
[2024-04-27T09:47:00.809+0000] {processor.py:830} INFO - Processing file /home/airflow/.local/lib/python3.12/site-packages/airflow/example_dags/example_skip_dag.py for tasks to queue
[2024-04-27T09:47:00.813+0000] {logging_mixin.py:188} INFO - [2024-04-27T09:47:00.812+0000] {dagbag.py:540} INFO - Filling up the DagBag from /home/airflow/.local/lib/python3.12/site-packages/airflow/example_dags/example_skip_dag.py
[2024-04-27T09:47:00.820+0000] {processor.py:840} INFO - DAG(s) 'example_skip_dag' retrieved from /home/airflow/.local/lib/python3.12/site-packages/airflow/example_dags/example_skip_dag.py
[2024-04-27T09:47:00.847+0000] {logging_mixin.py:188} INFO - [2024-04-27T09:47:00.847+0000] {dag.py:3096} INFO - Sync 1 DAGs
[2024-04-27T09:47:00.887+0000] {logging_mixin.py:188} INFO - [2024-04-27T09:47:00.886+0000] {dag.py:3954} INFO - Setting next_dagrun for example_skip_dag to 2024-04-26 00:00:00+00:00, run_after=2024-04-27 00:00:00+00:00
[2024-04-27T09:47:00.919+0000] {processor.py:183} INFO - Processing /home/airflow/.local/lib/python3.12/site-packages/airflow/example_dags/example_skip_dag.py took 0.117 seconds
[2024-04-27T09:47:32.086+0000] {processor.py:161} INFO - Started process (PID=754) to work on /home/airflow/.local/lib/python3.12/site-packages/airflow/example_dags/example_skip_dag.py
[2024-04-27T09:47:32.087+0000] {processor.py:830} INFO - Processing file /home/airflow/.local/lib/python3.12/site-packages/airflow/example_dags/example_skip_dag.py for tasks to queue
[2024-04-27T09:47:32.090+0000] {logging_mixin.py:188} INFO - [2024-04-27T09:47:32.089+0000] {dagbag.py:540} INFO - Filling up the DagBag from /home/airflow/.local/lib/python3.12/site-packages/airflow/example_dags/example_skip_dag.py
[2024-04-27T09:47:32.097+0000] {processor.py:840} INFO - DAG(s) 'example_skip_dag' retrieved from /home/airflow/.local/lib/python3.12/site-packages/airflow/example_dags/example_skip_dag.py
[2024-04-27T09:47:32.123+0000] {logging_mixin.py:188} INFO - [2024-04-27T09:47:32.122+0000] {dag.py:3096} INFO - Sync 1 DAGs
[2024-04-27T09:47:32.150+0000] {logging_mixin.py:188} INFO - [2024-04-27T09:47:32.150+0000] {dag.py:3954} INFO - Setting next_dagrun for example_skip_dag to 2024-04-26 00:00:00+00:00, run_after=2024-04-27 00:00:00+00:00
[2024-04-27T09:47:32.175+0000] {processor.py:183} INFO - Processing /home/airflow/.local/lib/python3.12/site-packages/airflow/example_dags/example_skip_dag.py took 0.095 seconds
[2024-04-27T09:48:03.769+0000] {processor.py:161} INFO - Started process (PID=812) to work on /home/airflow/.local/lib/python3.12/site-packages/airflow/example_dags/example_skip_dag.py
[2024-04-27T09:48:03.770+0000] {processor.py:830} INFO - Processing file /home/airflow/.local/lib/python3.12/site-packages/airflow/example_dags/example_skip_dag.py for tasks to queue
[2024-04-27T09:48:03.772+0000] {logging_mixin.py:188} INFO - [2024-04-27T09:48:03.772+0000] {dagbag.py:540} INFO - Filling up the DagBag from /home/airflow/.local/lib/python3.12/site-packages/airflow/example_dags/example_skip_dag.py
[2024-04-27T09:48:03.779+0000] {processor.py:840} INFO - DAG(s) 'example_skip_dag' retrieved from /home/airflow/.local/lib/python3.12/site-packages/airflow/example_dags/example_skip_dag.py
[2024-04-27T09:48:03.803+0000] {logging_mixin.py:188} INFO - [2024-04-27T09:48:03.803+0000] {dag.py:3096} INFO - Sync 1 DAGs
[2024-04-27T09:48:03.985+0000] {logging_mixin.py:188} INFO - [2024-04-27T09:48:03.984+0000] {dag.py:3954} INFO - Setting next_dagrun for example_skip_dag to 2024-04-26 00:00:00+00:00, run_after=2024-04-27 00:00:00+00:00
[2024-04-27T09:48:04.012+0000] {processor.py:183} INFO - Processing /home/airflow/.local/lib/python3.12/site-packages/airflow/example_dags/example_skip_dag.py took 0.249 seconds
[2024-04-27T09:48:36.590+0000] {processor.py:161} INFO - Started process (PID=870) to work on /home/airflow/.local/lib/python3.12/site-packages/airflow/example_dags/example_skip_dag.py
[2024-04-27T09:48:36.593+0000] {processor.py:830} INFO - Processing file /home/airflow/.local/lib/python3.12/site-packages/airflow/example_dags/example_skip_dag.py for tasks to queue
[2024-04-27T09:48:36.599+0000] {logging_mixin.py:188} INFO - [2024-04-27T09:48:36.598+0000] {dagbag.py:540} INFO - Filling up the DagBag from /home/airflow/.local/lib/python3.12/site-packages/airflow/example_dags/example_skip_dag.py
[2024-04-27T09:48:36.613+0000] {processor.py:840} INFO - DAG(s) 'example_skip_dag' retrieved from /home/airflow/.local/lib/python3.12/site-packages/airflow/example_dags/example_skip_dag.py
[2024-04-27T09:48:36.713+0000] {logging_mixin.py:188} INFO - [2024-04-27T09:48:36.713+0000] {dag.py:3096} INFO - Sync 1 DAGs
[2024-04-27T09:48:36.803+0000] {logging_mixin.py:188} INFO - [2024-04-27T09:48:36.802+0000] {dag.py:3954} INFO - Setting next_dagrun for example_skip_dag to 2024-04-26 00:00:00+00:00, run_after=2024-04-27 00:00:00+00:00
[2024-04-27T09:48:37.384+0000] {processor.py:183} INFO - Processing /home/airflow/.local/lib/python3.12/site-packages/airflow/example_dags/example_skip_dag.py took 0.807 seconds
[2024-04-27T09:49:07.757+0000] {processor.py:161} INFO - Started process (PID=928) to work on /home/airflow/.local/lib/python3.12/site-packages/airflow/example_dags/example_skip_dag.py
[2024-04-27T09:49:07.768+0000] {processor.py:830} INFO - Processing file /home/airflow/.local/lib/python3.12/site-packages/airflow/example_dags/example_skip_dag.py for tasks to queue
[2024-04-27T09:49:07.785+0000] {logging_mixin.py:188} INFO - [2024-04-27T09:49:07.775+0000] {dagbag.py:540} INFO - Filling up the DagBag from /home/airflow/.local/lib/python3.12/site-packages/airflow/example_dags/example_skip_dag.py
[2024-04-27T09:49:07.823+0000] {processor.py:840} INFO - DAG(s) 'example_skip_dag' retrieved from /home/airflow/.local/lib/python3.12/site-packages/airflow/example_dags/example_skip_dag.py
[2024-04-27T09:49:07.932+0000] {logging_mixin.py:188} INFO - [2024-04-27T09:49:07.931+0000] {dag.py:3096} INFO - Sync 1 DAGs
[2024-04-27T09:49:08.086+0000] {logging_mixin.py:188} INFO - [2024-04-27T09:49:08.085+0000] {dag.py:3954} INFO - Setting next_dagrun for example_skip_dag to 2024-04-26 00:00:00+00:00, run_after=2024-04-27 00:00:00+00:00
[2024-04-27T09:49:08.266+0000] {processor.py:183} INFO - Processing /home/airflow/.local/lib/python3.12/site-packages/airflow/example_dags/example_skip_dag.py took 0.535 seconds
[2024-04-27T09:49:39.082+0000] {processor.py:161} INFO - Started process (PID=987) to work on /home/airflow/.local/lib/python3.12/site-packages/airflow/example_dags/example_skip_dag.py
[2024-04-27T09:49:39.084+0000] {processor.py:830} INFO - Processing file /home/airflow/.local/lib/python3.12/site-packages/airflow/example_dags/example_skip_dag.py for tasks to queue
[2024-04-27T09:49:39.089+0000] {logging_mixin.py:188} INFO - [2024-04-27T09:49:39.088+0000] {dagbag.py:540} INFO - Filling up the DagBag from /home/airflow/.local/lib/python3.12/site-packages/airflow/example_dags/example_skip_dag.py
[2024-04-27T09:49:39.101+0000] {processor.py:840} INFO - DAG(s) 'example_skip_dag' retrieved from /home/airflow/.local/lib/python3.12/site-packages/airflow/example_dags/example_skip_dag.py
[2024-04-27T09:49:39.145+0000] {logging_mixin.py:188} INFO - [2024-04-27T09:49:39.144+0000] {dag.py:3096} INFO - Sync 1 DAGs
[2024-04-27T09:49:39.199+0000] {logging_mixin.py:188} INFO - [2024-04-27T09:49:39.199+0000] {dag.py:3954} INFO - Setting next_dagrun for example_skip_dag to 2024-04-26 00:00:00+00:00, run_after=2024-04-27 00:00:00+00:00
[2024-04-27T09:49:39.247+0000] {processor.py:183} INFO - Processing /home/airflow/.local/lib/python3.12/site-packages/airflow/example_dags/example_skip_dag.py took 0.177 seconds
[2024-04-27T09:50:09.800+0000] {processor.py:161} INFO - Started process (PID=1045) to work on /home/airflow/.local/lib/python3.12/site-packages/airflow/example_dags/example_skip_dag.py
[2024-04-27T09:50:09.806+0000] {processor.py:830} INFO - Processing file /home/airflow/.local/lib/python3.12/site-packages/airflow/example_dags/example_skip_dag.py for tasks to queue
[2024-04-27T09:50:09.810+0000] {logging_mixin.py:188} INFO - [2024-04-27T09:50:09.809+0000] {dagbag.py:540} INFO - Filling up the DagBag from /home/airflow/.local/lib/python3.12/site-packages/airflow/example_dags/example_skip_dag.py
[2024-04-27T09:50:09.821+0000] {processor.py:840} INFO - DAG(s) 'example_skip_dag' retrieved from /home/airflow/.local/lib/python3.12/site-packages/airflow/example_dags/example_skip_dag.py
[2024-04-27T09:50:10.100+0000] {logging_mixin.py:188} INFO - [2024-04-27T09:50:10.100+0000] {dag.py:3096} INFO - Sync 1 DAGs
[2024-04-27T09:50:10.155+0000] {logging_mixin.py:188} INFO - [2024-04-27T09:50:10.154+0000] {dag.py:3954} INFO - Setting next_dagrun for example_skip_dag to 2024-04-26 00:00:00+00:00, run_after=2024-04-27 00:00:00+00:00
[2024-04-27T09:50:10.210+0000] {processor.py:183} INFO - Processing /home/airflow/.local/lib/python3.12/site-packages/airflow/example_dags/example_skip_dag.py took 0.421 seconds
[2024-04-27T09:50:40.324+0000] {processor.py:161} INFO - Started process (PID=1103) to work on /home/airflow/.local/lib/python3.12/site-packages/airflow/example_dags/example_skip_dag.py
[2024-04-27T09:50:40.325+0000] {processor.py:830} INFO - Processing file /home/airflow/.local/lib/python3.12/site-packages/airflow/example_dags/example_skip_dag.py for tasks to queue
[2024-04-27T09:50:40.328+0000] {logging_mixin.py:188} INFO - [2024-04-27T09:50:40.328+0000] {dagbag.py:540} INFO - Filling up the DagBag from /home/airflow/.local/lib/python3.12/site-packages/airflow/example_dags/example_skip_dag.py
[2024-04-27T09:50:40.338+0000] {processor.py:840} INFO - DAG(s) 'example_skip_dag' retrieved from /home/airflow/.local/lib/python3.12/site-packages/airflow/example_dags/example_skip_dag.py
[2024-04-27T09:50:40.378+0000] {logging_mixin.py:188} INFO - [2024-04-27T09:50:40.377+0000] {dag.py:3096} INFO - Sync 1 DAGs
[2024-04-27T09:50:40.418+0000] {logging_mixin.py:188} INFO - [2024-04-27T09:50:40.418+0000] {dag.py:3954} INFO - Setting next_dagrun for example_skip_dag to 2024-04-26 00:00:00+00:00, run_after=2024-04-27 00:00:00+00:00
[2024-04-27T09:50:40.460+0000] {processor.py:183} INFO - Processing /home/airflow/.local/lib/python3.12/site-packages/airflow/example_dags/example_skip_dag.py took 0.146 seconds
[2024-04-27T09:51:10.801+0000] {processor.py:161} INFO - Started process (PID=1161) to work on /home/airflow/.local/lib/python3.12/site-packages/airflow/example_dags/example_skip_dag.py
[2024-04-27T09:51:10.803+0000] {processor.py:830} INFO - Processing file /home/airflow/.local/lib/python3.12/site-packages/airflow/example_dags/example_skip_dag.py for tasks to queue
[2024-04-27T09:51:10.808+0000] {logging_mixin.py:188} INFO - [2024-04-27T09:51:10.807+0000] {dagbag.py:540} INFO - Filling up the DagBag from /home/airflow/.local/lib/python3.12/site-packages/airflow/example_dags/example_skip_dag.py
[2024-04-27T09:51:10.837+0000] {processor.py:840} INFO - DAG(s) 'example_skip_dag' retrieved from /home/airflow/.local/lib/python3.12/site-packages/airflow/example_dags/example_skip_dag.py
[2024-04-27T09:51:10.885+0000] {logging_mixin.py:188} INFO - [2024-04-27T09:51:10.884+0000] {dag.py:3096} INFO - Sync 1 DAGs
[2024-04-27T09:51:10.938+0000] {logging_mixin.py:188} INFO - [2024-04-27T09:51:10.937+0000] {dag.py:3954} INFO - Setting next_dagrun for example_skip_dag to 2024-04-26 00:00:00+00:00, run_after=2024-04-27 00:00:00+00:00
[2024-04-27T09:51:10.984+0000] {processor.py:183} INFO - Processing /home/airflow/.local/lib/python3.12/site-packages/airflow/example_dags/example_skip_dag.py took 0.203 seconds
[2024-04-27T09:51:41.151+0000] {processor.py:161} INFO - Started process (PID=1219) to work on /home/airflow/.local/lib/python3.12/site-packages/airflow/example_dags/example_skip_dag.py
[2024-04-27T09:51:41.154+0000] {processor.py:830} INFO - Processing file /home/airflow/.local/lib/python3.12/site-packages/airflow/example_dags/example_skip_dag.py for tasks to queue
[2024-04-27T09:51:41.159+0000] {logging_mixin.py:188} INFO - [2024-04-27T09:51:41.158+0000] {dagbag.py:540} INFO - Filling up the DagBag from /home/airflow/.local/lib/python3.12/site-packages/airflow/example_dags/example_skip_dag.py
[2024-04-27T09:51:41.173+0000] {processor.py:840} INFO - DAG(s) 'example_skip_dag' retrieved from /home/airflow/.local/lib/python3.12/site-packages/airflow/example_dags/example_skip_dag.py
[2024-04-27T09:51:41.217+0000] {logging_mixin.py:188} INFO - [2024-04-27T09:51:41.216+0000] {dag.py:3096} INFO - Sync 1 DAGs
[2024-04-27T09:51:41.267+0000] {logging_mixin.py:188} INFO - [2024-04-27T09:51:41.266+0000] {dag.py:3954} INFO - Setting next_dagrun for example_skip_dag to 2024-04-26 00:00:00+00:00, run_after=2024-04-27 00:00:00+00:00
[2024-04-27T09:51:41.315+0000] {processor.py:183} INFO - Processing /home/airflow/.local/lib/python3.12/site-packages/airflow/example_dags/example_skip_dag.py took 0.182 seconds
