[2024-04-27T09:40:22.518+0000] {processor.py:161} INFO - Started process (PID=44) to work on /home/airflow/.local/lib/python3.12/site-packages/airflow/example_dags/example_nested_branch_dag.py
[2024-04-27T09:40:22.521+0000] {processor.py:830} INFO - Processing file /home/airflow/.local/lib/python3.12/site-packages/airflow/example_dags/example_nested_branch_dag.py for tasks to queue
[2024-04-27T09:40:22.534+0000] {logging_mixin.py:188} INFO - [2024-04-27T09:40:22.533+0000] {dagbag.py:540} INFO - Filling up the DagBag from /home/airflow/.local/lib/python3.12/site-packages/airflow/example_dags/example_nested_branch_dag.py
[2024-04-27T09:40:22.619+0000] {processor.py:840} INFO - DAG(s) 'example_nested_branch_dag' retrieved from /home/airflow/.local/lib/python3.12/site-packages/airflow/example_dags/example_nested_branch_dag.py
[2024-04-27T09:40:23.784+0000] {logging_mixin.py:188} INFO - [2024-04-27T09:40:23.784+0000] {dag.py:3096} INFO - Sync 1 DAGs
[2024-04-27T09:40:23.889+0000] {logging_mixin.py:188} INFO - [2024-04-27T09:40:23.889+0000] {dag.py:3954} INFO - Setting next_dagrun for example_nested_branch_dag to 2024-04-26 00:00:00+00:00, run_after=2024-04-27 00:00:00+00:00
[2024-04-27T09:40:23.982+0000] {processor.py:183} INFO - Processing /home/airflow/.local/lib/python3.12/site-packages/airflow/example_dags/example_nested_branch_dag.py took 1.491 seconds
[2024-04-27T09:41:22.500+0000] {processor.py:161} INFO - Started process (PID=38) to work on /home/airflow/.local/lib/python3.12/site-packages/airflow/example_dags/example_nested_branch_dag.py
[2024-04-27T09:41:22.502+0000] {processor.py:830} INFO - Processing file /home/airflow/.local/lib/python3.12/site-packages/airflow/example_dags/example_nested_branch_dag.py for tasks to queue
[2024-04-27T09:41:22.504+0000] {logging_mixin.py:188} INFO - [2024-04-27T09:41:22.504+0000] {dagbag.py:540} INFO - Filling up the DagBag from /home/airflow/.local/lib/python3.12/site-packages/airflow/example_dags/example_nested_branch_dag.py
[2024-04-27T09:41:22.517+0000] {processor.py:840} INFO - DAG(s) 'example_nested_branch_dag' retrieved from /home/airflow/.local/lib/python3.12/site-packages/airflow/example_dags/example_nested_branch_dag.py
[2024-04-27T09:41:22.573+0000] {logging_mixin.py:188} INFO - [2024-04-27T09:41:22.573+0000] {dag.py:3096} INFO - Sync 1 DAGs
[2024-04-27T09:41:22.604+0000] {logging_mixin.py:188} INFO - [2024-04-27T09:41:22.604+0000] {dag.py:3954} INFO - Setting next_dagrun for example_nested_branch_dag to 2024-04-26 00:00:00+00:00, run_after=2024-04-27 00:00:00+00:00
[2024-04-27T09:41:22.632+0000] {processor.py:183} INFO - Processing /home/airflow/.local/lib/python3.12/site-packages/airflow/example_dags/example_nested_branch_dag.py took 0.137 seconds
[2024-04-27T09:41:52.817+0000] {processor.py:161} INFO - Started process (PID=96) to work on /home/airflow/.local/lib/python3.12/site-packages/airflow/example_dags/example_nested_branch_dag.py
[2024-04-27T09:41:52.818+0000] {processor.py:830} INFO - Processing file /home/airflow/.local/lib/python3.12/site-packages/airflow/example_dags/example_nested_branch_dag.py for tasks to queue
[2024-04-27T09:41:52.821+0000] {logging_mixin.py:188} INFO - [2024-04-27T09:41:52.820+0000] {dagbag.py:540} INFO - Filling up the DagBag from /home/airflow/.local/lib/python3.12/site-packages/airflow/example_dags/example_nested_branch_dag.py
[2024-04-27T09:41:52.834+0000] {processor.py:840} INFO - DAG(s) 'example_nested_branch_dag' retrieved from /home/airflow/.local/lib/python3.12/site-packages/airflow/example_dags/example_nested_branch_dag.py
[2024-04-27T09:41:52.862+0000] {logging_mixin.py:188} INFO - [2024-04-27T09:41:52.862+0000] {dag.py:3096} INFO - Sync 1 DAGs
[2024-04-27T09:41:52.898+0000] {logging_mixin.py:188} INFO - [2024-04-27T09:41:52.898+0000] {dag.py:3954} INFO - Setting next_dagrun for example_nested_branch_dag to 2024-04-26 00:00:00+00:00, run_after=2024-04-27 00:00:00+00:00
[2024-04-27T09:41:52.934+0000] {processor.py:183} INFO - Processing /home/airflow/.local/lib/python3.12/site-packages/airflow/example_dags/example_nested_branch_dag.py took 0.123 seconds
[2024-04-27T09:42:23.176+0000] {processor.py:161} INFO - Started process (PID=153) to work on /home/airflow/.local/lib/python3.12/site-packages/airflow/example_dags/example_nested_branch_dag.py
[2024-04-27T09:42:23.177+0000] {processor.py:830} INFO - Processing file /home/airflow/.local/lib/python3.12/site-packages/airflow/example_dags/example_nested_branch_dag.py for tasks to queue
[2024-04-27T09:42:23.182+0000] {logging_mixin.py:188} INFO - [2024-04-27T09:42:23.181+0000] {dagbag.py:540} INFO - Filling up the DagBag from /home/airflow/.local/lib/python3.12/site-packages/airflow/example_dags/example_nested_branch_dag.py
[2024-04-27T09:42:23.195+0000] {processor.py:840} INFO - DAG(s) 'example_nested_branch_dag' retrieved from /home/airflow/.local/lib/python3.12/site-packages/airflow/example_dags/example_nested_branch_dag.py
[2024-04-27T09:42:23.222+0000] {logging_mixin.py:188} INFO - [2024-04-27T09:42:23.221+0000] {dag.py:3096} INFO - Sync 1 DAGs
[2024-04-27T09:42:23.253+0000] {logging_mixin.py:188} INFO - [2024-04-27T09:42:23.252+0000] {dag.py:3954} INFO - Setting next_dagrun for example_nested_branch_dag to 2024-04-26 00:00:00+00:00, run_after=2024-04-27 00:00:00+00:00
[2024-04-27T09:42:23.286+0000] {processor.py:183} INFO - Processing /home/airflow/.local/lib/python3.12/site-packages/airflow/example_dags/example_nested_branch_dag.py took 0.116 seconds
[2024-04-27T09:42:53.998+0000] {processor.py:161} INFO - Started process (PID=211) to work on /home/airflow/.local/lib/python3.12/site-packages/airflow/example_dags/example_nested_branch_dag.py
[2024-04-27T09:42:54.000+0000] {processor.py:830} INFO - Processing file /home/airflow/.local/lib/python3.12/site-packages/airflow/example_dags/example_nested_branch_dag.py for tasks to queue
[2024-04-27T09:42:54.006+0000] {logging_mixin.py:188} INFO - [2024-04-27T09:42:54.005+0000] {dagbag.py:540} INFO - Filling up the DagBag from /home/airflow/.local/lib/python3.12/site-packages/airflow/example_dags/example_nested_branch_dag.py
[2024-04-27T09:42:54.024+0000] {processor.py:840} INFO - DAG(s) 'example_nested_branch_dag' retrieved from /home/airflow/.local/lib/python3.12/site-packages/airflow/example_dags/example_nested_branch_dag.py
[2024-04-27T09:42:54.093+0000] {logging_mixin.py:188} INFO - [2024-04-27T09:42:54.092+0000] {dag.py:3096} INFO - Sync 1 DAGs
[2024-04-27T09:42:54.133+0000] {logging_mixin.py:188} INFO - [2024-04-27T09:42:54.132+0000] {dag.py:3954} INFO - Setting next_dagrun for example_nested_branch_dag to 2024-04-26 00:00:00+00:00, run_after=2024-04-27 00:00:00+00:00
[2024-04-27T09:42:54.191+0000] {processor.py:183} INFO - Processing /home/airflow/.local/lib/python3.12/site-packages/airflow/example_dags/example_nested_branch_dag.py took 0.204 seconds
[2024-04-27T09:43:24.716+0000] {processor.py:161} INFO - Started process (PID=269) to work on /home/airflow/.local/lib/python3.12/site-packages/airflow/example_dags/example_nested_branch_dag.py
[2024-04-27T09:43:24.718+0000] {processor.py:830} INFO - Processing file /home/airflow/.local/lib/python3.12/site-packages/airflow/example_dags/example_nested_branch_dag.py for tasks to queue
[2024-04-27T09:43:24.720+0000] {logging_mixin.py:188} INFO - [2024-04-27T09:43:24.720+0000] {dagbag.py:540} INFO - Filling up the DagBag from /home/airflow/.local/lib/python3.12/site-packages/airflow/example_dags/example_nested_branch_dag.py
[2024-04-27T09:43:24.731+0000] {processor.py:840} INFO - DAG(s) 'example_nested_branch_dag' retrieved from /home/airflow/.local/lib/python3.12/site-packages/airflow/example_dags/example_nested_branch_dag.py
[2024-04-27T09:43:24.759+0000] {logging_mixin.py:188} INFO - [2024-04-27T09:43:24.758+0000] {dag.py:3096} INFO - Sync 1 DAGs
[2024-04-27T09:43:24.792+0000] {logging_mixin.py:188} INFO - [2024-04-27T09:43:24.792+0000] {dag.py:3954} INFO - Setting next_dagrun for example_nested_branch_dag to 2024-04-26 00:00:00+00:00, run_after=2024-04-27 00:00:00+00:00
[2024-04-27T09:43:24.827+0000] {processor.py:183} INFO - Processing /home/airflow/.local/lib/python3.12/site-packages/airflow/example_dags/example_nested_branch_dag.py took 0.117 seconds
[2024-04-27T09:43:55.499+0000] {processor.py:161} INFO - Started process (PID=327) to work on /home/airflow/.local/lib/python3.12/site-packages/airflow/example_dags/example_nested_branch_dag.py
[2024-04-27T09:43:55.500+0000] {processor.py:830} INFO - Processing file /home/airflow/.local/lib/python3.12/site-packages/airflow/example_dags/example_nested_branch_dag.py for tasks to queue
[2024-04-27T09:43:55.502+0000] {logging_mixin.py:188} INFO - [2024-04-27T09:43:55.501+0000] {dagbag.py:540} INFO - Filling up the DagBag from /home/airflow/.local/lib/python3.12/site-packages/airflow/example_dags/example_nested_branch_dag.py
[2024-04-27T09:43:55.517+0000] {processor.py:840} INFO - DAG(s) 'example_nested_branch_dag' retrieved from /home/airflow/.local/lib/python3.12/site-packages/airflow/example_dags/example_nested_branch_dag.py
[2024-04-27T09:43:55.543+0000] {logging_mixin.py:188} INFO - [2024-04-27T09:43:55.543+0000] {dag.py:3096} INFO - Sync 1 DAGs
[2024-04-27T09:43:55.575+0000] {logging_mixin.py:188} INFO - [2024-04-27T09:43:55.574+0000] {dag.py:3954} INFO - Setting next_dagrun for example_nested_branch_dag to 2024-04-26 00:00:00+00:00, run_after=2024-04-27 00:00:00+00:00
[2024-04-27T09:43:55.601+0000] {processor.py:183} INFO - Processing /home/airflow/.local/lib/python3.12/site-packages/airflow/example_dags/example_nested_branch_dag.py took 0.109 seconds
[2024-04-27T09:44:26.209+0000] {processor.py:161} INFO - Started process (PID=385) to work on /home/airflow/.local/lib/python3.12/site-packages/airflow/example_dags/example_nested_branch_dag.py
[2024-04-27T09:44:26.210+0000] {processor.py:830} INFO - Processing file /home/airflow/.local/lib/python3.12/site-packages/airflow/example_dags/example_nested_branch_dag.py for tasks to queue
[2024-04-27T09:44:26.212+0000] {logging_mixin.py:188} INFO - [2024-04-27T09:44:26.212+0000] {dagbag.py:540} INFO - Filling up the DagBag from /home/airflow/.local/lib/python3.12/site-packages/airflow/example_dags/example_nested_branch_dag.py
[2024-04-27T09:44:26.224+0000] {processor.py:840} INFO - DAG(s) 'example_nested_branch_dag' retrieved from /home/airflow/.local/lib/python3.12/site-packages/airflow/example_dags/example_nested_branch_dag.py
[2024-04-27T09:44:26.249+0000] {logging_mixin.py:188} INFO - [2024-04-27T09:44:26.248+0000] {dag.py:3096} INFO - Sync 1 DAGs
[2024-04-27T09:44:26.280+0000] {logging_mixin.py:188} INFO - [2024-04-27T09:44:26.279+0000] {dag.py:3954} INFO - Setting next_dagrun for example_nested_branch_dag to 2024-04-26 00:00:00+00:00, run_after=2024-04-27 00:00:00+00:00
[2024-04-27T09:44:26.307+0000] {processor.py:183} INFO - Processing /home/airflow/.local/lib/python3.12/site-packages/airflow/example_dags/example_nested_branch_dag.py took 0.104 seconds
[2024-04-27T09:44:56.412+0000] {processor.py:161} INFO - Started process (PID=443) to work on /home/airflow/.local/lib/python3.12/site-packages/airflow/example_dags/example_nested_branch_dag.py
[2024-04-27T09:44:56.413+0000] {processor.py:830} INFO - Processing file /home/airflow/.local/lib/python3.12/site-packages/airflow/example_dags/example_nested_branch_dag.py for tasks to queue
[2024-04-27T09:44:56.415+0000] {logging_mixin.py:188} INFO - [2024-04-27T09:44:56.414+0000] {dagbag.py:540} INFO - Filling up the DagBag from /home/airflow/.local/lib/python3.12/site-packages/airflow/example_dags/example_nested_branch_dag.py
[2024-04-27T09:44:56.427+0000] {processor.py:840} INFO - DAG(s) 'example_nested_branch_dag' retrieved from /home/airflow/.local/lib/python3.12/site-packages/airflow/example_dags/example_nested_branch_dag.py
[2024-04-27T09:44:56.455+0000] {logging_mixin.py:188} INFO - [2024-04-27T09:44:56.454+0000] {dag.py:3096} INFO - Sync 1 DAGs
[2024-04-27T09:44:56.482+0000] {logging_mixin.py:188} INFO - [2024-04-27T09:44:56.482+0000] {dag.py:3954} INFO - Setting next_dagrun for example_nested_branch_dag to 2024-04-26 00:00:00+00:00, run_after=2024-04-27 00:00:00+00:00
[2024-04-27T09:44:56.508+0000] {processor.py:183} INFO - Processing /home/airflow/.local/lib/python3.12/site-packages/airflow/example_dags/example_nested_branch_dag.py took 0.102 seconds
[2024-04-27T09:45:26.940+0000] {processor.py:161} INFO - Started process (PID=501) to work on /home/airflow/.local/lib/python3.12/site-packages/airflow/example_dags/example_nested_branch_dag.py
[2024-04-27T09:45:26.942+0000] {processor.py:830} INFO - Processing file /home/airflow/.local/lib/python3.12/site-packages/airflow/example_dags/example_nested_branch_dag.py for tasks to queue
[2024-04-27T09:45:26.944+0000] {logging_mixin.py:188} INFO - [2024-04-27T09:45:26.943+0000] {dagbag.py:540} INFO - Filling up the DagBag from /home/airflow/.local/lib/python3.12/site-packages/airflow/example_dags/example_nested_branch_dag.py
[2024-04-27T09:45:26.955+0000] {processor.py:840} INFO - DAG(s) 'example_nested_branch_dag' retrieved from /home/airflow/.local/lib/python3.12/site-packages/airflow/example_dags/example_nested_branch_dag.py
[2024-04-27T09:45:26.982+0000] {logging_mixin.py:188} INFO - [2024-04-27T09:45:26.981+0000] {dag.py:3096} INFO - Sync 1 DAGs
[2024-04-27T09:45:27.012+0000] {logging_mixin.py:188} INFO - [2024-04-27T09:45:27.012+0000] {dag.py:3954} INFO - Setting next_dagrun for example_nested_branch_dag to 2024-04-26 00:00:00+00:00, run_after=2024-04-27 00:00:00+00:00
[2024-04-27T09:45:27.039+0000] {processor.py:183} INFO - Processing /home/airflow/.local/lib/python3.12/site-packages/airflow/example_dags/example_nested_branch_dag.py took 0.104 seconds
[2024-04-27T09:45:57.309+0000] {processor.py:161} INFO - Started process (PID=559) to work on /home/airflow/.local/lib/python3.12/site-packages/airflow/example_dags/example_nested_branch_dag.py
[2024-04-27T09:45:57.311+0000] {processor.py:830} INFO - Processing file /home/airflow/.local/lib/python3.12/site-packages/airflow/example_dags/example_nested_branch_dag.py for tasks to queue
[2024-04-27T09:45:57.313+0000] {logging_mixin.py:188} INFO - [2024-04-27T09:45:57.313+0000] {dagbag.py:540} INFO - Filling up the DagBag from /home/airflow/.local/lib/python3.12/site-packages/airflow/example_dags/example_nested_branch_dag.py
[2024-04-27T09:45:57.335+0000] {processor.py:840} INFO - DAG(s) 'example_nested_branch_dag' retrieved from /home/airflow/.local/lib/python3.12/site-packages/airflow/example_dags/example_nested_branch_dag.py
[2024-04-27T09:45:57.383+0000] {logging_mixin.py:188} INFO - [2024-04-27T09:45:57.382+0000] {dag.py:3096} INFO - Sync 1 DAGs
[2024-04-27T09:45:57.439+0000] {logging_mixin.py:188} INFO - [2024-04-27T09:45:57.439+0000] {dag.py:3954} INFO - Setting next_dagrun for example_nested_branch_dag to 2024-04-26 00:00:00+00:00, run_after=2024-04-27 00:00:00+00:00
[2024-04-27T09:45:57.486+0000] {processor.py:183} INFO - Processing /home/airflow/.local/lib/python3.12/site-packages/airflow/example_dags/example_nested_branch_dag.py took 0.187 seconds
[2024-04-27T09:46:28.148+0000] {processor.py:161} INFO - Started process (PID=617) to work on /home/airflow/.local/lib/python3.12/site-packages/airflow/example_dags/example_nested_branch_dag.py
[2024-04-27T09:46:28.149+0000] {processor.py:830} INFO - Processing file /home/airflow/.local/lib/python3.12/site-packages/airflow/example_dags/example_nested_branch_dag.py for tasks to queue
[2024-04-27T09:46:28.153+0000] {logging_mixin.py:188} INFO - [2024-04-27T09:46:28.152+0000] {dagbag.py:540} INFO - Filling up the DagBag from /home/airflow/.local/lib/python3.12/site-packages/airflow/example_dags/example_nested_branch_dag.py
[2024-04-27T09:46:28.179+0000] {processor.py:840} INFO - DAG(s) 'example_nested_branch_dag' retrieved from /home/airflow/.local/lib/python3.12/site-packages/airflow/example_dags/example_nested_branch_dag.py
[2024-04-27T09:46:28.217+0000] {logging_mixin.py:188} INFO - [2024-04-27T09:46:28.216+0000] {dag.py:3096} INFO - Sync 1 DAGs
[2024-04-27T09:46:28.249+0000] {logging_mixin.py:188} INFO - [2024-04-27T09:46:28.249+0000] {dag.py:3954} INFO - Setting next_dagrun for example_nested_branch_dag to 2024-04-26 00:00:00+00:00, run_after=2024-04-27 00:00:00+00:00
[2024-04-27T09:46:28.282+0000] {processor.py:183} INFO - Processing /home/airflow/.local/lib/python3.12/site-packages/airflow/example_dags/example_nested_branch_dag.py took 0.143 seconds
[2024-04-27T09:46:58.692+0000] {processor.py:161} INFO - Started process (PID=675) to work on /home/airflow/.local/lib/python3.12/site-packages/airflow/example_dags/example_nested_branch_dag.py
[2024-04-27T09:46:58.697+0000] {processor.py:830} INFO - Processing file /home/airflow/.local/lib/python3.12/site-packages/airflow/example_dags/example_nested_branch_dag.py for tasks to queue
[2024-04-27T09:46:58.702+0000] {logging_mixin.py:188} INFO - [2024-04-27T09:46:58.702+0000] {dagbag.py:540} INFO - Filling up the DagBag from /home/airflow/.local/lib/python3.12/site-packages/airflow/example_dags/example_nested_branch_dag.py
[2024-04-27T09:46:58.728+0000] {processor.py:840} INFO - DAG(s) 'example_nested_branch_dag' retrieved from /home/airflow/.local/lib/python3.12/site-packages/airflow/example_dags/example_nested_branch_dag.py
[2024-04-27T09:46:58.771+0000] {logging_mixin.py:188} INFO - [2024-04-27T09:46:58.770+0000] {dag.py:3096} INFO - Sync 1 DAGs
[2024-04-27T09:46:58.805+0000] {logging_mixin.py:188} INFO - [2024-04-27T09:46:58.805+0000] {dag.py:3954} INFO - Setting next_dagrun for example_nested_branch_dag to 2024-04-26 00:00:00+00:00, run_after=2024-04-27 00:00:00+00:00
[2024-04-27T09:46:59.014+0000] {processor.py:183} INFO - Processing /home/airflow/.local/lib/python3.12/site-packages/airflow/example_dags/example_nested_branch_dag.py took 0.338 seconds
[2024-04-27T09:47:29.744+0000] {processor.py:161} INFO - Started process (PID=733) to work on /home/airflow/.local/lib/python3.12/site-packages/airflow/example_dags/example_nested_branch_dag.py
[2024-04-27T09:47:29.746+0000] {processor.py:830} INFO - Processing file /home/airflow/.local/lib/python3.12/site-packages/airflow/example_dags/example_nested_branch_dag.py for tasks to queue
[2024-04-27T09:47:29.748+0000] {logging_mixin.py:188} INFO - [2024-04-27T09:47:29.747+0000] {dagbag.py:540} INFO - Filling up the DagBag from /home/airflow/.local/lib/python3.12/site-packages/airflow/example_dags/example_nested_branch_dag.py
[2024-04-27T09:47:29.758+0000] {processor.py:840} INFO - DAG(s) 'example_nested_branch_dag' retrieved from /home/airflow/.local/lib/python3.12/site-packages/airflow/example_dags/example_nested_branch_dag.py
[2024-04-27T09:47:29.782+0000] {logging_mixin.py:188} INFO - [2024-04-27T09:47:29.782+0000] {dag.py:3096} INFO - Sync 1 DAGs
[2024-04-27T09:47:29.811+0000] {logging_mixin.py:188} INFO - [2024-04-27T09:47:29.811+0000] {dag.py:3954} INFO - Setting next_dagrun for example_nested_branch_dag to 2024-04-26 00:00:00+00:00, run_after=2024-04-27 00:00:00+00:00
[2024-04-27T09:47:29.842+0000] {processor.py:183} INFO - Processing /home/airflow/.local/lib/python3.12/site-packages/airflow/example_dags/example_nested_branch_dag.py took 0.103 seconds
[2024-04-27T09:48:00.086+0000] {processor.py:161} INFO - Started process (PID=791) to work on /home/airflow/.local/lib/python3.12/site-packages/airflow/example_dags/example_nested_branch_dag.py
[2024-04-27T09:48:00.087+0000] {processor.py:830} INFO - Processing file /home/airflow/.local/lib/python3.12/site-packages/airflow/example_dags/example_nested_branch_dag.py for tasks to queue
[2024-04-27T09:48:00.090+0000] {logging_mixin.py:188} INFO - [2024-04-27T09:48:00.090+0000] {dagbag.py:540} INFO - Filling up the DagBag from /home/airflow/.local/lib/python3.12/site-packages/airflow/example_dags/example_nested_branch_dag.py
[2024-04-27T09:48:00.104+0000] {processor.py:840} INFO - DAG(s) 'example_nested_branch_dag' retrieved from /home/airflow/.local/lib/python3.12/site-packages/airflow/example_dags/example_nested_branch_dag.py
[2024-04-27T09:48:00.133+0000] {logging_mixin.py:188} INFO - [2024-04-27T09:48:00.133+0000] {dag.py:3096} INFO - Sync 1 DAGs
[2024-04-27T09:48:00.167+0000] {logging_mixin.py:188} INFO - [2024-04-27T09:48:00.166+0000] {dag.py:3954} INFO - Setting next_dagrun for example_nested_branch_dag to 2024-04-26 00:00:00+00:00, run_after=2024-04-27 00:00:00+00:00
[2024-04-27T09:48:00.197+0000] {processor.py:183} INFO - Processing /home/airflow/.local/lib/python3.12/site-packages/airflow/example_dags/example_nested_branch_dag.py took 0.118 seconds
[2024-04-27T09:48:30.614+0000] {processor.py:161} INFO - Started process (PID=849) to work on /home/airflow/.local/lib/python3.12/site-packages/airflow/example_dags/example_nested_branch_dag.py
[2024-04-27T09:48:30.616+0000] {processor.py:830} INFO - Processing file /home/airflow/.local/lib/python3.12/site-packages/airflow/example_dags/example_nested_branch_dag.py for tasks to queue
[2024-04-27T09:48:30.621+0000] {logging_mixin.py:188} INFO - [2024-04-27T09:48:30.620+0000] {dagbag.py:540} INFO - Filling up the DagBag from /home/airflow/.local/lib/python3.12/site-packages/airflow/example_dags/example_nested_branch_dag.py
[2024-04-27T09:48:30.646+0000] {processor.py:840} INFO - DAG(s) 'example_nested_branch_dag' retrieved from /home/airflow/.local/lib/python3.12/site-packages/airflow/example_dags/example_nested_branch_dag.py
[2024-04-27T09:48:30.712+0000] {logging_mixin.py:188} INFO - [2024-04-27T09:48:30.712+0000] {dag.py:3096} INFO - Sync 1 DAGs
[2024-04-27T09:48:30.777+0000] {logging_mixin.py:188} INFO - [2024-04-27T09:48:30.776+0000] {dag.py:3954} INFO - Setting next_dagrun for example_nested_branch_dag to 2024-04-26 00:00:00+00:00, run_after=2024-04-27 00:00:00+00:00
[2024-04-27T09:48:30.846+0000] {processor.py:183} INFO - Processing /home/airflow/.local/lib/python3.12/site-packages/airflow/example_dags/example_nested_branch_dag.py took 0.243 seconds
[2024-04-27T09:49:01.103+0000] {processor.py:161} INFO - Started process (PID=907) to work on /home/airflow/.local/lib/python3.12/site-packages/airflow/example_dags/example_nested_branch_dag.py
[2024-04-27T09:49:01.106+0000] {processor.py:830} INFO - Processing file /home/airflow/.local/lib/python3.12/site-packages/airflow/example_dags/example_nested_branch_dag.py for tasks to queue
[2024-04-27T09:49:01.111+0000] {logging_mixin.py:188} INFO - [2024-04-27T09:49:01.110+0000] {dagbag.py:540} INFO - Filling up the DagBag from /home/airflow/.local/lib/python3.12/site-packages/airflow/example_dags/example_nested_branch_dag.py
[2024-04-27T09:49:01.134+0000] {processor.py:840} INFO - DAG(s) 'example_nested_branch_dag' retrieved from /home/airflow/.local/lib/python3.12/site-packages/airflow/example_dags/example_nested_branch_dag.py
[2024-04-27T09:49:01.183+0000] {logging_mixin.py:188} INFO - [2024-04-27T09:49:01.182+0000] {dag.py:3096} INFO - Sync 1 DAGs
[2024-04-27T09:49:01.235+0000] {logging_mixin.py:188} INFO - [2024-04-27T09:49:01.235+0000] {dag.py:3954} INFO - Setting next_dagrun for example_nested_branch_dag to 2024-04-26 00:00:00+00:00, run_after=2024-04-27 00:00:00+00:00
[2024-04-27T09:49:01.312+0000] {processor.py:183} INFO - Processing /home/airflow/.local/lib/python3.12/site-packages/airflow/example_dags/example_nested_branch_dag.py took 0.225 seconds
[2024-04-27T09:49:31.479+0000] {processor.py:161} INFO - Started process (PID=966) to work on /home/airflow/.local/lib/python3.12/site-packages/airflow/example_dags/example_nested_branch_dag.py
[2024-04-27T09:49:31.481+0000] {processor.py:830} INFO - Processing file /home/airflow/.local/lib/python3.12/site-packages/airflow/example_dags/example_nested_branch_dag.py for tasks to queue
[2024-04-27T09:49:31.486+0000] {logging_mixin.py:188} INFO - [2024-04-27T09:49:31.485+0000] {dagbag.py:540} INFO - Filling up the DagBag from /home/airflow/.local/lib/python3.12/site-packages/airflow/example_dags/example_nested_branch_dag.py
[2024-04-27T09:49:31.511+0000] {processor.py:840} INFO - DAG(s) 'example_nested_branch_dag' retrieved from /home/airflow/.local/lib/python3.12/site-packages/airflow/example_dags/example_nested_branch_dag.py
[2024-04-27T09:49:31.570+0000] {logging_mixin.py:188} INFO - [2024-04-27T09:49:31.569+0000] {dag.py:3096} INFO - Sync 1 DAGs
[2024-04-27T09:49:32.059+0000] {logging_mixin.py:188} INFO - [2024-04-27T09:49:32.059+0000] {dag.py:3954} INFO - Setting next_dagrun for example_nested_branch_dag to 2024-04-26 00:00:00+00:00, run_after=2024-04-27 00:00:00+00:00
[2024-04-27T09:49:32.136+0000] {processor.py:183} INFO - Processing /home/airflow/.local/lib/python3.12/site-packages/airflow/example_dags/example_nested_branch_dag.py took 0.672 seconds
[2024-04-27T09:50:02.803+0000] {processor.py:161} INFO - Started process (PID=1024) to work on /home/airflow/.local/lib/python3.12/site-packages/airflow/example_dags/example_nested_branch_dag.py
[2024-04-27T09:50:02.805+0000] {processor.py:830} INFO - Processing file /home/airflow/.local/lib/python3.12/site-packages/airflow/example_dags/example_nested_branch_dag.py for tasks to queue
[2024-04-27T09:50:02.810+0000] {logging_mixin.py:188} INFO - [2024-04-27T09:50:02.809+0000] {dagbag.py:540} INFO - Filling up the DagBag from /home/airflow/.local/lib/python3.12/site-packages/airflow/example_dags/example_nested_branch_dag.py
[2024-04-27T09:50:02.831+0000] {processor.py:840} INFO - DAG(s) 'example_nested_branch_dag' retrieved from /home/airflow/.local/lib/python3.12/site-packages/airflow/example_dags/example_nested_branch_dag.py
[2024-04-27T09:50:02.873+0000] {logging_mixin.py:188} INFO - [2024-04-27T09:50:02.872+0000] {dag.py:3096} INFO - Sync 1 DAGs
[2024-04-27T09:50:02.926+0000] {logging_mixin.py:188} INFO - [2024-04-27T09:50:02.925+0000] {dag.py:3954} INFO - Setting next_dagrun for example_nested_branch_dag to 2024-04-26 00:00:00+00:00, run_after=2024-04-27 00:00:00+00:00
[2024-04-27T09:50:03.173+0000] {processor.py:183} INFO - Processing /home/airflow/.local/lib/python3.12/site-packages/airflow/example_dags/example_nested_branch_dag.py took 0.380 seconds
[2024-04-27T09:50:33.628+0000] {processor.py:161} INFO - Started process (PID=1082) to work on /home/airflow/.local/lib/python3.12/site-packages/airflow/example_dags/example_nested_branch_dag.py
[2024-04-27T09:50:33.637+0000] {processor.py:830} INFO - Processing file /home/airflow/.local/lib/python3.12/site-packages/airflow/example_dags/example_nested_branch_dag.py for tasks to queue
[2024-04-27T09:50:33.655+0000] {logging_mixin.py:188} INFO - [2024-04-27T09:50:33.654+0000] {dagbag.py:540} INFO - Filling up the DagBag from /home/airflow/.local/lib/python3.12/site-packages/airflow/example_dags/example_nested_branch_dag.py
[2024-04-27T09:50:33.691+0000] {processor.py:840} INFO - DAG(s) 'example_nested_branch_dag' retrieved from /home/airflow/.local/lib/python3.12/site-packages/airflow/example_dags/example_nested_branch_dag.py
[2024-04-27T09:50:33.752+0000] {logging_mixin.py:188} INFO - [2024-04-27T09:50:33.752+0000] {dag.py:3096} INFO - Sync 1 DAGs
[2024-04-27T09:50:33.823+0000] {logging_mixin.py:188} INFO - [2024-04-27T09:50:33.822+0000] {dag.py:3954} INFO - Setting next_dagrun for example_nested_branch_dag to 2024-04-26 00:00:00+00:00, run_after=2024-04-27 00:00:00+00:00
[2024-04-27T09:50:33.904+0000] {processor.py:183} INFO - Processing /home/airflow/.local/lib/python3.12/site-packages/airflow/example_dags/example_nested_branch_dag.py took 0.286 seconds
[2024-04-27T09:51:04.701+0000] {processor.py:161} INFO - Started process (PID=1140) to work on /home/airflow/.local/lib/python3.12/site-packages/airflow/example_dags/example_nested_branch_dag.py
[2024-04-27T09:51:04.703+0000] {processor.py:830} INFO - Processing file /home/airflow/.local/lib/python3.12/site-packages/airflow/example_dags/example_nested_branch_dag.py for tasks to queue
[2024-04-27T09:51:04.707+0000] {logging_mixin.py:188} INFO - [2024-04-27T09:51:04.706+0000] {dagbag.py:540} INFO - Filling up the DagBag from /home/airflow/.local/lib/python3.12/site-packages/airflow/example_dags/example_nested_branch_dag.py
[2024-04-27T09:51:04.727+0000] {processor.py:840} INFO - DAG(s) 'example_nested_branch_dag' retrieved from /home/airflow/.local/lib/python3.12/site-packages/airflow/example_dags/example_nested_branch_dag.py
[2024-04-27T09:51:04.766+0000] {logging_mixin.py:188} INFO - [2024-04-27T09:51:04.766+0000] {dag.py:3096} INFO - Sync 1 DAGs
[2024-04-27T09:51:04.813+0000] {logging_mixin.py:188} INFO - [2024-04-27T09:51:04.812+0000] {dag.py:3954} INFO - Setting next_dagrun for example_nested_branch_dag to 2024-04-26 00:00:00+00:00, run_after=2024-04-27 00:00:00+00:00
[2024-04-27T09:51:04.850+0000] {processor.py:183} INFO - Processing /home/airflow/.local/lib/python3.12/site-packages/airflow/example_dags/example_nested_branch_dag.py took 0.157 seconds
[2024-04-27T09:51:35.028+0000] {processor.py:161} INFO - Started process (PID=1198) to work on /home/airflow/.local/lib/python3.12/site-packages/airflow/example_dags/example_nested_branch_dag.py
[2024-04-27T09:51:35.031+0000] {processor.py:830} INFO - Processing file /home/airflow/.local/lib/python3.12/site-packages/airflow/example_dags/example_nested_branch_dag.py for tasks to queue
[2024-04-27T09:51:35.036+0000] {logging_mixin.py:188} INFO - [2024-04-27T09:51:35.035+0000] {dagbag.py:540} INFO - Filling up the DagBag from /home/airflow/.local/lib/python3.12/site-packages/airflow/example_dags/example_nested_branch_dag.py
[2024-04-27T09:51:35.062+0000] {processor.py:840} INFO - DAG(s) 'example_nested_branch_dag' retrieved from /home/airflow/.local/lib/python3.12/site-packages/airflow/example_dags/example_nested_branch_dag.py
[2024-04-27T09:51:35.123+0000] {logging_mixin.py:188} INFO - [2024-04-27T09:51:35.122+0000] {dag.py:3096} INFO - Sync 1 DAGs
[2024-04-27T09:51:35.174+0000] {logging_mixin.py:188} INFO - [2024-04-27T09:51:35.174+0000] {dag.py:3954} INFO - Setting next_dagrun for example_nested_branch_dag to 2024-04-26 00:00:00+00:00, run_after=2024-04-27 00:00:00+00:00
[2024-04-27T09:51:35.230+0000] {processor.py:183} INFO - Processing /home/airflow/.local/lib/python3.12/site-packages/airflow/example_dags/example_nested_branch_dag.py took 0.217 seconds
[2024-04-27T09:52:05.856+0000] {processor.py:161} INFO - Started process (PID=1256) to work on /home/airflow/.local/lib/python3.12/site-packages/airflow/example_dags/example_nested_branch_dag.py
[2024-04-27T09:52:05.858+0000] {processor.py:830} INFO - Processing file /home/airflow/.local/lib/python3.12/site-packages/airflow/example_dags/example_nested_branch_dag.py for tasks to queue
[2024-04-27T09:52:05.864+0000] {logging_mixin.py:188} INFO - [2024-04-27T09:52:05.863+0000] {dagbag.py:540} INFO - Filling up the DagBag from /home/airflow/.local/lib/python3.12/site-packages/airflow/example_dags/example_nested_branch_dag.py
[2024-04-27T09:52:05.904+0000] {processor.py:840} INFO - DAG(s) 'example_nested_branch_dag' retrieved from /home/airflow/.local/lib/python3.12/site-packages/airflow/example_dags/example_nested_branch_dag.py
[2024-04-27T09:52:05.984+0000] {logging_mixin.py:188} INFO - [2024-04-27T09:52:05.983+0000] {dag.py:3096} INFO - Sync 1 DAGs
[2024-04-27T09:52:06.042+0000] {logging_mixin.py:188} INFO - [2024-04-27T09:52:06.042+0000] {dag.py:3954} INFO - Setting next_dagrun for example_nested_branch_dag to 2024-04-26 00:00:00+00:00, run_after=2024-04-27 00:00:00+00:00
[2024-04-27T09:52:06.123+0000] {processor.py:183} INFO - Processing /home/airflow/.local/lib/python3.12/site-packages/airflow/example_dags/example_nested_branch_dag.py took 0.287 seconds
