[2024-04-27T09:41:26.872+0000] {processor.py:161} INFO - Started process (PID=73) to work on /home/airflow/.local/lib/python3.12/site-packages/airflow/example_dags/example_params_ui_tutorial.py
[2024-04-27T09:41:26.873+0000] {processor.py:830} INFO - Processing file /home/airflow/.local/lib/python3.12/site-packages/airflow/example_dags/example_params_ui_tutorial.py for tasks to queue
[2024-04-27T09:41:26.876+0000] {logging_mixin.py:188} INFO - [2024-04-27T09:41:26.875+0000] {dagbag.py:540} INFO - Filling up the DagBag from /home/airflow/.local/lib/python3.12/site-packages/airflow/example_dags/example_params_ui_tutorial.py
[2024-04-27T09:41:26.893+0000] {processor.py:840} INFO - DAG(s) 'example_params_ui_tutorial' retrieved from /home/airflow/.local/lib/python3.12/site-packages/airflow/example_dags/example_params_ui_tutorial.py
[2024-04-27T09:41:27.071+0000] {logging_mixin.py:188} INFO - [2024-04-27T09:41:27.071+0000] {dag.py:3096} INFO - Sync 1 DAGs
[2024-04-27T09:41:27.087+0000] {logging_mixin.py:188} INFO - [2024-04-27T09:41:27.087+0000] {dag.py:3954} INFO - Setting next_dagrun for example_params_ui_tutorial to None, run_after=None
[2024-04-27T09:41:27.121+0000] {processor.py:183} INFO - Processing /home/airflow/.local/lib/python3.12/site-packages/airflow/example_dags/example_params_ui_tutorial.py took 0.254 seconds
[2024-04-27T09:42:00.899+0000] {processor.py:161} INFO - Started process (PID=131) to work on /home/airflow/.local/lib/python3.12/site-packages/airflow/example_dags/example_params_ui_tutorial.py
[2024-04-27T09:42:00.902+0000] {processor.py:830} INFO - Processing file /home/airflow/.local/lib/python3.12/site-packages/airflow/example_dags/example_params_ui_tutorial.py for tasks to queue
[2024-04-27T09:42:00.905+0000] {logging_mixin.py:188} INFO - [2024-04-27T09:42:00.904+0000] {dagbag.py:540} INFO - Filling up the DagBag from /home/airflow/.local/lib/python3.12/site-packages/airflow/example_dags/example_params_ui_tutorial.py
[2024-04-27T09:42:00.928+0000] {processor.py:840} INFO - DAG(s) 'example_params_ui_tutorial' retrieved from /home/airflow/.local/lib/python3.12/site-packages/airflow/example_dags/example_params_ui_tutorial.py
[2024-04-27T09:42:01.025+0000] {logging_mixin.py:188} INFO - [2024-04-27T09:42:01.023+0000] {dag.py:3096} INFO - Sync 1 DAGs
[2024-04-27T09:42:01.064+0000] {logging_mixin.py:188} INFO - [2024-04-27T09:42:01.063+0000] {dag.py:3954} INFO - Setting next_dagrun for example_params_ui_tutorial to None, run_after=None
[2024-04-27T09:42:01.108+0000] {processor.py:183} INFO - Processing /home/airflow/.local/lib/python3.12/site-packages/airflow/example_dags/example_params_ui_tutorial.py took 0.219 seconds
[2024-04-27T09:42:31.499+0000] {processor.py:161} INFO - Started process (PID=188) to work on /home/airflow/.local/lib/python3.12/site-packages/airflow/example_dags/example_params_ui_tutorial.py
[2024-04-27T09:42:31.501+0000] {processor.py:830} INFO - Processing file /home/airflow/.local/lib/python3.12/site-packages/airflow/example_dags/example_params_ui_tutorial.py for tasks to queue
[2024-04-27T09:42:31.503+0000] {logging_mixin.py:188} INFO - [2024-04-27T09:42:31.503+0000] {dagbag.py:540} INFO - Filling up the DagBag from /home/airflow/.local/lib/python3.12/site-packages/airflow/example_dags/example_params_ui_tutorial.py
[2024-04-27T09:42:31.516+0000] {processor.py:840} INFO - DAG(s) 'example_params_ui_tutorial' retrieved from /home/airflow/.local/lib/python3.12/site-packages/airflow/example_dags/example_params_ui_tutorial.py
[2024-04-27T09:42:31.586+0000] {logging_mixin.py:188} INFO - [2024-04-27T09:42:31.585+0000] {dag.py:3096} INFO - Sync 1 DAGs
[2024-04-27T09:42:31.603+0000] {logging_mixin.py:188} INFO - [2024-04-27T09:42:31.603+0000] {dag.py:3954} INFO - Setting next_dagrun for example_params_ui_tutorial to None, run_after=None
[2024-04-27T09:42:31.636+0000] {processor.py:183} INFO - Processing /home/airflow/.local/lib/python3.12/site-packages/airflow/example_dags/example_params_ui_tutorial.py took 0.142 seconds
[2024-04-27T09:43:01.708+0000] {processor.py:161} INFO - Started process (PID=246) to work on /home/airflow/.local/lib/python3.12/site-packages/airflow/example_dags/example_params_ui_tutorial.py
[2024-04-27T09:43:01.709+0000] {processor.py:830} INFO - Processing file /home/airflow/.local/lib/python3.12/site-packages/airflow/example_dags/example_params_ui_tutorial.py for tasks to queue
[2024-04-27T09:43:01.711+0000] {logging_mixin.py:188} INFO - [2024-04-27T09:43:01.711+0000] {dagbag.py:540} INFO - Filling up the DagBag from /home/airflow/.local/lib/python3.12/site-packages/airflow/example_dags/example_params_ui_tutorial.py
[2024-04-27T09:43:01.724+0000] {processor.py:840} INFO - DAG(s) 'example_params_ui_tutorial' retrieved from /home/airflow/.local/lib/python3.12/site-packages/airflow/example_dags/example_params_ui_tutorial.py
[2024-04-27T09:43:01.792+0000] {logging_mixin.py:188} INFO - [2024-04-27T09:43:01.792+0000] {dag.py:3096} INFO - Sync 1 DAGs
[2024-04-27T09:43:01.811+0000] {logging_mixin.py:188} INFO - [2024-04-27T09:43:01.811+0000] {dag.py:3954} INFO - Setting next_dagrun for example_params_ui_tutorial to None, run_after=None
[2024-04-27T09:43:01.848+0000] {processor.py:183} INFO - Processing /home/airflow/.local/lib/python3.12/site-packages/airflow/example_dags/example_params_ui_tutorial.py took 0.148 seconds
[2024-04-27T09:43:32.193+0000] {processor.py:161} INFO - Started process (PID=304) to work on /home/airflow/.local/lib/python3.12/site-packages/airflow/example_dags/example_params_ui_tutorial.py
[2024-04-27T09:43:32.195+0000] {processor.py:830} INFO - Processing file /home/airflow/.local/lib/python3.12/site-packages/airflow/example_dags/example_params_ui_tutorial.py for tasks to queue
[2024-04-27T09:43:32.199+0000] {logging_mixin.py:188} INFO - [2024-04-27T09:43:32.198+0000] {dagbag.py:540} INFO - Filling up the DagBag from /home/airflow/.local/lib/python3.12/site-packages/airflow/example_dags/example_params_ui_tutorial.py
[2024-04-27T09:43:32.217+0000] {processor.py:840} INFO - DAG(s) 'example_params_ui_tutorial' retrieved from /home/airflow/.local/lib/python3.12/site-packages/airflow/example_dags/example_params_ui_tutorial.py
[2024-04-27T09:43:32.344+0000] {logging_mixin.py:188} INFO - [2024-04-27T09:43:32.343+0000] {dag.py:3096} INFO - Sync 1 DAGs
[2024-04-27T09:43:32.368+0000] {logging_mixin.py:188} INFO - [2024-04-27T09:43:32.367+0000] {dag.py:3954} INFO - Setting next_dagrun for example_params_ui_tutorial to None, run_after=None
[2024-04-27T09:43:32.407+0000] {processor.py:183} INFO - Processing /home/airflow/.local/lib/python3.12/site-packages/airflow/example_dags/example_params_ui_tutorial.py took 0.223 seconds
[2024-04-27T09:44:02.821+0000] {processor.py:161} INFO - Started process (PID=362) to work on /home/airflow/.local/lib/python3.12/site-packages/airflow/example_dags/example_params_ui_tutorial.py
[2024-04-27T09:44:02.822+0000] {processor.py:830} INFO - Processing file /home/airflow/.local/lib/python3.12/site-packages/airflow/example_dags/example_params_ui_tutorial.py for tasks to queue
[2024-04-27T09:44:02.824+0000] {logging_mixin.py:188} INFO - [2024-04-27T09:44:02.824+0000] {dagbag.py:540} INFO - Filling up the DagBag from /home/airflow/.local/lib/python3.12/site-packages/airflow/example_dags/example_params_ui_tutorial.py
[2024-04-27T09:44:02.837+0000] {processor.py:840} INFO - DAG(s) 'example_params_ui_tutorial' retrieved from /home/airflow/.local/lib/python3.12/site-packages/airflow/example_dags/example_params_ui_tutorial.py
[2024-04-27T09:44:02.907+0000] {logging_mixin.py:188} INFO - [2024-04-27T09:44:02.907+0000] {dag.py:3096} INFO - Sync 1 DAGs
[2024-04-27T09:44:02.923+0000] {logging_mixin.py:188} INFO - [2024-04-27T09:44:02.922+0000] {dag.py:3954} INFO - Setting next_dagrun for example_params_ui_tutorial to None, run_after=None
[2024-04-27T09:44:02.949+0000] {processor.py:183} INFO - Processing /home/airflow/.local/lib/python3.12/site-packages/airflow/example_dags/example_params_ui_tutorial.py took 0.134 seconds
[2024-04-27T09:44:33.664+0000] {processor.py:161} INFO - Started process (PID=420) to work on /home/airflow/.local/lib/python3.12/site-packages/airflow/example_dags/example_params_ui_tutorial.py
[2024-04-27T09:44:33.665+0000] {processor.py:830} INFO - Processing file /home/airflow/.local/lib/python3.12/site-packages/airflow/example_dags/example_params_ui_tutorial.py for tasks to queue
[2024-04-27T09:44:33.668+0000] {logging_mixin.py:188} INFO - [2024-04-27T09:44:33.667+0000] {dagbag.py:540} INFO - Filling up the DagBag from /home/airflow/.local/lib/python3.12/site-packages/airflow/example_dags/example_params_ui_tutorial.py
[2024-04-27T09:44:33.681+0000] {processor.py:840} INFO - DAG(s) 'example_params_ui_tutorial' retrieved from /home/airflow/.local/lib/python3.12/site-packages/airflow/example_dags/example_params_ui_tutorial.py
[2024-04-27T09:44:33.763+0000] {logging_mixin.py:188} INFO - [2024-04-27T09:44:33.762+0000] {dag.py:3096} INFO - Sync 1 DAGs
[2024-04-27T09:44:33.784+0000] {logging_mixin.py:188} INFO - [2024-04-27T09:44:33.784+0000] {dag.py:3954} INFO - Setting next_dagrun for example_params_ui_tutorial to None, run_after=None
[2024-04-27T09:44:33.815+0000] {processor.py:183} INFO - Processing /home/airflow/.local/lib/python3.12/site-packages/airflow/example_dags/example_params_ui_tutorial.py took 0.157 seconds
[2024-04-27T09:45:04.367+0000] {processor.py:161} INFO - Started process (PID=478) to work on /home/airflow/.local/lib/python3.12/site-packages/airflow/example_dags/example_params_ui_tutorial.py
[2024-04-27T09:45:04.369+0000] {processor.py:830} INFO - Processing file /home/airflow/.local/lib/python3.12/site-packages/airflow/example_dags/example_params_ui_tutorial.py for tasks to queue
[2024-04-27T09:45:04.373+0000] {logging_mixin.py:188} INFO - [2024-04-27T09:45:04.372+0000] {dagbag.py:540} INFO - Filling up the DagBag from /home/airflow/.local/lib/python3.12/site-packages/airflow/example_dags/example_params_ui_tutorial.py
[2024-04-27T09:45:04.404+0000] {processor.py:840} INFO - DAG(s) 'example_params_ui_tutorial' retrieved from /home/airflow/.local/lib/python3.12/site-packages/airflow/example_dags/example_params_ui_tutorial.py
[2024-04-27T09:45:04.535+0000] {logging_mixin.py:188} INFO - [2024-04-27T09:45:04.534+0000] {dag.py:3096} INFO - Sync 1 DAGs
[2024-04-27T09:45:04.566+0000] {logging_mixin.py:188} INFO - [2024-04-27T09:45:04.566+0000] {dag.py:3954} INFO - Setting next_dagrun for example_params_ui_tutorial to None, run_after=None
[2024-04-27T09:45:04.623+0000] {processor.py:183} INFO - Processing /home/airflow/.local/lib/python3.12/site-packages/airflow/example_dags/example_params_ui_tutorial.py took 0.272 seconds
[2024-04-27T09:45:34.793+0000] {processor.py:161} INFO - Started process (PID=536) to work on /home/airflow/.local/lib/python3.12/site-packages/airflow/example_dags/example_params_ui_tutorial.py
[2024-04-27T09:45:34.794+0000] {processor.py:830} INFO - Processing file /home/airflow/.local/lib/python3.12/site-packages/airflow/example_dags/example_params_ui_tutorial.py for tasks to queue
[2024-04-27T09:45:34.796+0000] {logging_mixin.py:188} INFO - [2024-04-27T09:45:34.795+0000] {dagbag.py:540} INFO - Filling up the DagBag from /home/airflow/.local/lib/python3.12/site-packages/airflow/example_dags/example_params_ui_tutorial.py
[2024-04-27T09:45:34.809+0000] {processor.py:840} INFO - DAG(s) 'example_params_ui_tutorial' retrieved from /home/airflow/.local/lib/python3.12/site-packages/airflow/example_dags/example_params_ui_tutorial.py
[2024-04-27T09:45:34.895+0000] {logging_mixin.py:188} INFO - [2024-04-27T09:45:34.895+0000] {dag.py:3096} INFO - Sync 1 DAGs
[2024-04-27T09:45:34.913+0000] {logging_mixin.py:188} INFO - [2024-04-27T09:45:34.912+0000] {dag.py:3954} INFO - Setting next_dagrun for example_params_ui_tutorial to None, run_after=None
[2024-04-27T09:45:34.941+0000] {processor.py:183} INFO - Processing /home/airflow/.local/lib/python3.12/site-packages/airflow/example_dags/example_params_ui_tutorial.py took 0.155 seconds
[2024-04-27T09:46:05.703+0000] {processor.py:161} INFO - Started process (PID=594) to work on /home/airflow/.local/lib/python3.12/site-packages/airflow/example_dags/example_params_ui_tutorial.py
[2024-04-27T09:46:05.704+0000] {processor.py:830} INFO - Processing file /home/airflow/.local/lib/python3.12/site-packages/airflow/example_dags/example_params_ui_tutorial.py for tasks to queue
[2024-04-27T09:46:05.706+0000] {logging_mixin.py:188} INFO - [2024-04-27T09:46:05.705+0000] {dagbag.py:540} INFO - Filling up the DagBag from /home/airflow/.local/lib/python3.12/site-packages/airflow/example_dags/example_params_ui_tutorial.py
[2024-04-27T09:46:05.719+0000] {processor.py:840} INFO - DAG(s) 'example_params_ui_tutorial' retrieved from /home/airflow/.local/lib/python3.12/site-packages/airflow/example_dags/example_params_ui_tutorial.py
[2024-04-27T09:46:05.790+0000] {logging_mixin.py:188} INFO - [2024-04-27T09:46:05.790+0000] {dag.py:3096} INFO - Sync 1 DAGs
[2024-04-27T09:46:05.809+0000] {logging_mixin.py:188} INFO - [2024-04-27T09:46:05.809+0000] {dag.py:3954} INFO - Setting next_dagrun for example_params_ui_tutorial to None, run_after=None
[2024-04-27T09:46:05.839+0000] {processor.py:183} INFO - Processing /home/airflow/.local/lib/python3.12/site-packages/airflow/example_dags/example_params_ui_tutorial.py took 0.142 seconds
[2024-04-27T09:46:36.591+0000] {processor.py:161} INFO - Started process (PID=652) to work on /home/airflow/.local/lib/python3.12/site-packages/airflow/example_dags/example_params_ui_tutorial.py
[2024-04-27T09:46:36.593+0000] {processor.py:830} INFO - Processing file /home/airflow/.local/lib/python3.12/site-packages/airflow/example_dags/example_params_ui_tutorial.py for tasks to queue
[2024-04-27T09:46:36.596+0000] {logging_mixin.py:188} INFO - [2024-04-27T09:46:36.595+0000] {dagbag.py:540} INFO - Filling up the DagBag from /home/airflow/.local/lib/python3.12/site-packages/airflow/example_dags/example_params_ui_tutorial.py
[2024-04-27T09:46:36.610+0000] {processor.py:840} INFO - DAG(s) 'example_params_ui_tutorial' retrieved from /home/airflow/.local/lib/python3.12/site-packages/airflow/example_dags/example_params_ui_tutorial.py
[2024-04-27T09:46:36.684+0000] {logging_mixin.py:188} INFO - [2024-04-27T09:46:36.683+0000] {dag.py:3096} INFO - Sync 1 DAGs
[2024-04-27T09:46:36.702+0000] {logging_mixin.py:188} INFO - [2024-04-27T09:46:36.702+0000] {dag.py:3954} INFO - Setting next_dagrun for example_params_ui_tutorial to None, run_after=None
[2024-04-27T09:46:36.730+0000] {processor.py:183} INFO - Processing /home/airflow/.local/lib/python3.12/site-packages/airflow/example_dags/example_params_ui_tutorial.py took 0.145 seconds
[2024-04-27T09:47:07.054+0000] {processor.py:161} INFO - Started process (PID=710) to work on /home/airflow/.local/lib/python3.12/site-packages/airflow/example_dags/example_params_ui_tutorial.py
[2024-04-27T09:47:07.055+0000] {processor.py:830} INFO - Processing file /home/airflow/.local/lib/python3.12/site-packages/airflow/example_dags/example_params_ui_tutorial.py for tasks to queue
[2024-04-27T09:47:07.058+0000] {logging_mixin.py:188} INFO - [2024-04-27T09:47:07.057+0000] {dagbag.py:540} INFO - Filling up the DagBag from /home/airflow/.local/lib/python3.12/site-packages/airflow/example_dags/example_params_ui_tutorial.py
[2024-04-27T09:47:07.073+0000] {processor.py:840} INFO - DAG(s) 'example_params_ui_tutorial' retrieved from /home/airflow/.local/lib/python3.12/site-packages/airflow/example_dags/example_params_ui_tutorial.py
[2024-04-27T09:47:07.150+0000] {logging_mixin.py:188} INFO - [2024-04-27T09:47:07.150+0000] {dag.py:3096} INFO - Sync 1 DAGs
[2024-04-27T09:47:07.171+0000] {logging_mixin.py:188} INFO - [2024-04-27T09:47:07.170+0000] {dag.py:3954} INFO - Setting next_dagrun for example_params_ui_tutorial to None, run_after=None
[2024-04-27T09:47:07.202+0000] {processor.py:183} INFO - Processing /home/airflow/.local/lib/python3.12/site-packages/airflow/example_dags/example_params_ui_tutorial.py took 0.155 seconds
[2024-04-27T09:47:37.309+0000] {processor.py:161} INFO - Started process (PID=768) to work on /home/airflow/.local/lib/python3.12/site-packages/airflow/example_dags/example_params_ui_tutorial.py
[2024-04-27T09:47:37.310+0000] {processor.py:830} INFO - Processing file /home/airflow/.local/lib/python3.12/site-packages/airflow/example_dags/example_params_ui_tutorial.py for tasks to queue
[2024-04-27T09:47:37.312+0000] {logging_mixin.py:188} INFO - [2024-04-27T09:47:37.311+0000] {dagbag.py:540} INFO - Filling up the DagBag from /home/airflow/.local/lib/python3.12/site-packages/airflow/example_dags/example_params_ui_tutorial.py
[2024-04-27T09:47:37.325+0000] {processor.py:840} INFO - DAG(s) 'example_params_ui_tutorial' retrieved from /home/airflow/.local/lib/python3.12/site-packages/airflow/example_dags/example_params_ui_tutorial.py
[2024-04-27T09:47:37.397+0000] {logging_mixin.py:188} INFO - [2024-04-27T09:47:37.397+0000] {dag.py:3096} INFO - Sync 1 DAGs
[2024-04-27T09:47:37.413+0000] {logging_mixin.py:188} INFO - [2024-04-27T09:47:37.413+0000] {dag.py:3954} INFO - Setting next_dagrun for example_params_ui_tutorial to None, run_after=None
[2024-04-27T09:47:37.440+0000] {processor.py:183} INFO - Processing /home/airflow/.local/lib/python3.12/site-packages/airflow/example_dags/example_params_ui_tutorial.py took 0.138 seconds
[2024-04-27T09:48:13.996+0000] {processor.py:161} INFO - Started process (PID=826) to work on /home/airflow/.local/lib/python3.12/site-packages/airflow/example_dags/example_params_ui_tutorial.py
[2024-04-27T09:48:13.999+0000] {processor.py:830} INFO - Processing file /home/airflow/.local/lib/python3.12/site-packages/airflow/example_dags/example_params_ui_tutorial.py for tasks to queue
[2024-04-27T09:48:14.004+0000] {logging_mixin.py:188} INFO - [2024-04-27T09:48:14.003+0000] {dagbag.py:540} INFO - Filling up the DagBag from /home/airflow/.local/lib/python3.12/site-packages/airflow/example_dags/example_params_ui_tutorial.py
[2024-04-27T09:48:14.037+0000] {processor.py:840} INFO - DAG(s) 'example_params_ui_tutorial' retrieved from /home/airflow/.local/lib/python3.12/site-packages/airflow/example_dags/example_params_ui_tutorial.py
[2024-04-27T09:48:14.177+0000] {logging_mixin.py:188} INFO - [2024-04-27T09:48:14.177+0000] {dag.py:3096} INFO - Sync 1 DAGs
[2024-04-27T09:48:14.213+0000] {logging_mixin.py:188} INFO - [2024-04-27T09:48:14.212+0000] {dag.py:3954} INFO - Setting next_dagrun for example_params_ui_tutorial to None, run_after=None
[2024-04-27T09:48:14.279+0000] {processor.py:183} INFO - Processing /home/airflow/.local/lib/python3.12/site-packages/airflow/example_dags/example_params_ui_tutorial.py took 0.298 seconds
[2024-04-27T09:48:45.628+0000] {processor.py:161} INFO - Started process (PID=884) to work on /home/airflow/.local/lib/python3.12/site-packages/airflow/example_dags/example_params_ui_tutorial.py
[2024-04-27T09:48:45.631+0000] {processor.py:830} INFO - Processing file /home/airflow/.local/lib/python3.12/site-packages/airflow/example_dags/example_params_ui_tutorial.py for tasks to queue
[2024-04-27T09:48:45.636+0000] {logging_mixin.py:188} INFO - [2024-04-27T09:48:45.635+0000] {dagbag.py:540} INFO - Filling up the DagBag from /home/airflow/.local/lib/python3.12/site-packages/airflow/example_dags/example_params_ui_tutorial.py
[2024-04-27T09:48:45.663+0000] {processor.py:840} INFO - DAG(s) 'example_params_ui_tutorial' retrieved from /home/airflow/.local/lib/python3.12/site-packages/airflow/example_dags/example_params_ui_tutorial.py
[2024-04-27T09:48:46.159+0000] {logging_mixin.py:188} INFO - [2024-04-27T09:48:46.159+0000] {dag.py:3096} INFO - Sync 1 DAGs
[2024-04-27T09:48:46.185+0000] {logging_mixin.py:188} INFO - [2024-04-27T09:48:46.184+0000] {dag.py:3954} INFO - Setting next_dagrun for example_params_ui_tutorial to None, run_after=None
[2024-04-27T09:48:46.235+0000] {processor.py:183} INFO - Processing /home/airflow/.local/lib/python3.12/site-packages/airflow/example_dags/example_params_ui_tutorial.py took 0.622 seconds
[2024-04-27T09:49:17.665+0000] {processor.py:161} INFO - Started process (PID=942) to work on /home/airflow/.local/lib/python3.12/site-packages/airflow/example_dags/example_params_ui_tutorial.py
[2024-04-27T09:49:17.669+0000] {processor.py:830} INFO - Processing file /home/airflow/.local/lib/python3.12/site-packages/airflow/example_dags/example_params_ui_tutorial.py for tasks to queue
[2024-04-27T09:49:17.679+0000] {logging_mixin.py:188} INFO - [2024-04-27T09:49:17.677+0000] {dagbag.py:540} INFO - Filling up the DagBag from /home/airflow/.local/lib/python3.12/site-packages/airflow/example_dags/example_params_ui_tutorial.py
[2024-04-27T09:49:17.752+0000] {processor.py:840} INFO - DAG(s) 'example_params_ui_tutorial' retrieved from /home/airflow/.local/lib/python3.12/site-packages/airflow/example_dags/example_params_ui_tutorial.py
[2024-04-27T09:49:18.010+0000] {logging_mixin.py:188} INFO - [2024-04-27T09:49:18.009+0000] {dag.py:3096} INFO - Sync 1 DAGs
[2024-04-27T09:49:18.065+0000] {logging_mixin.py:188} INFO - [2024-04-27T09:49:18.064+0000] {dag.py:3954} INFO - Setting next_dagrun for example_params_ui_tutorial to None, run_after=None
[2024-04-27T09:49:18.511+0000] {processor.py:183} INFO - Processing /home/airflow/.local/lib/python3.12/site-packages/airflow/example_dags/example_params_ui_tutorial.py took 0.877 seconds
[2024-04-27T09:49:49.182+0000] {processor.py:161} INFO - Started process (PID=1001) to work on /home/airflow/.local/lib/python3.12/site-packages/airflow/example_dags/example_params_ui_tutorial.py
[2024-04-27T09:49:49.184+0000] {processor.py:830} INFO - Processing file /home/airflow/.local/lib/python3.12/site-packages/airflow/example_dags/example_params_ui_tutorial.py for tasks to queue
[2024-04-27T09:49:49.188+0000] {logging_mixin.py:188} INFO - [2024-04-27T09:49:49.187+0000] {dagbag.py:540} INFO - Filling up the DagBag from /home/airflow/.local/lib/python3.12/site-packages/airflow/example_dags/example_params_ui_tutorial.py
[2024-04-27T09:49:49.217+0000] {processor.py:840} INFO - DAG(s) 'example_params_ui_tutorial' retrieved from /home/airflow/.local/lib/python3.12/site-packages/airflow/example_dags/example_params_ui_tutorial.py
[2024-04-27T09:49:49.413+0000] {logging_mixin.py:188} INFO - [2024-04-27T09:49:49.412+0000] {dag.py:3096} INFO - Sync 1 DAGs
[2024-04-27T09:49:49.465+0000] {logging_mixin.py:188} INFO - [2024-04-27T09:49:49.465+0000] {dag.py:3954} INFO - Setting next_dagrun for example_params_ui_tutorial to None, run_after=None
[2024-04-27T09:49:49.526+0000] {processor.py:183} INFO - Processing /home/airflow/.local/lib/python3.12/site-packages/airflow/example_dags/example_params_ui_tutorial.py took 0.356 seconds
[2024-04-27T09:50:20.259+0000] {processor.py:161} INFO - Started process (PID=1059) to work on /home/airflow/.local/lib/python3.12/site-packages/airflow/example_dags/example_params_ui_tutorial.py
[2024-04-27T09:50:20.260+0000] {processor.py:830} INFO - Processing file /home/airflow/.local/lib/python3.12/site-packages/airflow/example_dags/example_params_ui_tutorial.py for tasks to queue
[2024-04-27T09:50:20.263+0000] {logging_mixin.py:188} INFO - [2024-04-27T09:50:20.263+0000] {dagbag.py:540} INFO - Filling up the DagBag from /home/airflow/.local/lib/python3.12/site-packages/airflow/example_dags/example_params_ui_tutorial.py
[2024-04-27T09:50:20.281+0000] {processor.py:840} INFO - DAG(s) 'example_params_ui_tutorial' retrieved from /home/airflow/.local/lib/python3.12/site-packages/airflow/example_dags/example_params_ui_tutorial.py
[2024-04-27T09:50:20.403+0000] {logging_mixin.py:188} INFO - [2024-04-27T09:50:20.403+0000] {dag.py:3096} INFO - Sync 1 DAGs
[2024-04-27T09:50:20.463+0000] {logging_mixin.py:188} INFO - [2024-04-27T09:50:20.463+0000] {dag.py:3954} INFO - Setting next_dagrun for example_params_ui_tutorial to None, run_after=None
[2024-04-27T09:50:20.522+0000] {processor.py:183} INFO - Processing /home/airflow/.local/lib/python3.12/site-packages/airflow/example_dags/example_params_ui_tutorial.py took 0.272 seconds
[2024-04-27T09:50:51.459+0000] {processor.py:161} INFO - Started process (PID=1123) to work on /home/airflow/.local/lib/python3.12/site-packages/airflow/example_dags/example_params_ui_tutorial.py
[2024-04-27T09:50:51.461+0000] {processor.py:830} INFO - Processing file /home/airflow/.local/lib/python3.12/site-packages/airflow/example_dags/example_params_ui_tutorial.py for tasks to queue
[2024-04-27T09:50:51.467+0000] {logging_mixin.py:188} INFO - [2024-04-27T09:50:51.466+0000] {dagbag.py:540} INFO - Filling up the DagBag from /home/airflow/.local/lib/python3.12/site-packages/airflow/example_dags/example_params_ui_tutorial.py
[2024-04-27T09:50:51.499+0000] {processor.py:840} INFO - DAG(s) 'example_params_ui_tutorial' retrieved from /home/airflow/.local/lib/python3.12/site-packages/airflow/example_dags/example_params_ui_tutorial.py
[2024-04-27T09:50:51.652+0000] {logging_mixin.py:188} INFO - [2024-04-27T09:50:51.652+0000] {dag.py:3096} INFO - Sync 1 DAGs
[2024-04-27T09:50:51.679+0000] {logging_mixin.py:188} INFO - [2024-04-27T09:50:51.679+0000] {dag.py:3954} INFO - Setting next_dagrun for example_params_ui_tutorial to None, run_after=None
[2024-04-27T09:50:51.719+0000] {processor.py:183} INFO - Processing /home/airflow/.local/lib/python3.12/site-packages/airflow/example_dags/example_params_ui_tutorial.py took 0.274 seconds
[2024-04-27T09:51:21.961+0000] {processor.py:161} INFO - Started process (PID=1181) to work on /home/airflow/.local/lib/python3.12/site-packages/airflow/example_dags/example_params_ui_tutorial.py
[2024-04-27T09:51:21.963+0000] {processor.py:830} INFO - Processing file /home/airflow/.local/lib/python3.12/site-packages/airflow/example_dags/example_params_ui_tutorial.py for tasks to queue
[2024-04-27T09:51:21.972+0000] {logging_mixin.py:188} INFO - [2024-04-27T09:51:21.971+0000] {dagbag.py:540} INFO - Filling up the DagBag from /home/airflow/.local/lib/python3.12/site-packages/airflow/example_dags/example_params_ui_tutorial.py
[2024-04-27T09:51:21.996+0000] {processor.py:840} INFO - DAG(s) 'example_params_ui_tutorial' retrieved from /home/airflow/.local/lib/python3.12/site-packages/airflow/example_dags/example_params_ui_tutorial.py
[2024-04-27T09:51:22.150+0000] {logging_mixin.py:188} INFO - [2024-04-27T09:51:22.149+0000] {dag.py:3096} INFO - Sync 1 DAGs
[2024-04-27T09:51:22.176+0000] {logging_mixin.py:188} INFO - [2024-04-27T09:51:22.176+0000] {dag.py:3954} INFO - Setting next_dagrun for example_params_ui_tutorial to None, run_after=None
[2024-04-27T09:51:22.216+0000] {processor.py:183} INFO - Processing /home/airflow/.local/lib/python3.12/site-packages/airflow/example_dags/example_params_ui_tutorial.py took 0.270 seconds
[2024-04-27T09:51:52.445+0000] {processor.py:161} INFO - Started process (PID=1239) to work on /home/airflow/.local/lib/python3.12/site-packages/airflow/example_dags/example_params_ui_tutorial.py
[2024-04-27T09:51:52.447+0000] {processor.py:830} INFO - Processing file /home/airflow/.local/lib/python3.12/site-packages/airflow/example_dags/example_params_ui_tutorial.py for tasks to queue
[2024-04-27T09:51:52.452+0000] {logging_mixin.py:188} INFO - [2024-04-27T09:51:52.451+0000] {dagbag.py:540} INFO - Filling up the DagBag from /home/airflow/.local/lib/python3.12/site-packages/airflow/example_dags/example_params_ui_tutorial.py
[2024-04-27T09:51:52.485+0000] {processor.py:840} INFO - DAG(s) 'example_params_ui_tutorial' retrieved from /home/airflow/.local/lib/python3.12/site-packages/airflow/example_dags/example_params_ui_tutorial.py
[2024-04-27T09:51:52.653+0000] {logging_mixin.py:188} INFO - [2024-04-27T09:51:52.652+0000] {dag.py:3096} INFO - Sync 1 DAGs
[2024-04-27T09:51:52.689+0000] {logging_mixin.py:188} INFO - [2024-04-27T09:51:52.688+0000] {dag.py:3954} INFO - Setting next_dagrun for example_params_ui_tutorial to None, run_after=None
[2024-04-27T09:51:52.739+0000] {processor.py:183} INFO - Processing /home/airflow/.local/lib/python3.12/site-packages/airflow/example_dags/example_params_ui_tutorial.py took 0.309 seconds
