[2024-04-27T09:40:32.352+0000] {processor.py:161} INFO - Started process (PID=64) to work on /home/airflow/.local/lib/python3.12/site-packages/airflow/example_dags/example_branch_python_dop_operator_3.py
[2024-04-27T09:40:32.354+0000] {processor.py:830} INFO - Processing file /home/airflow/.local/lib/python3.12/site-packages/airflow/example_dags/example_branch_python_dop_operator_3.py for tasks to queue
[2024-04-27T09:40:32.357+0000] {logging_mixin.py:188} INFO - [2024-04-27T09:40:32.356+0000] {dagbag.py:540} INFO - Filling up the DagBag from /home/airflow/.local/lib/python3.12/site-packages/airflow/example_dags/example_branch_python_dop_operator_3.py
[2024-04-27T09:40:32.374+0000] {processor.py:840} INFO - DAG(s) 'example_branch_dop_operator_v3' retrieved from /home/airflow/.local/lib/python3.12/site-packages/airflow/example_dags/example_branch_python_dop_operator_3.py
[2024-04-27T09:40:32.665+0000] {logging_mixin.py:188} INFO - [2024-04-27T09:40:32.664+0000] {dag.py:3096} INFO - Sync 1 DAGs
[2024-04-27T09:40:32.764+0000] {logging_mixin.py:188} INFO - [2024-04-27T09:40:32.764+0000] {dag.py:3954} INFO - Setting next_dagrun for example_branch_dop_operator_v3 to 2024-04-27 09:39:00+00:00, run_after=2024-04-27 09:40:00+00:00
[2024-04-27T09:40:36.931+0000] {processor.py:183} INFO - Processing /home/airflow/.local/lib/python3.12/site-packages/airflow/example_dags/example_branch_python_dop_operator_3.py took 4.597 seconds
[2024-04-27T09:41:24.858+0000] {processor.py:161} INFO - Started process (PID=58) to work on /home/airflow/.local/lib/python3.12/site-packages/airflow/example_dags/example_branch_python_dop_operator_3.py
[2024-04-27T09:41:24.860+0000] {processor.py:830} INFO - Processing file /home/airflow/.local/lib/python3.12/site-packages/airflow/example_dags/example_branch_python_dop_operator_3.py for tasks to queue
[2024-04-27T09:41:24.862+0000] {logging_mixin.py:188} INFO - [2024-04-27T09:41:24.862+0000] {dagbag.py:540} INFO - Filling up the DagBag from /home/airflow/.local/lib/python3.12/site-packages/airflow/example_dags/example_branch_python_dop_operator_3.py
[2024-04-27T09:41:24.875+0000] {processor.py:840} INFO - DAG(s) 'example_branch_dop_operator_v3' retrieved from /home/airflow/.local/lib/python3.12/site-packages/airflow/example_dags/example_branch_python_dop_operator_3.py
[2024-04-27T09:41:24.902+0000] {logging_mixin.py:188} INFO - [2024-04-27T09:41:24.902+0000] {dag.py:3096} INFO - Sync 1 DAGs
[2024-04-27T09:41:24.935+0000] {logging_mixin.py:188} INFO - [2024-04-27T09:41:24.935+0000] {dag.py:3954} INFO - Setting next_dagrun for example_branch_dop_operator_v3 to 2024-04-27 09:40:00+00:00, run_after=2024-04-27 09:41:00+00:00
[2024-04-27T09:41:24.967+0000] {processor.py:183} INFO - Processing /home/airflow/.local/lib/python3.12/site-packages/airflow/example_dags/example_branch_python_dop_operator_3.py took 0.116 seconds
[2024-04-27T09:41:55.090+0000] {processor.py:161} INFO - Started process (PID=116) to work on /home/airflow/.local/lib/python3.12/site-packages/airflow/example_dags/example_branch_python_dop_operator_3.py
[2024-04-27T09:41:55.092+0000] {processor.py:830} INFO - Processing file /home/airflow/.local/lib/python3.12/site-packages/airflow/example_dags/example_branch_python_dop_operator_3.py for tasks to queue
[2024-04-27T09:41:55.095+0000] {logging_mixin.py:188} INFO - [2024-04-27T09:41:55.094+0000] {dagbag.py:540} INFO - Filling up the DagBag from /home/airflow/.local/lib/python3.12/site-packages/airflow/example_dags/example_branch_python_dop_operator_3.py
[2024-04-27T09:41:55.105+0000] {processor.py:840} INFO - DAG(s) 'example_branch_dop_operator_v3' retrieved from /home/airflow/.local/lib/python3.12/site-packages/airflow/example_dags/example_branch_python_dop_operator_3.py
[2024-04-27T09:41:55.137+0000] {logging_mixin.py:188} INFO - [2024-04-27T09:41:55.137+0000] {dag.py:3096} INFO - Sync 1 DAGs
[2024-04-27T09:41:55.184+0000] {logging_mixin.py:188} INFO - [2024-04-27T09:41:55.183+0000] {dag.py:3954} INFO - Setting next_dagrun for example_branch_dop_operator_v3 to 2024-04-27 09:40:00+00:00, run_after=2024-04-27 09:41:00+00:00
[2024-04-27T09:41:55.217+0000] {processor.py:183} INFO - Processing /home/airflow/.local/lib/python3.12/site-packages/airflow/example_dags/example_branch_python_dop_operator_3.py took 0.134 seconds
[2024-04-27T09:42:25.296+0000] {processor.py:161} INFO - Started process (PID=173) to work on /home/airflow/.local/lib/python3.12/site-packages/airflow/example_dags/example_branch_python_dop_operator_3.py
[2024-04-27T09:42:25.297+0000] {processor.py:830} INFO - Processing file /home/airflow/.local/lib/python3.12/site-packages/airflow/example_dags/example_branch_python_dop_operator_3.py for tasks to queue
[2024-04-27T09:42:25.301+0000] {logging_mixin.py:188} INFO - [2024-04-27T09:42:25.301+0000] {dagbag.py:540} INFO - Filling up the DagBag from /home/airflow/.local/lib/python3.12/site-packages/airflow/example_dags/example_branch_python_dop_operator_3.py
[2024-04-27T09:42:25.318+0000] {processor.py:840} INFO - DAG(s) 'example_branch_dop_operator_v3' retrieved from /home/airflow/.local/lib/python3.12/site-packages/airflow/example_dags/example_branch_python_dop_operator_3.py
[2024-04-27T09:42:25.348+0000] {logging_mixin.py:188} INFO - [2024-04-27T09:42:25.348+0000] {dag.py:3096} INFO - Sync 1 DAGs
[2024-04-27T09:42:25.383+0000] {logging_mixin.py:188} INFO - [2024-04-27T09:42:25.383+0000] {dag.py:3954} INFO - Setting next_dagrun for example_branch_dop_operator_v3 to 2024-04-27 09:41:00+00:00, run_after=2024-04-27 09:42:00+00:00
[2024-04-27T09:42:25.416+0000] {processor.py:183} INFO - Processing /home/airflow/.local/lib/python3.12/site-packages/airflow/example_dags/example_branch_python_dop_operator_3.py took 0.128 seconds
[2024-04-27T09:42:55.606+0000] {processor.py:161} INFO - Started process (PID=231) to work on /home/airflow/.local/lib/python3.12/site-packages/airflow/example_dags/example_branch_python_dop_operator_3.py
[2024-04-27T09:42:55.607+0000] {processor.py:830} INFO - Processing file /home/airflow/.local/lib/python3.12/site-packages/airflow/example_dags/example_branch_python_dop_operator_3.py for tasks to queue
[2024-04-27T09:42:55.609+0000] {logging_mixin.py:188} INFO - [2024-04-27T09:42:55.609+0000] {dagbag.py:540} INFO - Filling up the DagBag from /home/airflow/.local/lib/python3.12/site-packages/airflow/example_dags/example_branch_python_dop_operator_3.py
[2024-04-27T09:42:55.619+0000] {processor.py:840} INFO - DAG(s) 'example_branch_dop_operator_v3' retrieved from /home/airflow/.local/lib/python3.12/site-packages/airflow/example_dags/example_branch_python_dop_operator_3.py
[2024-04-27T09:42:55.643+0000] {logging_mixin.py:188} INFO - [2024-04-27T09:42:55.643+0000] {dag.py:3096} INFO - Sync 1 DAGs
[2024-04-27T09:42:55.679+0000] {logging_mixin.py:188} INFO - [2024-04-27T09:42:55.678+0000] {dag.py:3954} INFO - Setting next_dagrun for example_branch_dop_operator_v3 to 2024-04-27 09:41:00+00:00, run_after=2024-04-27 09:42:00+00:00
[2024-04-27T09:42:55.709+0000] {processor.py:183} INFO - Processing /home/airflow/.local/lib/python3.12/site-packages/airflow/example_dags/example_branch_python_dop_operator_3.py took 0.109 seconds
[2024-04-27T09:43:26.790+0000] {processor.py:161} INFO - Started process (PID=289) to work on /home/airflow/.local/lib/python3.12/site-packages/airflow/example_dags/example_branch_python_dop_operator_3.py
[2024-04-27T09:43:26.792+0000] {processor.py:830} INFO - Processing file /home/airflow/.local/lib/python3.12/site-packages/airflow/example_dags/example_branch_python_dop_operator_3.py for tasks to queue
[2024-04-27T09:43:26.794+0000] {logging_mixin.py:188} INFO - [2024-04-27T09:43:26.794+0000] {dagbag.py:540} INFO - Filling up the DagBag from /home/airflow/.local/lib/python3.12/site-packages/airflow/example_dags/example_branch_python_dop_operator_3.py
[2024-04-27T09:43:26.806+0000] {processor.py:840} INFO - DAG(s) 'example_branch_dop_operator_v3' retrieved from /home/airflow/.local/lib/python3.12/site-packages/airflow/example_dags/example_branch_python_dop_operator_3.py
[2024-04-27T09:43:26.834+0000] {logging_mixin.py:188} INFO - [2024-04-27T09:43:26.834+0000] {dag.py:3096} INFO - Sync 1 DAGs
[2024-04-27T09:43:26.871+0000] {logging_mixin.py:188} INFO - [2024-04-27T09:43:26.871+0000] {dag.py:3954} INFO - Setting next_dagrun for example_branch_dop_operator_v3 to 2024-04-27 09:42:00+00:00, run_after=2024-04-27 09:43:00+00:00
[2024-04-27T09:43:26.911+0000] {processor.py:183} INFO - Processing /home/airflow/.local/lib/python3.12/site-packages/airflow/example_dags/example_branch_python_dop_operator_3.py took 0.128 seconds
[2024-04-27T09:43:57.448+0000] {processor.py:161} INFO - Started process (PID=347) to work on /home/airflow/.local/lib/python3.12/site-packages/airflow/example_dags/example_branch_python_dop_operator_3.py
[2024-04-27T09:43:57.450+0000] {processor.py:830} INFO - Processing file /home/airflow/.local/lib/python3.12/site-packages/airflow/example_dags/example_branch_python_dop_operator_3.py for tasks to queue
[2024-04-27T09:43:57.452+0000] {logging_mixin.py:188} INFO - [2024-04-27T09:43:57.452+0000] {dagbag.py:540} INFO - Filling up the DagBag from /home/airflow/.local/lib/python3.12/site-packages/airflow/example_dags/example_branch_python_dop_operator_3.py
[2024-04-27T09:43:57.462+0000] {processor.py:840} INFO - DAG(s) 'example_branch_dop_operator_v3' retrieved from /home/airflow/.local/lib/python3.12/site-packages/airflow/example_dags/example_branch_python_dop_operator_3.py
[2024-04-27T09:43:57.493+0000] {logging_mixin.py:188} INFO - [2024-04-27T09:43:57.492+0000] {dag.py:3096} INFO - Sync 1 DAGs
[2024-04-27T09:43:57.537+0000] {logging_mixin.py:188} INFO - [2024-04-27T09:43:57.537+0000] {dag.py:3954} INFO - Setting next_dagrun for example_branch_dop_operator_v3 to 2024-04-27 09:42:00+00:00, run_after=2024-04-27 09:43:00+00:00
[2024-04-27T09:43:57.580+0000] {processor.py:183} INFO - Processing /home/airflow/.local/lib/python3.12/site-packages/airflow/example_dags/example_branch_python_dop_operator_3.py took 0.139 seconds
[2024-04-27T09:44:28.255+0000] {processor.py:161} INFO - Started process (PID=405) to work on /home/airflow/.local/lib/python3.12/site-packages/airflow/example_dags/example_branch_python_dop_operator_3.py
[2024-04-27T09:44:28.256+0000] {processor.py:830} INFO - Processing file /home/airflow/.local/lib/python3.12/site-packages/airflow/example_dags/example_branch_python_dop_operator_3.py for tasks to queue
[2024-04-27T09:44:28.259+0000] {logging_mixin.py:188} INFO - [2024-04-27T09:44:28.258+0000] {dagbag.py:540} INFO - Filling up the DagBag from /home/airflow/.local/lib/python3.12/site-packages/airflow/example_dags/example_branch_python_dop_operator_3.py
[2024-04-27T09:44:28.275+0000] {processor.py:840} INFO - DAG(s) 'example_branch_dop_operator_v3' retrieved from /home/airflow/.local/lib/python3.12/site-packages/airflow/example_dags/example_branch_python_dop_operator_3.py
[2024-04-27T09:44:28.320+0000] {logging_mixin.py:188} INFO - [2024-04-27T09:44:28.319+0000] {dag.py:3096} INFO - Sync 1 DAGs
[2024-04-27T09:44:28.384+0000] {logging_mixin.py:188} INFO - [2024-04-27T09:44:28.383+0000] {dag.py:3954} INFO - Setting next_dagrun for example_branch_dop_operator_v3 to 2024-04-27 09:43:00+00:00, run_after=2024-04-27 09:44:00+00:00
[2024-04-27T09:44:28.434+0000] {processor.py:183} INFO - Processing /home/airflow/.local/lib/python3.12/site-packages/airflow/example_dags/example_branch_python_dop_operator_3.py took 0.187 seconds
[2024-04-27T09:44:59.081+0000] {processor.py:161} INFO - Started process (PID=463) to work on /home/airflow/.local/lib/python3.12/site-packages/airflow/example_dags/example_branch_python_dop_operator_3.py
[2024-04-27T09:44:59.083+0000] {processor.py:830} INFO - Processing file /home/airflow/.local/lib/python3.12/site-packages/airflow/example_dags/example_branch_python_dop_operator_3.py for tasks to queue
[2024-04-27T09:44:59.085+0000] {logging_mixin.py:188} INFO - [2024-04-27T09:44:59.085+0000] {dagbag.py:540} INFO - Filling up the DagBag from /home/airflow/.local/lib/python3.12/site-packages/airflow/example_dags/example_branch_python_dop_operator_3.py
[2024-04-27T09:44:59.095+0000] {processor.py:840} INFO - DAG(s) 'example_branch_dop_operator_v3' retrieved from /home/airflow/.local/lib/python3.12/site-packages/airflow/example_dags/example_branch_python_dop_operator_3.py
[2024-04-27T09:44:59.117+0000] {logging_mixin.py:188} INFO - [2024-04-27T09:44:59.117+0000] {dag.py:3096} INFO - Sync 1 DAGs
[2024-04-27T09:44:59.150+0000] {logging_mixin.py:188} INFO - [2024-04-27T09:44:59.150+0000] {dag.py:3954} INFO - Setting next_dagrun for example_branch_dop_operator_v3 to 2024-04-27 09:43:00+00:00, run_after=2024-04-27 09:44:00+00:00
[2024-04-27T09:44:59.179+0000] {processor.py:183} INFO - Processing /home/airflow/.local/lib/python3.12/site-packages/airflow/example_dags/example_branch_python_dop_operator_3.py took 0.104 seconds
[2024-04-27T09:45:29.679+0000] {processor.py:161} INFO - Started process (PID=521) to work on /home/airflow/.local/lib/python3.12/site-packages/airflow/example_dags/example_branch_python_dop_operator_3.py
[2024-04-27T09:45:29.680+0000] {processor.py:830} INFO - Processing file /home/airflow/.local/lib/python3.12/site-packages/airflow/example_dags/example_branch_python_dop_operator_3.py for tasks to queue
[2024-04-27T09:45:29.682+0000] {logging_mixin.py:188} INFO - [2024-04-27T09:45:29.682+0000] {dagbag.py:540} INFO - Filling up the DagBag from /home/airflow/.local/lib/python3.12/site-packages/airflow/example_dags/example_branch_python_dop_operator_3.py
[2024-04-27T09:45:29.693+0000] {processor.py:840} INFO - DAG(s) 'example_branch_dop_operator_v3' retrieved from /home/airflow/.local/lib/python3.12/site-packages/airflow/example_dags/example_branch_python_dop_operator_3.py
[2024-04-27T09:45:29.716+0000] {logging_mixin.py:188} INFO - [2024-04-27T09:45:29.716+0000] {dag.py:3096} INFO - Sync 1 DAGs
[2024-04-27T09:45:29.749+0000] {logging_mixin.py:188} INFO - [2024-04-27T09:45:29.748+0000] {dag.py:3954} INFO - Setting next_dagrun for example_branch_dop_operator_v3 to 2024-04-27 09:44:00+00:00, run_after=2024-04-27 09:45:00+00:00
[2024-04-27T09:45:29.775+0000] {processor.py:183} INFO - Processing /home/airflow/.local/lib/python3.12/site-packages/airflow/example_dags/example_branch_python_dop_operator_3.py took 0.104 seconds
[2024-04-27T09:46:00.104+0000] {processor.py:161} INFO - Started process (PID=579) to work on /home/airflow/.local/lib/python3.12/site-packages/airflow/example_dags/example_branch_python_dop_operator_3.py
[2024-04-27T09:46:00.105+0000] {processor.py:830} INFO - Processing file /home/airflow/.local/lib/python3.12/site-packages/airflow/example_dags/example_branch_python_dop_operator_3.py for tasks to queue
[2024-04-27T09:46:00.108+0000] {logging_mixin.py:188} INFO - [2024-04-27T09:46:00.107+0000] {dagbag.py:540} INFO - Filling up the DagBag from /home/airflow/.local/lib/python3.12/site-packages/airflow/example_dags/example_branch_python_dop_operator_3.py
[2024-04-27T09:46:00.122+0000] {processor.py:840} INFO - DAG(s) 'example_branch_dop_operator_v3' retrieved from /home/airflow/.local/lib/python3.12/site-packages/airflow/example_dags/example_branch_python_dop_operator_3.py
[2024-04-27T09:46:00.158+0000] {logging_mixin.py:188} INFO - [2024-04-27T09:46:00.157+0000] {dag.py:3096} INFO - Sync 1 DAGs
[2024-04-27T09:46:00.206+0000] {logging_mixin.py:188} INFO - [2024-04-27T09:46:00.206+0000] {dag.py:3954} INFO - Setting next_dagrun for example_branch_dop_operator_v3 to 2024-04-27 09:45:00+00:00, run_after=2024-04-27 09:46:00+00:00
[2024-04-27T09:46:00.250+0000] {processor.py:183} INFO - Processing /home/airflow/.local/lib/python3.12/site-packages/airflow/example_dags/example_branch_python_dop_operator_3.py took 0.154 seconds
[2024-04-27T09:46:30.373+0000] {processor.py:161} INFO - Started process (PID=637) to work on /home/airflow/.local/lib/python3.12/site-packages/airflow/example_dags/example_branch_python_dop_operator_3.py
[2024-04-27T09:46:30.374+0000] {processor.py:830} INFO - Processing file /home/airflow/.local/lib/python3.12/site-packages/airflow/example_dags/example_branch_python_dop_operator_3.py for tasks to queue
[2024-04-27T09:46:30.377+0000] {logging_mixin.py:188} INFO - [2024-04-27T09:46:30.376+0000] {dagbag.py:540} INFO - Filling up the DagBag from /home/airflow/.local/lib/python3.12/site-packages/airflow/example_dags/example_branch_python_dop_operator_3.py
[2024-04-27T09:46:30.387+0000] {processor.py:840} INFO - DAG(s) 'example_branch_dop_operator_v3' retrieved from /home/airflow/.local/lib/python3.12/site-packages/airflow/example_dags/example_branch_python_dop_operator_3.py
[2024-04-27T09:46:30.411+0000] {logging_mixin.py:188} INFO - [2024-04-27T09:46:30.410+0000] {dag.py:3096} INFO - Sync 1 DAGs
[2024-04-27T09:46:30.446+0000] {logging_mixin.py:188} INFO - [2024-04-27T09:46:30.445+0000] {dag.py:3954} INFO - Setting next_dagrun for example_branch_dop_operator_v3 to 2024-04-27 09:45:00+00:00, run_after=2024-04-27 09:46:00+00:00
[2024-04-27T09:46:30.475+0000] {processor.py:183} INFO - Processing /home/airflow/.local/lib/python3.12/site-packages/airflow/example_dags/example_branch_python_dop_operator_3.py took 0.109 seconds
[2024-04-27T09:47:00.751+0000] {processor.py:161} INFO - Started process (PID=695) to work on /home/airflow/.local/lib/python3.12/site-packages/airflow/example_dags/example_branch_python_dop_operator_3.py
[2024-04-27T09:47:00.752+0000] {processor.py:830} INFO - Processing file /home/airflow/.local/lib/python3.12/site-packages/airflow/example_dags/example_branch_python_dop_operator_3.py for tasks to queue
[2024-04-27T09:47:00.754+0000] {logging_mixin.py:188} INFO - [2024-04-27T09:47:00.754+0000] {dagbag.py:540} INFO - Filling up the DagBag from /home/airflow/.local/lib/python3.12/site-packages/airflow/example_dags/example_branch_python_dop_operator_3.py
[2024-04-27T09:47:00.764+0000] {processor.py:840} INFO - DAG(s) 'example_branch_dop_operator_v3' retrieved from /home/airflow/.local/lib/python3.12/site-packages/airflow/example_dags/example_branch_python_dop_operator_3.py
[2024-04-27T09:47:00.795+0000] {logging_mixin.py:188} INFO - [2024-04-27T09:47:00.795+0000] {dag.py:3096} INFO - Sync 1 DAGs
[2024-04-27T09:47:00.833+0000] {logging_mixin.py:188} INFO - [2024-04-27T09:47:00.832+0000] {dag.py:3954} INFO - Setting next_dagrun for example_branch_dop_operator_v3 to 2024-04-27 09:46:00+00:00, run_after=2024-04-27 09:47:00+00:00
[2024-04-27T09:47:00.862+0000] {processor.py:183} INFO - Processing /home/airflow/.local/lib/python3.12/site-packages/airflow/example_dags/example_branch_python_dop_operator_3.py took 0.117 seconds
[2024-04-27T09:47:31.957+0000] {processor.py:161} INFO - Started process (PID=753) to work on /home/airflow/.local/lib/python3.12/site-packages/airflow/example_dags/example_branch_python_dop_operator_3.py
[2024-04-27T09:47:31.958+0000] {processor.py:830} INFO - Processing file /home/airflow/.local/lib/python3.12/site-packages/airflow/example_dags/example_branch_python_dop_operator_3.py for tasks to queue
[2024-04-27T09:47:31.960+0000] {logging_mixin.py:188} INFO - [2024-04-27T09:47:31.960+0000] {dagbag.py:540} INFO - Filling up the DagBag from /home/airflow/.local/lib/python3.12/site-packages/airflow/example_dags/example_branch_python_dop_operator_3.py
[2024-04-27T09:47:31.969+0000] {processor.py:840} INFO - DAG(s) 'example_branch_dop_operator_v3' retrieved from /home/airflow/.local/lib/python3.12/site-packages/airflow/example_dags/example_branch_python_dop_operator_3.py
[2024-04-27T09:47:31.991+0000] {logging_mixin.py:188} INFO - [2024-04-27T09:47:31.991+0000] {dag.py:3096} INFO - Sync 1 DAGs
[2024-04-27T09:47:32.024+0000] {logging_mixin.py:188} INFO - [2024-04-27T09:47:32.024+0000] {dag.py:3954} INFO - Setting next_dagrun for example_branch_dop_operator_v3 to 2024-04-27 09:46:00+00:00, run_after=2024-04-27 09:47:00+00:00
[2024-04-27T09:47:32.051+0000] {processor.py:183} INFO - Processing /home/airflow/.local/lib/python3.12/site-packages/airflow/example_dags/example_branch_python_dop_operator_3.py took 0.099 seconds
[2024-04-27T09:48:03.551+0000] {processor.py:161} INFO - Started process (PID=811) to work on /home/airflow/.local/lib/python3.12/site-packages/airflow/example_dags/example_branch_python_dop_operator_3.py
[2024-04-27T09:48:03.553+0000] {processor.py:830} INFO - Processing file /home/airflow/.local/lib/python3.12/site-packages/airflow/example_dags/example_branch_python_dop_operator_3.py for tasks to queue
[2024-04-27T09:48:03.555+0000] {logging_mixin.py:188} INFO - [2024-04-27T09:48:03.555+0000] {dagbag.py:540} INFO - Filling up the DagBag from /home/airflow/.local/lib/python3.12/site-packages/airflow/example_dags/example_branch_python_dop_operator_3.py
[2024-04-27T09:48:03.565+0000] {processor.py:840} INFO - DAG(s) 'example_branch_dop_operator_v3' retrieved from /home/airflow/.local/lib/python3.12/site-packages/airflow/example_dags/example_branch_python_dop_operator_3.py
[2024-04-27T09:48:03.591+0000] {logging_mixin.py:188} INFO - [2024-04-27T09:48:03.591+0000] {dag.py:3096} INFO - Sync 1 DAGs
[2024-04-27T09:48:03.788+0000] {logging_mixin.py:188} INFO - [2024-04-27T09:48:03.788+0000] {dag.py:3954} INFO - Setting next_dagrun for example_branch_dop_operator_v3 to 2024-04-27 09:47:00+00:00, run_after=2024-04-27 09:48:00+00:00
[2024-04-27T09:48:03.816+0000] {processor.py:183} INFO - Processing /home/airflow/.local/lib/python3.12/site-packages/airflow/example_dags/example_branch_python_dop_operator_3.py took 0.271 seconds
[2024-04-27T09:48:36.428+0000] {processor.py:161} INFO - Started process (PID=869) to work on /home/airflow/.local/lib/python3.12/site-packages/airflow/example_dags/example_branch_python_dop_operator_3.py
[2024-04-27T09:48:36.431+0000] {processor.py:830} INFO - Processing file /home/airflow/.local/lib/python3.12/site-packages/airflow/example_dags/example_branch_python_dop_operator_3.py for tasks to queue
[2024-04-27T09:48:36.436+0000] {logging_mixin.py:188} INFO - [2024-04-27T09:48:36.435+0000] {dagbag.py:540} INFO - Filling up the DagBag from /home/airflow/.local/lib/python3.12/site-packages/airflow/example_dags/example_branch_python_dop_operator_3.py
[2024-04-27T09:48:36.457+0000] {processor.py:840} INFO - DAG(s) 'example_branch_dop_operator_v3' retrieved from /home/airflow/.local/lib/python3.12/site-packages/airflow/example_dags/example_branch_python_dop_operator_3.py
[2024-04-27T09:48:36.523+0000] {logging_mixin.py:188} INFO - [2024-04-27T09:48:36.522+0000] {dag.py:3096} INFO - Sync 1 DAGs
[2024-04-27T09:48:36.638+0000] {logging_mixin.py:188} INFO - [2024-04-27T09:48:36.636+0000] {dag.py:3954} INFO - Setting next_dagrun for example_branch_dop_operator_v3 to 2024-04-27 09:47:00+00:00, run_after=2024-04-27 09:48:00+00:00
[2024-04-27T09:48:36.739+0000] {processor.py:183} INFO - Processing /home/airflow/.local/lib/python3.12/site-packages/airflow/example_dags/example_branch_python_dop_operator_3.py took 0.326 seconds
[2024-04-27T09:49:07.345+0000] {processor.py:161} INFO - Started process (PID=927) to work on /home/airflow/.local/lib/python3.12/site-packages/airflow/example_dags/example_branch_python_dop_operator_3.py
[2024-04-27T09:49:07.348+0000] {processor.py:830} INFO - Processing file /home/airflow/.local/lib/python3.12/site-packages/airflow/example_dags/example_branch_python_dop_operator_3.py for tasks to queue
[2024-04-27T09:49:07.354+0000] {logging_mixin.py:188} INFO - [2024-04-27T09:49:07.353+0000] {dagbag.py:540} INFO - Filling up the DagBag from /home/airflow/.local/lib/python3.12/site-packages/airflow/example_dags/example_branch_python_dop_operator_3.py
[2024-04-27T09:49:07.378+0000] {processor.py:840} INFO - DAG(s) 'example_branch_dop_operator_v3' retrieved from /home/airflow/.local/lib/python3.12/site-packages/airflow/example_dags/example_branch_python_dop_operator_3.py
[2024-04-27T09:49:07.440+0000] {logging_mixin.py:188} INFO - [2024-04-27T09:49:07.439+0000] {dag.py:3096} INFO - Sync 1 DAGs
[2024-04-27T09:49:07.513+0000] {logging_mixin.py:188} INFO - [2024-04-27T09:49:07.512+0000] {dag.py:3954} INFO - Setting next_dagrun for example_branch_dop_operator_v3 to 2024-04-27 09:48:00+00:00, run_after=2024-04-27 09:49:00+00:00
[2024-04-27T09:49:07.604+0000] {processor.py:183} INFO - Processing /home/airflow/.local/lib/python3.12/site-packages/airflow/example_dags/example_branch_python_dop_operator_3.py took 0.272 seconds
[2024-04-27T09:49:37.859+0000] {processor.py:161} INFO - Started process (PID=986) to work on /home/airflow/.local/lib/python3.12/site-packages/airflow/example_dags/example_branch_python_dop_operator_3.py
[2024-04-27T09:49:37.860+0000] {processor.py:830} INFO - Processing file /home/airflow/.local/lib/python3.12/site-packages/airflow/example_dags/example_branch_python_dop_operator_3.py for tasks to queue
[2024-04-27T09:49:37.863+0000] {logging_mixin.py:188} INFO - [2024-04-27T09:49:37.862+0000] {dagbag.py:540} INFO - Filling up the DagBag from /home/airflow/.local/lib/python3.12/site-packages/airflow/example_dags/example_branch_python_dop_operator_3.py
[2024-04-27T09:49:37.876+0000] {processor.py:840} INFO - DAG(s) 'example_branch_dop_operator_v3' retrieved from /home/airflow/.local/lib/python3.12/site-packages/airflow/example_dags/example_branch_python_dop_operator_3.py
[2024-04-27T09:49:37.906+0000] {logging_mixin.py:188} INFO - [2024-04-27T09:49:37.906+0000] {dag.py:3096} INFO - Sync 1 DAGs
[2024-04-27T09:49:37.949+0000] {logging_mixin.py:188} INFO - [2024-04-27T09:49:37.949+0000] {dag.py:3954} INFO - Setting next_dagrun for example_branch_dop_operator_v3 to 2024-04-27 09:48:00+00:00, run_after=2024-04-27 09:49:00+00:00
[2024-04-27T09:49:37.987+0000] {processor.py:183} INFO - Processing /home/airflow/.local/lib/python3.12/site-packages/airflow/example_dags/example_branch_python_dop_operator_3.py took 0.140 seconds
[2024-04-27T09:50:08.789+0000] {processor.py:161} INFO - Started process (PID=1044) to work on /home/airflow/.local/lib/python3.12/site-packages/airflow/example_dags/example_branch_python_dop_operator_3.py
[2024-04-27T09:50:08.791+0000] {processor.py:830} INFO - Processing file /home/airflow/.local/lib/python3.12/site-packages/airflow/example_dags/example_branch_python_dop_operator_3.py for tasks to queue
[2024-04-27T09:50:08.793+0000] {logging_mixin.py:188} INFO - [2024-04-27T09:50:08.793+0000] {dagbag.py:540} INFO - Filling up the DagBag from /home/airflow/.local/lib/python3.12/site-packages/airflow/example_dags/example_branch_python_dop_operator_3.py
[2024-04-27T09:50:08.809+0000] {processor.py:840} INFO - DAG(s) 'example_branch_dop_operator_v3' retrieved from /home/airflow/.local/lib/python3.12/site-packages/airflow/example_dags/example_branch_python_dop_operator_3.py
[2024-04-27T09:50:08.850+0000] {logging_mixin.py:188} INFO - [2024-04-27T09:50:08.850+0000] {dag.py:3096} INFO - Sync 1 DAGs
[2024-04-27T09:50:09.101+0000] {logging_mixin.py:188} INFO - [2024-04-27T09:50:09.100+0000] {dag.py:3954} INFO - Setting next_dagrun for example_branch_dop_operator_v3 to 2024-04-27 09:49:00+00:00, run_after=2024-04-27 09:50:00+00:00
[2024-04-27T09:50:09.144+0000] {processor.py:183} INFO - Processing /home/airflow/.local/lib/python3.12/site-packages/airflow/example_dags/example_branch_python_dop_operator_3.py took 0.364 seconds
[2024-04-27T09:50:40.023+0000] {processor.py:161} INFO - Started process (PID=1102) to work on /home/airflow/.local/lib/python3.12/site-packages/airflow/example_dags/example_branch_python_dop_operator_3.py
[2024-04-27T09:50:40.025+0000] {processor.py:830} INFO - Processing file /home/airflow/.local/lib/python3.12/site-packages/airflow/example_dags/example_branch_python_dop_operator_3.py for tasks to queue
[2024-04-27T09:50:40.031+0000] {logging_mixin.py:188} INFO - [2024-04-27T09:50:40.029+0000] {dagbag.py:540} INFO - Filling up the DagBag from /home/airflow/.local/lib/python3.12/site-packages/airflow/example_dags/example_branch_python_dop_operator_3.py
[2024-04-27T09:50:40.055+0000] {processor.py:840} INFO - DAG(s) 'example_branch_dop_operator_v3' retrieved from /home/airflow/.local/lib/python3.12/site-packages/airflow/example_dags/example_branch_python_dop_operator_3.py
[2024-04-27T09:50:40.107+0000] {logging_mixin.py:188} INFO - [2024-04-27T09:50:40.107+0000] {dag.py:3096} INFO - Sync 1 DAGs
[2024-04-27T09:50:40.214+0000] {logging_mixin.py:188} INFO - [2024-04-27T09:50:40.213+0000] {dag.py:3954} INFO - Setting next_dagrun for example_branch_dop_operator_v3 to 2024-04-27 09:49:00+00:00, run_after=2024-04-27 09:50:00+00:00
[2024-04-27T09:50:40.257+0000] {processor.py:183} INFO - Processing /home/airflow/.local/lib/python3.12/site-packages/airflow/example_dags/example_branch_python_dop_operator_3.py took 0.253 seconds
[2024-04-27T09:51:10.802+0000] {processor.py:161} INFO - Started process (PID=1160) to work on /home/airflow/.local/lib/python3.12/site-packages/airflow/example_dags/example_branch_python_dop_operator_3.py
[2024-04-27T09:51:10.805+0000] {processor.py:830} INFO - Processing file /home/airflow/.local/lib/python3.12/site-packages/airflow/example_dags/example_branch_python_dop_operator_3.py for tasks to queue
[2024-04-27T09:51:10.812+0000] {logging_mixin.py:188} INFO - [2024-04-27T09:51:10.811+0000] {dagbag.py:540} INFO - Filling up the DagBag from /home/airflow/.local/lib/python3.12/site-packages/airflow/example_dags/example_branch_python_dop_operator_3.py
[2024-04-27T09:51:10.842+0000] {processor.py:840} INFO - DAG(s) 'example_branch_dop_operator_v3' retrieved from /home/airflow/.local/lib/python3.12/site-packages/airflow/example_dags/example_branch_python_dop_operator_3.py
[2024-04-27T09:51:10.890+0000] {logging_mixin.py:188} INFO - [2024-04-27T09:51:10.889+0000] {dag.py:3096} INFO - Sync 1 DAGs
[2024-04-27T09:51:10.958+0000] {logging_mixin.py:188} INFO - [2024-04-27T09:51:10.957+0000] {dag.py:3954} INFO - Setting next_dagrun for example_branch_dop_operator_v3 to 2024-04-27 09:50:00+00:00, run_after=2024-04-27 09:51:00+00:00
[2024-04-27T09:51:11.000+0000] {processor.py:183} INFO - Processing /home/airflow/.local/lib/python3.12/site-packages/airflow/example_dags/example_branch_python_dop_operator_3.py took 0.218 seconds
[2024-04-27T09:51:41.150+0000] {processor.py:161} INFO - Started process (PID=1218) to work on /home/airflow/.local/lib/python3.12/site-packages/airflow/example_dags/example_branch_python_dop_operator_3.py
[2024-04-27T09:51:41.153+0000] {processor.py:830} INFO - Processing file /home/airflow/.local/lib/python3.12/site-packages/airflow/example_dags/example_branch_python_dop_operator_3.py for tasks to queue
[2024-04-27T09:51:41.157+0000] {logging_mixin.py:188} INFO - [2024-04-27T09:51:41.156+0000] {dagbag.py:540} INFO - Filling up the DagBag from /home/airflow/.local/lib/python3.12/site-packages/airflow/example_dags/example_branch_python_dop_operator_3.py
[2024-04-27T09:51:41.178+0000] {processor.py:840} INFO - DAG(s) 'example_branch_dop_operator_v3' retrieved from /home/airflow/.local/lib/python3.12/site-packages/airflow/example_dags/example_branch_python_dop_operator_3.py
[2024-04-27T09:51:41.216+0000] {logging_mixin.py:188} INFO - [2024-04-27T09:51:41.215+0000] {dag.py:3096} INFO - Sync 1 DAGs
[2024-04-27T09:51:41.271+0000] {logging_mixin.py:188} INFO - [2024-04-27T09:51:41.270+0000] {dag.py:3954} INFO - Setting next_dagrun for example_branch_dop_operator_v3 to 2024-04-27 09:50:00+00:00, run_after=2024-04-27 09:51:00+00:00
[2024-04-27T09:51:41.315+0000] {processor.py:183} INFO - Processing /home/airflow/.local/lib/python3.12/site-packages/airflow/example_dags/example_branch_python_dop_operator_3.py took 0.183 seconds
