[2024-04-27T09:41:27.924+0000] {processor.py:161} INFO - Started process (PID=79) to work on /home/airflow/.local/lib/python3.12/site-packages/airflow/example_dags/example_latest_only.py
[2024-04-27T09:41:27.926+0000] {processor.py:830} INFO - Processing file /home/airflow/.local/lib/python3.12/site-packages/airflow/example_dags/example_latest_only.py for tasks to queue
[2024-04-27T09:41:27.928+0000] {logging_mixin.py:188} INFO - [2024-04-27T09:41:27.928+0000] {dagbag.py:540} INFO - Filling up the DagBag from /home/airflow/.local/lib/python3.12/site-packages/airflow/example_dags/example_latest_only.py
[2024-04-27T09:41:27.934+0000] {processor.py:840} INFO - DAG(s) 'latest_only' retrieved from /home/airflow/.local/lib/python3.12/site-packages/airflow/example_dags/example_latest_only.py
[2024-04-27T09:41:28.068+0000] {logging_mixin.py:188} INFO - [2024-04-27T09:41:28.067+0000] {dag.py:3096} INFO - Sync 1 DAGs
[2024-04-27T09:41:28.098+0000] {logging_mixin.py:188} INFO - [2024-04-27T09:41:28.098+0000] {dag.py:3954} INFO - Setting next_dagrun for latest_only to 2024-04-27 04:00:00+00:00, run_after=2024-04-27 08:00:00+00:00
[2024-04-27T09:41:28.128+0000] {processor.py:183} INFO - Processing /home/airflow/.local/lib/python3.12/site-packages/airflow/example_dags/example_latest_only.py took 0.209 seconds
[2024-04-27T09:42:01.512+0000] {processor.py:161} INFO - Started process (PID=137) to work on /home/airflow/.local/lib/python3.12/site-packages/airflow/example_dags/example_latest_only.py
[2024-04-27T09:42:01.514+0000] {processor.py:830} INFO - Processing file /home/airflow/.local/lib/python3.12/site-packages/airflow/example_dags/example_latest_only.py for tasks to queue
[2024-04-27T09:42:01.516+0000] {logging_mixin.py:188} INFO - [2024-04-27T09:42:01.516+0000] {dagbag.py:540} INFO - Filling up the DagBag from /home/airflow/.local/lib/python3.12/site-packages/airflow/example_dags/example_latest_only.py
[2024-04-27T09:42:01.522+0000] {processor.py:840} INFO - DAG(s) 'latest_only' retrieved from /home/airflow/.local/lib/python3.12/site-packages/airflow/example_dags/example_latest_only.py
[2024-04-27T09:42:01.553+0000] {logging_mixin.py:188} INFO - [2024-04-27T09:42:01.552+0000] {dag.py:3096} INFO - Sync 1 DAGs
[2024-04-27T09:42:01.596+0000] {logging_mixin.py:188} INFO - [2024-04-27T09:42:01.595+0000] {dag.py:3954} INFO - Setting next_dagrun for latest_only to 2024-04-27 04:00:00+00:00, run_after=2024-04-27 08:00:00+00:00
[2024-04-27T09:42:01.637+0000] {processor.py:183} INFO - Processing /home/airflow/.local/lib/python3.12/site-packages/airflow/example_dags/example_latest_only.py took 0.131 seconds
[2024-04-27T09:42:31.980+0000] {processor.py:161} INFO - Started process (PID=194) to work on /home/airflow/.local/lib/python3.12/site-packages/airflow/example_dags/example_latest_only.py
[2024-04-27T09:42:31.982+0000] {processor.py:830} INFO - Processing file /home/airflow/.local/lib/python3.12/site-packages/airflow/example_dags/example_latest_only.py for tasks to queue
[2024-04-27T09:42:31.984+0000] {logging_mixin.py:188} INFO - [2024-04-27T09:42:31.983+0000] {dagbag.py:540} INFO - Filling up the DagBag from /home/airflow/.local/lib/python3.12/site-packages/airflow/example_dags/example_latest_only.py
[2024-04-27T09:42:31.990+0000] {processor.py:840} INFO - DAG(s) 'latest_only' retrieved from /home/airflow/.local/lib/python3.12/site-packages/airflow/example_dags/example_latest_only.py
[2024-04-27T09:42:32.012+0000] {logging_mixin.py:188} INFO - [2024-04-27T09:42:32.012+0000] {dag.py:3096} INFO - Sync 1 DAGs
[2024-04-27T09:42:32.047+0000] {logging_mixin.py:188} INFO - [2024-04-27T09:42:32.046+0000] {dag.py:3954} INFO - Setting next_dagrun for latest_only to 2024-04-27 04:00:00+00:00, run_after=2024-04-27 08:00:00+00:00
[2024-04-27T09:42:32.080+0000] {processor.py:183} INFO - Processing /home/airflow/.local/lib/python3.12/site-packages/airflow/example_dags/example_latest_only.py took 0.106 seconds
[2024-04-27T09:43:02.189+0000] {processor.py:161} INFO - Started process (PID=252) to work on /home/airflow/.local/lib/python3.12/site-packages/airflow/example_dags/example_latest_only.py
[2024-04-27T09:43:02.190+0000] {processor.py:830} INFO - Processing file /home/airflow/.local/lib/python3.12/site-packages/airflow/example_dags/example_latest_only.py for tasks to queue
[2024-04-27T09:43:02.192+0000] {logging_mixin.py:188} INFO - [2024-04-27T09:43:02.192+0000] {dagbag.py:540} INFO - Filling up the DagBag from /home/airflow/.local/lib/python3.12/site-packages/airflow/example_dags/example_latest_only.py
[2024-04-27T09:43:02.199+0000] {processor.py:840} INFO - DAG(s) 'latest_only' retrieved from /home/airflow/.local/lib/python3.12/site-packages/airflow/example_dags/example_latest_only.py
[2024-04-27T09:43:02.221+0000] {logging_mixin.py:188} INFO - [2024-04-27T09:43:02.221+0000] {dag.py:3096} INFO - Sync 1 DAGs
[2024-04-27T09:43:02.250+0000] {logging_mixin.py:188} INFO - [2024-04-27T09:43:02.249+0000] {dag.py:3954} INFO - Setting next_dagrun for latest_only to 2024-04-27 04:00:00+00:00, run_after=2024-04-27 08:00:00+00:00
[2024-04-27T09:43:02.279+0000] {processor.py:183} INFO - Processing /home/airflow/.local/lib/python3.12/site-packages/airflow/example_dags/example_latest_only.py took 0.096 seconds
[2024-04-27T09:43:32.808+0000] {processor.py:161} INFO - Started process (PID=310) to work on /home/airflow/.local/lib/python3.12/site-packages/airflow/example_dags/example_latest_only.py
[2024-04-27T09:43:32.809+0000] {processor.py:830} INFO - Processing file /home/airflow/.local/lib/python3.12/site-packages/airflow/example_dags/example_latest_only.py for tasks to queue
[2024-04-27T09:43:32.813+0000] {logging_mixin.py:188} INFO - [2024-04-27T09:43:32.812+0000] {dagbag.py:540} INFO - Filling up the DagBag from /home/airflow/.local/lib/python3.12/site-packages/airflow/example_dags/example_latest_only.py
[2024-04-27T09:43:32.821+0000] {processor.py:840} INFO - DAG(s) 'latest_only' retrieved from /home/airflow/.local/lib/python3.12/site-packages/airflow/example_dags/example_latest_only.py
[2024-04-27T09:43:32.852+0000] {logging_mixin.py:188} INFO - [2024-04-27T09:43:32.851+0000] {dag.py:3096} INFO - Sync 1 DAGs
[2024-04-27T09:43:32.898+0000] {logging_mixin.py:188} INFO - [2024-04-27T09:43:32.897+0000] {dag.py:3954} INFO - Setting next_dagrun for latest_only to 2024-04-27 04:00:00+00:00, run_after=2024-04-27 08:00:00+00:00
[2024-04-27T09:43:32.938+0000] {processor.py:183} INFO - Processing /home/airflow/.local/lib/python3.12/site-packages/airflow/example_dags/example_latest_only.py took 0.137 seconds
[2024-04-27T09:44:03.252+0000] {processor.py:161} INFO - Started process (PID=368) to work on /home/airflow/.local/lib/python3.12/site-packages/airflow/example_dags/example_latest_only.py
[2024-04-27T09:44:03.253+0000] {processor.py:830} INFO - Processing file /home/airflow/.local/lib/python3.12/site-packages/airflow/example_dags/example_latest_only.py for tasks to queue
[2024-04-27T09:44:03.256+0000] {logging_mixin.py:188} INFO - [2024-04-27T09:44:03.255+0000] {dagbag.py:540} INFO - Filling up the DagBag from /home/airflow/.local/lib/python3.12/site-packages/airflow/example_dags/example_latest_only.py
[2024-04-27T09:44:03.261+0000] {processor.py:840} INFO - DAG(s) 'latest_only' retrieved from /home/airflow/.local/lib/python3.12/site-packages/airflow/example_dags/example_latest_only.py
[2024-04-27T09:44:03.284+0000] {logging_mixin.py:188} INFO - [2024-04-27T09:44:03.284+0000] {dag.py:3096} INFO - Sync 1 DAGs
[2024-04-27T09:44:03.317+0000] {logging_mixin.py:188} INFO - [2024-04-27T09:44:03.317+0000] {dag.py:3954} INFO - Setting next_dagrun for latest_only to 2024-04-27 04:00:00+00:00, run_after=2024-04-27 08:00:00+00:00
[2024-04-27T09:44:03.343+0000] {processor.py:183} INFO - Processing /home/airflow/.local/lib/python3.12/site-packages/airflow/example_dags/example_latest_only.py took 0.096 seconds
[2024-04-27T09:44:34.157+0000] {processor.py:161} INFO - Started process (PID=426) to work on /home/airflow/.local/lib/python3.12/site-packages/airflow/example_dags/example_latest_only.py
[2024-04-27T09:44:34.158+0000] {processor.py:830} INFO - Processing file /home/airflow/.local/lib/python3.12/site-packages/airflow/example_dags/example_latest_only.py for tasks to queue
[2024-04-27T09:44:34.161+0000] {logging_mixin.py:188} INFO - [2024-04-27T09:44:34.160+0000] {dagbag.py:540} INFO - Filling up the DagBag from /home/airflow/.local/lib/python3.12/site-packages/airflow/example_dags/example_latest_only.py
[2024-04-27T09:44:34.167+0000] {processor.py:840} INFO - DAG(s) 'latest_only' retrieved from /home/airflow/.local/lib/python3.12/site-packages/airflow/example_dags/example_latest_only.py
[2024-04-27T09:44:34.191+0000] {logging_mixin.py:188} INFO - [2024-04-27T09:44:34.191+0000] {dag.py:3096} INFO - Sync 1 DAGs
[2024-04-27T09:44:34.223+0000] {logging_mixin.py:188} INFO - [2024-04-27T09:44:34.222+0000] {dag.py:3954} INFO - Setting next_dagrun for latest_only to 2024-04-27 04:00:00+00:00, run_after=2024-04-27 08:00:00+00:00
[2024-04-27T09:44:34.256+0000] {processor.py:183} INFO - Processing /home/airflow/.local/lib/python3.12/site-packages/airflow/example_dags/example_latest_only.py took 0.106 seconds
[2024-04-27T09:45:05.054+0000] {processor.py:161} INFO - Started process (PID=484) to work on /home/airflow/.local/lib/python3.12/site-packages/airflow/example_dags/example_latest_only.py
[2024-04-27T09:45:05.055+0000] {processor.py:830} INFO - Processing file /home/airflow/.local/lib/python3.12/site-packages/airflow/example_dags/example_latest_only.py for tasks to queue
[2024-04-27T09:45:05.058+0000] {logging_mixin.py:188} INFO - [2024-04-27T09:45:05.058+0000] {dagbag.py:540} INFO - Filling up the DagBag from /home/airflow/.local/lib/python3.12/site-packages/airflow/example_dags/example_latest_only.py
[2024-04-27T09:45:05.066+0000] {processor.py:840} INFO - DAG(s) 'latest_only' retrieved from /home/airflow/.local/lib/python3.12/site-packages/airflow/example_dags/example_latest_only.py
[2024-04-27T09:45:05.099+0000] {logging_mixin.py:188} INFO - [2024-04-27T09:45:05.099+0000] {dag.py:3096} INFO - Sync 1 DAGs
[2024-04-27T09:45:05.148+0000] {logging_mixin.py:188} INFO - [2024-04-27T09:45:05.147+0000] {dag.py:3954} INFO - Setting next_dagrun for latest_only to 2024-04-27 04:00:00+00:00, run_after=2024-04-27 08:00:00+00:00
[2024-04-27T09:45:05.183+0000] {processor.py:183} INFO - Processing /home/airflow/.local/lib/python3.12/site-packages/airflow/example_dags/example_latest_only.py took 0.137 seconds
[2024-04-27T09:45:35.237+0000] {processor.py:161} INFO - Started process (PID=542) to work on /home/airflow/.local/lib/python3.12/site-packages/airflow/example_dags/example_latest_only.py
[2024-04-27T09:45:35.239+0000] {processor.py:830} INFO - Processing file /home/airflow/.local/lib/python3.12/site-packages/airflow/example_dags/example_latest_only.py for tasks to queue
[2024-04-27T09:45:35.241+0000] {logging_mixin.py:188} INFO - [2024-04-27T09:45:35.241+0000] {dagbag.py:540} INFO - Filling up the DagBag from /home/airflow/.local/lib/python3.12/site-packages/airflow/example_dags/example_latest_only.py
[2024-04-27T09:45:35.248+0000] {processor.py:840} INFO - DAG(s) 'latest_only' retrieved from /home/airflow/.local/lib/python3.12/site-packages/airflow/example_dags/example_latest_only.py
[2024-04-27T09:45:35.274+0000] {logging_mixin.py:188} INFO - [2024-04-27T09:45:35.273+0000] {dag.py:3096} INFO - Sync 1 DAGs
[2024-04-27T09:45:35.303+0000] {logging_mixin.py:188} INFO - [2024-04-27T09:45:35.302+0000] {dag.py:3954} INFO - Setting next_dagrun for latest_only to 2024-04-27 04:00:00+00:00, run_after=2024-04-27 08:00:00+00:00
[2024-04-27T09:45:35.329+0000] {processor.py:183} INFO - Processing /home/airflow/.local/lib/python3.12/site-packages/airflow/example_dags/example_latest_only.py took 0.098 seconds
[2024-04-27T09:46:06.212+0000] {processor.py:161} INFO - Started process (PID=600) to work on /home/airflow/.local/lib/python3.12/site-packages/airflow/example_dags/example_latest_only.py
[2024-04-27T09:46:06.214+0000] {processor.py:830} INFO - Processing file /home/airflow/.local/lib/python3.12/site-packages/airflow/example_dags/example_latest_only.py for tasks to queue
[2024-04-27T09:46:06.216+0000] {logging_mixin.py:188} INFO - [2024-04-27T09:46:06.216+0000] {dagbag.py:540} INFO - Filling up the DagBag from /home/airflow/.local/lib/python3.12/site-packages/airflow/example_dags/example_latest_only.py
[2024-04-27T09:46:06.223+0000] {processor.py:840} INFO - DAG(s) 'latest_only' retrieved from /home/airflow/.local/lib/python3.12/site-packages/airflow/example_dags/example_latest_only.py
[2024-04-27T09:46:06.248+0000] {logging_mixin.py:188} INFO - [2024-04-27T09:46:06.248+0000] {dag.py:3096} INFO - Sync 1 DAGs
[2024-04-27T09:46:06.280+0000] {logging_mixin.py:188} INFO - [2024-04-27T09:46:06.280+0000] {dag.py:3954} INFO - Setting next_dagrun for latest_only to 2024-04-27 04:00:00+00:00, run_after=2024-04-27 08:00:00+00:00
[2024-04-27T09:46:06.310+0000] {processor.py:183} INFO - Processing /home/airflow/.local/lib/python3.12/site-packages/airflow/example_dags/example_latest_only.py took 0.106 seconds
[2024-04-27T09:46:37.036+0000] {processor.py:161} INFO - Started process (PID=658) to work on /home/airflow/.local/lib/python3.12/site-packages/airflow/example_dags/example_latest_only.py
[2024-04-27T09:46:37.037+0000] {processor.py:830} INFO - Processing file /home/airflow/.local/lib/python3.12/site-packages/airflow/example_dags/example_latest_only.py for tasks to queue
[2024-04-27T09:46:37.039+0000] {logging_mixin.py:188} INFO - [2024-04-27T09:46:37.038+0000] {dagbag.py:540} INFO - Filling up the DagBag from /home/airflow/.local/lib/python3.12/site-packages/airflow/example_dags/example_latest_only.py
[2024-04-27T09:46:37.044+0000] {processor.py:840} INFO - DAG(s) 'latest_only' retrieved from /home/airflow/.local/lib/python3.12/site-packages/airflow/example_dags/example_latest_only.py
[2024-04-27T09:46:37.068+0000] {logging_mixin.py:188} INFO - [2024-04-27T09:46:37.068+0000] {dag.py:3096} INFO - Sync 1 DAGs
[2024-04-27T09:46:37.097+0000] {logging_mixin.py:188} INFO - [2024-04-27T09:46:37.097+0000] {dag.py:3954} INFO - Setting next_dagrun for latest_only to 2024-04-27 04:00:00+00:00, run_after=2024-04-27 08:00:00+00:00
[2024-04-27T09:46:37.123+0000] {processor.py:183} INFO - Processing /home/airflow/.local/lib/python3.12/site-packages/airflow/example_dags/example_latest_only.py took 0.094 seconds
[2024-04-27T09:47:07.516+0000] {processor.py:161} INFO - Started process (PID=716) to work on /home/airflow/.local/lib/python3.12/site-packages/airflow/example_dags/example_latest_only.py
[2024-04-27T09:47:07.517+0000] {processor.py:830} INFO - Processing file /home/airflow/.local/lib/python3.12/site-packages/airflow/example_dags/example_latest_only.py for tasks to queue
[2024-04-27T09:47:07.519+0000] {logging_mixin.py:188} INFO - [2024-04-27T09:47:07.519+0000] {dagbag.py:540} INFO - Filling up the DagBag from /home/airflow/.local/lib/python3.12/site-packages/airflow/example_dags/example_latest_only.py
[2024-04-27T09:47:07.525+0000] {processor.py:840} INFO - DAG(s) 'latest_only' retrieved from /home/airflow/.local/lib/python3.12/site-packages/airflow/example_dags/example_latest_only.py
[2024-04-27T09:47:07.549+0000] {logging_mixin.py:188} INFO - [2024-04-27T09:47:07.548+0000] {dag.py:3096} INFO - Sync 1 DAGs
[2024-04-27T09:47:07.579+0000] {logging_mixin.py:188} INFO - [2024-04-27T09:47:07.578+0000] {dag.py:3954} INFO - Setting next_dagrun for latest_only to 2024-04-27 04:00:00+00:00, run_after=2024-04-27 08:00:00+00:00
[2024-04-27T09:47:07.610+0000] {processor.py:183} INFO - Processing /home/airflow/.local/lib/python3.12/site-packages/airflow/example_dags/example_latest_only.py took 0.100 seconds
[2024-04-27T09:47:37.739+0000] {processor.py:161} INFO - Started process (PID=774) to work on /home/airflow/.local/lib/python3.12/site-packages/airflow/example_dags/example_latest_only.py
[2024-04-27T09:47:37.741+0000] {processor.py:830} INFO - Processing file /home/airflow/.local/lib/python3.12/site-packages/airflow/example_dags/example_latest_only.py for tasks to queue
[2024-04-27T09:47:37.743+0000] {logging_mixin.py:188} INFO - [2024-04-27T09:47:37.742+0000] {dagbag.py:540} INFO - Filling up the DagBag from /home/airflow/.local/lib/python3.12/site-packages/airflow/example_dags/example_latest_only.py
[2024-04-27T09:47:37.748+0000] {processor.py:840} INFO - DAG(s) 'latest_only' retrieved from /home/airflow/.local/lib/python3.12/site-packages/airflow/example_dags/example_latest_only.py
[2024-04-27T09:47:37.771+0000] {logging_mixin.py:188} INFO - [2024-04-27T09:47:37.771+0000] {dag.py:3096} INFO - Sync 1 DAGs
[2024-04-27T09:47:37.799+0000] {logging_mixin.py:188} INFO - [2024-04-27T09:47:37.798+0000] {dag.py:3954} INFO - Setting next_dagrun for latest_only to 2024-04-27 04:00:00+00:00, run_after=2024-04-27 08:00:00+00:00
[2024-04-27T09:47:37.824+0000] {processor.py:183} INFO - Processing /home/airflow/.local/lib/python3.12/site-packages/airflow/example_dags/example_latest_only.py took 0.090 seconds
[2024-04-27T09:48:14.923+0000] {processor.py:161} INFO - Started process (PID=832) to work on /home/airflow/.local/lib/python3.12/site-packages/airflow/example_dags/example_latest_only.py
[2024-04-27T09:48:14.925+0000] {processor.py:830} INFO - Processing file /home/airflow/.local/lib/python3.12/site-packages/airflow/example_dags/example_latest_only.py for tasks to queue
[2024-04-27T09:48:14.930+0000] {logging_mixin.py:188} INFO - [2024-04-27T09:48:14.929+0000] {dagbag.py:540} INFO - Filling up the DagBag from /home/airflow/.local/lib/python3.12/site-packages/airflow/example_dags/example_latest_only.py
[2024-04-27T09:48:14.941+0000] {processor.py:840} INFO - DAG(s) 'latest_only' retrieved from /home/airflow/.local/lib/python3.12/site-packages/airflow/example_dags/example_latest_only.py
[2024-04-27T09:48:15.027+0000] {logging_mixin.py:188} INFO - [2024-04-27T09:48:15.026+0000] {dag.py:3096} INFO - Sync 1 DAGs
[2024-04-27T09:48:15.085+0000] {logging_mixin.py:188} INFO - [2024-04-27T09:48:15.084+0000] {dag.py:3954} INFO - Setting next_dagrun for latest_only to 2024-04-27 04:00:00+00:00, run_after=2024-04-27 08:00:00+00:00
[2024-04-27T09:48:15.145+0000] {processor.py:183} INFO - Processing /home/airflow/.local/lib/python3.12/site-packages/airflow/example_dags/example_latest_only.py took 0.234 seconds
[2024-04-27T09:48:48.019+0000] {processor.py:161} INFO - Started process (PID=890) to work on /home/airflow/.local/lib/python3.12/site-packages/airflow/example_dags/example_latest_only.py
[2024-04-27T09:48:48.022+0000] {processor.py:830} INFO - Processing file /home/airflow/.local/lib/python3.12/site-packages/airflow/example_dags/example_latest_only.py for tasks to queue
[2024-04-27T09:48:48.027+0000] {logging_mixin.py:188} INFO - [2024-04-27T09:48:48.026+0000] {dagbag.py:540} INFO - Filling up the DagBag from /home/airflow/.local/lib/python3.12/site-packages/airflow/example_dags/example_latest_only.py
[2024-04-27T09:48:48.039+0000] {processor.py:840} INFO - DAG(s) 'latest_only' retrieved from /home/airflow/.local/lib/python3.12/site-packages/airflow/example_dags/example_latest_only.py
[2024-04-27T09:48:48.083+0000] {logging_mixin.py:188} INFO - [2024-04-27T09:48:48.083+0000] {dag.py:3096} INFO - Sync 1 DAGs
[2024-04-27T09:48:48.465+0000] {logging_mixin.py:188} INFO - [2024-04-27T09:48:48.464+0000] {dag.py:3954} INFO - Setting next_dagrun for latest_only to 2024-04-27 04:00:00+00:00, run_after=2024-04-27 08:00:00+00:00
[2024-04-27T09:48:48.532+0000] {processor.py:183} INFO - Processing /home/airflow/.local/lib/python3.12/site-packages/airflow/example_dags/example_latest_only.py took 0.528 seconds
[2024-04-27T09:49:20.459+0000] {processor.py:161} INFO - Started process (PID=955) to work on /home/airflow/.local/lib/python3.12/site-packages/airflow/example_dags/example_latest_only.py
[2024-04-27T09:49:20.469+0000] {processor.py:830} INFO - Processing file /home/airflow/.local/lib/python3.12/site-packages/airflow/example_dags/example_latest_only.py for tasks to queue
[2024-04-27T09:49:20.478+0000] {logging_mixin.py:188} INFO - [2024-04-27T09:49:20.476+0000] {dagbag.py:540} INFO - Filling up the DagBag from /home/airflow/.local/lib/python3.12/site-packages/airflow/example_dags/example_latest_only.py
[2024-04-27T09:49:20.509+0000] {processor.py:840} INFO - DAG(s) 'latest_only' retrieved from /home/airflow/.local/lib/python3.12/site-packages/airflow/example_dags/example_latest_only.py
[2024-04-27T09:49:20.691+0000] {logging_mixin.py:188} INFO - [2024-04-27T09:49:20.690+0000] {dag.py:3096} INFO - Sync 1 DAGs
[2024-04-27T09:49:20.803+0000] {logging_mixin.py:188} INFO - [2024-04-27T09:49:20.802+0000] {dag.py:3954} INFO - Setting next_dagrun for latest_only to 2024-04-27 04:00:00+00:00, run_after=2024-04-27 08:00:00+00:00
[2024-04-27T09:49:21.236+0000] {processor.py:183} INFO - Processing /home/airflow/.local/lib/python3.12/site-packages/airflow/example_dags/example_latest_only.py took 0.831 seconds
[2024-04-27T09:49:52.015+0000] {processor.py:161} INFO - Started process (PID=1013) to work on /home/airflow/.local/lib/python3.12/site-packages/airflow/example_dags/example_latest_only.py
[2024-04-27T09:49:52.017+0000] {processor.py:830} INFO - Processing file /home/airflow/.local/lib/python3.12/site-packages/airflow/example_dags/example_latest_only.py for tasks to queue
[2024-04-27T09:49:52.020+0000] {logging_mixin.py:188} INFO - [2024-04-27T09:49:52.020+0000] {dagbag.py:540} INFO - Filling up the DagBag from /home/airflow/.local/lib/python3.12/site-packages/airflow/example_dags/example_latest_only.py
[2024-04-27T09:49:52.029+0000] {processor.py:840} INFO - DAG(s) 'latest_only' retrieved from /home/airflow/.local/lib/python3.12/site-packages/airflow/example_dags/example_latest_only.py
[2024-04-27T09:49:52.077+0000] {logging_mixin.py:188} INFO - [2024-04-27T09:49:52.076+0000] {dag.py:3096} INFO - Sync 1 DAGs
[2024-04-27T09:49:52.140+0000] {logging_mixin.py:188} INFO - [2024-04-27T09:49:52.140+0000] {dag.py:3954} INFO - Setting next_dagrun for latest_only to 2024-04-27 04:00:00+00:00, run_after=2024-04-27 08:00:00+00:00
[2024-04-27T09:49:52.192+0000] {processor.py:183} INFO - Processing /home/airflow/.local/lib/python3.12/site-packages/airflow/example_dags/example_latest_only.py took 0.188 seconds
[2024-04-27T09:50:22.985+0000] {processor.py:161} INFO - Started process (PID=1071) to work on /home/airflow/.local/lib/python3.12/site-packages/airflow/example_dags/example_latest_only.py
[2024-04-27T09:50:22.988+0000] {processor.py:830} INFO - Processing file /home/airflow/.local/lib/python3.12/site-packages/airflow/example_dags/example_latest_only.py for tasks to queue
[2024-04-27T09:50:22.993+0000] {logging_mixin.py:188} INFO - [2024-04-27T09:50:22.992+0000] {dagbag.py:540} INFO - Filling up the DagBag from /home/airflow/.local/lib/python3.12/site-packages/airflow/example_dags/example_latest_only.py
[2024-04-27T09:50:23.005+0000] {processor.py:840} INFO - DAG(s) 'latest_only' retrieved from /home/airflow/.local/lib/python3.12/site-packages/airflow/example_dags/example_latest_only.py
[2024-04-27T09:50:23.051+0000] {logging_mixin.py:188} INFO - [2024-04-27T09:50:23.050+0000] {dag.py:3096} INFO - Sync 1 DAGs
[2024-04-27T09:50:23.101+0000] {logging_mixin.py:188} INFO - [2024-04-27T09:50:23.101+0000] {dag.py:3954} INFO - Setting next_dagrun for latest_only to 2024-04-27 04:00:00+00:00, run_after=2024-04-27 08:00:00+00:00
[2024-04-27T09:50:23.155+0000] {processor.py:183} INFO - Processing /home/airflow/.local/lib/python3.12/site-packages/airflow/example_dags/example_latest_only.py took 0.183 seconds
[2024-04-27T09:50:53.232+0000] {processor.py:161} INFO - Started process (PID=1128) to work on /home/airflow/.local/lib/python3.12/site-packages/airflow/example_dags/example_latest_only.py
[2024-04-27T09:50:53.234+0000] {processor.py:830} INFO - Processing file /home/airflow/.local/lib/python3.12/site-packages/airflow/example_dags/example_latest_only.py for tasks to queue
[2024-04-27T09:50:53.237+0000] {logging_mixin.py:188} INFO - [2024-04-27T09:50:53.237+0000] {dagbag.py:540} INFO - Filling up the DagBag from /home/airflow/.local/lib/python3.12/site-packages/airflow/example_dags/example_latest_only.py
[2024-04-27T09:50:53.244+0000] {processor.py:840} INFO - DAG(s) 'latest_only' retrieved from /home/airflow/.local/lib/python3.12/site-packages/airflow/example_dags/example_latest_only.py
[2024-04-27T09:50:53.303+0000] {logging_mixin.py:188} INFO - [2024-04-27T09:50:53.302+0000] {dag.py:3096} INFO - Sync 1 DAGs
[2024-04-27T09:50:53.431+0000] {logging_mixin.py:188} INFO - [2024-04-27T09:50:53.430+0000] {dag.py:3954} INFO - Setting next_dagrun for latest_only to 2024-04-27 04:00:00+00:00, run_after=2024-04-27 08:00:00+00:00
[2024-04-27T09:50:53.545+0000] {processor.py:183} INFO - Processing /home/airflow/.local/lib/python3.12/site-packages/airflow/example_dags/example_latest_only.py took 0.322 seconds
[2024-04-27T09:51:23.704+0000] {processor.py:161} INFO - Started process (PID=1186) to work on /home/airflow/.local/lib/python3.12/site-packages/airflow/example_dags/example_latest_only.py
[2024-04-27T09:51:23.707+0000] {processor.py:830} INFO - Processing file /home/airflow/.local/lib/python3.12/site-packages/airflow/example_dags/example_latest_only.py for tasks to queue
[2024-04-27T09:51:23.712+0000] {logging_mixin.py:188} INFO - [2024-04-27T09:51:23.711+0000] {dagbag.py:540} INFO - Filling up the DagBag from /home/airflow/.local/lib/python3.12/site-packages/airflow/example_dags/example_latest_only.py
[2024-04-27T09:51:23.728+0000] {processor.py:840} INFO - DAG(s) 'latest_only' retrieved from /home/airflow/.local/lib/python3.12/site-packages/airflow/example_dags/example_latest_only.py
[2024-04-27T09:51:23.779+0000] {logging_mixin.py:188} INFO - [2024-04-27T09:51:23.779+0000] {dag.py:3096} INFO - Sync 1 DAGs
[2024-04-27T09:51:23.833+0000] {logging_mixin.py:188} INFO - [2024-04-27T09:51:23.832+0000] {dag.py:3954} INFO - Setting next_dagrun for latest_only to 2024-04-27 04:00:00+00:00, run_after=2024-04-27 08:00:00+00:00
[2024-04-27T09:51:23.867+0000] {processor.py:183} INFO - Processing /home/airflow/.local/lib/python3.12/site-packages/airflow/example_dags/example_latest_only.py took 0.185 seconds
[2024-04-27T09:51:54.315+0000] {processor.py:161} INFO - Started process (PID=1245) to work on /home/airflow/.local/lib/python3.12/site-packages/airflow/example_dags/example_latest_only.py
[2024-04-27T09:51:54.316+0000] {processor.py:830} INFO - Processing file /home/airflow/.local/lib/python3.12/site-packages/airflow/example_dags/example_latest_only.py for tasks to queue
[2024-04-27T09:51:54.319+0000] {logging_mixin.py:188} INFO - [2024-04-27T09:51:54.319+0000] {dagbag.py:540} INFO - Filling up the DagBag from /home/airflow/.local/lib/python3.12/site-packages/airflow/example_dags/example_latest_only.py
[2024-04-27T09:51:54.327+0000] {processor.py:840} INFO - DAG(s) 'latest_only' retrieved from /home/airflow/.local/lib/python3.12/site-packages/airflow/example_dags/example_latest_only.py
[2024-04-27T09:51:54.359+0000] {logging_mixin.py:188} INFO - [2024-04-27T09:51:54.359+0000] {dag.py:3096} INFO - Sync 1 DAGs
[2024-04-27T09:51:54.398+0000] {logging_mixin.py:188} INFO - [2024-04-27T09:51:54.398+0000] {dag.py:3954} INFO - Setting next_dagrun for latest_only to 2024-04-27 04:00:00+00:00, run_after=2024-04-27 08:00:00+00:00
[2024-04-27T09:51:54.436+0000] {processor.py:183} INFO - Processing /home/airflow/.local/lib/python3.12/site-packages/airflow/example_dags/example_latest_only.py took 0.131 seconds
