[2024-04-27T09:41:27.177+0000] {processor.py:161} INFO - Started process (PID=76) to work on /home/airflow/.local/lib/python3.12/site-packages/airflow/example_dags/example_external_task_marker_dag.py
[2024-04-27T09:41:27.178+0000] {processor.py:830} INFO - Processing file /home/airflow/.local/lib/python3.12/site-packages/airflow/example_dags/example_external_task_marker_dag.py for tasks to queue
[2024-04-27T09:41:27.181+0000] {logging_mixin.py:188} INFO - [2024-04-27T09:41:27.180+0000] {dagbag.py:540} INFO - Filling up the DagBag from /home/airflow/.local/lib/python3.12/site-packages/airflow/example_dags/example_external_task_marker_dag.py
[2024-04-27T09:41:27.193+0000] {processor.py:840} INFO - DAG(s) 'example_external_task_marker_parent', 'example_external_task_marker_child' retrieved from /home/airflow/.local/lib/python3.12/site-packages/airflow/example_dags/example_external_task_marker_dag.py
[2024-04-27T09:41:27.360+0000] {logging_mixin.py:188} INFO - [2024-04-27T09:41:27.359+0000] {dag.py:3096} INFO - Sync 2 DAGs
[2024-04-27T09:41:27.377+0000] {logging_mixin.py:188} INFO - [2024-04-27T09:41:27.377+0000] {dag.py:3954} INFO - Setting next_dagrun for example_external_task_marker_child to None, run_after=None
[2024-04-27T09:41:27.382+0000] {logging_mixin.py:188} INFO - [2024-04-27T09:41:27.382+0000] {dag.py:3954} INFO - Setting next_dagrun for example_external_task_marker_parent to None, run_after=None
[2024-04-27T09:41:27.413+0000] {processor.py:183} INFO - Processing /home/airflow/.local/lib/python3.12/site-packages/airflow/example_dags/example_external_task_marker_dag.py took 0.243 seconds
[2024-04-27T09:42:01.267+0000] {processor.py:161} INFO - Started process (PID=134) to work on /home/airflow/.local/lib/python3.12/site-packages/airflow/example_dags/example_external_task_marker_dag.py
[2024-04-27T09:42:01.268+0000] {processor.py:830} INFO - Processing file /home/airflow/.local/lib/python3.12/site-packages/airflow/example_dags/example_external_task_marker_dag.py for tasks to queue
[2024-04-27T09:42:01.271+0000] {logging_mixin.py:188} INFO - [2024-04-27T09:42:01.270+0000] {dagbag.py:540} INFO - Filling up the DagBag from /home/airflow/.local/lib/python3.12/site-packages/airflow/example_dags/example_external_task_marker_dag.py
[2024-04-27T09:42:01.278+0000] {processor.py:840} INFO - DAG(s) 'example_external_task_marker_parent', 'example_external_task_marker_child' retrieved from /home/airflow/.local/lib/python3.12/site-packages/airflow/example_dags/example_external_task_marker_dag.py
[2024-04-27T09:42:01.320+0000] {logging_mixin.py:188} INFO - [2024-04-27T09:42:01.318+0000] {dag.py:3096} INFO - Sync 2 DAGs
[2024-04-27T09:42:01.342+0000] {logging_mixin.py:188} INFO - [2024-04-27T09:42:01.341+0000] {dag.py:3954} INFO - Setting next_dagrun for example_external_task_marker_child to None, run_after=None
[2024-04-27T09:42:01.348+0000] {logging_mixin.py:188} INFO - [2024-04-27T09:42:01.348+0000] {dag.py:3954} INFO - Setting next_dagrun for example_external_task_marker_parent to None, run_after=None
[2024-04-27T09:42:01.376+0000] {processor.py:183} INFO - Processing /home/airflow/.local/lib/python3.12/site-packages/airflow/example_dags/example_external_task_marker_dag.py took 0.116 seconds
[2024-04-27T09:42:31.803+0000] {processor.py:161} INFO - Started process (PID=191) to work on /home/airflow/.local/lib/python3.12/site-packages/airflow/example_dags/example_external_task_marker_dag.py
[2024-04-27T09:42:31.804+0000] {processor.py:830} INFO - Processing file /home/airflow/.local/lib/python3.12/site-packages/airflow/example_dags/example_external_task_marker_dag.py for tasks to queue
[2024-04-27T09:42:31.807+0000] {logging_mixin.py:188} INFO - [2024-04-27T09:42:31.807+0000] {dagbag.py:540} INFO - Filling up the DagBag from /home/airflow/.local/lib/python3.12/site-packages/airflow/example_dags/example_external_task_marker_dag.py
[2024-04-27T09:42:31.813+0000] {processor.py:840} INFO - DAG(s) 'example_external_task_marker_parent', 'example_external_task_marker_child' retrieved from /home/airflow/.local/lib/python3.12/site-packages/airflow/example_dags/example_external_task_marker_dag.py
[2024-04-27T09:42:31.845+0000] {logging_mixin.py:188} INFO - [2024-04-27T09:42:31.845+0000] {dag.py:3096} INFO - Sync 2 DAGs
[2024-04-27T09:42:31.864+0000] {logging_mixin.py:188} INFO - [2024-04-27T09:42:31.864+0000] {dag.py:3954} INFO - Setting next_dagrun for example_external_task_marker_child to None, run_after=None
[2024-04-27T09:42:31.870+0000] {logging_mixin.py:188} INFO - [2024-04-27T09:42:31.870+0000] {dag.py:3954} INFO - Setting next_dagrun for example_external_task_marker_parent to None, run_after=None
[2024-04-27T09:42:31.896+0000] {processor.py:183} INFO - Processing /home/airflow/.local/lib/python3.12/site-packages/airflow/example_dags/example_external_task_marker_dag.py took 0.099 seconds
[2024-04-27T09:43:02.024+0000] {processor.py:161} INFO - Started process (PID=249) to work on /home/airflow/.local/lib/python3.12/site-packages/airflow/example_dags/example_external_task_marker_dag.py
[2024-04-27T09:43:02.025+0000] {processor.py:830} INFO - Processing file /home/airflow/.local/lib/python3.12/site-packages/airflow/example_dags/example_external_task_marker_dag.py for tasks to queue
[2024-04-27T09:43:02.028+0000] {logging_mixin.py:188} INFO - [2024-04-27T09:43:02.027+0000] {dagbag.py:540} INFO - Filling up the DagBag from /home/airflow/.local/lib/python3.12/site-packages/airflow/example_dags/example_external_task_marker_dag.py
[2024-04-27T09:43:02.035+0000] {processor.py:840} INFO - DAG(s) 'example_external_task_marker_parent', 'example_external_task_marker_child' retrieved from /home/airflow/.local/lib/python3.12/site-packages/airflow/example_dags/example_external_task_marker_dag.py
[2024-04-27T09:43:02.068+0000] {logging_mixin.py:188} INFO - [2024-04-27T09:43:02.067+0000] {dag.py:3096} INFO - Sync 2 DAGs
[2024-04-27T09:43:02.087+0000] {logging_mixin.py:188} INFO - [2024-04-27T09:43:02.086+0000] {dag.py:3954} INFO - Setting next_dagrun for example_external_task_marker_child to None, run_after=None
[2024-04-27T09:43:02.092+0000] {logging_mixin.py:188} INFO - [2024-04-27T09:43:02.092+0000] {dag.py:3954} INFO - Setting next_dagrun for example_external_task_marker_parent to None, run_after=None
[2024-04-27T09:43:02.116+0000] {processor.py:183} INFO - Processing /home/airflow/.local/lib/python3.12/site-packages/airflow/example_dags/example_external_task_marker_dag.py took 0.098 seconds
[2024-04-27T09:43:32.578+0000] {processor.py:161} INFO - Started process (PID=307) to work on /home/airflow/.local/lib/python3.12/site-packages/airflow/example_dags/example_external_task_marker_dag.py
[2024-04-27T09:43:32.580+0000] {processor.py:830} INFO - Processing file /home/airflow/.local/lib/python3.12/site-packages/airflow/example_dags/example_external_task_marker_dag.py for tasks to queue
[2024-04-27T09:43:32.583+0000] {logging_mixin.py:188} INFO - [2024-04-27T09:43:32.582+0000] {dagbag.py:540} INFO - Filling up the DagBag from /home/airflow/.local/lib/python3.12/site-packages/airflow/example_dags/example_external_task_marker_dag.py
[2024-04-27T09:43:32.592+0000] {processor.py:840} INFO - DAG(s) 'example_external_task_marker_child', 'example_external_task_marker_parent' retrieved from /home/airflow/.local/lib/python3.12/site-packages/airflow/example_dags/example_external_task_marker_dag.py
[2024-04-27T09:43:32.632+0000] {logging_mixin.py:188} INFO - [2024-04-27T09:43:32.631+0000] {dag.py:3096} INFO - Sync 2 DAGs
[2024-04-27T09:43:32.654+0000] {logging_mixin.py:188} INFO - [2024-04-27T09:43:32.653+0000] {dag.py:3954} INFO - Setting next_dagrun for example_external_task_marker_child to None, run_after=None
[2024-04-27T09:43:32.662+0000] {logging_mixin.py:188} INFO - [2024-04-27T09:43:32.662+0000] {dag.py:3954} INFO - Setting next_dagrun for example_external_task_marker_parent to None, run_after=None
[2024-04-27T09:43:32.694+0000] {processor.py:183} INFO - Processing /home/airflow/.local/lib/python3.12/site-packages/airflow/example_dags/example_external_task_marker_dag.py took 0.122 seconds
[2024-04-27T09:44:03.051+0000] {processor.py:161} INFO - Started process (PID=365) to work on /home/airflow/.local/lib/python3.12/site-packages/airflow/example_dags/example_external_task_marker_dag.py
[2024-04-27T09:44:03.052+0000] {processor.py:830} INFO - Processing file /home/airflow/.local/lib/python3.12/site-packages/airflow/example_dags/example_external_task_marker_dag.py for tasks to queue
[2024-04-27T09:44:03.054+0000] {logging_mixin.py:188} INFO - [2024-04-27T09:44:03.053+0000] {dagbag.py:540} INFO - Filling up the DagBag from /home/airflow/.local/lib/python3.12/site-packages/airflow/example_dags/example_external_task_marker_dag.py
[2024-04-27T09:44:03.060+0000] {processor.py:840} INFO - DAG(s) 'example_external_task_marker_child', 'example_external_task_marker_parent' retrieved from /home/airflow/.local/lib/python3.12/site-packages/airflow/example_dags/example_external_task_marker_dag.py
[2024-04-27T09:44:03.088+0000] {logging_mixin.py:188} INFO - [2024-04-27T09:44:03.088+0000] {dag.py:3096} INFO - Sync 2 DAGs
[2024-04-27T09:44:03.107+0000] {logging_mixin.py:188} INFO - [2024-04-27T09:44:03.106+0000] {dag.py:3954} INFO - Setting next_dagrun for example_external_task_marker_child to None, run_after=None
[2024-04-27T09:44:03.113+0000] {logging_mixin.py:188} INFO - [2024-04-27T09:44:03.112+0000] {dag.py:3954} INFO - Setting next_dagrun for example_external_task_marker_parent to None, run_after=None
[2024-04-27T09:44:03.138+0000] {processor.py:183} INFO - Processing /home/airflow/.local/lib/python3.12/site-packages/airflow/example_dags/example_external_task_marker_dag.py took 0.093 seconds
[2024-04-27T09:44:33.972+0000] {processor.py:161} INFO - Started process (PID=423) to work on /home/airflow/.local/lib/python3.12/site-packages/airflow/example_dags/example_external_task_marker_dag.py
[2024-04-27T09:44:33.973+0000] {processor.py:830} INFO - Processing file /home/airflow/.local/lib/python3.12/site-packages/airflow/example_dags/example_external_task_marker_dag.py for tasks to queue
[2024-04-27T09:44:33.976+0000] {logging_mixin.py:188} INFO - [2024-04-27T09:44:33.975+0000] {dagbag.py:540} INFO - Filling up the DagBag from /home/airflow/.local/lib/python3.12/site-packages/airflow/example_dags/example_external_task_marker_dag.py
[2024-04-27T09:44:33.984+0000] {processor.py:840} INFO - DAG(s) 'example_external_task_marker_parent', 'example_external_task_marker_child' retrieved from /home/airflow/.local/lib/python3.12/site-packages/airflow/example_dags/example_external_task_marker_dag.py
[2024-04-27T09:44:34.022+0000] {logging_mixin.py:188} INFO - [2024-04-27T09:44:34.021+0000] {dag.py:3096} INFO - Sync 2 DAGs
[2024-04-27T09:44:34.048+0000] {logging_mixin.py:188} INFO - [2024-04-27T09:44:34.048+0000] {dag.py:3954} INFO - Setting next_dagrun for example_external_task_marker_child to None, run_after=None
[2024-04-27T09:44:34.056+0000] {logging_mixin.py:188} INFO - [2024-04-27T09:44:34.056+0000] {dag.py:3954} INFO - Setting next_dagrun for example_external_task_marker_parent to None, run_after=None
[2024-04-27T09:44:34.086+0000] {processor.py:183} INFO - Processing /home/airflow/.local/lib/python3.12/site-packages/airflow/example_dags/example_external_task_marker_dag.py took 0.121 seconds
[2024-04-27T09:45:04.858+0000] {processor.py:161} INFO - Started process (PID=481) to work on /home/airflow/.local/lib/python3.12/site-packages/airflow/example_dags/example_external_task_marker_dag.py
[2024-04-27T09:45:04.859+0000] {processor.py:830} INFO - Processing file /home/airflow/.local/lib/python3.12/site-packages/airflow/example_dags/example_external_task_marker_dag.py for tasks to queue
[2024-04-27T09:45:04.862+0000] {logging_mixin.py:188} INFO - [2024-04-27T09:45:04.862+0000] {dagbag.py:540} INFO - Filling up the DagBag from /home/airflow/.local/lib/python3.12/site-packages/airflow/example_dags/example_external_task_marker_dag.py
[2024-04-27T09:45:04.869+0000] {processor.py:840} INFO - DAG(s) 'example_external_task_marker_parent', 'example_external_task_marker_child' retrieved from /home/airflow/.local/lib/python3.12/site-packages/airflow/example_dags/example_external_task_marker_dag.py
[2024-04-27T09:45:04.902+0000] {logging_mixin.py:188} INFO - [2024-04-27T09:45:04.902+0000] {dag.py:3096} INFO - Sync 2 DAGs
[2024-04-27T09:45:04.920+0000] {logging_mixin.py:188} INFO - [2024-04-27T09:45:04.920+0000] {dag.py:3954} INFO - Setting next_dagrun for example_external_task_marker_child to None, run_after=None
[2024-04-27T09:45:04.926+0000] {logging_mixin.py:188} INFO - [2024-04-27T09:45:04.926+0000] {dag.py:3954} INFO - Setting next_dagrun for example_external_task_marker_parent to None, run_after=None
[2024-04-27T09:45:04.956+0000] {processor.py:183} INFO - Processing /home/airflow/.local/lib/python3.12/site-packages/airflow/example_dags/example_external_task_marker_dag.py took 0.104 seconds
[2024-04-27T09:45:35.068+0000] {processor.py:161} INFO - Started process (PID=539) to work on /home/airflow/.local/lib/python3.12/site-packages/airflow/example_dags/example_external_task_marker_dag.py
[2024-04-27T09:45:35.069+0000] {processor.py:830} INFO - Processing file /home/airflow/.local/lib/python3.12/site-packages/airflow/example_dags/example_external_task_marker_dag.py for tasks to queue
[2024-04-27T09:45:35.072+0000] {logging_mixin.py:188} INFO - [2024-04-27T09:45:35.071+0000] {dagbag.py:540} INFO - Filling up the DagBag from /home/airflow/.local/lib/python3.12/site-packages/airflow/example_dags/example_external_task_marker_dag.py
[2024-04-27T09:45:35.079+0000] {processor.py:840} INFO - DAG(s) 'example_external_task_marker_parent', 'example_external_task_marker_child' retrieved from /home/airflow/.local/lib/python3.12/site-packages/airflow/example_dags/example_external_task_marker_dag.py
[2024-04-27T09:45:35.112+0000] {logging_mixin.py:188} INFO - [2024-04-27T09:45:35.112+0000] {dag.py:3096} INFO - Sync 2 DAGs
[2024-04-27T09:45:35.130+0000] {logging_mixin.py:188} INFO - [2024-04-27T09:45:35.130+0000] {dag.py:3954} INFO - Setting next_dagrun for example_external_task_marker_child to None, run_after=None
[2024-04-27T09:45:35.136+0000] {logging_mixin.py:188} INFO - [2024-04-27T09:45:35.136+0000] {dag.py:3954} INFO - Setting next_dagrun for example_external_task_marker_parent to None, run_after=None
[2024-04-27T09:45:35.159+0000] {processor.py:183} INFO - Processing /home/airflow/.local/lib/python3.12/site-packages/airflow/example_dags/example_external_task_marker_dag.py took 0.097 seconds
[2024-04-27T09:46:05.987+0000] {processor.py:161} INFO - Started process (PID=597) to work on /home/airflow/.local/lib/python3.12/site-packages/airflow/example_dags/example_external_task_marker_dag.py
[2024-04-27T09:46:05.989+0000] {processor.py:830} INFO - Processing file /home/airflow/.local/lib/python3.12/site-packages/airflow/example_dags/example_external_task_marker_dag.py for tasks to queue
[2024-04-27T09:46:05.992+0000] {logging_mixin.py:188} INFO - [2024-04-27T09:46:05.991+0000] {dagbag.py:540} INFO - Filling up the DagBag from /home/airflow/.local/lib/python3.12/site-packages/airflow/example_dags/example_external_task_marker_dag.py
[2024-04-27T09:46:06.000+0000] {processor.py:840} INFO - DAG(s) 'example_external_task_marker_child', 'example_external_task_marker_parent' retrieved from /home/airflow/.local/lib/python3.12/site-packages/airflow/example_dags/example_external_task_marker_dag.py
[2024-04-27T09:46:06.028+0000] {logging_mixin.py:188} INFO - [2024-04-27T09:46:06.028+0000] {dag.py:3096} INFO - Sync 2 DAGs
[2024-04-27T09:46:06.062+0000] {logging_mixin.py:188} INFO - [2024-04-27T09:46:06.060+0000] {dag.py:3954} INFO - Setting next_dagrun for example_external_task_marker_child to None, run_after=None
[2024-04-27T09:46:06.071+0000] {logging_mixin.py:188} INFO - [2024-04-27T09:46:06.071+0000] {dag.py:3954} INFO - Setting next_dagrun for example_external_task_marker_parent to None, run_after=None
[2024-04-27T09:46:06.121+0000] {processor.py:183} INFO - Processing /home/airflow/.local/lib/python3.12/site-packages/airflow/example_dags/example_external_task_marker_dag.py took 0.143 seconds
[2024-04-27T09:46:36.893+0000] {processor.py:161} INFO - Started process (PID=655) to work on /home/airflow/.local/lib/python3.12/site-packages/airflow/example_dags/example_external_task_marker_dag.py
[2024-04-27T09:46:36.894+0000] {processor.py:830} INFO - Processing file /home/airflow/.local/lib/python3.12/site-packages/airflow/example_dags/example_external_task_marker_dag.py for tasks to queue
[2024-04-27T09:46:36.897+0000] {logging_mixin.py:188} INFO - [2024-04-27T09:46:36.896+0000] {dagbag.py:540} INFO - Filling up the DagBag from /home/airflow/.local/lib/python3.12/site-packages/airflow/example_dags/example_external_task_marker_dag.py
[2024-04-27T09:46:36.905+0000] {processor.py:840} INFO - DAG(s) 'example_external_task_marker_child', 'example_external_task_marker_parent' retrieved from /home/airflow/.local/lib/python3.12/site-packages/airflow/example_dags/example_external_task_marker_dag.py
[2024-04-27T09:46:36.936+0000] {logging_mixin.py:188} INFO - [2024-04-27T09:46:36.935+0000] {dag.py:3096} INFO - Sync 2 DAGs
[2024-04-27T09:46:36.954+0000] {logging_mixin.py:188} INFO - [2024-04-27T09:46:36.954+0000] {dag.py:3954} INFO - Setting next_dagrun for example_external_task_marker_child to None, run_after=None
[2024-04-27T09:46:36.960+0000] {logging_mixin.py:188} INFO - [2024-04-27T09:46:36.960+0000] {dag.py:3954} INFO - Setting next_dagrun for example_external_task_marker_parent to None, run_after=None
[2024-04-27T09:46:36.985+0000] {processor.py:183} INFO - Processing /home/airflow/.local/lib/python3.12/site-packages/airflow/example_dags/example_external_task_marker_dag.py took 0.100 seconds
[2024-04-27T09:47:07.340+0000] {processor.py:161} INFO - Started process (PID=713) to work on /home/airflow/.local/lib/python3.12/site-packages/airflow/example_dags/example_external_task_marker_dag.py
[2024-04-27T09:47:07.342+0000] {processor.py:830} INFO - Processing file /home/airflow/.local/lib/python3.12/site-packages/airflow/example_dags/example_external_task_marker_dag.py for tasks to queue
[2024-04-27T09:47:07.344+0000] {logging_mixin.py:188} INFO - [2024-04-27T09:47:07.344+0000] {dagbag.py:540} INFO - Filling up the DagBag from /home/airflow/.local/lib/python3.12/site-packages/airflow/example_dags/example_external_task_marker_dag.py
[2024-04-27T09:47:07.352+0000] {processor.py:840} INFO - DAG(s) 'example_external_task_marker_parent', 'example_external_task_marker_child' retrieved from /home/airflow/.local/lib/python3.12/site-packages/airflow/example_dags/example_external_task_marker_dag.py
[2024-04-27T09:47:07.388+0000] {logging_mixin.py:188} INFO - [2024-04-27T09:47:07.388+0000] {dag.py:3096} INFO - Sync 2 DAGs
[2024-04-27T09:47:07.406+0000] {logging_mixin.py:188} INFO - [2024-04-27T09:47:07.406+0000] {dag.py:3954} INFO - Setting next_dagrun for example_external_task_marker_child to None, run_after=None
[2024-04-27T09:47:07.412+0000] {logging_mixin.py:188} INFO - [2024-04-27T09:47:07.412+0000] {dag.py:3954} INFO - Setting next_dagrun for example_external_task_marker_parent to None, run_after=None
[2024-04-27T09:47:07.437+0000] {processor.py:183} INFO - Processing /home/airflow/.local/lib/python3.12/site-packages/airflow/example_dags/example_external_task_marker_dag.py took 0.103 seconds
[2024-04-27T09:47:37.604+0000] {processor.py:161} INFO - Started process (PID=771) to work on /home/airflow/.local/lib/python3.12/site-packages/airflow/example_dags/example_external_task_marker_dag.py
[2024-04-27T09:47:37.605+0000] {processor.py:830} INFO - Processing file /home/airflow/.local/lib/python3.12/site-packages/airflow/example_dags/example_external_task_marker_dag.py for tasks to queue
[2024-04-27T09:47:37.608+0000] {logging_mixin.py:188} INFO - [2024-04-27T09:47:37.607+0000] {dagbag.py:540} INFO - Filling up the DagBag from /home/airflow/.local/lib/python3.12/site-packages/airflow/example_dags/example_external_task_marker_dag.py
[2024-04-27T09:47:37.614+0000] {processor.py:840} INFO - DAG(s) 'example_external_task_marker_parent', 'example_external_task_marker_child' retrieved from /home/airflow/.local/lib/python3.12/site-packages/airflow/example_dags/example_external_task_marker_dag.py
[2024-04-27T09:47:37.642+0000] {logging_mixin.py:188} INFO - [2024-04-27T09:47:37.641+0000] {dag.py:3096} INFO - Sync 2 DAGs
[2024-04-27T09:47:37.660+0000] {logging_mixin.py:188} INFO - [2024-04-27T09:47:37.659+0000] {dag.py:3954} INFO - Setting next_dagrun for example_external_task_marker_child to None, run_after=None
[2024-04-27T09:47:37.665+0000] {logging_mixin.py:188} INFO - [2024-04-27T09:47:37.665+0000] {dag.py:3954} INFO - Setting next_dagrun for example_external_task_marker_parent to None, run_after=None
[2024-04-27T09:47:37.688+0000] {processor.py:183} INFO - Processing /home/airflow/.local/lib/python3.12/site-packages/airflow/example_dags/example_external_task_marker_dag.py took 0.090 seconds
[2024-04-27T09:48:14.625+0000] {processor.py:161} INFO - Started process (PID=829) to work on /home/airflow/.local/lib/python3.12/site-packages/airflow/example_dags/example_external_task_marker_dag.py
[2024-04-27T09:48:14.628+0000] {processor.py:830} INFO - Processing file /home/airflow/.local/lib/python3.12/site-packages/airflow/example_dags/example_external_task_marker_dag.py for tasks to queue
[2024-04-27T09:48:14.634+0000] {logging_mixin.py:188} INFO - [2024-04-27T09:48:14.633+0000] {dagbag.py:540} INFO - Filling up the DagBag from /home/airflow/.local/lib/python3.12/site-packages/airflow/example_dags/example_external_task_marker_dag.py
[2024-04-27T09:48:14.653+0000] {processor.py:840} INFO - DAG(s) 'example_external_task_marker_child', 'example_external_task_marker_parent' retrieved from /home/airflow/.local/lib/python3.12/site-packages/airflow/example_dags/example_external_task_marker_dag.py
[2024-04-27T09:48:14.722+0000] {logging_mixin.py:188} INFO - [2024-04-27T09:48:14.721+0000] {dag.py:3096} INFO - Sync 2 DAGs
[2024-04-27T09:48:14.754+0000] {logging_mixin.py:188} INFO - [2024-04-27T09:48:14.754+0000] {dag.py:3954} INFO - Setting next_dagrun for example_external_task_marker_child to None, run_after=None
[2024-04-27T09:48:14.762+0000] {logging_mixin.py:188} INFO - [2024-04-27T09:48:14.762+0000] {dag.py:3954} INFO - Setting next_dagrun for example_external_task_marker_parent to None, run_after=None
[2024-04-27T09:48:14.817+0000] {processor.py:183} INFO - Processing /home/airflow/.local/lib/python3.12/site-packages/airflow/example_dags/example_external_task_marker_dag.py took 0.205 seconds
[2024-04-27T09:48:46.993+0000] {processor.py:161} INFO - Started process (PID=887) to work on /home/airflow/.local/lib/python3.12/site-packages/airflow/example_dags/example_external_task_marker_dag.py
[2024-04-27T09:48:46.996+0000] {processor.py:830} INFO - Processing file /home/airflow/.local/lib/python3.12/site-packages/airflow/example_dags/example_external_task_marker_dag.py for tasks to queue
[2024-04-27T09:48:47.002+0000] {logging_mixin.py:188} INFO - [2024-04-27T09:48:47.001+0000] {dagbag.py:540} INFO - Filling up the DagBag from /home/airflow/.local/lib/python3.12/site-packages/airflow/example_dags/example_external_task_marker_dag.py
[2024-04-27T09:48:47.047+0000] {processor.py:840} INFO - DAG(s) 'example_external_task_marker_child', 'example_external_task_marker_parent' retrieved from /home/airflow/.local/lib/python3.12/site-packages/airflow/example_dags/example_external_task_marker_dag.py
[2024-04-27T09:48:47.179+0000] {logging_mixin.py:188} INFO - [2024-04-27T09:48:47.178+0000] {dag.py:3096} INFO - Sync 2 DAGs
[2024-04-27T09:48:47.604+0000] {logging_mixin.py:188} INFO - [2024-04-27T09:48:47.603+0000] {dag.py:3954} INFO - Setting next_dagrun for example_external_task_marker_child to None, run_after=None
[2024-04-27T09:48:47.615+0000] {logging_mixin.py:188} INFO - [2024-04-27T09:48:47.614+0000] {dag.py:3954} INFO - Setting next_dagrun for example_external_task_marker_parent to None, run_after=None
[2024-04-27T09:48:47.679+0000] {processor.py:183} INFO - Processing /home/airflow/.local/lib/python3.12/site-packages/airflow/example_dags/example_external_task_marker_dag.py took 0.705 seconds
[2024-04-27T09:49:18.923+0000] {processor.py:161} INFO - Started process (PID=945) to work on /home/airflow/.local/lib/python3.12/site-packages/airflow/example_dags/example_external_task_marker_dag.py
[2024-04-27T09:49:18.926+0000] {processor.py:830} INFO - Processing file /home/airflow/.local/lib/python3.12/site-packages/airflow/example_dags/example_external_task_marker_dag.py for tasks to queue
[2024-04-27T09:49:18.930+0000] {logging_mixin.py:188} INFO - [2024-04-27T09:49:18.929+0000] {dagbag.py:540} INFO - Filling up the DagBag from /home/airflow/.local/lib/python3.12/site-packages/airflow/example_dags/example_external_task_marker_dag.py
[2024-04-27T09:49:18.946+0000] {processor.py:840} INFO - DAG(s) 'example_external_task_marker_child', 'example_external_task_marker_parent' retrieved from /home/airflow/.local/lib/python3.12/site-packages/airflow/example_dags/example_external_task_marker_dag.py
[2024-04-27T09:49:19.012+0000] {logging_mixin.py:188} INFO - [2024-04-27T09:49:19.011+0000] {dag.py:3096} INFO - Sync 2 DAGs
[2024-04-27T09:49:19.047+0000] {logging_mixin.py:188} INFO - [2024-04-27T09:49:19.047+0000] {dag.py:3954} INFO - Setting next_dagrun for example_external_task_marker_child to None, run_after=None
[2024-04-27T09:49:19.070+0000] {logging_mixin.py:188} INFO - [2024-04-27T09:49:19.069+0000] {dag.py:3954} INFO - Setting next_dagrun for example_external_task_marker_parent to None, run_after=None
[2024-04-27T09:49:19.527+0000] {processor.py:183} INFO - Processing /home/airflow/.local/lib/python3.12/site-packages/airflow/example_dags/example_external_task_marker_dag.py took 0.616 seconds
[2024-04-27T09:49:49.794+0000] {processor.py:161} INFO - Started process (PID=1004) to work on /home/airflow/.local/lib/python3.12/site-packages/airflow/example_dags/example_external_task_marker_dag.py
[2024-04-27T09:49:49.796+0000] {processor.py:830} INFO - Processing file /home/airflow/.local/lib/python3.12/site-packages/airflow/example_dags/example_external_task_marker_dag.py for tasks to queue
[2024-04-27T09:49:49.799+0000] {logging_mixin.py:188} INFO - [2024-04-27T09:49:49.798+0000] {dagbag.py:540} INFO - Filling up the DagBag from /home/airflow/.local/lib/python3.12/site-packages/airflow/example_dags/example_external_task_marker_dag.py
[2024-04-27T09:49:49.808+0000] {processor.py:840} INFO - DAG(s) 'example_external_task_marker_child', 'example_external_task_marker_parent' retrieved from /home/airflow/.local/lib/python3.12/site-packages/airflow/example_dags/example_external_task_marker_dag.py
[2024-04-27T09:49:49.847+0000] {logging_mixin.py:188} INFO - [2024-04-27T09:49:49.846+0000] {dag.py:3096} INFO - Sync 2 DAGs
[2024-04-27T09:49:49.869+0000] {logging_mixin.py:188} INFO - [2024-04-27T09:49:49.868+0000] {dag.py:3954} INFO - Setting next_dagrun for example_external_task_marker_child to None, run_after=None
[2024-04-27T09:49:49.876+0000] {logging_mixin.py:188} INFO - [2024-04-27T09:49:49.876+0000] {dag.py:3954} INFO - Setting next_dagrun for example_external_task_marker_parent to None, run_after=None
[2024-04-27T09:49:49.922+0000] {processor.py:183} INFO - Processing /home/airflow/.local/lib/python3.12/site-packages/airflow/example_dags/example_external_task_marker_dag.py took 0.137 seconds
[2024-04-27T09:50:20.739+0000] {processor.py:161} INFO - Started process (PID=1068) to work on /home/airflow/.local/lib/python3.12/site-packages/airflow/example_dags/example_external_task_marker_dag.py
[2024-04-27T09:50:20.741+0000] {processor.py:830} INFO - Processing file /home/airflow/.local/lib/python3.12/site-packages/airflow/example_dags/example_external_task_marker_dag.py for tasks to queue
[2024-04-27T09:50:20.744+0000] {logging_mixin.py:188} INFO - [2024-04-27T09:50:20.743+0000] {dagbag.py:540} INFO - Filling up the DagBag from /home/airflow/.local/lib/python3.12/site-packages/airflow/example_dags/example_external_task_marker_dag.py
[2024-04-27T09:50:20.757+0000] {processor.py:840} INFO - DAG(s) 'example_external_task_marker_parent', 'example_external_task_marker_child' retrieved from /home/airflow/.local/lib/python3.12/site-packages/airflow/example_dags/example_external_task_marker_dag.py
[2024-04-27T09:50:20.795+0000] {logging_mixin.py:188} INFO - [2024-04-27T09:50:20.794+0000] {dag.py:3096} INFO - Sync 2 DAGs
[2024-04-27T09:50:20.818+0000] {logging_mixin.py:188} INFO - [2024-04-27T09:50:20.818+0000] {dag.py:3954} INFO - Setting next_dagrun for example_external_task_marker_child to None, run_after=None
[2024-04-27T09:50:20.827+0000] {logging_mixin.py:188} INFO - [2024-04-27T09:50:20.826+0000] {dag.py:3954} INFO - Setting next_dagrun for example_external_task_marker_parent to None, run_after=None
[2024-04-27T09:50:20.870+0000] {processor.py:183} INFO - Processing /home/airflow/.local/lib/python3.12/site-packages/airflow/example_dags/example_external_task_marker_dag.py took 0.141 seconds
[2024-04-27T09:50:51.999+0000] {processor.py:161} INFO - Started process (PID=1126) to work on /home/airflow/.local/lib/python3.12/site-packages/airflow/example_dags/example_external_task_marker_dag.py
[2024-04-27T09:50:52.000+0000] {processor.py:830} INFO - Processing file /home/airflow/.local/lib/python3.12/site-packages/airflow/example_dags/example_external_task_marker_dag.py for tasks to queue
[2024-04-27T09:50:52.003+0000] {logging_mixin.py:188} INFO - [2024-04-27T09:50:52.002+0000] {dagbag.py:540} INFO - Filling up the DagBag from /home/airflow/.local/lib/python3.12/site-packages/airflow/example_dags/example_external_task_marker_dag.py
[2024-04-27T09:50:52.012+0000] {processor.py:840} INFO - DAG(s) 'example_external_task_marker_child', 'example_external_task_marker_parent' retrieved from /home/airflow/.local/lib/python3.12/site-packages/airflow/example_dags/example_external_task_marker_dag.py
[2024-04-27T09:50:52.053+0000] {logging_mixin.py:188} INFO - [2024-04-27T09:50:52.052+0000] {dag.py:3096} INFO - Sync 2 DAGs
[2024-04-27T09:50:52.079+0000] {logging_mixin.py:188} INFO - [2024-04-27T09:50:52.078+0000] {dag.py:3954} INFO - Setting next_dagrun for example_external_task_marker_child to None, run_after=None
[2024-04-27T09:50:52.088+0000] {logging_mixin.py:188} INFO - [2024-04-27T09:50:52.088+0000] {dag.py:3954} INFO - Setting next_dagrun for example_external_task_marker_parent to None, run_after=None
[2024-04-27T09:50:52.123+0000] {processor.py:183} INFO - Processing /home/airflow/.local/lib/python3.12/site-packages/airflow/example_dags/example_external_task_marker_dag.py took 0.134 seconds
[2024-04-27T09:51:22.457+0000] {processor.py:161} INFO - Started process (PID=1184) to work on /home/airflow/.local/lib/python3.12/site-packages/airflow/example_dags/example_external_task_marker_dag.py
[2024-04-27T09:51:22.459+0000] {processor.py:830} INFO - Processing file /home/airflow/.local/lib/python3.12/site-packages/airflow/example_dags/example_external_task_marker_dag.py for tasks to queue
[2024-04-27T09:51:22.463+0000] {logging_mixin.py:188} INFO - [2024-04-27T09:51:22.462+0000] {dagbag.py:540} INFO - Filling up the DagBag from /home/airflow/.local/lib/python3.12/site-packages/airflow/example_dags/example_external_task_marker_dag.py
[2024-04-27T09:51:22.474+0000] {processor.py:840} INFO - DAG(s) 'example_external_task_marker_parent', 'example_external_task_marker_child' retrieved from /home/airflow/.local/lib/python3.12/site-packages/airflow/example_dags/example_external_task_marker_dag.py
[2024-04-27T09:51:22.513+0000] {logging_mixin.py:188} INFO - [2024-04-27T09:51:22.513+0000] {dag.py:3096} INFO - Sync 2 DAGs
[2024-04-27T09:51:22.542+0000] {logging_mixin.py:188} INFO - [2024-04-27T09:51:22.541+0000] {dag.py:3954} INFO - Setting next_dagrun for example_external_task_marker_child to None, run_after=None
[2024-04-27T09:51:22.550+0000] {logging_mixin.py:188} INFO - [2024-04-27T09:51:22.549+0000] {dag.py:3954} INFO - Setting next_dagrun for example_external_task_marker_parent to None, run_after=None
[2024-04-27T09:51:22.593+0000] {processor.py:183} INFO - Processing /home/airflow/.local/lib/python3.12/site-packages/airflow/example_dags/example_external_task_marker_dag.py took 0.146 seconds
[2024-04-27T09:51:53.030+0000] {processor.py:161} INFO - Started process (PID=1242) to work on /home/airflow/.local/lib/python3.12/site-packages/airflow/example_dags/example_external_task_marker_dag.py
[2024-04-27T09:51:53.033+0000] {processor.py:830} INFO - Processing file /home/airflow/.local/lib/python3.12/site-packages/airflow/example_dags/example_external_task_marker_dag.py for tasks to queue
[2024-04-27T09:51:53.038+0000] {logging_mixin.py:188} INFO - [2024-04-27T09:51:53.037+0000] {dagbag.py:540} INFO - Filling up the DagBag from /home/airflow/.local/lib/python3.12/site-packages/airflow/example_dags/example_external_task_marker_dag.py
[2024-04-27T09:51:53.057+0000] {processor.py:840} INFO - DAG(s) 'example_external_task_marker_parent', 'example_external_task_marker_child' retrieved from /home/airflow/.local/lib/python3.12/site-packages/airflow/example_dags/example_external_task_marker_dag.py
[2024-04-27T09:51:53.116+0000] {logging_mixin.py:188} INFO - [2024-04-27T09:51:53.116+0000] {dag.py:3096} INFO - Sync 2 DAGs
[2024-04-27T09:51:53.154+0000] {logging_mixin.py:188} INFO - [2024-04-27T09:51:53.153+0000] {dag.py:3954} INFO - Setting next_dagrun for example_external_task_marker_child to None, run_after=None
[2024-04-27T09:51:53.167+0000] {logging_mixin.py:188} INFO - [2024-04-27T09:51:53.166+0000] {dag.py:3954} INFO - Setting next_dagrun for example_external_task_marker_parent to None, run_after=None
[2024-04-27T09:51:53.205+0000] {processor.py:183} INFO - Processing /home/airflow/.local/lib/python3.12/site-packages/airflow/example_dags/example_external_task_marker_dag.py took 0.191 seconds
