[2024-04-27T09:41:28.192+0000] {processor.py:161} INFO - Started process (PID=80) to work on /home/airflow/.local/lib/python3.12/site-packages/airflow/example_dags/example_dag_decorator.py
[2024-04-27T09:41:28.194+0000] {processor.py:830} INFO - Processing file /home/airflow/.local/lib/python3.12/site-packages/airflow/example_dags/example_dag_decorator.py for tasks to queue
[2024-04-27T09:41:28.197+0000] {logging_mixin.py:188} INFO - [2024-04-27T09:41:28.196+0000] {dagbag.py:540} INFO - Filling up the DagBag from /home/airflow/.local/lib/python3.12/site-packages/airflow/example_dags/example_dag_decorator.py
[2024-04-27T09:41:28.760+0000] {processor.py:840} INFO - DAG(s) 'example_dag_decorator' retrieved from /home/airflow/.local/lib/python3.12/site-packages/airflow/example_dags/example_dag_decorator.py
[2024-04-27T09:41:28.945+0000] {logging_mixin.py:188} INFO - [2024-04-27T09:41:28.944+0000] {dag.py:3096} INFO - Sync 1 DAGs
[2024-04-27T09:41:28.965+0000] {logging_mixin.py:188} INFO - [2024-04-27T09:41:28.964+0000] {dag.py:3954} INFO - Setting next_dagrun for example_dag_decorator to None, run_after=None
[2024-04-27T09:41:29.005+0000] {processor.py:183} INFO - Processing /home/airflow/.local/lib/python3.12/site-packages/airflow/example_dags/example_dag_decorator.py took 0.821 seconds
[2024-04-27T09:42:01.628+0000] {processor.py:161} INFO - Started process (PID=138) to work on /home/airflow/.local/lib/python3.12/site-packages/airflow/example_dags/example_dag_decorator.py
[2024-04-27T09:42:01.630+0000] {processor.py:830} INFO - Processing file /home/airflow/.local/lib/python3.12/site-packages/airflow/example_dags/example_dag_decorator.py for tasks to queue
[2024-04-27T09:42:01.632+0000] {logging_mixin.py:188} INFO - [2024-04-27T09:42:01.632+0000] {dagbag.py:540} INFO - Filling up the DagBag from /home/airflow/.local/lib/python3.12/site-packages/airflow/example_dags/example_dag_decorator.py
[2024-04-27T09:42:01.846+0000] {processor.py:840} INFO - DAG(s) 'example_dag_decorator' retrieved from /home/airflow/.local/lib/python3.12/site-packages/airflow/example_dags/example_dag_decorator.py
[2024-04-27T09:42:02.213+0000] {logging_mixin.py:188} INFO - [2024-04-27T09:42:02.213+0000] {dag.py:3096} INFO - Sync 1 DAGs
[2024-04-27T09:42:02.228+0000] {logging_mixin.py:188} INFO - [2024-04-27T09:42:02.228+0000] {dag.py:3954} INFO - Setting next_dagrun for example_dag_decorator to None, run_after=None
[2024-04-27T09:42:02.262+0000] {processor.py:183} INFO - Processing /home/airflow/.local/lib/python3.12/site-packages/airflow/example_dags/example_dag_decorator.py took 0.642 seconds
[2024-04-27T09:42:32.327+0000] {processor.py:161} INFO - Started process (PID=200) to work on /home/airflow/.local/lib/python3.12/site-packages/airflow/example_dags/example_dag_decorator.py
[2024-04-27T09:42:32.328+0000] {processor.py:830} INFO - Processing file /home/airflow/.local/lib/python3.12/site-packages/airflow/example_dags/example_dag_decorator.py for tasks to queue
[2024-04-27T09:42:32.331+0000] {logging_mixin.py:188} INFO - [2024-04-27T09:42:32.330+0000] {dagbag.py:540} INFO - Filling up the DagBag from /home/airflow/.local/lib/python3.12/site-packages/airflow/example_dags/example_dag_decorator.py
[2024-04-27T09:42:32.463+0000] {processor.py:840} INFO - DAG(s) 'example_dag_decorator' retrieved from /home/airflow/.local/lib/python3.12/site-packages/airflow/example_dags/example_dag_decorator.py
[2024-04-27T09:42:32.770+0000] {logging_mixin.py:188} INFO - [2024-04-27T09:42:32.770+0000] {dag.py:3096} INFO - Sync 1 DAGs
[2024-04-27T09:42:32.784+0000] {logging_mixin.py:188} INFO - [2024-04-27T09:42:32.783+0000] {dag.py:3954} INFO - Setting next_dagrun for example_dag_decorator to None, run_after=None
[2024-04-27T09:42:32.810+0000] {processor.py:183} INFO - Processing /home/airflow/.local/lib/python3.12/site-packages/airflow/example_dags/example_dag_decorator.py took 0.492 seconds
[2024-04-27T09:43:03.557+0000] {processor.py:161} INFO - Started process (PID=259) to work on /home/airflow/.local/lib/python3.12/site-packages/airflow/example_dags/example_dag_decorator.py
[2024-04-27T09:43:03.559+0000] {processor.py:830} INFO - Processing file /home/airflow/.local/lib/python3.12/site-packages/airflow/example_dags/example_dag_decorator.py for tasks to queue
[2024-04-27T09:43:03.562+0000] {logging_mixin.py:188} INFO - [2024-04-27T09:43:03.561+0000] {dagbag.py:540} INFO - Filling up the DagBag from /home/airflow/.local/lib/python3.12/site-packages/airflow/example_dags/example_dag_decorator.py
[2024-04-27T09:43:03.678+0000] {processor.py:840} INFO - DAG(s) 'example_dag_decorator' retrieved from /home/airflow/.local/lib/python3.12/site-packages/airflow/example_dags/example_dag_decorator.py
[2024-04-27T09:43:03.978+0000] {logging_mixin.py:188} INFO - [2024-04-27T09:43:03.977+0000] {dag.py:3096} INFO - Sync 1 DAGs
[2024-04-27T09:43:03.991+0000] {logging_mixin.py:188} INFO - [2024-04-27T09:43:03.991+0000] {dag.py:3954} INFO - Setting next_dagrun for example_dag_decorator to None, run_after=None
[2024-04-27T09:43:04.020+0000] {processor.py:183} INFO - Processing /home/airflow/.local/lib/python3.12/site-packages/airflow/example_dags/example_dag_decorator.py took 0.469 seconds
[2024-04-27T09:43:34.321+0000] {processor.py:161} INFO - Started process (PID=317) to work on /home/airflow/.local/lib/python3.12/site-packages/airflow/example_dags/example_dag_decorator.py
[2024-04-27T09:43:34.323+0000] {processor.py:830} INFO - Processing file /home/airflow/.local/lib/python3.12/site-packages/airflow/example_dags/example_dag_decorator.py for tasks to queue
[2024-04-27T09:43:34.326+0000] {logging_mixin.py:188} INFO - [2024-04-27T09:43:34.325+0000] {dagbag.py:540} INFO - Filling up the DagBag from /home/airflow/.local/lib/python3.12/site-packages/airflow/example_dags/example_dag_decorator.py
[2024-04-27T09:43:34.467+0000] {processor.py:840} INFO - DAG(s) 'example_dag_decorator' retrieved from /home/airflow/.local/lib/python3.12/site-packages/airflow/example_dags/example_dag_decorator.py
[2024-04-27T09:43:34.930+0000] {logging_mixin.py:188} INFO - [2024-04-27T09:43:34.930+0000] {dag.py:3096} INFO - Sync 1 DAGs
[2024-04-27T09:43:34.947+0000] {logging_mixin.py:188} INFO - [2024-04-27T09:43:34.946+0000] {dag.py:3954} INFO - Setting next_dagrun for example_dag_decorator to None, run_after=None
[2024-04-27T09:43:34.985+0000] {processor.py:183} INFO - Processing /home/airflow/.local/lib/python3.12/site-packages/airflow/example_dags/example_dag_decorator.py took 0.670 seconds
[2024-04-27T09:44:05.591+0000] {processor.py:161} INFO - Started process (PID=375) to work on /home/airflow/.local/lib/python3.12/site-packages/airflow/example_dags/example_dag_decorator.py
[2024-04-27T09:44:05.592+0000] {processor.py:830} INFO - Processing file /home/airflow/.local/lib/python3.12/site-packages/airflow/example_dags/example_dag_decorator.py for tasks to queue
[2024-04-27T09:44:05.594+0000] {logging_mixin.py:188} INFO - [2024-04-27T09:44:05.594+0000] {dagbag.py:540} INFO - Filling up the DagBag from /home/airflow/.local/lib/python3.12/site-packages/airflow/example_dags/example_dag_decorator.py
[2024-04-27T09:44:05.706+0000] {processor.py:840} INFO - DAG(s) 'example_dag_decorator' retrieved from /home/airflow/.local/lib/python3.12/site-packages/airflow/example_dags/example_dag_decorator.py
[2024-04-27T09:44:05.980+0000] {logging_mixin.py:188} INFO - [2024-04-27T09:44:05.980+0000] {dag.py:3096} INFO - Sync 1 DAGs
[2024-04-27T09:44:05.996+0000] {logging_mixin.py:188} INFO - [2024-04-27T09:44:05.996+0000] {dag.py:3954} INFO - Setting next_dagrun for example_dag_decorator to None, run_after=None
[2024-04-27T09:44:06.021+0000] {processor.py:183} INFO - Processing /home/airflow/.local/lib/python3.12/site-packages/airflow/example_dags/example_dag_decorator.py took 0.437 seconds
[2024-04-27T09:44:36.597+0000] {processor.py:161} INFO - Started process (PID=433) to work on /home/airflow/.local/lib/python3.12/site-packages/airflow/example_dags/example_dag_decorator.py
[2024-04-27T09:44:36.599+0000] {processor.py:830} INFO - Processing file /home/airflow/.local/lib/python3.12/site-packages/airflow/example_dags/example_dag_decorator.py for tasks to queue
[2024-04-27T09:44:36.601+0000] {logging_mixin.py:188} INFO - [2024-04-27T09:44:36.600+0000] {dagbag.py:540} INFO - Filling up the DagBag from /home/airflow/.local/lib/python3.12/site-packages/airflow/example_dags/example_dag_decorator.py
[2024-04-27T09:44:36.758+0000] {processor.py:840} INFO - DAG(s) 'example_dag_decorator' retrieved from /home/airflow/.local/lib/python3.12/site-packages/airflow/example_dags/example_dag_decorator.py
[2024-04-27T09:44:36.788+0000] {logging_mixin.py:188} INFO - [2024-04-27T09:44:36.787+0000] {dag.py:3096} INFO - Sync 1 DAGs
[2024-04-27T09:44:36.807+0000] {logging_mixin.py:188} INFO - [2024-04-27T09:44:36.807+0000] {dag.py:3954} INFO - Setting next_dagrun for example_dag_decorator to None, run_after=None
[2024-04-27T09:44:36.985+0000] {processor.py:183} INFO - Processing /home/airflow/.local/lib/python3.12/site-packages/airflow/example_dags/example_dag_decorator.py took 0.394 seconds
[2024-04-27T09:45:07.717+0000] {processor.py:161} INFO - Started process (PID=491) to work on /home/airflow/.local/lib/python3.12/site-packages/airflow/example_dags/example_dag_decorator.py
[2024-04-27T09:45:07.719+0000] {processor.py:830} INFO - Processing file /home/airflow/.local/lib/python3.12/site-packages/airflow/example_dags/example_dag_decorator.py for tasks to queue
[2024-04-27T09:45:07.721+0000] {logging_mixin.py:188} INFO - [2024-04-27T09:45:07.721+0000] {dagbag.py:540} INFO - Filling up the DagBag from /home/airflow/.local/lib/python3.12/site-packages/airflow/example_dags/example_dag_decorator.py
[2024-04-27T09:45:07.900+0000] {processor.py:840} INFO - DAG(s) 'example_dag_decorator' retrieved from /home/airflow/.local/lib/python3.12/site-packages/airflow/example_dags/example_dag_decorator.py
[2024-04-27T09:45:08.293+0000] {logging_mixin.py:188} INFO - [2024-04-27T09:45:08.293+0000] {dag.py:3096} INFO - Sync 1 DAGs
[2024-04-27T09:45:08.308+0000] {logging_mixin.py:188} INFO - [2024-04-27T09:45:08.307+0000] {dag.py:3954} INFO - Setting next_dagrun for example_dag_decorator to None, run_after=None
[2024-04-27T09:45:08.435+0000] {processor.py:183} INFO - Processing /home/airflow/.local/lib/python3.12/site-packages/airflow/example_dags/example_dag_decorator.py took 0.726 seconds
[2024-04-27T09:45:38.625+0000] {processor.py:161} INFO - Started process (PID=549) to work on /home/airflow/.local/lib/python3.12/site-packages/airflow/example_dags/example_dag_decorator.py
[2024-04-27T09:45:38.627+0000] {processor.py:830} INFO - Processing file /home/airflow/.local/lib/python3.12/site-packages/airflow/example_dags/example_dag_decorator.py for tasks to queue
[2024-04-27T09:45:38.629+0000] {logging_mixin.py:188} INFO - [2024-04-27T09:45:38.629+0000] {dagbag.py:540} INFO - Filling up the DagBag from /home/airflow/.local/lib/python3.12/site-packages/airflow/example_dags/example_dag_decorator.py
[2024-04-27T09:45:38.770+0000] {processor.py:840} INFO - DAG(s) 'example_dag_decorator' retrieved from /home/airflow/.local/lib/python3.12/site-packages/airflow/example_dags/example_dag_decorator.py
[2024-04-27T09:45:39.069+0000] {logging_mixin.py:188} INFO - [2024-04-27T09:45:39.069+0000] {dag.py:3096} INFO - Sync 1 DAGs
[2024-04-27T09:45:39.082+0000] {logging_mixin.py:188} INFO - [2024-04-27T09:45:39.082+0000] {dag.py:3954} INFO - Setting next_dagrun for example_dag_decorator to None, run_after=None
[2024-04-27T09:45:39.113+0000] {processor.py:183} INFO - Processing /home/airflow/.local/lib/python3.12/site-packages/airflow/example_dags/example_dag_decorator.py took 0.495 seconds
[2024-04-27T09:46:09.617+0000] {processor.py:161} INFO - Started process (PID=607) to work on /home/airflow/.local/lib/python3.12/site-packages/airflow/example_dags/example_dag_decorator.py
[2024-04-27T09:46:09.618+0000] {processor.py:830} INFO - Processing file /home/airflow/.local/lib/python3.12/site-packages/airflow/example_dags/example_dag_decorator.py for tasks to queue
[2024-04-27T09:46:09.620+0000] {logging_mixin.py:188} INFO - [2024-04-27T09:46:09.619+0000] {dagbag.py:540} INFO - Filling up the DagBag from /home/airflow/.local/lib/python3.12/site-packages/airflow/example_dags/example_dag_decorator.py
[2024-04-27T09:46:09.732+0000] {processor.py:840} INFO - DAG(s) 'example_dag_decorator' retrieved from /home/airflow/.local/lib/python3.12/site-packages/airflow/example_dags/example_dag_decorator.py
[2024-04-27T09:46:09.759+0000] {logging_mixin.py:188} INFO - [2024-04-27T09:46:09.759+0000] {dag.py:3096} INFO - Sync 1 DAGs
[2024-04-27T09:46:09.777+0000] {logging_mixin.py:188} INFO - [2024-04-27T09:46:09.777+0000] {dag.py:3954} INFO - Setting next_dagrun for example_dag_decorator to None, run_after=None
[2024-04-27T09:46:09.803+0000] {processor.py:183} INFO - Processing /home/airflow/.local/lib/python3.12/site-packages/airflow/example_dags/example_dag_decorator.py took 0.192 seconds
[2024-04-27T09:46:40.481+0000] {processor.py:161} INFO - Started process (PID=665) to work on /home/airflow/.local/lib/python3.12/site-packages/airflow/example_dags/example_dag_decorator.py
[2024-04-27T09:46:40.482+0000] {processor.py:830} INFO - Processing file /home/airflow/.local/lib/python3.12/site-packages/airflow/example_dags/example_dag_decorator.py for tasks to queue
[2024-04-27T09:46:40.485+0000] {logging_mixin.py:188} INFO - [2024-04-27T09:46:40.485+0000] {dagbag.py:540} INFO - Filling up the DagBag from /home/airflow/.local/lib/python3.12/site-packages/airflow/example_dags/example_dag_decorator.py
[2024-04-27T09:46:40.880+0000] {processor.py:840} INFO - DAG(s) 'example_dag_decorator' retrieved from /home/airflow/.local/lib/python3.12/site-packages/airflow/example_dags/example_dag_decorator.py
[2024-04-27T09:46:41.093+0000] {logging_mixin.py:188} INFO - [2024-04-27T09:46:41.093+0000] {dag.py:3096} INFO - Sync 1 DAGs
[2024-04-27T09:46:41.143+0000] {logging_mixin.py:188} INFO - [2024-04-27T09:46:41.142+0000] {dag.py:3954} INFO - Setting next_dagrun for example_dag_decorator to None, run_after=None
[2024-04-27T09:46:41.249+0000] {processor.py:183} INFO - Processing /home/airflow/.local/lib/python3.12/site-packages/airflow/example_dags/example_dag_decorator.py took 0.777 seconds
[2024-04-27T09:47:12.037+0000] {processor.py:161} INFO - Started process (PID=723) to work on /home/airflow/.local/lib/python3.12/site-packages/airflow/example_dags/example_dag_decorator.py
[2024-04-27T09:47:12.040+0000] {processor.py:830} INFO - Processing file /home/airflow/.local/lib/python3.12/site-packages/airflow/example_dags/example_dag_decorator.py for tasks to queue
[2024-04-27T09:47:12.044+0000] {logging_mixin.py:188} INFO - [2024-04-27T09:47:12.043+0000] {dagbag.py:540} INFO - Filling up the DagBag from /home/airflow/.local/lib/python3.12/site-packages/airflow/example_dags/example_dag_decorator.py
[2024-04-27T09:47:12.369+0000] {processor.py:840} INFO - DAG(s) 'example_dag_decorator' retrieved from /home/airflow/.local/lib/python3.12/site-packages/airflow/example_dags/example_dag_decorator.py
[2024-04-27T09:47:12.522+0000] {logging_mixin.py:188} INFO - [2024-04-27T09:47:12.521+0000] {dag.py:3096} INFO - Sync 1 DAGs
[2024-04-27T09:47:12.537+0000] {logging_mixin.py:188} INFO - [2024-04-27T09:47:12.537+0000] {dag.py:3954} INFO - Setting next_dagrun for example_dag_decorator to None, run_after=None
[2024-04-27T09:47:12.570+0000] {processor.py:183} INFO - Processing /home/airflow/.local/lib/python3.12/site-packages/airflow/example_dags/example_dag_decorator.py took 0.543 seconds
[2024-04-27T09:47:43.176+0000] {processor.py:161} INFO - Started process (PID=781) to work on /home/airflow/.local/lib/python3.12/site-packages/airflow/example_dags/example_dag_decorator.py
[2024-04-27T09:47:43.178+0000] {processor.py:830} INFO - Processing file /home/airflow/.local/lib/python3.12/site-packages/airflow/example_dags/example_dag_decorator.py for tasks to queue
[2024-04-27T09:47:43.180+0000] {logging_mixin.py:188} INFO - [2024-04-27T09:47:43.179+0000] {dagbag.py:540} INFO - Filling up the DagBag from /home/airflow/.local/lib/python3.12/site-packages/airflow/example_dags/example_dag_decorator.py
[2024-04-27T09:47:43.433+0000] {processor.py:840} INFO - DAG(s) 'example_dag_decorator' retrieved from /home/airflow/.local/lib/python3.12/site-packages/airflow/example_dags/example_dag_decorator.py
[2024-04-27T09:47:43.561+0000] {logging_mixin.py:188} INFO - [2024-04-27T09:47:43.561+0000] {dag.py:3096} INFO - Sync 1 DAGs
[2024-04-27T09:47:43.574+0000] {logging_mixin.py:188} INFO - [2024-04-27T09:47:43.573+0000] {dag.py:3954} INFO - Setting next_dagrun for example_dag_decorator to None, run_after=None
[2024-04-27T09:47:43.601+0000] {processor.py:183} INFO - Processing /home/airflow/.local/lib/python3.12/site-packages/airflow/example_dags/example_dag_decorator.py took 0.430 seconds
[2024-04-27T09:48:15.179+0000] {processor.py:161} INFO - Started process (PID=833) to work on /home/airflow/.local/lib/python3.12/site-packages/airflow/example_dags/example_dag_decorator.py
[2024-04-27T09:48:15.181+0000] {processor.py:830} INFO - Processing file /home/airflow/.local/lib/python3.12/site-packages/airflow/example_dags/example_dag_decorator.py for tasks to queue
[2024-04-27T09:48:15.185+0000] {logging_mixin.py:188} INFO - [2024-04-27T09:48:15.184+0000] {dagbag.py:540} INFO - Filling up the DagBag from /home/airflow/.local/lib/python3.12/site-packages/airflow/example_dags/example_dag_decorator.py
[2024-04-27T09:48:15.483+0000] {processor.py:840} INFO - DAG(s) 'example_dag_decorator' retrieved from /home/airflow/.local/lib/python3.12/site-packages/airflow/example_dags/example_dag_decorator.py
[2024-04-27T09:48:16.197+0000] {logging_mixin.py:188} INFO - [2024-04-27T09:48:16.196+0000] {dag.py:3096} INFO - Sync 1 DAGs
[2024-04-27T09:48:16.239+0000] {logging_mixin.py:188} INFO - [2024-04-27T09:48:16.239+0000] {dag.py:3954} INFO - Setting next_dagrun for example_dag_decorator to None, run_after=None
[2024-04-27T09:48:16.314+0000] {processor.py:183} INFO - Processing /home/airflow/.local/lib/python3.12/site-packages/airflow/example_dags/example_dag_decorator.py took 1.149 seconds
[2024-04-27T09:48:48.482+0000] {processor.py:161} INFO - Started process (PID=891) to work on /home/airflow/.local/lib/python3.12/site-packages/airflow/example_dags/example_dag_decorator.py
[2024-04-27T09:48:48.484+0000] {processor.py:830} INFO - Processing file /home/airflow/.local/lib/python3.12/site-packages/airflow/example_dags/example_dag_decorator.py for tasks to queue
[2024-04-27T09:48:48.489+0000] {logging_mixin.py:188} INFO - [2024-04-27T09:48:48.488+0000] {dagbag.py:540} INFO - Filling up the DagBag from /home/airflow/.local/lib/python3.12/site-packages/airflow/example_dags/example_dag_decorator.py
[2024-04-27T09:48:49.064+0000] {processor.py:840} INFO - DAG(s) 'example_dag_decorator' retrieved from /home/airflow/.local/lib/python3.12/site-packages/airflow/example_dags/example_dag_decorator.py
[2024-04-27T09:48:49.333+0000] {logging_mixin.py:188} INFO - [2024-04-27T09:48:49.332+0000] {dag.py:3096} INFO - Sync 1 DAGs
[2024-04-27T09:48:49.360+0000] {logging_mixin.py:188} INFO - [2024-04-27T09:48:49.359+0000] {dag.py:3954} INFO - Setting next_dagrun for example_dag_decorator to None, run_after=None
[2024-04-27T09:48:49.429+0000] {processor.py:183} INFO - Processing /home/airflow/.local/lib/python3.12/site-packages/airflow/example_dags/example_dag_decorator.py took 0.959 seconds
[2024-04-27T09:49:21.060+0000] {processor.py:161} INFO - Started process (PID=956) to work on /home/airflow/.local/lib/python3.12/site-packages/airflow/example_dags/example_dag_decorator.py
[2024-04-27T09:49:21.062+0000] {processor.py:830} INFO - Processing file /home/airflow/.local/lib/python3.12/site-packages/airflow/example_dags/example_dag_decorator.py for tasks to queue
[2024-04-27T09:49:21.067+0000] {logging_mixin.py:188} INFO - [2024-04-27T09:49:21.066+0000] {dagbag.py:540} INFO - Filling up the DagBag from /home/airflow/.local/lib/python3.12/site-packages/airflow/example_dags/example_dag_decorator.py
[2024-04-27T09:49:21.949+0000] {processor.py:840} INFO - DAG(s) 'example_dag_decorator' retrieved from /home/airflow/.local/lib/python3.12/site-packages/airflow/example_dags/example_dag_decorator.py
[2024-04-27T09:49:22.302+0000] {logging_mixin.py:188} INFO - [2024-04-27T09:49:22.302+0000] {dag.py:3096} INFO - Sync 1 DAGs
[2024-04-27T09:49:22.337+0000] {logging_mixin.py:188} INFO - [2024-04-27T09:49:22.336+0000] {dag.py:3954} INFO - Setting next_dagrun for example_dag_decorator to None, run_after=None
[2024-04-27T09:49:22.415+0000] {processor.py:183} INFO - Processing /home/airflow/.local/lib/python3.12/site-packages/airflow/example_dags/example_dag_decorator.py took 1.368 seconds
[2024-04-27T09:49:52.575+0000] {processor.py:161} INFO - Started process (PID=1016) to work on /home/airflow/.local/lib/python3.12/site-packages/airflow/example_dags/example_dag_decorator.py
[2024-04-27T09:49:52.577+0000] {processor.py:830} INFO - Processing file /home/airflow/.local/lib/python3.12/site-packages/airflow/example_dags/example_dag_decorator.py for tasks to queue
[2024-04-27T09:49:52.580+0000] {logging_mixin.py:188} INFO - [2024-04-27T09:49:52.579+0000] {dagbag.py:540} INFO - Filling up the DagBag from /home/airflow/.local/lib/python3.12/site-packages/airflow/example_dags/example_dag_decorator.py
[2024-04-27T09:49:52.992+0000] {processor.py:840} INFO - DAG(s) 'example_dag_decorator' retrieved from /home/airflow/.local/lib/python3.12/site-packages/airflow/example_dags/example_dag_decorator.py
[2024-04-27T09:49:53.250+0000] {logging_mixin.py:188} INFO - [2024-04-27T09:49:53.249+0000] {dag.py:3096} INFO - Sync 1 DAGs
[2024-04-27T09:49:53.283+0000] {logging_mixin.py:188} INFO - [2024-04-27T09:49:53.282+0000] {dag.py:3954} INFO - Setting next_dagrun for example_dag_decorator to None, run_after=None
[2024-04-27T09:49:53.339+0000] {processor.py:183} INFO - Processing /home/airflow/.local/lib/python3.12/site-packages/airflow/example_dags/example_dag_decorator.py took 0.772 seconds
[2024-04-27T09:50:23.548+0000] {processor.py:161} INFO - Started process (PID=1074) to work on /home/airflow/.local/lib/python3.12/site-packages/airflow/example_dags/example_dag_decorator.py
[2024-04-27T09:50:23.550+0000] {processor.py:830} INFO - Processing file /home/airflow/.local/lib/python3.12/site-packages/airflow/example_dags/example_dag_decorator.py for tasks to queue
[2024-04-27T09:50:23.552+0000] {logging_mixin.py:188} INFO - [2024-04-27T09:50:23.551+0000] {dagbag.py:540} INFO - Filling up the DagBag from /home/airflow/.local/lib/python3.12/site-packages/airflow/example_dags/example_dag_decorator.py
[2024-04-27T09:50:23.800+0000] {processor.py:840} INFO - DAG(s) 'example_dag_decorator' retrieved from /home/airflow/.local/lib/python3.12/site-packages/airflow/example_dags/example_dag_decorator.py
[2024-04-27T09:50:24.090+0000] {logging_mixin.py:188} INFO - [2024-04-27T09:50:24.089+0000] {dag.py:3096} INFO - Sync 1 DAGs
[2024-04-27T09:50:24.112+0000] {logging_mixin.py:188} INFO - [2024-04-27T09:50:24.112+0000] {dag.py:3954} INFO - Setting next_dagrun for example_dag_decorator to None, run_after=None
[2024-04-27T09:50:24.162+0000] {processor.py:183} INFO - Processing /home/airflow/.local/lib/python3.12/site-packages/airflow/example_dags/example_dag_decorator.py took 0.624 seconds
[2024-04-27T09:50:55.024+0000] {processor.py:161} INFO - Started process (PID=1132) to work on /home/airflow/.local/lib/python3.12/site-packages/airflow/example_dags/example_dag_decorator.py
[2024-04-27T09:50:55.027+0000] {processor.py:830} INFO - Processing file /home/airflow/.local/lib/python3.12/site-packages/airflow/example_dags/example_dag_decorator.py for tasks to queue
[2024-04-27T09:50:55.032+0000] {logging_mixin.py:188} INFO - [2024-04-27T09:50:55.031+0000] {dagbag.py:540} INFO - Filling up the DagBag from /home/airflow/.local/lib/python3.12/site-packages/airflow/example_dags/example_dag_decorator.py
[2024-04-27T09:50:55.367+0000] {processor.py:840} INFO - DAG(s) 'example_dag_decorator' retrieved from /home/airflow/.local/lib/python3.12/site-packages/airflow/example_dags/example_dag_decorator.py
[2024-04-27T09:50:55.624+0000] {logging_mixin.py:188} INFO - [2024-04-27T09:50:55.623+0000] {dag.py:3096} INFO - Sync 1 DAGs
[2024-04-27T09:50:55.644+0000] {logging_mixin.py:188} INFO - [2024-04-27T09:50:55.643+0000] {dag.py:3954} INFO - Setting next_dagrun for example_dag_decorator to None, run_after=None
[2024-04-27T09:50:55.687+0000] {processor.py:183} INFO - Processing /home/airflow/.local/lib/python3.12/site-packages/airflow/example_dags/example_dag_decorator.py took 0.679 seconds
[2024-04-27T09:51:25.936+0000] {processor.py:161} INFO - Started process (PID=1194) to work on /home/airflow/.local/lib/python3.12/site-packages/airflow/example_dags/example_dag_decorator.py
[2024-04-27T09:51:25.941+0000] {processor.py:830} INFO - Processing file /home/airflow/.local/lib/python3.12/site-packages/airflow/example_dags/example_dag_decorator.py for tasks to queue
[2024-04-27T09:51:25.945+0000] {logging_mixin.py:188} INFO - [2024-04-27T09:51:25.944+0000] {dagbag.py:540} INFO - Filling up the DagBag from /home/airflow/.local/lib/python3.12/site-packages/airflow/example_dags/example_dag_decorator.py
[2024-04-27T09:51:26.222+0000] {processor.py:840} INFO - DAG(s) 'example_dag_decorator' retrieved from /home/airflow/.local/lib/python3.12/site-packages/airflow/example_dags/example_dag_decorator.py
[2024-04-27T09:51:26.504+0000] {logging_mixin.py:188} INFO - [2024-04-27T09:51:26.503+0000] {dag.py:3096} INFO - Sync 1 DAGs
[2024-04-27T09:51:26.529+0000] {logging_mixin.py:188} INFO - [2024-04-27T09:51:26.528+0000] {dag.py:3954} INFO - Setting next_dagrun for example_dag_decorator to None, run_after=None
[2024-04-27T09:51:26.565+0000] {processor.py:183} INFO - Processing /home/airflow/.local/lib/python3.12/site-packages/airflow/example_dags/example_dag_decorator.py took 0.646 seconds
[2024-04-27T09:51:57.159+0000] {processor.py:161} INFO - Started process (PID=1252) to work on /home/airflow/.local/lib/python3.12/site-packages/airflow/example_dags/example_dag_decorator.py
[2024-04-27T09:51:57.162+0000] {processor.py:830} INFO - Processing file /home/airflow/.local/lib/python3.12/site-packages/airflow/example_dags/example_dag_decorator.py for tasks to queue
[2024-04-27T09:51:57.166+0000] {logging_mixin.py:188} INFO - [2024-04-27T09:51:57.165+0000] {dagbag.py:540} INFO - Filling up the DagBag from /home/airflow/.local/lib/python3.12/site-packages/airflow/example_dags/example_dag_decorator.py
[2024-04-27T09:51:57.438+0000] {processor.py:840} INFO - DAG(s) 'example_dag_decorator' retrieved from /home/airflow/.local/lib/python3.12/site-packages/airflow/example_dags/example_dag_decorator.py
[2024-04-27T09:51:57.697+0000] {logging_mixin.py:188} INFO - [2024-04-27T09:51:57.696+0000] {dag.py:3096} INFO - Sync 1 DAGs
[2024-04-27T09:51:57.718+0000] {logging_mixin.py:188} INFO - [2024-04-27T09:51:57.718+0000] {dag.py:3954} INFO - Setting next_dagrun for example_dag_decorator to None, run_after=None
[2024-04-27T09:51:57.780+0000] {processor.py:183} INFO - Processing /home/airflow/.local/lib/python3.12/site-packages/airflow/example_dags/example_dag_decorator.py took 0.637 seconds
