[2024-04-27T09:41:27.645+0000] {processor.py:161} INFO - Started process (PID=77) to work on /home/airflow/.local/lib/python3.12/site-packages/airflow/example_dags/tutorial_objectstorage.py
[2024-04-27T09:41:27.646+0000] {processor.py:830} INFO - Processing file /home/airflow/.local/lib/python3.12/site-packages/airflow/example_dags/tutorial_objectstorage.py for tasks to queue
[2024-04-27T09:41:27.649+0000] {logging_mixin.py:188} INFO - [2024-04-27T09:41:27.648+0000] {dagbag.py:540} INFO - Filling up the DagBag from /home/airflow/.local/lib/python3.12/site-packages/airflow/example_dags/tutorial_objectstorage.py
[2024-04-27T09:41:27.659+0000] {processor.py:840} INFO - DAG(s) 'tutorial_objectstorage' retrieved from /home/airflow/.local/lib/python3.12/site-packages/airflow/example_dags/tutorial_objectstorage.py
[2024-04-27T09:41:27.835+0000] {logging_mixin.py:188} INFO - [2024-04-27T09:41:27.834+0000] {dag.py:3096} INFO - Sync 1 DAGs
[2024-04-27T09:41:27.848+0000] {logging_mixin.py:188} INFO - [2024-04-27T09:41:27.848+0000] {dag.py:3954} INFO - Setting next_dagrun for tutorial_objectstorage to None, run_after=None
[2024-04-27T09:41:27.876+0000] {processor.py:183} INFO - Processing /home/airflow/.local/lib/python3.12/site-packages/airflow/example_dags/tutorial_objectstorage.py took 0.236 seconds
[2024-04-27T09:42:01.339+0000] {processor.py:161} INFO - Started process (PID=135) to work on /home/airflow/.local/lib/python3.12/site-packages/airflow/example_dags/tutorial_objectstorage.py
[2024-04-27T09:42:01.341+0000] {processor.py:830} INFO - Processing file /home/airflow/.local/lib/python3.12/site-packages/airflow/example_dags/tutorial_objectstorage.py for tasks to queue
[2024-04-27T09:42:01.343+0000] {logging_mixin.py:188} INFO - [2024-04-27T09:42:01.343+0000] {dagbag.py:540} INFO - Filling up the DagBag from /home/airflow/.local/lib/python3.12/site-packages/airflow/example_dags/tutorial_objectstorage.py
[2024-04-27T09:42:01.351+0000] {processor.py:840} INFO - DAG(s) 'tutorial_objectstorage' retrieved from /home/airflow/.local/lib/python3.12/site-packages/airflow/example_dags/tutorial_objectstorage.py
[2024-04-27T09:42:01.378+0000] {logging_mixin.py:188} INFO - [2024-04-27T09:42:01.377+0000] {dag.py:3096} INFO - Sync 1 DAGs
[2024-04-27T09:42:01.423+0000] {logging_mixin.py:188} INFO - [2024-04-27T09:42:01.422+0000] {dag.py:3954} INFO - Setting next_dagrun for tutorial_objectstorage to None, run_after=None
[2024-04-27T09:42:01.462+0000] {processor.py:183} INFO - Processing /home/airflow/.local/lib/python3.12/site-packages/airflow/example_dags/tutorial_objectstorage.py took 0.130 seconds
[2024-04-27T09:42:31.859+0000] {processor.py:161} INFO - Started process (PID=192) to work on /home/airflow/.local/lib/python3.12/site-packages/airflow/example_dags/tutorial_objectstorage.py
[2024-04-27T09:42:31.860+0000] {processor.py:830} INFO - Processing file /home/airflow/.local/lib/python3.12/site-packages/airflow/example_dags/tutorial_objectstorage.py for tasks to queue
[2024-04-27T09:42:31.863+0000] {logging_mixin.py:188} INFO - [2024-04-27T09:42:31.862+0000] {dagbag.py:540} INFO - Filling up the DagBag from /home/airflow/.local/lib/python3.12/site-packages/airflow/example_dags/tutorial_objectstorage.py
[2024-04-27T09:42:31.870+0000] {processor.py:840} INFO - DAG(s) 'tutorial_objectstorage' retrieved from /home/airflow/.local/lib/python3.12/site-packages/airflow/example_dags/tutorial_objectstorage.py
[2024-04-27T09:42:31.896+0000] {logging_mixin.py:188} INFO - [2024-04-27T09:42:31.895+0000] {dag.py:3096} INFO - Sync 1 DAGs
[2024-04-27T09:42:31.914+0000] {logging_mixin.py:188} INFO - [2024-04-27T09:42:31.913+0000] {dag.py:3954} INFO - Setting next_dagrun for tutorial_objectstorage to None, run_after=None
[2024-04-27T09:42:31.942+0000] {processor.py:183} INFO - Processing /home/airflow/.local/lib/python3.12/site-packages/airflow/example_dags/tutorial_objectstorage.py took 0.092 seconds
[2024-04-27T09:43:02.072+0000] {processor.py:161} INFO - Started process (PID=250) to work on /home/airflow/.local/lib/python3.12/site-packages/airflow/example_dags/tutorial_objectstorage.py
[2024-04-27T09:43:02.074+0000] {processor.py:830} INFO - Processing file /home/airflow/.local/lib/python3.12/site-packages/airflow/example_dags/tutorial_objectstorage.py for tasks to queue
[2024-04-27T09:43:02.076+0000] {logging_mixin.py:188} INFO - [2024-04-27T09:43:02.075+0000] {dagbag.py:540} INFO - Filling up the DagBag from /home/airflow/.local/lib/python3.12/site-packages/airflow/example_dags/tutorial_objectstorage.py
[2024-04-27T09:43:02.084+0000] {processor.py:840} INFO - DAG(s) 'tutorial_objectstorage' retrieved from /home/airflow/.local/lib/python3.12/site-packages/airflow/example_dags/tutorial_objectstorage.py
[2024-04-27T09:43:02.108+0000] {logging_mixin.py:188} INFO - [2024-04-27T09:43:02.107+0000] {dag.py:3096} INFO - Sync 1 DAGs
[2024-04-27T09:43:02.125+0000] {logging_mixin.py:188} INFO - [2024-04-27T09:43:02.125+0000] {dag.py:3954} INFO - Setting next_dagrun for tutorial_objectstorage to None, run_after=None
[2024-04-27T09:43:02.154+0000] {processor.py:183} INFO - Processing /home/airflow/.local/lib/python3.12/site-packages/airflow/example_dags/tutorial_objectstorage.py took 0.088 seconds
[2024-04-27T09:43:32.643+0000] {processor.py:161} INFO - Started process (PID=308) to work on /home/airflow/.local/lib/python3.12/site-packages/airflow/example_dags/tutorial_objectstorage.py
[2024-04-27T09:43:32.644+0000] {processor.py:830} INFO - Processing file /home/airflow/.local/lib/python3.12/site-packages/airflow/example_dags/tutorial_objectstorage.py for tasks to queue
[2024-04-27T09:43:32.647+0000] {logging_mixin.py:188} INFO - [2024-04-27T09:43:32.647+0000] {dagbag.py:540} INFO - Filling up the DagBag from /home/airflow/.local/lib/python3.12/site-packages/airflow/example_dags/tutorial_objectstorage.py
[2024-04-27T09:43:32.660+0000] {processor.py:840} INFO - DAG(s) 'tutorial_objectstorage' retrieved from /home/airflow/.local/lib/python3.12/site-packages/airflow/example_dags/tutorial_objectstorage.py
[2024-04-27T09:43:32.692+0000] {logging_mixin.py:188} INFO - [2024-04-27T09:43:32.692+0000] {dag.py:3096} INFO - Sync 1 DAGs
[2024-04-27T09:43:32.718+0000] {logging_mixin.py:188} INFO - [2024-04-27T09:43:32.718+0000] {dag.py:3954} INFO - Setting next_dagrun for tutorial_objectstorage to None, run_after=None
[2024-04-27T09:43:32.757+0000] {processor.py:183} INFO - Processing /home/airflow/.local/lib/python3.12/site-packages/airflow/example_dags/tutorial_objectstorage.py took 0.124 seconds
[2024-04-27T09:44:03.136+0000] {processor.py:161} INFO - Started process (PID=366) to work on /home/airflow/.local/lib/python3.12/site-packages/airflow/example_dags/tutorial_objectstorage.py
[2024-04-27T09:44:03.137+0000] {processor.py:830} INFO - Processing file /home/airflow/.local/lib/python3.12/site-packages/airflow/example_dags/tutorial_objectstorage.py for tasks to queue
[2024-04-27T09:44:03.140+0000] {logging_mixin.py:188} INFO - [2024-04-27T09:44:03.139+0000] {dagbag.py:540} INFO - Filling up the DagBag from /home/airflow/.local/lib/python3.12/site-packages/airflow/example_dags/tutorial_objectstorage.py
[2024-04-27T09:44:03.149+0000] {processor.py:840} INFO - DAG(s) 'tutorial_objectstorage' retrieved from /home/airflow/.local/lib/python3.12/site-packages/airflow/example_dags/tutorial_objectstorage.py
[2024-04-27T09:44:03.174+0000] {logging_mixin.py:188} INFO - [2024-04-27T09:44:03.174+0000] {dag.py:3096} INFO - Sync 1 DAGs
[2024-04-27T09:44:03.193+0000] {logging_mixin.py:188} INFO - [2024-04-27T09:44:03.192+0000] {dag.py:3954} INFO - Setting next_dagrun for tutorial_objectstorage to None, run_after=None
[2024-04-27T09:44:03.219+0000] {processor.py:183} INFO - Processing /home/airflow/.local/lib/python3.12/site-packages/airflow/example_dags/tutorial_objectstorage.py took 0.091 seconds
[2024-04-27T09:44:34.023+0000] {processor.py:161} INFO - Started process (PID=424) to work on /home/airflow/.local/lib/python3.12/site-packages/airflow/example_dags/tutorial_objectstorage.py
[2024-04-27T09:44:34.024+0000] {processor.py:830} INFO - Processing file /home/airflow/.local/lib/python3.12/site-packages/airflow/example_dags/tutorial_objectstorage.py for tasks to queue
[2024-04-27T09:44:34.026+0000] {logging_mixin.py:188} INFO - [2024-04-27T09:44:34.026+0000] {dagbag.py:540} INFO - Filling up the DagBag from /home/airflow/.local/lib/python3.12/site-packages/airflow/example_dags/tutorial_objectstorage.py
[2024-04-27T09:44:34.034+0000] {processor.py:840} INFO - DAG(s) 'tutorial_objectstorage' retrieved from /home/airflow/.local/lib/python3.12/site-packages/airflow/example_dags/tutorial_objectstorage.py
[2024-04-27T09:44:34.062+0000] {logging_mixin.py:188} INFO - [2024-04-27T09:44:34.061+0000] {dag.py:3096} INFO - Sync 1 DAGs
[2024-04-27T09:44:34.080+0000] {logging_mixin.py:188} INFO - [2024-04-27T09:44:34.080+0000] {dag.py:3954} INFO - Setting next_dagrun for tutorial_objectstorage to None, run_after=None
[2024-04-27T09:44:34.115+0000] {processor.py:183} INFO - Processing /home/airflow/.local/lib/python3.12/site-packages/airflow/example_dags/tutorial_objectstorage.py took 0.099 seconds
[2024-04-27T09:45:04.895+0000] {processor.py:161} INFO - Started process (PID=482) to work on /home/airflow/.local/lib/python3.12/site-packages/airflow/example_dags/tutorial_objectstorage.py
[2024-04-27T09:45:04.896+0000] {processor.py:830} INFO - Processing file /home/airflow/.local/lib/python3.12/site-packages/airflow/example_dags/tutorial_objectstorage.py for tasks to queue
[2024-04-27T09:45:04.898+0000] {logging_mixin.py:188} INFO - [2024-04-27T09:45:04.898+0000] {dagbag.py:540} INFO - Filling up the DagBag from /home/airflow/.local/lib/python3.12/site-packages/airflow/example_dags/tutorial_objectstorage.py
[2024-04-27T09:45:04.906+0000] {processor.py:840} INFO - DAG(s) 'tutorial_objectstorage' retrieved from /home/airflow/.local/lib/python3.12/site-packages/airflow/example_dags/tutorial_objectstorage.py
[2024-04-27T09:45:04.930+0000] {logging_mixin.py:188} INFO - [2024-04-27T09:45:04.930+0000] {dag.py:3096} INFO - Sync 1 DAGs
[2024-04-27T09:45:04.952+0000] {logging_mixin.py:188} INFO - [2024-04-27T09:45:04.952+0000] {dag.py:3954} INFO - Setting next_dagrun for tutorial_objectstorage to None, run_after=None
[2024-04-27T09:45:05.004+0000] {processor.py:183} INFO - Processing /home/airflow/.local/lib/python3.12/site-packages/airflow/example_dags/tutorial_objectstorage.py took 0.115 seconds
[2024-04-27T09:45:35.117+0000] {processor.py:161} INFO - Started process (PID=540) to work on /home/airflow/.local/lib/python3.12/site-packages/airflow/example_dags/tutorial_objectstorage.py
[2024-04-27T09:45:35.118+0000] {processor.py:830} INFO - Processing file /home/airflow/.local/lib/python3.12/site-packages/airflow/example_dags/tutorial_objectstorage.py for tasks to queue
[2024-04-27T09:45:35.120+0000] {logging_mixin.py:188} INFO - [2024-04-27T09:45:35.120+0000] {dagbag.py:540} INFO - Filling up the DagBag from /home/airflow/.local/lib/python3.12/site-packages/airflow/example_dags/tutorial_objectstorage.py
[2024-04-27T09:45:35.128+0000] {processor.py:840} INFO - DAG(s) 'tutorial_objectstorage' retrieved from /home/airflow/.local/lib/python3.12/site-packages/airflow/example_dags/tutorial_objectstorage.py
[2024-04-27T09:45:35.150+0000] {logging_mixin.py:188} INFO - [2024-04-27T09:45:35.149+0000] {dag.py:3096} INFO - Sync 1 DAGs
[2024-04-27T09:45:35.167+0000] {logging_mixin.py:188} INFO - [2024-04-27T09:45:35.166+0000] {dag.py:3954} INFO - Setting next_dagrun for tutorial_objectstorage to None, run_after=None
[2024-04-27T09:45:35.198+0000] {processor.py:183} INFO - Processing /home/airflow/.local/lib/python3.12/site-packages/airflow/example_dags/tutorial_objectstorage.py took 0.087 seconds
[2024-04-27T09:46:06.017+0000] {processor.py:161} INFO - Started process (PID=598) to work on /home/airflow/.local/lib/python3.12/site-packages/airflow/example_dags/tutorial_objectstorage.py
[2024-04-27T09:46:06.018+0000] {processor.py:830} INFO - Processing file /home/airflow/.local/lib/python3.12/site-packages/airflow/example_dags/tutorial_objectstorage.py for tasks to queue
[2024-04-27T09:46:06.020+0000] {logging_mixin.py:188} INFO - [2024-04-27T09:46:06.020+0000] {dagbag.py:540} INFO - Filling up the DagBag from /home/airflow/.local/lib/python3.12/site-packages/airflow/example_dags/tutorial_objectstorage.py
[2024-04-27T09:46:06.028+0000] {processor.py:840} INFO - DAG(s) 'tutorial_objectstorage' retrieved from /home/airflow/.local/lib/python3.12/site-packages/airflow/example_dags/tutorial_objectstorage.py
[2024-04-27T09:46:06.069+0000] {logging_mixin.py:188} INFO - [2024-04-27T09:46:06.069+0000] {dag.py:3096} INFO - Sync 1 DAGs
[2024-04-27T09:46:06.109+0000] {logging_mixin.py:188} INFO - [2024-04-27T09:46:06.108+0000] {dag.py:3954} INFO - Setting next_dagrun for tutorial_objectstorage to None, run_after=None
[2024-04-27T09:46:06.169+0000] {processor.py:183} INFO - Processing /home/airflow/.local/lib/python3.12/site-packages/airflow/example_dags/tutorial_objectstorage.py took 0.158 seconds
[2024-04-27T09:46:36.916+0000] {processor.py:161} INFO - Started process (PID=656) to work on /home/airflow/.local/lib/python3.12/site-packages/airflow/example_dags/tutorial_objectstorage.py
[2024-04-27T09:46:36.917+0000] {processor.py:830} INFO - Processing file /home/airflow/.local/lib/python3.12/site-packages/airflow/example_dags/tutorial_objectstorage.py for tasks to queue
[2024-04-27T09:46:36.919+0000] {logging_mixin.py:188} INFO - [2024-04-27T09:46:36.919+0000] {dagbag.py:540} INFO - Filling up the DagBag from /home/airflow/.local/lib/python3.12/site-packages/airflow/example_dags/tutorial_objectstorage.py
[2024-04-27T09:46:36.926+0000] {processor.py:840} INFO - DAG(s) 'tutorial_objectstorage' retrieved from /home/airflow/.local/lib/python3.12/site-packages/airflow/example_dags/tutorial_objectstorage.py
[2024-04-27T09:46:36.949+0000] {logging_mixin.py:188} INFO - [2024-04-27T09:46:36.948+0000] {dag.py:3096} INFO - Sync 1 DAGs
[2024-04-27T09:46:36.966+0000] {logging_mixin.py:188} INFO - [2024-04-27T09:46:36.966+0000] {dag.py:3954} INFO - Setting next_dagrun for tutorial_objectstorage to None, run_after=None
[2024-04-27T09:46:36.998+0000] {processor.py:183} INFO - Processing /home/airflow/.local/lib/python3.12/site-packages/airflow/example_dags/tutorial_objectstorage.py took 0.089 seconds
[2024-04-27T09:47:07.393+0000] {processor.py:161} INFO - Started process (PID=714) to work on /home/airflow/.local/lib/python3.12/site-packages/airflow/example_dags/tutorial_objectstorage.py
[2024-04-27T09:47:07.394+0000] {processor.py:830} INFO - Processing file /home/airflow/.local/lib/python3.12/site-packages/airflow/example_dags/tutorial_objectstorage.py for tasks to queue
[2024-04-27T09:47:07.396+0000] {logging_mixin.py:188} INFO - [2024-04-27T09:47:07.396+0000] {dagbag.py:540} INFO - Filling up the DagBag from /home/airflow/.local/lib/python3.12/site-packages/airflow/example_dags/tutorial_objectstorage.py
[2024-04-27T09:47:07.405+0000] {processor.py:840} INFO - DAG(s) 'tutorial_objectstorage' retrieved from /home/airflow/.local/lib/python3.12/site-packages/airflow/example_dags/tutorial_objectstorage.py
[2024-04-27T09:47:07.428+0000] {logging_mixin.py:188} INFO - [2024-04-27T09:47:07.428+0000] {dag.py:3096} INFO - Sync 1 DAGs
[2024-04-27T09:47:07.447+0000] {logging_mixin.py:188} INFO - [2024-04-27T09:47:07.447+0000] {dag.py:3954} INFO - Setting next_dagrun for tutorial_objectstorage to None, run_after=None
[2024-04-27T09:47:07.478+0000] {processor.py:183} INFO - Processing /home/airflow/.local/lib/python3.12/site-packages/airflow/example_dags/tutorial_objectstorage.py took 0.092 seconds
[2024-04-27T09:47:37.622+0000] {processor.py:161} INFO - Started process (PID=772) to work on /home/airflow/.local/lib/python3.12/site-packages/airflow/example_dags/tutorial_objectstorage.py
[2024-04-27T09:47:37.623+0000] {processor.py:830} INFO - Processing file /home/airflow/.local/lib/python3.12/site-packages/airflow/example_dags/tutorial_objectstorage.py for tasks to queue
[2024-04-27T09:47:37.626+0000] {logging_mixin.py:188} INFO - [2024-04-27T09:47:37.625+0000] {dagbag.py:540} INFO - Filling up the DagBag from /home/airflow/.local/lib/python3.12/site-packages/airflow/example_dags/tutorial_objectstorage.py
[2024-04-27T09:47:37.633+0000] {processor.py:840} INFO - DAG(s) 'tutorial_objectstorage' retrieved from /home/airflow/.local/lib/python3.12/site-packages/airflow/example_dags/tutorial_objectstorage.py
[2024-04-27T09:47:37.659+0000] {logging_mixin.py:188} INFO - [2024-04-27T09:47:37.658+0000] {dag.py:3096} INFO - Sync 1 DAGs
[2024-04-27T09:47:37.676+0000] {logging_mixin.py:188} INFO - [2024-04-27T09:47:37.675+0000] {dag.py:3954} INFO - Setting next_dagrun for tutorial_objectstorage to None, run_after=None
[2024-04-27T09:47:37.703+0000] {processor.py:183} INFO - Processing /home/airflow/.local/lib/python3.12/site-packages/airflow/example_dags/tutorial_objectstorage.py took 0.087 seconds
[2024-04-27T09:48:14.717+0000] {processor.py:161} INFO - Started process (PID=830) to work on /home/airflow/.local/lib/python3.12/site-packages/airflow/example_dags/tutorial_objectstorage.py
[2024-04-27T09:48:14.720+0000] {processor.py:830} INFO - Processing file /home/airflow/.local/lib/python3.12/site-packages/airflow/example_dags/tutorial_objectstorage.py for tasks to queue
[2024-04-27T09:48:14.724+0000] {logging_mixin.py:188} INFO - [2024-04-27T09:48:14.723+0000] {dagbag.py:540} INFO - Filling up the DagBag from /home/airflow/.local/lib/python3.12/site-packages/airflow/example_dags/tutorial_objectstorage.py
[2024-04-27T09:48:14.738+0000] {processor.py:840} INFO - DAG(s) 'tutorial_objectstorage' retrieved from /home/airflow/.local/lib/python3.12/site-packages/airflow/example_dags/tutorial_objectstorage.py
[2024-04-27T09:48:14.778+0000] {logging_mixin.py:188} INFO - [2024-04-27T09:48:14.777+0000] {dag.py:3096} INFO - Sync 1 DAGs
[2024-04-27T09:48:14.803+0000] {logging_mixin.py:188} INFO - [2024-04-27T09:48:14.802+0000] {dag.py:3954} INFO - Setting next_dagrun for tutorial_objectstorage to None, run_after=None
[2024-04-27T09:48:14.855+0000] {processor.py:183} INFO - Processing /home/airflow/.local/lib/python3.12/site-packages/airflow/example_dags/tutorial_objectstorage.py took 0.153 seconds
[2024-04-27T09:48:47.429+0000] {processor.py:161} INFO - Started process (PID=888) to work on /home/airflow/.local/lib/python3.12/site-packages/airflow/example_dags/tutorial_objectstorage.py
[2024-04-27T09:48:47.432+0000] {processor.py:830} INFO - Processing file /home/airflow/.local/lib/python3.12/site-packages/airflow/example_dags/tutorial_objectstorage.py for tasks to queue
[2024-04-27T09:48:47.437+0000] {logging_mixin.py:188} INFO - [2024-04-27T09:48:47.436+0000] {dagbag.py:540} INFO - Filling up the DagBag from /home/airflow/.local/lib/python3.12/site-packages/airflow/example_dags/tutorial_objectstorage.py
[2024-04-27T09:48:47.452+0000] {processor.py:840} INFO - DAG(s) 'tutorial_objectstorage' retrieved from /home/airflow/.local/lib/python3.12/site-packages/airflow/example_dags/tutorial_objectstorage.py
[2024-04-27T09:48:47.499+0000] {logging_mixin.py:188} INFO - [2024-04-27T09:48:47.498+0000] {dag.py:3096} INFO - Sync 1 DAGs
[2024-04-27T09:48:47.875+0000] {logging_mixin.py:188} INFO - [2024-04-27T09:48:47.874+0000] {dag.py:3954} INFO - Setting next_dagrun for tutorial_objectstorage to None, run_after=None
[2024-04-27T09:48:47.926+0000] {processor.py:183} INFO - Processing /home/airflow/.local/lib/python3.12/site-packages/airflow/example_dags/tutorial_objectstorage.py took 0.510 seconds
[2024-04-27T09:49:19.342+0000] {processor.py:161} INFO - Started process (PID=946) to work on /home/airflow/.local/lib/python3.12/site-packages/airflow/example_dags/tutorial_objectstorage.py
[2024-04-27T09:49:19.345+0000] {processor.py:830} INFO - Processing file /home/airflow/.local/lib/python3.12/site-packages/airflow/example_dags/tutorial_objectstorage.py for tasks to queue
[2024-04-27T09:49:19.351+0000] {logging_mixin.py:188} INFO - [2024-04-27T09:49:19.350+0000] {dagbag.py:540} INFO - Filling up the DagBag from /home/airflow/.local/lib/python3.12/site-packages/airflow/example_dags/tutorial_objectstorage.py
[2024-04-27T09:49:19.371+0000] {processor.py:840} INFO - DAG(s) 'tutorial_objectstorage' retrieved from /home/airflow/.local/lib/python3.12/site-packages/airflow/example_dags/tutorial_objectstorage.py
[2024-04-27T09:49:19.420+0000] {logging_mixin.py:188} INFO - [2024-04-27T09:49:19.420+0000] {dag.py:3096} INFO - Sync 1 DAGs
[2024-04-27T09:49:19.454+0000] {logging_mixin.py:188} INFO - [2024-04-27T09:49:19.454+0000] {dag.py:3954} INFO - Setting next_dagrun for tutorial_objectstorage to None, run_after=None
[2024-04-27T09:49:20.104+0000] {processor.py:183} INFO - Processing /home/airflow/.local/lib/python3.12/site-packages/airflow/example_dags/tutorial_objectstorage.py took 0.776 seconds
[2024-04-27T09:49:50.835+0000] {processor.py:161} INFO - Started process (PID=1011) to work on /home/airflow/.local/lib/python3.12/site-packages/airflow/example_dags/tutorial_objectstorage.py
[2024-04-27T09:49:50.837+0000] {processor.py:830} INFO - Processing file /home/airflow/.local/lib/python3.12/site-packages/airflow/example_dags/tutorial_objectstorage.py for tasks to queue
[2024-04-27T09:49:50.840+0000] {logging_mixin.py:188} INFO - [2024-04-27T09:49:50.839+0000] {dagbag.py:540} INFO - Filling up the DagBag from /home/airflow/.local/lib/python3.12/site-packages/airflow/example_dags/tutorial_objectstorage.py
[2024-04-27T09:49:50.853+0000] {processor.py:840} INFO - DAG(s) 'tutorial_objectstorage' retrieved from /home/airflow/.local/lib/python3.12/site-packages/airflow/example_dags/tutorial_objectstorage.py
[2024-04-27T09:49:50.891+0000] {logging_mixin.py:188} INFO - [2024-04-27T09:49:50.890+0000] {dag.py:3096} INFO - Sync 1 DAGs
[2024-04-27T09:49:50.917+0000] {logging_mixin.py:188} INFO - [2024-04-27T09:49:50.916+0000] {dag.py:3954} INFO - Setting next_dagrun for tutorial_objectstorage to None, run_after=None
[2024-04-27T09:49:50.969+0000] {processor.py:183} INFO - Processing /home/airflow/.local/lib/python3.12/site-packages/airflow/example_dags/tutorial_objectstorage.py took 0.143 seconds
[2024-04-27T09:50:21.834+0000] {processor.py:161} INFO - Started process (PID=1069) to work on /home/airflow/.local/lib/python3.12/site-packages/airflow/example_dags/tutorial_objectstorage.py
[2024-04-27T09:50:21.836+0000] {processor.py:830} INFO - Processing file /home/airflow/.local/lib/python3.12/site-packages/airflow/example_dags/tutorial_objectstorage.py for tasks to queue
[2024-04-27T09:50:21.845+0000] {logging_mixin.py:188} INFO - [2024-04-27T09:50:21.844+0000] {dagbag.py:540} INFO - Filling up the DagBag from /home/airflow/.local/lib/python3.12/site-packages/airflow/example_dags/tutorial_objectstorage.py
[2024-04-27T09:50:21.859+0000] {processor.py:840} INFO - DAG(s) 'tutorial_objectstorage' retrieved from /home/airflow/.local/lib/python3.12/site-packages/airflow/example_dags/tutorial_objectstorage.py
[2024-04-27T09:50:21.898+0000] {logging_mixin.py:188} INFO - [2024-04-27T09:50:21.897+0000] {dag.py:3096} INFO - Sync 1 DAGs
[2024-04-27T09:50:21.931+0000] {logging_mixin.py:188} INFO - [2024-04-27T09:50:21.930+0000] {dag.py:3954} INFO - Setting next_dagrun for tutorial_objectstorage to None, run_after=None
[2024-04-27T09:50:21.971+0000] {processor.py:183} INFO - Processing /home/airflow/.local/lib/python3.12/site-packages/airflow/example_dags/tutorial_objectstorage.py took 0.151 seconds
[2024-04-27T09:50:52.185+0000] {processor.py:161} INFO - Started process (PID=1127) to work on /home/airflow/.local/lib/python3.12/site-packages/airflow/example_dags/tutorial_objectstorage.py
[2024-04-27T09:50:52.187+0000] {processor.py:830} INFO - Processing file /home/airflow/.local/lib/python3.12/site-packages/airflow/example_dags/tutorial_objectstorage.py for tasks to queue
[2024-04-27T09:50:52.190+0000] {logging_mixin.py:188} INFO - [2024-04-27T09:50:52.190+0000] {dagbag.py:540} INFO - Filling up the DagBag from /home/airflow/.local/lib/python3.12/site-packages/airflow/example_dags/tutorial_objectstorage.py
[2024-04-27T09:50:52.203+0000] {processor.py:840} INFO - DAG(s) 'tutorial_objectstorage' retrieved from /home/airflow/.local/lib/python3.12/site-packages/airflow/example_dags/tutorial_objectstorage.py
[2024-04-27T09:50:52.235+0000] {logging_mixin.py:188} INFO - [2024-04-27T09:50:52.235+0000] {dag.py:3096} INFO - Sync 1 DAGs
[2024-04-27T09:50:52.258+0000] {logging_mixin.py:188} INFO - [2024-04-27T09:50:52.258+0000] {dag.py:3954} INFO - Setting next_dagrun for tutorial_objectstorage to None, run_after=None
[2024-04-27T09:50:52.303+0000] {processor.py:183} INFO - Processing /home/airflow/.local/lib/python3.12/site-packages/airflow/example_dags/tutorial_objectstorage.py took 0.127 seconds
[2024-04-27T09:51:22.476+0000] {processor.py:161} INFO - Started process (PID=1185) to work on /home/airflow/.local/lib/python3.12/site-packages/airflow/example_dags/tutorial_objectstorage.py
[2024-04-27T09:51:22.478+0000] {processor.py:830} INFO - Processing file /home/airflow/.local/lib/python3.12/site-packages/airflow/example_dags/tutorial_objectstorage.py for tasks to queue
[2024-04-27T09:51:22.481+0000] {logging_mixin.py:188} INFO - [2024-04-27T09:51:22.480+0000] {dagbag.py:540} INFO - Filling up the DagBag from /home/airflow/.local/lib/python3.12/site-packages/airflow/example_dags/tutorial_objectstorage.py
[2024-04-27T09:51:22.496+0000] {processor.py:840} INFO - DAG(s) 'tutorial_objectstorage' retrieved from /home/airflow/.local/lib/python3.12/site-packages/airflow/example_dags/tutorial_objectstorage.py
[2024-04-27T09:51:22.535+0000] {logging_mixin.py:188} INFO - [2024-04-27T09:51:22.535+0000] {dag.py:3096} INFO - Sync 1 DAGs
[2024-04-27T09:51:22.561+0000] {logging_mixin.py:188} INFO - [2024-04-27T09:51:22.560+0000] {dag.py:3954} INFO - Setting next_dagrun for tutorial_objectstorage to None, run_after=None
[2024-04-27T09:51:22.599+0000] {processor.py:183} INFO - Processing /home/airflow/.local/lib/python3.12/site-packages/airflow/example_dags/tutorial_objectstorage.py took 0.132 seconds
[2024-04-27T09:51:53.253+0000] {processor.py:161} INFO - Started process (PID=1243) to work on /home/airflow/.local/lib/python3.12/site-packages/airflow/example_dags/tutorial_objectstorage.py
[2024-04-27T09:51:53.254+0000] {processor.py:830} INFO - Processing file /home/airflow/.local/lib/python3.12/site-packages/airflow/example_dags/tutorial_objectstorage.py for tasks to queue
[2024-04-27T09:51:53.257+0000] {logging_mixin.py:188} INFO - [2024-04-27T09:51:53.257+0000] {dagbag.py:540} INFO - Filling up the DagBag from /home/airflow/.local/lib/python3.12/site-packages/airflow/example_dags/tutorial_objectstorage.py
[2024-04-27T09:51:53.267+0000] {processor.py:840} INFO - DAG(s) 'tutorial_objectstorage' retrieved from /home/airflow/.local/lib/python3.12/site-packages/airflow/example_dags/tutorial_objectstorage.py
[2024-04-27T09:51:53.297+0000] {logging_mixin.py:188} INFO - [2024-04-27T09:51:53.297+0000] {dag.py:3096} INFO - Sync 1 DAGs
[2024-04-27T09:51:53.321+0000] {logging_mixin.py:188} INFO - [2024-04-27T09:51:53.321+0000] {dag.py:3954} INFO - Setting next_dagrun for tutorial_objectstorage to None, run_after=None
[2024-04-27T09:51:53.376+0000] {processor.py:183} INFO - Processing /home/airflow/.local/lib/python3.12/site-packages/airflow/example_dags/tutorial_objectstorage.py took 0.131 seconds
