[2024-05-06T16:51:12.093+0000] {local_task_job_runner.py:120} INFO - ::group::Pre task execution logs
[2024-05-06T16:51:12.123+0000] {taskinstance.py:2073} INFO - Dependencies all met for dep_context=non-requeueable deps ti=<TaskInstance: weather_data_pipeline.extract_data_from_API manual__2024-05-06T16:51:07.323887+00:00 [queued]>
[2024-05-06T16:51:12.133+0000] {taskinstance.py:2073} INFO - Dependencies all met for dep_context=requeueable deps ti=<TaskInstance: weather_data_pipeline.extract_data_from_API manual__2024-05-06T16:51:07.323887+00:00 [queued]>
[2024-05-06T16:51:12.134+0000] {taskinstance.py:2303} INFO - Starting attempt 1 of 6
[2024-05-06T16:51:12.151+0000] {taskinstance.py:2327} INFO - Executing <Task(PythonOperator): extract_data_from_API> on 2024-05-06 16:51:07.323887+00:00
[2024-05-06T16:51:12.160+0000] {warnings.py:110} WARNING - /home/***/.local/lib/python3.12/site-packages/***/task/task_runner/standard_task_runner.py:61: DeprecationWarning: This process (pid=458) is multi-threaded, use of fork() may lead to deadlocks in the child.
  pid = os.fork()

[2024-05-06T16:51:12.163+0000] {standard_task_runner.py:63} INFO - Started process 460 to run task
[2024-05-06T16:51:12.162+0000] {standard_task_runner.py:90} INFO - Running: ['***', 'tasks', 'run', 'weather_data_pipeline', 'extract_data_from_API', 'manual__2024-05-06T16:51:07.323887+00:00', '--job-id', '26', '--raw', '--subdir', 'DAGS_FOLDER/demo.py', '--cfg-path', '/tmp/tmpq9jugcoj']
[2024-05-06T16:51:12.164+0000] {standard_task_runner.py:91} INFO - Job 26: Subtask extract_data_from_API
[2024-05-06T16:51:12.218+0000] {task_command.py:426} INFO - Running <TaskInstance: weather_data_pipeline.extract_data_from_API manual__2024-05-06T16:51:07.323887+00:00 [running]> on host a747c391e266
[2024-05-06T16:51:12.332+0000] {taskinstance.py:2644} INFO - Exporting env vars: AIRFLOW_CTX_DAG_OWNER='***' AIRFLOW_CTX_DAG_ID='weather_data_pipeline' AIRFLOW_CTX_TASK_ID='extract_data_from_API' AIRFLOW_CTX_EXECUTION_DATE='2024-05-06T16:51:07.323887+00:00' AIRFLOW_CTX_TRY_NUMBER='1' AIRFLOW_CTX_DAG_RUN_ID='manual__2024-05-06T16:51:07.323887+00:00'
[2024-05-06T16:51:12.334+0000] {taskinstance.py:430} INFO - ::endgroup::
[2024-05-06T16:51:17.263+0000] {warnings.py:110} WARNING - /opt/***/dags/demo.py:45: FutureWarning: The behavior of DataFrame concatenation with empty or all-NA entries is deprecated. In a future version, this will no longer exclude empty or all-NA columns when determining the result dtypes. To retain the old behavior, exclude the relevant entries before the concat operation.
  weather_df = pd.concat([weather_df,df],ignore_index=True)

[2024-05-06T16:51:29.574+0000] {python.py:237} INFO - Done. Returned value was: None
[2024-05-06T16:51:29.576+0000] {taskinstance.py:441} INFO - ::group::Post task execution logs
[2024-05-06T16:51:29.590+0000] {taskinstance.py:1205} INFO - Marking task as SUCCESS. dag_id=weather_data_pipeline, task_id=extract_data_from_API, execution_date=20240506T165107, start_date=20240506T165112, end_date=20240506T165129
[2024-05-06T16:51:29.655+0000] {local_task_job_runner.py:240} INFO - Task exited with return code 0
[2024-05-06T16:51:29.774+0000] {taskinstance.py:3482} INFO - 1 downstream tasks scheduled from follow-on schedule check
[2024-05-06T16:51:29.846+0000] {local_task_job_runner.py:222} INFO - ::endgroup::
